26
0,0
1/12,0
1/6,0
1/4,0
1/3,0
5/12,0
1/2,0
7/12,0
2/3,0
3/4,0
5/6,0
11/12,0
1,0
0,1
1/12,1
1/6,1
1/4,1
1/3,1
5/12,1
1/2,1
7/12,1
2/3,1
3/4,1
5/6,1
11/12,1
1,1
12
4 0 1 14 13
4 1 2 15 14
4 2 3 16 15
4 3 4 17 16
4 4 5 18 17
4 5 6 19 18
4 6 7 20 19
4 7 8 21 20
4 8 9 22 21
4 9 10 23 22
4 10 11 24 23
4 11 12 25 24
4576417327413731/2638615585879500,-206445481267129/439769264313250
1536279268196777/879538528626500,-340397158876983/879538528626500
4576417327413731/2638615585879500,-206445481267129/439769264313250
1536279268196777/879538528626500,-340397158876983/879538528626500
4576417327413731/2638615585879500,-206445481267129/439769264313250
1536279268196777/879538528626500,-340397158876983/879538528626500
4576417327413731/2638615585879500,-206445481267129/439769264313250
1536279268196777/879538528626500,-340397158876983/879538528626500
4576417327413731/2638615585879500,-206445481267129/439769264313250
1536279268196777/879538528626500,-340397158876983/879538528626500
4576417327413731/2638615585879500,-206445481267129/439769264313250
1536279268196777/879538528626500,-340397158876983/879538528626500
4576417327413731/2638615585879500,-206445481267129/439769264313250
1966640395751831/2638615585879500,-141604526913929/439769264313250
666353624309477/879538528626500,-210715250170583/879538528626500
1966640395751831/2638615585879500,-141604526913929/439769264313250
666353624309477/879538528626500,-210715250170583/879538528626500
1966640395751831/2638615585879500,-141604526913929/439769264313250
666353624309477/879538528626500,-210715250170583/879538528626500
1966640395751831/2638615585879500,-141604526913929/439769264313250
666353624309477/879538528626500,-210715250170583/879538528626500
1966640395751831/2638615585879500,-141604526913929/439769264313250
666353624309477/879538528626500,-210715250170583/879538528626500
1966640395751831/2638615585879500,-141604526913929/439769264313250
666353624309477/879538528626500,-210715250170583/879538528626500
1966640395751831/2638615585879500,-141604526913929/439769264313250
