50
0,0
1/24,0
1/12,0
1/8,0
1/6,0
5/24,0
1/4,0
7/24,0
1/3,0
3/8,0
5/12,0
11/24,0
1/2,0
13/24,0
7/12,0
5/8,0
2/3,0
17/24,0
3/4,0
19/24,0
5/6,0
7/8,0
11/12,0
23/24,0
1,0
0,1
1/24,1
1/12,1
1/8,1
1/6,1
5/24,1
1/4,1
7/24,1
1/3,1
3/8,1
5/12,1
11/24,1
1/2,1
13/24,1
7/12,1
5/8,1
2/3,1
17/24,1
3/4,1
19/24,1
5/6,1
7/8,1
11/12,1
23/24,1
1,1
24
4 0 1 26 25
4 1 2 27 26
4 2 3 28 27
4 3 4 29 28
4 4 5 30 29
4 5 6 31 30
4 6 7 32 31
4 7 8 33 32
4 8 9 34 33
4 9 10 35 34
4 10 11 36 35
4 11 12 37 36
4 12 13 38 37
4 13 14 39 38
4 14 15 40 39
4 15 16 41 40
4 16 17 42 41
4 17 18 43 42
4 18 19 44 43
4 19 20 45 44
4 20 21 46 45
4 21 22 47 46
4 22 23 48 47
4 23 24 49 48
95331263853242209/237812277928089750,-18591871724331323/63416607447490600
17522301493838139/39635379654681625,-4551466534575487/15854151861872650
95331263853242209/237812277928089750,-18591871724331323/63416607447490600
17522301493838139/39635379654681625,-4551466534575487/15854151861872650
95331263853242209/237812277928089750,-18591871724331323/63416607447490600
17522301493838139/39635379654681625,-4551466534575487/15854151861872650
95331263853242209/237812277928089750,-18591871724331323/63416607447490600
17522301493838139/39635379654681625,-4551466534575487/15854151861872650
95331263853242209/237812277928089750,-18591871724331323/63416607447490600
17522301493838139/39635379654681625,-4551466534575487/15854151861872650
95331263853242209/237812277928089750,-18591871724331323/63416607447490600
17522301493838139/39635379654681625,-4551466534575487/15854151861872650
95331263853242209/237812277928089750,-18591871724331323/63416607447490600
17522301493838139/39635379654681625,-4551466534575487/15854151861872650
95331263853242209/237812277928089750,-18591871724331323/63416607447490600
17522301493838139/39635379654681625,-4551466534575487/15854151861872650
95331263853242209/237812277928089750,-18591871724331323/63416607447490600
17522301493838139/39635379654681625,-4551466534575487/15854151861872650
95331263853242209/237812277928089750,-18591871724331323/63416607447490600
17522301493838139/39635379654681625,-4551466534575487/15854151861872650
95331263853242209/237812277928089750,-18591871724331323/63416607447490600
17522301493838139/39635379654681625,-4551466534575487/15854151861872650
95331263853242209/237812277928089750,-18591871724331323/63416607447490600
17522301493838139/39635379654681625,-4551466534575487/15854151861872650
95331263853242209/237812277928089750,-18591871724331323/63416607447490600
60590761110598459/237812277928089750,44144416978303077/63416607447490600
11732217703397514/39635379654681625,11132605641083113/15854151861872650
60590761110598459/237812277928089750,44144416978303077/63416607447490600
11732217703397514/39635379654681625,11132605641083113/15854151861872650
60590761110598459/237812277928089750,44144416978303077/63416607447490600
11732217703397514/39635379654681625,11132605641083113/15854151861872650
60590761110598459/237812277928089750,44144416978303077/63416607447490600
11732217703397514/39635379654681625,11132605641083113/15854151861872650
60590761110598459/237812277928089750,44144416978303077/63416607447490600
11732217703397514/39635379654681625,11132605641083113/15854151861872650
60590761110598459/237812277928089750,44144416978303077/63416607447490600
11732217703397514/39635379654681625,11132605641083113/15854151861872650
60590761110598459/237812277928089750,44144416978303077/63416607447490600
11732217703397514/39635379654681625,11132605641083113/15854151861872650
60590761110598459/237812277928089750,44144416978303077/63416607447490600
11732217703397514/39635379654681625,11132605641083113/15854151861872650
60590761110598459/237812277928089750,44144416978303077/63416607447490600
11732217703397514/39635379654681625,11132605641083113/15854151861872650
60590761110598459/237812277928089750,44144416978303077/63416607447490600
11732217703397514/39635379654681625,11132605641083113/15854151861872650
60590761110598459/237812277928089750,44144416978303077/63416607447490600
11732217703397514/39635379654681625,11132605641083113/15854151861872650
60590761110598459/237812277928089750,44144416978303077/63416607447490600
11732217703397514/39635379654681625,11132605641083113/15854151861872650
60590761110598459/237812277928089750,44144416978303077/63416607447490600
