38
0,0
1/18,0
1/9,0
1/6,0
2/9,0
5/18,0
1/3,0
7/18,0
4/9,0
1/2,0
5/9,0
11/18,0
2/3,0
13/18,0
7/9,0
5/6,0
8/9,0
17/18,0
1,0
0,1
1/18,1
1/9,1
1/6,1
2/9,1
5/18,1
1/3,1
7/18,1
4/9,1
1/2,1
5/9,1
11/18,1
2/3,1
13/18,1
7/9,1
5/6,1
8/9,1
17/18,1
1,1
18
4 0 1 20 19
4 1 2 21 20
4 2 3 22 21
4 3 4 23 22
4 4 5 24 23
4 5 6 25 24
4 6 7 26 25
4 7 8 27 26
4 8 9 28 27
4 9 10 29 28
4 10 11 30 29
4 11 12 31 30
4 12 13 32 31
4 13 14 33 32
4 14 15 34 33
4 15 16 35 34
4 16 17 36 35
4 17 18 37 36
110622832835045411/293234079383397750,-3317761184467031/17594044763003865
17769137619941281/48872346563899625,-263373177151711/1954893862555985
110622832835045411/293234079383397750,-3317761184467031/17594044763003865
17769137619941281/48872346563899625,-263373177151711/1954893862555985
110622832835045411/293234079383397750,-3317761184467031/17594044763003865
17769137619941281/48872346563899625,-263373177151711/1954893862555985
110622832835045411/293234079383397750,-3317761184467031/17594044763003865
17769137619941281/48872346563899625,-263373177151711/1954893862555985
110622832835045411/293234079383397750,-3317761184467031/17594044763003865
17769137619941281/48872346563899625,-263373177151711/1954893862555985
110622832835045411/293234079383397750,-3317761184467031/17594044763003865
17769137619941281/48872346563899625,-263373177151711/1954893862555985
110622832835045411/293234079383397750,-3317761184467031/17594044763003865
17769137619941281/48872346563899625,-263373177151711/1954893862555985
110622832835045411/293234079383397750,-3317761184467031/17594044763003865
17769137619941281/48872346563899625,-263373177151711/1954893862555985
110622832835045411/293234079383397750,-3317761184467031/17594044763003865
17769137619941281/48872346563899625,-263373177151711/1954893862555985
110622832835045411/293234079383397750,-3317761184467031/17594044763003865
-173597944195444189/293234079383397750,-7646408869096574/17594044763003865
-29600991885140319/48872346563899625,-744334030999438/1954893862555985
-173597944195444189/293234079383397750,-7646408869096574/17594044763003865
-29600991885140319/48872346563899625,-744334030999438/1954893862555985
-173597944195444189/293234079383397750,-7646408869096574/17594044763003865
-29600991885140319/48872346563899625,-744334030999438/1954893862555985
-173597944195444189/293234079383397750,-7646408869096574/17594044763003865
-29600991885140319/48872346563899625,-744334030999438/1954893862555985
-173597944195444189/293234079383397750,-7646408869096574/17594044763003865
-29600991885140319/48872346563899625,-744334030999438/1954893862555985
-173597944195444189/293234079383397750,-7646408869096574/17594044763003865
-29600991885140319/48872346563899625,-744334030999438/1954893862555985
-173597944195444189/293234079383397750,-7646408869096574/17594044763003865
-29600991885140319/48872346563899625,-744334030999438/1954893862555985
-173597944195444189/293234079383397750,-7646408869096574/17594044763003865
-29600991885140319/48872346563899625,-744334030999438/1954893862555985
-173597944195444189/293234079383397750,-7646408869096574/17594044763003865
-29600991885140319/48872346563899625,-744334030999438/1954893862555985
-173597944195444189/293234079383397750,-7646408869096574/17594044763003865
