40
0,0
1/19,0
2/19,0
3/19,0
4/19,0
5/19,0
6/19,0
7/19,0
8/19,0
9/19,0
10/19,0
11/19,0
12/19,0
13/19,0
14/19,0
15/19,0
16/19,0
17/19,0
18/19,0
1,0
0,1
1/19,1
2/19,1
3/19,1
4/19,1
5/19,1
6/19,1
7/19,1
8/19,1
9/19,1
10/19,1
11/19,1
12/19,1
13/19,1
14/19,1
15/19,1
16/19,1
17/19,1
18/19,1
1,1
19
4 0 1 21 20
4 1 2 22 21
4 2 3 23 22
4 3 4 24 23
4 4 5 25 24
4 5 6 26 25
4 6 7 27 26
4 7 8 28 27
4 8 9 29 28
4 9 10 30 29
4 10 11 31 30
4 11 12 32 31
4 12 13 33 32
4 13 14 34 33
4 14 15 35 34
4 15 16 36 35
4 16 17 37 36
4 17 18 38 37
4 18 19 39 38
12660360433799287223/7321493982196025000,-9161406768406595511/7321493982196025000
239290938523004960237/139108385661724475000,-166853756611106610709/139108385661724475000
12660360433799287223/7321493982196025000,-9161406768406595511/7321493982196025000
239290938523004960237/139108385661724475000,-166853756611106610709/139108385661724475000
12660360433799287223/7321493982196025000,-9161406768406595511/7321493982196025000
239290938523004960237/139108385661724475000,-166853756611106610709/139108385661724475000
12660360433799287223/7321493982196025000,-9161406768406595511/7321493982196025000
239290938523004960237/139108385661724475000,-166853756611106610709/139108385661724475000
12660360433799287223/7321493982196025000,-9161406768406595511/7321493982196025000
239290938523004960237/139108385661724475000,-166853756611106610709/139108385661724475000
12660360433799287223/7321493982196025000,-9161406768406595511/7321493982196025000
239290938523004960237/139108385661724475000,-166853756611106610709/139108385661724475000
12660360433799287223/7321493982196025000,-9161406768406595511/7321493982196025000
239290938523004960237/139108385661724475000,-166853756611106610709/139108385661724475000
12660360433799287223/7321493982196025000,-9161406768406595511/7321493982196025000
239290938523004960237/139108385661724475000,-166853756611106610709/139108385661724475000
12660360433799287223/7321493982196025000,-9161406768406595511/7321493982196025000
239290938523004960237/139108385661724475000,-166853756611106610709/139108385661724475000
12660360433799287223/7321493982196025000,-9161406768406595511/7321493982196025000
239290938523004960237/139108385661724475000,-166853756611106610709/139108385661724475000
19873332422417991223/7321493982196025000,-7905497049225098511/7321493982196025000
376337406306760336237/139108385661724475000,-142991471946658167709/139108385661724475000
19873332422417991223/7321493982196025000,-7905497049225098511/7321493982196025000
376337406306760336237/139108385661724475000,-142991471946658167709/139108385661724475000
19873332422417991223/7321493982196025000,-7905497049225098511/7321493982196025000
376337406306760336237/139108385661724475000,-142991471946658167709/139108385661724475000
19873332422417991223/7321493982196025000,-7905497049225098511/7321493982196025000
376337406306760336237/139108385661724475000,-142991471946658167709/139108385661724475000
19873332422417991223/7321493982196025000,-7905497049225098511/7321493982196025000
376337406306760336237/139108385661724475000,-142991471946658167709/139108385661724475000
19873332422417991223/7321493982196025000,-7905497049225098511/7321493982196025000
376337406306760336237/139108385661724475000,-142991471946658167709/139108385661724475000
19873332422417991223/7321493982196025000,-7905497049225098511/7321493982196025000
376337406306760336237/139108385661724475000,-142991471946658167709/139108385661724475000
19873332422417991223/7321493982196025000,-7905497049225098511/7321493982196025000
376337406306760336237/139108385661724475000,-142991471946658167709/139108385661724475000
19873332422417991223/7321493982196025000,-7905497049225098511/7321493982196025000
376337406306760336237/139108385661724475000,-142991471946658167709/139108385661724475000
19873332422417991223/7321493982196025000,-7905497049225098511/7321493982196025000
376337406306760336237/139108385661724475000,-142991471946658167709/139108385661724475000
