18
0,0
1/5,0
2/5,0
3/5,0
4/5,0
1,0
0,1
1/5,1
2/5,1
3/5,1
4/5,1
1,1
0,2/5
1/5,3/5
2/5,2/5
3/5,3/5
4/5,2/5
1,3/5
10
4 0 1 13 12
4 1 2 14 13
4 2 3 15 14
4 3 4 16 15
4 4 5 17 16
4 12 13 7 6
4 13 14 8 7
4 14 15 9 8
4 15 16 10 9
4 16 17 11 10
12460185743632890/15866987571154589,10298594487107939639/7933493785577294500
78019905803485239/79334937855772945,10514813218357897639/7933493785577294500
12460185743632890/15866987571154589,10298594487107939639/7933493785577294500
78019905803485239/79334937855772945,10514813218357897639/7933493785577294500
12460185743632890/15866987571154589,10298594487107939639/7933493785577294500
78019905803485239/79334937855772945,10514813218357897639/7933493785577294500
113782234599125977/79334937855772945,7803455263793655839/7933493785577294500
115944421911625557/79334937855772945,6231557555261576939/7933493785577294500
113782234599125977/79334937855772945,7803455263793655839/7933493785577294500
115944421911625557/79334937855772945,6231557555261576939/7933493785577294500
113782234599125977/79334937855772945,7803455263793655839/7933493785577294500
115944421911625557/79334937855772945,6231557555261576939/7933493785577294500
783827098154866/933352210067917,420870533531987167/466676105033958500
84506467740983979/79334937855772945,5799120092761660939/7933493785577294500
783827098154866/933352210067917,420870533531987167/466676105033958500
84506467740983979/79334937855772945,5799120092761660939/7933493785577294500
783827098154866/933352210067917,420870533531987167/466676105033958500
84506467740983979/79334937855772945,5799120092761660939/7933493785577294500
