57
0,0
1/18,0
1/9,0
1/6,0
2/9,0
5/18,0
1/3,0
7/18,0
4/9,0
1/2,0
5/9,0
11/18,0
2/3,0
13/18,0
7/9,0
5/6,0
8/9,0
17/18,0
1,0
0,1
1/18,1
1/9,1
1/6,1
2/9,1
5/18,1
1/3,1
7/18,1
4/9,1
1/2,1
5/9,1
11/18,1
2/3,1
13/18,1
7/9,1
5/6,1
8/9,1
17/18,1
1,1
0,17/36
1/18,19/36
1/9,17/36
1/6,19/36
2/9,17/36
5/18,19/36
1/3,17/36
7/18,19/36
4/9,17/36
1/2,19/36
5/9,17/36
11/18,19/36
2/3,17/36
13/18,19/36
7/9,17/36
5/6,19/36
8/9,17/36
17/18,19/36
1,17/36
36
4 0 1 39 38
4 1 2 40 39
4 2 3 41 40
4 3 4 42 41
4 4 5 43 42
4 5 6 44 43
4 6 7 45 44
4 7 8 46 45
4 8 9 47 46
4 9 10 48 47
4 10 11 49 48
4 11 12 50 49
4 12 13 51 50
4 13 14 52 51
4 14 15 53 52
4 15 16 54 53
4 16 17 55 54
4 17 18 56 55
4 38 39 20 19
4 39 40 21 20
4 40 41 22 21
4 41 42 23 22
4 42 43 24 23
4 43 44 25 24
4 44 45 26 25
4 45 46 27 26
4 46 47 28 27
4 47 48 29 28
4 48 49 30 29
4 49 50 31 30
4 50 51 32 31
4 51 52 33 32
4 52 53 34 33
4 53 54 35 34
4 54 55 36 35
4 55 56 37 36
94923097489379/66226637473000,172332220182707/66226637473000
97508743084079/66226637473000,1527432365820763/596039737257000
94923097489379/66226637473000,172332220182707/66226637473000
97508743084079/66226637473000,1527432365820763/596039737257000
94923097489379/66226637473000,172332220182707/66226637473000
97508743084079/66226637473000,1527432365820763/596039737257000
94923097489379/66226637473000,172332220182707/66226637473000
97508743084079/66226637473000,1527432365820763/596039737257000
94923097489379/66226637473000,172332220182707/66226637473000
97508743084079/66226637473000,1527432365820763/596039737257000
94923097489379/66226637473000,172332220182707/66226637473000
97508743084079/66226637473000,1527432365820763/596039737257000
94923097489379/66226637473000,172332220182707/66226637473000
97508743084079/66226637473000,1527432365820763/596039737257000
94923097489379/66226637473000,172332220182707/66226637473000
97508743084079/66226637473000,1527432365820763/596039737257000
94923097489379/66226637473000,172332220182707/66226637473000
97508743084079/66226637473000,1527432365820763/596039737257000
94923097489379/66226637473000,172332220182707/66226637473000
875140841250661/596039737257000,1129390743325613/596039737257000
851583225427061/596039737257000,1106119932973313/596039737257000
875140841250661/596039737257000,1129390743325613/596039737257000
851583225427061/596039737257000,1106119932973313/596039737257000
875140841250661/596039737257000,1129390743325613/596039737257000
851583225427061/596039737257000,1106119932973313/596039737257000
875140841250661/596039737257000,1129390743325613/596039737257000
851583225427061/596039737257000,1106119932973313/596039737257000
875140841250661/596039737257000,1129390743325613/596039737257000
851583225427061/596039737257000,1106119932973313/596039737257000
875140841250661/596039737257000,1129390743325613/596039737257000
851583225427061/596039737257000,1106119932973313/596039737257000
875140841250661/596039737257000,1129390743325613/596039737257000
851583225427061/596039737257000,1106119932973313/596039737257000
875140841250661/596039737257000,1129390743325613/596039737257000
851583225427061/596039737257000,1106119932973313/596039737257000
875140841250661/596039737257000,1129390743325613/596039737257000
851583225427061/596039737257000,1106119932973313/596039737257000
875140841250661/596039737257000,1129390743325613/596039737257000
654068142903811/596039737257000,150354232627757/66226637473000
653781337432511/596039737257000,1306359667473913/596039737257000
654068142903811/596039737257000,150354232627757/66226637473000
653781337432511/596039737257000,1306359667473913/596039737257000
654068142903811/596039737257000,150354232627757/66226637473000
653781337432511/596039737257000,1306359667473913/596039737257000
654068142903811/596039737257000,150354232627757/66226637473000
653781337432511/596039737257000,1306359667473913/596039737257000
654068142903811/596039737257000,150354232627757/66226637473000
653781337432511/596039737257000,1306359667473913/596039737257000
654068142903811/596039737257000,150354232627757/66226637473000
653781337432511/596039737257000,1306359667473913/596039737257000
654068142903811/596039737257000,150354232627757/66226637473000
653781337432511/596039737257000,1306359667473913/596039737257000
654068142903811/596039737257000,150354232627757/66226637473000
653781337432511/596039737257000,1306359667473913/596039737257000
654068142903811/596039737257000,150354232627757/66226637473000
653781337432511/596039737257000,1306359667473913/596039737257000
654068142903811/596039737257000,150354232627757/66226637473000
