48
0,0
1/15,0
2/15,0
1/5,0
4/15,0
1/3,0
2/5,0
7/15,0
8/15,0
3/5,0
2/3,0
11/15,0
4/5,0
13/15,0
14/15,0
1,0
0,1
1/15,1
2/15,1
1/5,1
4/15,1
1/3,1
2/5,1
7/15,1
8/15,1
3/5,1
2/3,1
11/15,1
4/5,1
13/15,1
14/15,1
1,1
0,7/15
1/15,8/15
2/15,7/15
1/5,8/15
4/15,7/15
1/3,8/15
2/5,7/15
7/15,8/15
8/15,7/15
3/5,8/15
2/3,7/15
11/15,8/15
4/5,7/15
13/15,8/15
14/15,7/15
1,8/15
30
4 0 1 33 32
4 1 2 34 33
4 2 3 35 34
4 3 4 36 35
4 4 5 37 36
4 5 6 38 37
4 6 7 39 38
4 7 8 40 39
4 8 9 41 40
4 9 10 42 41
4 10 11 43 42
4 11 12 44 43
4 12 13 45 44
4 13 14 46 45
4 14 15 47 46
4 32 33 17 16
4 33 34 18 17
4 34 35 19 18
4 35 36 20 19
4 36 37 21 20
4 37 38 22 21
4 38 39 23 22
4 39 40 24 23
4 40 41 25 24
4 41 42 26 25
4 42 43 27 26
4 43 44 28 27
4 44 45 29 28
4 45 46 30 29
4 46 47 31 30
62584742190849/115426723152500,199233458362553/115426723152500
200321125362547/346280169457500,192778432831053/115426723152500
62584742190849/115426723152500,199233458362553/115426723152500
200321125362547/346280169457500,192778432831053/115426723152500
62584742190849/115426723152500,199233458362553/115426723152500
200321125362547/346280169457500,192778432831053/115426723152500
62584742190849/115426723152500,199233458362553/115426723152500
200321125362547/346280169457500,192778432831053/115426723152500
62584742190849/115426723152500,199233458362553/115426723152500
200321125362547/346280169457500,192778432831053/115426723152500
62584742190849/115426723152500,199233458362553/115426723152500
200321125362547/346280169457500,192778432831053/115426723152500
62584742190849/115426723152500,199233458362553/115426723152500
200321125362547/346280169457500,192778432831053/115426723152500
62584742190849/115426723152500,199233458362553/115426723152500
200321125362547/346280169457500,192778432831053/115426723152500
152733880731047/346280169457500,354811470801659/346280169457500
133368804136547/346280169457500,342244572011659/346280169457500
152733880731047/346280169457500,354811470801659/346280169457500
133368804136547/346280169457500,342244572011659/346280169457500
152733880731047/346280169457500,354811470801659/346280169457500
133368804136547/346280169457500,342244572011659/346280169457500
152733880731047/346280169457500,354811470801659/346280169457500
133368804136547/346280169457500,342244572011659/346280169457500
152733880731047/346280169457500,354811470801659/346280169457500
133368804136547/346280169457500,342244572011659/346280169457500
152733880731047/346280169457500,354811470801659/346280169457500
133368804136547/346280169457500,342244572011659/346280169457500
152733880731047/346280169457500,354811470801659/346280169457500
133368804136547/346280169457500,342244572011659/346280169457500
152733880731047/346280169457500,354811470801659/346280169457500
133368804136547/346280169457500,342244572011659/346280169457500
17399563470349/115426723152500,509732083557659/346280169457500
45400512606547/346280169457500,477800108173159/346280169457500
17399563470349/115426723152500,509732083557659/346280169457500
45400512606547/346280169457500,477800108173159/346280169457500
17399563470349/115426723152500,509732083557659/346280169457500
45400512606547/346280169457500,477800108173159/346280169457500
17399563470349/115426723152500,509732083557659/346280169457500
45400512606547/346280169457500,477800108173159/346280169457500
17399563470349/115426723152500,509732083557659/346280169457500
45400512606547/346280169457500,477800108173159/346280169457500
17399563470349/115426723152500,509732083557659/346280169457500
45400512606547/346280169457500,477800108173159/346280169457500
17399563470349/115426723152500,509732083557659/346280169457500
45400512606547/346280169457500,477800108173159/346280169457500
17399563470349/115426723152500,509732083557659/346280169457500
45400512606547/346280169457500,477800108173159/346280169457500
