54
0,0
1/17,0
2/17,0
3/17,0
4/17,0
5/17,0
6/17,0
7/17,0
8/17,0
9/17,0
10/17,0
11/17,0
12/17,0
13/17,0
14/17,0
15/17,0
16/17,0
1,0
0,1
1/17,1
2/17,1
3/17,1
4/17,1
5/17,1
6/17,1
7/17,1
8/17,1
9/17,1
10/17,1
11/17,1
12/17,1
13/17,1
14/17,1
15/17,1
16/17,1
1,1
0,8/17
1/17,9/17
2/17,8/17
3/17,9/17
4/17,8/17
5/17,9/17
6/17,8/17
7/17,9/17
8/17,8/17
9/17,9/17
10/17,8/17
11/17,9/17
12/17,8/17
13/17,9/17
14/17,8/17
15/17,9/17
16/17,8/17
1,9/17
34
4 0 1 37 36
4 1 2 38 37
4 2 3 39 38
4 3 4 40 39
4 4 5 41 40
4 5 6 42 41
4 6 7 43 42
4 7 8 44 43
4 8 9 45 44
4 9 10 46 45
4 10 11 47 46
4 11 12 48 47
4 12 13 49 48
4 13 14 50 49
4 14 15 51 50
4 15 16 52 51
4 16 17 53 52
4 36 37 19 18
4 37 38 20 19
4 38 39 21 20
4 39 40 22 21
4 40 41 23 22
4 41 42 24 23
4 42 43 25 24
4 43 44 26 25
4 44 45 27 26
4 45 46 28 27
4 46 47 29 28
4 47 48 30 29
4 48 49 31 30
4 49 50 32 31
4 50 51 33 32
4 51 52 34 33
4 52 53 35 34
4351771928058713/2289874506725000,1721331509986241/2289874506725000
71701252724931121/38927866614325000,29486859982322097/38927866614325000
4351771928058713/2289874506725000,1721331509986241/2289874506725000
71701252724931121/38927866614325000,29486859982322097/38927866614325000
4351771928058713/2289874506725000,1721331509986241/2289874506725000
71701252724931121/38927866614325000,29486859982322097/38927866614325000
4351771928058713/2289874506725000,1721331509986241/2289874506725000
71701252724931121/38927866614325000,29486859982322097/38927866614325000
4351771928058713/2289874506725000,1721331509986241/2289874506725000
71701252724931121/38927866614325000,29486859982322097/38927866614325000
4351771928058713/2289874506725000,1721331509986241/2289874506725000
71701252724931121/38927866614325000,29486859982322097/38927866614325000
4351771928058713/2289874506725000,1721331509986241/2289874506725000
71701252724931121/38927866614325000,29486859982322097/38927866614325000
4351771928058713/2289874506725000,1721331509986241/2289874506725000
71701252724931121/38927866614325000,29486859982322097/38927866614325000
4351771928058713/2289874506725000,1721331509986241/2289874506725000
71701252724931121/38927866614325000,29486859982322097/38927866614325000
55264086808843121/38927866614325000,49511614899306097/38927866614325000
55488311121399121/38927866614325000,51790484951373097/38927866614325000
55264086808843121/38927866614325000,49511614899306097/38927866614325000
55488311121399121/38927866614325000,51790484951373097/38927866614325000
55264086808843121/38927866614325000,49511614899306097/38927866614325000
55488311121399121/38927866614325000,51790484951373097/38927866614325000
55264086808843121/38927866614325000,49511614899306097/38927866614325000
55488311121399121/38927866614325000,51790484951373097/38927866614325000
55264086808843121/38927866614325000,49511614899306097/38927866614325000
55488311121399121/38927866614325000,51790484951373097/38927866614325000
55264086808843121/38927866614325000,49511614899306097/38927866614325000
55488311121399121/38927866614325000,51790484951373097/38927866614325000
55264086808843121/38927866614325000,49511614899306097/38927866614325000
55488311121399121/38927866614325000,51790484951373097/38927866614325000
55264086808843121/38927866614325000,49511614899306097/38927866614325000
55488311121399121/38927866614325000,51790484951373097/38927866614325000
55264086808843121/38927866614325000,49511614899306097/38927866614325000
55488311121399121/38927866614325000,51790484951373097/38927866614325000
75773917277446121/38927866614325000,47493596086302097/38927866614325000
426122956866677/225016570025000,288998210698989/225016570025000
75773917277446121/38927866614325000,47493596086302097/38927866614325000
426122956866677/225016570025000,288998210698989/225016570025000
75773917277446121/38927866614325000,47493596086302097/38927866614325000
426122956866677/225016570025000,288998210698989/225016570025000
75773917277446121/38927866614325000,47493596086302097/38927866614325000
426122956866677/225016570025000,288998210698989/225016570025000
75773917277446121/38927866614325000,47493596086302097/38927866614325000
426122956866677/225016570025000,288998210698989/225016570025000
75773917277446121/38927866614325000,47493596086302097/38927866614325000
426122956866677/225016570025000,288998210698989/225016570025000
75773917277446121/38927866614325000,47493596086302097/38927866614325000
426122956866677/225016570025000,288998210698989/225016570025000
75773917277446121/38927866614325000,47493596086302097/38927866614325000
426122956866677/225016570025000,288998210698989/225016570025000
75773917277446121/38927866614325000,47493596086302097/38927866614325000
426122956866677/225016570025000,288998210698989/225016570025000
