24
0,0
1/7,0
2/7,0
3/7,0
4/7,0
5/7,0
6/7,0
1,0
0,1
1/7,1
2/7,1
3/7,1
4/7,1
5/7,1
6/7,1
1,1
0,3/7
1/7,4/7
2/7,3/7
3/7,4/7
4/7,3/7
5/7,4/7
6/7,3/7
1,4/7
14
4 0 1 17 16
4 1 2 18 17
4 2 3 19 18
4 3 4 20 19
4 4 5 21 20
4 5 6 22 21
4 6 7 23 22
4 16 17 9 8
4 17 18 10 9
4 18 19 11 10
4 19 20 12 11
4 20 21 13 12
4 21 22 14 13
4 22 23 15 14
4203096713371296571/3396820379120885000,6163782804619366167/3396820379120885000
30053972736629951997/23777742653846195000,39809026893890270169/23777742653846195000
4203096713371296571/3396820379120885000,6163782804619366167/3396820379120885000
30053972736629951997/23777742653846195000,39809026893890270169/23777742653846195000
4203096713371296571/3396820379120885000,6163782804619366167/3396820379120885000
30053972736629951997/23777742653846195000,39809026893890270169/23777742653846195000
4203096713371296571/3396820379120885000,6163782804619366167/3396820379120885000
30053972736629951997/23777742653846195000,39809026893890270169/23777742653846195000
3134071678626671571/3396820379120885000,27899781449461763169/23777742653846195000
18601049011941407997/23777742653846195000,3895355100918698167/3396820379120885000
3134071678626671571/3396820379120885000,27899781449461763169/23777742653846195000
18601049011941407997/23777742653846195000,3895355100918698167/3396820379120885000
3134071678626671571/3396820379120885000,27899781449461763169/23777742653846195000
18601049011941407997/23777742653846195000,3895355100918698167/3396820379120885000
3134071678626671571/3396820379120885000,27899781449461763169/23777742653846195000
18601049011941407997/23777742653846195000,3895355100918698167/3396820379120885000
19409318778263196997/23777742653846195000,41249592403242935169/23777742653846195000
16704161782848779997/23777742653846195000,37279843921766766169/23777742653846195000
19409318778263196997/23777742653846195000,41249592403242935169/23777742653846195000
16704161782848779997/23777742653846195000,37279843921766766169/23777742653846195000
19409318778263196997/23777742653846195000,41249592403242935169/23777742653846195000
16704161782848779997/23777742653846195000,37279843921766766169/23777742653846195000
19409318778263196997/23777742653846195000,41249592403242935169/23777742653846195000
16704161782848779997/23777742653846195000,37279843921766766169/23777742653846195000
