30
0,0
1/9,0
2/9,0
1/3,0
4/9,0
5/9,0
2/3,0
7/9,0
8/9,0
1,0
0,1
1/9,1
2/9,1
1/3,1
4/9,1
5/9,1
2/3,1
7/9,1
8/9,1
1,1
0,4/9
1/9,5/9
2/9,4/9
1/3,5/9
4/9,4/9
5/9,5/9
2/3,4/9
7/9,5/9
8/9,4/9
1,5/9
18
4 0 1 21 20
4 1 2 22 21
4 2 3 23 22
4 3 4 24 23
4 4 5 25 24
4 5 6 26 25
4 6 7 27 26
4 7 8 28 27
4 8 9 29 28
4 20 21 11 10
4 21 22 12 11
4 22 23 13 12
4 23 24 14 13
4 24 25 15 14
4 25 26 16 15
4 26 27 17 16
4 27 28 18 17
4 28 29 19 18
15135247782958213709/12332023394682601250,-6775892118062541456/6166011697341300625
42105138547317641377/36996070184047803750,-57307676273290498604/55494105276071705625
15135247782958213709/12332023394682601250,-6775892118062541456/6166011697341300625
42105138547317641377/36996070184047803750,-57307676273290498604/55494105276071705625
15135247782958213709/12332023394682601250,-6775892118062541456/6166011697341300625
42105138547317641377/36996070184047803750,-57307676273290498604/55494105276071705625
15135247782958213709/12332023394682601250,-6775892118062541456/6166011697341300625
42105138547317641377/36996070184047803750,-57307676273290498604/55494105276071705625
15135247782958213709/12332023394682601250,-6775892118062541456/6166011697341300625
42105138547317641377/36996070184047803750,-57307676273290498604/55494105276071705625
116110980337447923131/110988210552143411250,-22802636306859002104/55494105276071705625
123461685915992672131/110988210552143411250,-17851729104523502479/55494105276071705625
116110980337447923131/110988210552143411250,-22802636306859002104/55494105276071705625
123461685915992672131/110988210552143411250,-17851729104523502479/55494105276071705625
116110980337447923131/110988210552143411250,-22802636306859002104/55494105276071705625
123461685915992672131/110988210552143411250,-17851729104523502479/55494105276071705625
116110980337447923131/110988210552143411250,-22802636306859002104/55494105276071705625
123461685915992672131/110988210552143411250,-17851729104523502479/55494105276071705625
116110980337447923131/110988210552143411250,-22802636306859002104/55494105276071705625
123461685915992672131/110988210552143411250,-17851729104523502479/55494105276071705625
165620052360802919381/110988210552143411250,-13726466751073624868/18498035092023901875
163068943534676669131/110988210552143411250,-32553140261613000479/55494105276071705625
165620052360802919381/110988210552143411250,-13726466751073624868/18498035092023901875
163068943534676669131/110988210552143411250,-32553140261613000479/55494105276071705625
165620052360802919381/110988210552143411250,-13726466751073624868/18498035092023901875
163068943534676669131/110988210552143411250,-32553140261613000479/55494105276071705625
165620052360802919381/110988210552143411250,-13726466751073624868/18498035092023901875
163068943534676669131/110988210552143411250,-32553140261613000479/55494105276071705625
165620052360802919381/110988210552143411250,-13726466751073624868/18498035092023901875
163068943534676669131/110988210552143411250,-32553140261613000479/55494105276071705625
