51
0,0
1/16,0
1/8,0
3/16,0
1/4,0
5/16,0
3/8,0
7/16,0
1/2,0
9/16,0
5/8,0
11/16,0
3/4,0
13/16,0
7/8,0
15/16,0
1,0
0,1
1/16,1
1/8,1
3/16,1
1/4,1
5/16,1
3/8,1
7/16,1
1/2,1
9/16,1
5/8,1
11/16,1
3/4,1
13/16,1
7/8,1
15/16,1
1,1
0,15/32
1/16,17/32
1/8,15/32
3/16,17/32
1/4,15/32
5/16,17/32
3/8,15/32
7/16,17/32
1/2,15/32
9/16,17/32
5/8,15/32
11/16,17/32
3/4,15/32
13/16,17/32
7/8,15/32
15/16,17/32
1,15/32
32
4 0 1 35 34
4 1 2 36 35
4 2 3 37 36
4 3 4 38 37
4 4 5 39 38
4 5 6 40 39
4 6 7 41 40
4 7 8 42 41
4 8 9 43 42
4 9 10 44 43
4 10 11 45 44
4 11 12 46 45
4 12 13 47 46
4 13 14 48 47
4 14 15 49 48
4 15 16 50 49
4 34 35 18 17
4 35 36 19 18
4 36 37 20 19
4 37 38 21 20
4 38 39 22 21
4 39 40 23 22
4 40 41 24 23
4 41 42 25 24
4 42 43 26 25
4 43 44 27 26
4 44 45 28 27
4 45 46 29 28
4 46 47 30 29
4 47 48 31 30
4 48 49 32 31
4 49 50 33 32
4344673168730461368/1786387886422270625,123472421436906964/1786387886422270625
70182544774436112263/28582206182756330000,908110299208144231/7145551545689082500
4344673168730461368/1786387886422270625,123472421436906964/1786387886422270625
70182544774436112263/28582206182756330000,908110299208144231/7145551545689082500
4344673168730461368/1786387886422270625,123472421436906964/1786387886422270625
70182544774436112263/28582206182756330000,908110299208144231/7145551545689082500
4344673168730461368/1786387886422270625,123472421436906964/1786387886422270625
70182544774436112263/28582206182756330000,908110299208144231/7145551545689082500
4344673168730461368/1786387886422270625,123472421436906964/1786387886422270625
70182544774436112263/28582206182756330000,908110299208144231/7145551545689082500
4344673168730461368/1786387886422270625,123472421436906964/1786387886422270625
70182544774436112263/28582206182756330000,908110299208144231/7145551545689082500
4344673168730461368/1786387886422270625,123472421436906964/1786387886422270625
70182544774436112263/28582206182756330000,908110299208144231/7145551545689082500
4344673168730461368/1786387886422270625,123472421436906964/1786387886422270625
70182544774436112263/28582206182756330000,908110299208144231/7145551545689082500
4344673168730461368/1786387886422270625,123472421436906964/1786387886422270625
175234937477734162651/57164412365512660000,22101508080065180723/57164412365512660000
178548702385418293651/57164412365512660000,20765959930567719973/57164412365512660000
175234937477734162651/57164412365512660000,22101508080065180723/57164412365512660000
178548702385418293651/57164412365512660000,20765959930567719973/57164412365512660000
175234937477734162651/57164412365512660000,22101508080065180723/57164412365512660000
178548702385418293651/57164412365512660000,20765959930567719973/57164412365512660000
175234937477734162651/57164412365512660000,22101508080065180723/57164412365512660000
178548702385418293651/57164412365512660000,20765959930567719973/57164412365512660000
175234937477734162651/57164412365512660000,22101508080065180723/57164412365512660000
178548702385418293651/57164412365512660000,20765959930567719973/57164412365512660000
175234937477734162651/57164412365512660000,22101508080065180723/57164412365512660000
178548702385418293651/57164412365512660000,20765959930567719973/57164412365512660000
175234937477734162651/57164412365512660000,22101508080065180723/57164412365512660000
178548702385418293651/57164412365512660000,20765959930567719973/57164412365512660000
175234937477734162651/57164412365512660000,22101508080065180723/57164412365512660000
178548702385418293651/57164412365512660000,20765959930567719973/57164412365512660000
175234937477734162651/57164412365512660000,22101508080065180723/57164412365512660000
40970694551751436569/14291103091378165000,-6065493635249932777/57164412365512660000
84266045632093669013/28582206182756330000,-4087276877063262527/57164412365512660000
40970694551751436569/14291103091378165000,-6065493635249932777/57164412365512660000
84266045632093669013/28582206182756330000,-4087276877063262527/57164412365512660000
40970694551751436569/14291103091378165000,-6065493635249932777/57164412365512660000
84266045632093669013/28582206182756330000,-4087276877063262527/57164412365512660000
40970694551751436569/14291103091378165000,-6065493635249932777/57164412365512660000
84266045632093669013/28582206182756330000,-4087276877063262527/57164412365512660000
40970694551751436569/14291103091378165000,-6065493635249932777/57164412365512660000
84266045632093669013/28582206182756330000,-4087276877063262527/57164412365512660000
40970694551751436569/14291103091378165000,-6065493635249932777/57164412365512660000
84266045632093669013/28582206182756330000,-4087276877063262527/57164412365512660000
40970694551751436569/14291103091378165000,-6065493635249932777/57164412365512660000
84266045632093669013/28582206182756330000,-4087276877063262527/57164412365512660000
40970694551751436569/14291103091378165000,-6065493635249932777/57164412365512660000
84266045632093669013/28582206182756330000,-4087276877063262527/57164412365512660000
40970694551751436569/14291103091378165000,-6065493635249932777/57164412365512660000
