9
0,0
0,1
1,1
1,0
0,1/2
1/2,1
1,1/2
1/2,0
1/2,1/2
6
3 4 1 5
3 5 2 8
3 8 2 6
3 6 3 7
4 0 4 5 8
4 0 8 6 7
-177837311490427/89613831432255,18201768005324/89613831432255
-249834969825107/179227662864510,106111823809219/179227662864510
-90063341013268/89613831432255,136085326736/89613831432255
-249834969825107/179227662864510,106111823809219/179227662864510
-53580130500739/35845532572902,1833785333206/17922766286451
-2190013504702/2421995444115,2379625435963/4843990888230
-2190013504702/2421995444115,2379625435963/4843990888230
-53580130500739/35845532572902,1833785333206/17922766286451
-249834969825107/179227662864510,106111823809219/179227662864510
