33
0,0
1/10,0
1/5,0
3/10,0
2/5,0
1/2,0
3/5,0
7/10,0
4/5,0
9/10,0
1,0
0,1
1/10,1
1/5,1
3/10,1
2/5,1
1/2,1
3/5,1
7/10,1
4/5,1
9/10,1
1,1
0,9/20
1/10,11/20
1/5,9/20
3/10,11/20
2/5,9/20
1/2,11/20
3/5,9/20
7/10,11/20
4/5,9/20
9/10,11/20
1,9/20
20
4 0 1 23 22
4 1 2 24 23
4 2 3 25 24
4 3 4 26 25
4 4 5 27 26
4 5 6 28 27
4 6 7 29 28
4 7 8 30 29
4 8 9 31 30
4 9 10 32 31
4 22 23 12 11
4 23 24 13 12
4 24 25 14 13
4 25 26 15 14
4 26 27 16 15
4 27 28 17 16
4 28 29 18 17
4 29 30 19 18
4 30 31 20 19
4 31 32 21 20
50054236387893/18938006028625,-4794602154389/18938006028625
48275743650453/18938006028625,-8287752340743/37876012057250
50054236387893/18938006028625,-4794602154389/18938006028625
48275743650453/18938006028625,-8287752340743/37876012057250
50054236387893/18938006028625,-4794602154389/18938006028625
48275743650453/18938006028625,-8287752340743/37876012057250
50054236387893/18938006028625,-4794602154389/18938006028625
48275743650453/18938006028625,-8287752340743/37876012057250
50054236387893/18938006028625,-4794602154389/18938006028625
48275743650453/18938006028625,-8287752340743/37876012057250
50054236387893/18938006028625,-4794602154389/18938006028625
172803173040207/75752024114500,27150432304749/75752024114500
175406076976277/75752024114500,34264403254509/75752024114500
172803173040207/75752024114500,27150432304749/75752024114500
175406076976277/75752024114500,34264403254509/75752024114500
172803173040207/75752024114500,27150432304749/75752024114500
175406076976277/75752024114500,34264403254509/75752024114500
172803173040207/75752024114500,27150432304749/75752024114500
175406076976277/75752024114500,34264403254509/75752024114500
172803173040207/75752024114500,27150432304749/75752024114500
175406076976277/75752024114500,34264403254509/75752024114500
172803173040207/75752024114500,27150432304749/75752024114500
211930013263887/75752024114500,3208615164091/18938006028625
207418946250197/75752024114500,11275667771097/37876012057250
211930013263887/75752024114500,3208615164091/18938006028625
207418946250197/75752024114500,11275667771097/37876012057250
211930013263887/75752024114500,3208615164091/18938006028625
207418946250197/75752024114500,11275667771097/37876012057250
211930013263887/75752024114500,3208615164091/18938006028625
207418946250197/75752024114500,11275667771097/37876012057250
211930013263887/75752024114500,3208615164091/18938006028625
207418946250197/75752024114500,11275667771097/37876012057250
211930013263887/75752024114500,3208615164091/18938006028625
