39
0,0
1/12,0
1/6,0
1/4,0
1/3,0
5/12,0
1/2,0
7/12,0
2/3,0
3/4,0
5/6,0
11/12,0
1,0
0,1
1/12,1
1/6,1
1/4,1
1/3,1
5/12,1
1/2,1
7/12,1
2/3,1
3/4,1
5/6,1
11/12,1
1,1
0,11/24
1/12,13/24
1/6,11/24
1/4,13/24
1/3,11/24
5/12,13/24
1/2,11/24
7/12,13/24
2/3,11/24
3/4,13/24
5/6,11/24
11/12,13/24
1,11/24
24
4 0 1 27 26
4 1 2 28 27
4 2 3 29 28
4 3 4 30 29
4 4 5 31 30
4 5 6 32 31
4 6 7 33 32
4 7 8 34 33
4 8 9 35 34
4 9 10 36 35
4 10 11 37 36
4 11 12 38 37
4 26 27 14 13
4 27 28 15 14
4 28 29 16 15
4 29 30 17 16
4 30 31 18 17
4 31 32 19 18
4 32 33 20 19
4 33 34 21 20
4 34 35 22 21
4 35 36 23 22
4 36 37 24 23
4 37 38 25 24
18183491018281091/5499651365001625,666390221089686/5499651365001625
70907644654857489/21998605460006500,1880011741363183/16498954095004875
18183491018281091/5499651365001625,666390221089686/5499651365001625
70907644654857489/21998605460006500,1880011741363183/16498954095004875
18183491018281091/5499651365001625,666390221089686/5499651365001625
70907644654857489/21998605460006500,1880011741363183/16498954095004875
18183491018281091/5499651365001625,666390221089686/5499651365001625
70907644654857489/21998605460006500,1880011741363183/16498954095004875
18183491018281091/5499651365001625,666390221089686/5499651365001625
70907644654857489/21998605460006500,1880011741363183/16498954095004875
18183491018281091/5499651365001625,666390221089686/5499651365001625
70907644654857489/21998605460006500,1880011741363183/16498954095004875
18183491018281091/5499651365001625,666390221089686/5499651365001625
359934334562479559/131991632760039000,70065642169853839/131991632760039000
358981063187232559/131991632760039000,81023558679455089/131991632760039000
359934334562479559/131991632760039000,70065642169853839/131991632760039000
358981063187232559/131991632760039000,81023558679455089/131991632760039000
359934334562479559/131991632760039000,70065642169853839/131991632760039000
358981063187232559/131991632760039000,81023558679455089/131991632760039000
359934334562479559/131991632760039000,70065642169853839/131991632760039000
358981063187232559/131991632760039000,81023558679455089/131991632760039000
359934334562479559/131991632760039000,70065642169853839/131991632760039000
358981063187232559/131991632760039000,81023558679455089/131991632760039000
359934334562479559/131991632760039000,70065642169853839/131991632760039000
358981063187232559/131991632760039000,81023558679455089/131991632760039000
359934334562479559/131991632760039000,70065642169853839/131991632760039000
107790197968721921/32997908190009750,25420635369653113/43997210920013000
209624801995019717/65995816380019500,86266551243313589/131991632760039000
107790197968721921/32997908190009750,25420635369653113/43997210920013000
209624801995019717/65995816380019500,86266551243313589/131991632760039000
107790197968721921/32997908190009750,25420635369653113/43997210920013000
209624801995019717/65995816380019500,86266551243313589/131991632760039000
107790197968721921/32997908190009750,25420635369653113/43997210920013000
209624801995019717/65995816380019500,86266551243313589/131991632760039000
107790197968721921/32997908190009750,25420635369653113/43997210920013000
209624801995019717/65995816380019500,86266551243313589/131991632760039000
107790197968721921/32997908190009750,25420635369653113/43997210920013000
209624801995019717/65995816380019500,86266551243313589/131991632760039000
107790197968721921/32997908190009750,25420635369653113/43997210920013000
