27
0,0
1/8,0
1/4,0
3/8,0
1/2,0
5/8,0
3/4,0
7/8,0
1,0
0,1
1/8,1
1/4,1
3/8,1
1/2,1
5/8,1
3/4,1
7/8,1
1,1
0,7/16
1/8,9/16
1/4,7/16
3/8,9/16
1/2,7/16
5/8,9/16
3/4,7/16
7/8,9/16
1,7/16
16
4 0 1 19 18
4 1 2 20 19
4 2 3 21 20
4 3 4 22 21
4 4 5 23 22
4 5 6 24 23
4 6 7 25 24
4 7 8 26 25
4 18 19 10 9
4 19 20 11 10
4 20 21 12 11
4 21 22 13 12
4 22 23 14 13
4 23 24 15 14
4 24 25 16 15
4 25 26 17 16
49346371783318737003/17431702980184254625,1318586145477291816/697268119207370185
378741927948693862199/139453623841474037000,1284331969480272654/697268119207370185
49346371783318737003/17431702980184254625,1318586145477291816/697268119207370185
378741927948693862199/139453623841474037000,1284331969480272654/697268119207370185
49346371783318737003/17431702980184254625,1318586145477291816/697268119207370185
378741927948693862199/139453623841474037000,1284331969480272654/697268119207370185
49346371783318737003/17431702980184254625,1318586145477291816/697268119207370185
378741927948693862199/139453623841474037000,1284331969480272654/697268119207370185
49346371783318737003/17431702980184254625,1318586145477291816/697268119207370185
597324685276568660823/278907247682948074000,23119210624850978863/11156289907317922960
583623014877760996023/278907247682948074000,24401534330279461569/11156289907317922960
597324685276568660823/278907247682948074000,23119210624850978863/11156289907317922960
583623014877760996023/278907247682948074000,24401534330279461569/11156289907317922960
597324685276568660823/278907247682948074000,23119210624850978863/11156289907317922960
583623014877760996023/278907247682948074000,24401534330279461569/11156289907317922960
597324685276568660823/278907247682948074000,23119210624850978863/11156289907317922960
583623014877760996023/278907247682948074000,24401534330279461569/11156289907317922960
597324685276568660823/278907247682948074000,23119210624850978863/11156289907317922960
46349131383579560328/17431702980184254625,25585511296636358527/11156289907317922960
347913169551376616399/139453623841474037000,26319768186112534641/11156289907317922960
46349131383579560328/17431702980184254625,25585511296636358527/11156289907317922960
347913169551376616399/139453623841474037000,26319768186112534641/11156289907317922960
46349131383579560328/17431702980184254625,25585511296636358527/11156289907317922960
347913169551376616399/139453623841474037000,26319768186112534641/11156289907317922960
46349131383579560328/17431702980184254625,25585511296636358527/11156289907317922960
347913169551376616399/139453623841474037000,26319768186112534641/11156289907317922960
46349131383579560328/17431702980184254625,25585511296636358527/11156289907317922960
