66
0,1
1/10,1
1/5,1
3/10,1
2/5,1
1/2,1
3/5,1
7/10,1
4/5,1
9/10,1
1,1
0,47/60
1/10,53/60
1/5,47/60
3/10,53/60
2/5,47/60
1/2,53/60
3/5,47/60
7/10,53/60
4/5,47/60
9/10,53/60
1,47/60
0,2/3
1/10,2/3
1/5,2/3
3/10,2/3
2/5,2/3
1/2,2/3
3/5,2/3
7/10,2/3
4/5,2/3
9/10,2/3
1,2/3
0,1/3
1/10,1/3
1/5,1/3
3/10,1/3
2/5,1/3
1/2,1/3
3/5,1/3
7/10,1/3
4/5,1/3
9/10,1/3
1,1/3
0,7/60
1/10,13/60
1/5,7/60
3/10,13/60
2/5,7/60
1/2,13/60
3/5,7/60
7/10,13/60
4/5,7/60
9/10,13/60
1,7/60
0,0
1/10,0
1/5,0
3/10,0
2/5,0
1/2,0
3/5,0
7/10,0
4/5,0
9/10,0
1,0
50
4 0 1 12 11
4 1 2 13 12
4 2 3 14 13
4 3 4 15 14
4 4 5 16 15
4 5 6 17 16
4 6 7 18 17
4 7 8 19 18
4 8 9 20 19
4 9 10 21 20
4 11 12 23 22
4 12 13 24 23
4 13 14 25 24
4 14 15 26 25
4 15 16 27 26
4 16 17 28 27
4 17 18 29 28
4 18 19 30 29
4 19 20 31 30
4 20 21 32 31
4 22 23 34 33
4 23 24 35 34
4 24 25 36 35
4 25 26 37 36
4 26 27 38 37
4 27 28 39 38
4 28 29 40 39
4 29 30 41 40
4 30 31 42 41
4 31 32 43 42
4 33 34 45 44
4 34 35 46 45
4 35 36 47 46
4 36 37 48 47
4 37 38 49 48
4 38 39 50 49
4 39 40 51 50
4 40 41 52 51
4 41 42 53 52
4 42 43 54 53
4 44 45 56 55
4 45 46 57 56
4 46 47 58 57
4 47 48 59 58
4 48 49 60 59
4 49 50 61 60
4 50 51 62 61
4 51 52 63 62
4 52 53 64 63
4 53 54 65 64
81253111215563/108213962022300,8631556186067/36071320674100
89030685702563/108213962022300,11139586640977/36071320674100
81253111215563/108213962022300,8631556186067/36071320674100
89030685702563/108213962022300,11139586640977/36071320674100
81253111215563/108213962022300,8631556186067/36071320674100
89030685702563/108213962022300,11139586640977/36071320674100
81253111215563/108213962022300,8631556186067/36071320674100
89030685702563/108213962022300,11139586640977/36071320674100
81253111215563/108213962022300,8631556186067/36071320674100
89030685702563/108213962022300,11139586640977/36071320674100
81253111215563/108213962022300,8631556186067/36071320674100
16259218195413/18035660337050,3014419056567/36071320674100
8150732691229/9017830168525,8114974340477/36071320674100
16259218195413/18035660337050,3014419056567/36071320674100
8150732691229/9017830168525,8114974340477/36071320674100
16259218195413/18035660337050,3014419056567/36071320674100
8150732691229/9017830168525,8114974340477/36071320674100
16259218195413/18035660337050,3014419056567/36071320674100
8150732691229/9017830168525,8114974340477/36071320674100
16259218195413/18035660337050,3014419056567/36071320674100
8150732691229/9017830168525,8114974340477/36071320674100
16259218195413/18035660337050,3014419056567/36071320674100
14746912045163/18035660337050,66287644379/27053490505575
6746448408854/9017830168525,2010681266129/27053490505575
14746912045163/18035660337050,66287644379/27053490505575
6746448408854/9017830168525,2010681266129/27053490505575
14746912045163/18035660337050,66287644379/27053490505575
6746448408854/9017830168525,2010681266129/27053490505575
14746912045163/18035660337050,66287644379/27053490505575
6746448408854/9017830168525,2010681266129/27053490505575
14746912045163/18035660337050,66287644379/27053490505575
6746448408854/9017830168525,2010681266129/27053490505575
14746912045163/18035660337050,66287644379/27053490505575
19067786760163/18035660337050,6336363781654/27053490505575
8906885766354/9017830168525,8280757403404/27053490505575
19067786760163/18035660337050,6336363781654/27053490505575
8906885766354/9017830168525,8280757403404/27053490505575
19067786760163/18035660337050,6336363781654/27053490505575
8906885766354/9017830168525,8280757403404/27053490505575
19067786760163/18035660337050,6336363781654/27053490505575
8906885766354/9017830168525,8280757403404/27053490505575
19067786760163/18035660337050,6336363781654/27053490505575
8906885766354/9017830168525,8280757403404/27053490505575
19067786760163/18035660337050,6336363781654/27053490505575
16259218195413/18035660337050,3014419056567/36071320674100
8150732691229/9017830168525,8114974340477/36071320674100
16259218195413/18035660337050,3014419056567/36071320674100
8150732691229/9017830168525,8114974340477/36071320674100
16259218195413/18035660337050,3014419056567/36071320674100
8150732691229/9017830168525,8114974340477/36071320674100
16259218195413/18035660337050,3014419056567/36071320674100
8150732691229/9017830168525,8114974340477/36071320674100
16259218195413/18035660337050,3014419056567/36071320674100
8150732691229/9017830168525,8114974340477/36071320674100
16259218195413/18035660337050,3014419056567/36071320674100
1096220781079/1115607855900,-105084989/371869285300
114110990251663/108213962022300,2497837210977/36071320674100
1096220781079/1115607855900,-105084989/371869285300
114110990251663/108213962022300,2497837210977/36071320674100
1096220781079/1115607855900,-105084989/371869285300
114110990251663/108213962022300,2497837210977/36071320674100
1096220781079/1115607855900,-105084989/371869285300
114110990251663/108213962022300,2497837210977/36071320674100
1096220781079/1115607855900,-105084989/371869285300
114110990251663/108213962022300,2497837210977/36071320674100
1096220781079/1115607855900,-105084989/371869285300
