12
1,1
1,70284906/129471109
1,0
2365167/2438900,1
2365167/2438900,70284906/129471109
2365167/2438900,0
2365167/4877800,1
2365167/4877800,70284906/129471109
2365167/4877800,0
0,1
0,70284906/129471109
0,0
6
4 4 1 0 3
4 5 2 1 4
4 7 4 3 6
4 8 5 4 7
4 10 7 6 9
4 11 8 7 10
443483/2438900,97072032/129471109
443483/2438900,35/29
443483/2438900,85973329/129471109
255/1682,97072032/129471109
255/1682,35/29
255/1682,85973329/129471109
3104667/4877800,97072032/129471109
3104667/4877800,35/29
3104667/4877800,85973329/129471109
255/1682,97072032/129471109
255/1682,35/29
255/1682,85973329/129471109
