16
1,1
1,323/375
1,323/750
1,0
589/750,1
589/750,323/375
589/750,323/750
589/750,0
589/1500,1
589/1500,323/375
589/1500,323/750
589/1500,0
0,1
0,323/375
0,323/750
0,0
9
4 5 1 0 4
4 6 2 1 5
4 7 3 2 6
4 9 5 4 8
4 10 6 5 9
4 11 7 6 10
4 13 9 8 12
4 14 10 9 13
4 15 11 10 14
343/250,1079/750
343/250,13/10
343/250,649/375
343/250,13/10
434/375,1079/750
434/375,13/10
434/375,649/375
434/375,13/10
31/20,1079/750
31/20,13/10
31/20,649/375
31/20,13/10
434/375,1079/750
434/375,13/10
434/375,649/375
434/375,13/10
