16
1,1
1,1309/1500
1,1309/3000
1,0
2387/3000,1
2387/3000,1309/1500
2387/3000,1309/3000
2387/3000,0
2387/6000,1
2387/6000,1309/1500
2387/6000,1309/3000
2387/6000,0
0,1
0,1309/1500
0,1309/3000
0,0
9
4 5 1 0 4
4 6 2 1 5
4 7 3 2 6
4 9 5 4 8
4 10 6 5 9
4 11 7 6 10
4 13 9 8 12
4 14 10 9 13
4 15 11 10 14
4713/2000,1633/750
4713/2000,41/20
4713/2000,7459/3000
4713/2000,41/20
12913/6000,1633/750
12913/6000,41/20
12913/6000,7459/3000
12913/6000,41/20
51/20,1633/750
51/20,41/20
51/20,7459/3000
51/20,41/20
12913/6000,1633/750
12913/6000,41/20
12913/6000,7459/3000
12913/6000,41/20
