16
1,1
1,1411/1500
1,1411/3000
1,0
2573/3000,1
2573/3000,1411/1500
2573/3000,1411/3000
2573/3000,0
2573/6000,1
2573/6000,1411/1500
2573/6000,1411/3000
2573/6000,0
0,1
0,1411/1500
0,1411/3000
0,0
9
4 5 1 0 4
4 6 2 1 5
4 7 3 2 6
4 9 5 4 8
4 10 6 5 9
4 11 7 6 10
4 13 9 8 12
4 14 10 9 13
4 15 11 10 14
15581/6000,3539/1500
15581/6000,23/10
15581/6000,8311/3000
15581/6000,23/10
4909/2000,3539/1500
4909/2000,23/10
4909/2000,8311/3000
4909/2000,23/10
173/60,3539/1500
173/60,23/10
173/60,8311/3000
173/60,23/10
4909/2000,3539/1500
4909/2000,23/10
4909/2000,8311/3000
4909/2000,23/10
