16
1,1
1,1343/1500
1,1343/3000
1,0
2449/3000,1
2449/3000,1343/1500
2449/3000,1343/3000
2449/3000,0
2449/6000,1
2449/6000,1343/1500
2449/6000,1343/3000
2449/6000,0
0,1
0,1343/1500
0,1343/3000
0,0
9
4 5 1 0 4
4 6 2 1 5
4 7 3 2 6
4 9 5 4 8
4 10 6 5 9
4 11 7 6 10
4 13 9 8 12
4 14 10 9 13
4 15 11 10 14
17953/6000,1991/750
17953/6000,51/20
17953/6000,8993/3000
17953/6000,51/20
5617/2000,1991/750
5617/2000,51/20
5617/2000,8993/3000
5617/2000,51/20
193/60,1991/750
193/60,51/20
193/60,8993/3000
193/60,51/20
5617/2000,1991/750
5617/2000,51/20
5617/2000,8993/3000
5617/2000,51/20
