16
1,1
1,289/300
1,289/600
1,0
527/600,1
527/600,289/300
527/600,289/600
527/600,0
527/1200,1
527/1200,289/300
527/1200,289/600
527/1200,0
0,1
0,289/300
0,289/600
0,0
9
4 5 1 0 4
4 6 2 1 5
4 7 3 2 6
4 9 5 4 8
4 10 6 5 9
4 11 7 6 10
4 13 9 8 12
4 14 10 9 13
4 15 11 10 14
1293/400,851/300
1293/400,14/5
1293/400,1969/600
1293/400,14/5
3733/1200,851/300
3733/1200,14/5
3733/1200,1969/600
3733/1200,14/5
71/20,851/300
71/20,14/5
71/20,1969/600
71/20,14/5
3733/1200,851/300
3733/1200,14/5
3733/1200,1969/600
3733/1200,14/5
