16
1,1
1,459/500
1,459/1000
1,0
837/1000,1
837/1000,459/500
837/1000,459/1000
837/1000,0
837/2000,1
837/2000,459/500
837/2000,459/1000
837/2000,0
0,1
0,459/500
0,459/1000
0,0
9
4 5 1 0 4
4 6 2 1 5
4 7 3 2 6
4 9 5 4 8
4 10 6 5 9
4 11 7 6 10
4 13 9 8 12
4 14 10 9 13
4 15 11 10 14
8589/2000,454/125
8589/2000,71/20
8589/2000,4009/1000
8589/2000,71/20
8263/2000,454/125
8263/2000,71/20
8263/2000,4009/1000
8263/2000,71/20
91/20,454/125
91/20,71/20
91/20,4009/1000
91/20,71/20
8263/2000,454/125
8263/2000,71/20
8263/2000,4009/1000
8263/2000,71/20
