9
1,1
1,3576999993575999996423/5600000000000000005600
1,0
803000001167999999197/1000000000000000001000,1
803000001167999999197/1000000000000000001000,3576999993575999996423/5600000000000000005600
803000001167999999197/1000000000000000001000,0
0,1
0,3576999993575999996423/5600000000000000005600
0,0
4
4 4 1 0 3
4 5 2 1 4
4 7 4 3 6
4 8 5 4 7
2803000001167999997197/1000000000000000001000,5599999998326999993575999996073/2800000000000000002800
2803000001167999997197/1000000000000000001000,11199999998676999993576000001323/5600000000000000005600
2803000001167999997197/1000000000000000001000,15999999993000000000000000007/8000000000000000008
2999999999999999999/1000000000000000001,5599999998326999993575999996073/2800000000000000002800
2999999999999999999/1000000000000000001,11199999998676999993576000001323/5600000000000000005600
2999999999999999999/1000000000000000001,15999999993000000000000000007/8000000000000000008
2196999998831999999803/1000000000000000001000,5599999998326999993575999996073/2800000000000000002800
2196999998831999999803/1000000000000000001000,11199999998676999993576000001323/5600000000000000005600
2196999998831999999803/1000000000000000001000,15999999993000000000000000007/8000000000000000008
