12
1,1
1,43/50
1,43/100
1,0
43/50,1
43/50,43/50
43/50,43/100
43/50,0
0,1
0,43/50
0,43/100
0,0
6
4 5 1 0 4
4 6 2 1 5
4 7 3 2 6
4 9 5 4 8
4 10 6 5 9
4 11 7 6 10
1172683111984641802003772988485089786903277615078694863392043088375277897207201753742653881042742341729942318636010173556881599635330678011996207176231175381746919239334843610292938512328152029293154435935012145222006244308361228469899025978085426335979921520323624602779590992891183831847926260073722533150342491578846243/25,1709771977273607747321501017211260909304978762784737110825598822851155174128100156956789358560318334242255900571302833045933372268312128541490470062945053706587008250950201983807104350974445658709419167593247707733685104201590671109112779876048551597858725576631844670852643667635346026834276487187487453333199352721957796057/50
1172683111984641802003772988485089786903277615078694863392043088375277897207201753742653881042742341729942318636010173556881599635330678011996207176231175381746919239334843610292938512328152029293154435935012145222006244308361228469899025978085426335979921520323624602779590992891183831847926260073722533150342491578846243/25,34195439545472154946430020344225218186099575255694742216511976457023103482562003139135787171206366684845118011426056660918667445366242570829809401258901074131740165019004039676142087019488913174188383351864954154673702084031813422182255597520971031957174511532636893417052873352706920536685529743749749066663987054439155921
1172683111984641802003772988485089786903277615078694863392043088375277897207201753742653881042742341729942318636010173556881599635330678011996207176231175381746919239334843610292938512328152029293154435935012145222006244308361228469899025978085426335979921520323624602779590992891183831847926260073722533150342491578846243/25,3419543954547215494643002034422521818609957525569474221651197645702310348256200313913578717120636668484511801142605666091866744536624257082980940125890107413174016501900403967614208701948891317418838335186495415467370208403181342218225559752097103195717451153263689341705287335270692053668552974374974906666398705443915592143/100
1172683111984641802003772988485089786903277615078694863392043088375277897207201753742653881042742341729942318636010173556881599635330678011996207176231175381746919239334843610292938512328152029293154435935012145222006244308361228469899025978085426335979921520323624602779590992891183831847926260073722533150342491578846243/25,34195439545472154946430020344225218186099575255694742216511976457023103482562003139135787171206366684845118011426056660918667445366242570829809401258901074131740165019004039676142087019488913174188383351864954154673702084031813422182255597520971031957174511532636893417052873352706920536685529743749749066663987054439155921
2345366223969283604007545976970179573806555230157389726784086176750555794414403507485307762085484683459884637272020347113763199270661356023992414352462350763493838478669687220585877024656304058586308871870024290444012488616722456939798051956170852671959843040647249205559181985782367663695852520147445066300684983157692493/50,1709771977273607747321501017211260909304978762784737110825598822851155174128100156956789358560318334242255900571302833045933372268312128541490470062945053706587008250950201983807104350974445658709419167593247707733685104201590671109112779876048551597858725576631844670852643667635346026834276487187487453333199352721957796057/50
2345366223969283604007545976970179573806555230157389726784086176750555794414403507485307762085484683459884637272020347113763199270661356023992414352462350763493838478669687220585877024656304058586308871870024290444012488616722456939798051956170852671959843040647249205559181985782367663695852520147445066300684983157692493/50,34195439545472154946430020344225218186099575255694742216511976457023103482562003139135787171206366684845118011426056660918667445366242570829809401258901074131740165019004039676142087019488913174188383351864954154673702084031813422182255597520971031957174511532636893417052873352706920536685529743749749066663987054439155921
2345366223969283604007545976970179573806555230157389726784086176750555794414403507485307762085484683459884637272020347113763199270661356023992414352462350763493838478669687220585877024656304058586308871870024290444012488616722456939798051956170852671959843040647249205559181985782367663695852520147445066300684983157692493/50,3419543954547215494643002034422521818609957525569474221651197645702310348256200313913578717120636668484511801142605666091866744536624257082980940125890107413174016501900403967614208701948891317418838335186495415467370208403181342218225559752097103195717451153263689341705287335270692053668552974374974906666398705443915592143/100
2345366223969283604007545976970179573806555230157389726784086176750555794414403507485307762085484683459884637272020347113763199270661356023992414352462350763493838478669687220585877024656304058586308871870024290444012488616722456939798051956170852671959843040647249205559181985782367663695852520147445066300684983157692493/50,34195439545472154946430020344225218186099575255694742216511976457023103482562003139135787171206366684845118011426056660918667445366242570829809401258901074131740165019004039676142087019488913174188383351864954154673702084031813422182255597520971031957174511532636893417052873352706920536685529743749749066663987054439155921
46907324479385672080150919539403591476131104603147794535681723535011115888288070149706155241709693669197692745440406942275263985413227120479848287049247015269876769573393744411717540493126081171726177437400485808880249772334449138795961039123417053439196860812944984111183639715647353273917050402948901326013699663153849,1709771977273607747321501017211260909304978762784737110825598822851155174128100156956789358560318334242255900571302833045933372268312128541490470062945053706587008250950201983807104350974445658709419167593247707733685104201590671109112779876048551597858725576631844670852643667635346026834276487187487453333199352721957796057/50
46907324479385672080150919539403591476131104603147794535681723535011115888288070149706155241709693669197692745440406942275263985413227120479848287049247015269876769573393744411717540493126081171726177437400485808880249772334449138795961039123417053439196860812944984111183639715647353273917050402948901326013699663153849,34195439545472154946430020344225218186099575255694742216511976457023103482562003139135787171206366684845118011426056660918667445366242570829809401258901074131740165019004039676142087019488913174188383351864954154673702084031813422182255597520971031957174511532636893417052873352706920536685529743749749066663987054439155921
46907324479385672080150919539403591476131104603147794535681723535011115888288070149706155241709693669197692745440406942275263985413227120479848287049247015269876769573393744411717540493126081171726177437400485808880249772334449138795961039123417053439196860812944984111183639715647353273917050402948901326013699663153849,3419543954547215494643002034422521818609957525569474221651197645702310348256200313913578717120636668484511801142605666091866744536624257082980940125890107413174016501900403967614208701948891317418838335186495415467370208403181342218225559752097103195717451153263689341705287335270692053668552974374974906666398705443915592143/100
46907324479385672080150919539403591476131104603147794535681723535011115888288070149706155241709693669197692745440406942275263985413227120479848287049247015269876769573393744411717540493126081171726177437400485808880249772334449138795961039123417053439196860812944984111183639715647353273917050402948901326013699663153849,34195439545472154946430020344225218186099575255694742216511976457023103482562003139135787171206366684845118011426056660918667445366242570829809401258901074131740165019004039676142087019488913174188383351864954154673702084031813422182255597520971031957174511532636893417052873352706920536685529743749749066663987054439155921
