9
1,1
1,30446181806223/55019800418000
1,0
249622978463/367001250000,1
249622978463/367001250000,30446181806223/55019800418000
249622978463/367001250000,0
0,1
0,30446181806223/55019800418000
0,0
4
4 4 1 0 3
4 5 2 1 4
4 7 4 3 6
4 8 5 4 7
-447287024887/183500625000,86433163758923/55019800418000
-447287024887/183500625000,50249777/24905980
-447287024887/183500625000,7323690960407/5001800038000
-777195778237/367001250000,86433163758923/55019800418000
-777195778237/367001250000,50249777/24905980
-777195778237/367001250000,7323690960407/5001800038000
-10037329/3587500,86433163758923/55019800418000
-10037329/3587500,50249777/24905980
-10037329/3587500,7323690960407/5001800038000
