12
1,1
1,29016853906030513338600474071/34901125781011781358275000000
1,0
294782656077829445134881/298445579978044244450000,1
294782656077829445134881/298445579978044244450000,29016853906030513338600474071/34901125781011781358275000000
294782656077829445134881/298445579978044244450000,0
294782656077829445134881/596891159956088488900000,1
294782656077829445134881/596891159956088488900000,29016853906030513338600474071/34901125781011781358275000000
294782656077829445134881/596891159956088488900000,0
0,1
0,29016853906030513338600474071/34901125781011781358275000000
0,0
6
4 4 1 0 3
4 5 2 1 4
4 7 4 3 6
4 8 5 4 7
4 10 7 6 9
4 11 8 7 10
16545996291341840979069/298445579978044244450000,622653113968365740633509411/572149602967406251775000000
16545996291341840979069/298445579978044244450000,55709579/44324125
16545996291341840979069/298445579978044244450000,14849257921021064859718125929/34901125781011781358275000000
1556431339021/36055844411000,622653113968365740633509411/572149602967406251775000000
1556431339021/36055844411000,55709579/44324125
1556431339021/36055844411000,14849257921021064859718125929/34901125781011781358275000000
320548800860083528462781/596891159956088488900000,622653113968365740633509411/572149602967406251775000000
320548800860083528462781/596891159956088488900000,55709579/44324125
320548800860083528462781/596891159956088488900000,14849257921021064859718125929/34901125781011781358275000000
1556431339021/36055844411000,622653113968365740633509411/572149602967406251775000000
1556431339021/36055844411000,55709579/44324125
1556431339021/36055844411000,14849257921021064859718125929/34901125781011781358275000000
