16
1,1
1,1001/1500
1,1001/3000
1,0
693/1000,1
693/1000,1001/1500
693/1000,1001/3000
693/1000,0
693/2000,1
693/2000,1001/1500
693/2000,1001/3000
693/2000,0
0,1
0,1001/1500
0,1001/3000
0,0
9
4 5 1 0 4
4 6 2 1 5
4 7 3 2 6
4 9 5 4 8
4 10 6 5 9
4 11 7 6 10
4 13 9 8 12
4 14 10 9 13
4 15 11 10 14
821/2000,1297/3000
821/2000,299/3000
821/2000,13/30
821/2000,299/3000
207/2000,1297/3000
207/2000,299/3000
207/2000,13/30
207/2000,299/3000
9/20,1297/3000
9/20,299/3000
9/20,13/30
9/20,299/3000
207/2000,1297/3000
207/2000,299/3000
207/2000,13/30
207/2000,299/3000
