20
1,1
1,123/125
1,82/125
1,41/125
1,0
123/125,1
123/125,123/125
123/125,82/125
123/125,41/125
123/125,0
123/250,1
123/250,123/125
123/250,82/125
123/250,41/125
123/250,0
0,1
0,123/125
0,82/125
0,41/125
0,0
12
4 6 1 0 5
4 7 2 1 6
4 8 3 2 7
4 9 4 3 8
4 11 6 5 10
4 12 7 6 11
4 13 8 7 12
4 14 9 8 13
4 16 11 10 15
4 17 12 11 16
4 18 13 12 17
4 19 14 13 18
31/250,48/125
31/250,2/5
31/250,9/125
31/250,2/5
31/250,9/125
27/250,48/125
27/250,2/5
27/250,9/125
27/250,2/5
27/250,9/125
3/5,48/125
3/5,2/5
3/5,9/125
3/5,2/5
3/5,9/125
27/250,48/125
27/250,2/5
27/250,9/125
27/250,2/5
27/250,9/125
