20
1,1
1,87/100
1,29/50
1,29/100
1,0
87/100,1
87/100,87/100
87/100,29/50
87/100,29/100
87/100,0
87/200,1
87/200,87/100
87/200,29/50
87/200,29/100
87/200,0
0,1
0,87/100
0,29/50
0,29/100
0,0
12
4 6 1 0 5
4 7 2 1 6
4 8 3 2 7
4 9 4 3 8
4 11 6 5 10
4 12 7 6 11
4 13 8 7 12
4 14 9 8 13
4 16 11 10 15
4 17 12 11 16
4 18 13 12 17
4 19 14 13 18
13/100,61/300
13/100,1/3
13/100,13/300
13/100,1/3
13/100,13/300
0,61/300
0,1/3
0,13/300
0,1/3
0,13/300
87/200,61/300
87/200,1/3
87/200,13/300
87/200,1/3
87/200,13/300
0,61/300
0,1/3
0,13/300
0,1/3
0,13/300
