9
1,1
1,9200902747503311/12957560837413800
1,0
8486612653254458818156376238903166849564337000787984108395861/10699999984667702859681607601436222138031982267981007345499550,1
8486612653254458818156376238903166849564337000787984108395861/10699999984667702859681607601436222138031982267981007345499550,9200902747503311/12957560837413800
8486612653254458818156376238903166849564337000787984108395861/10699999984667702859681607601436222138031982267981007345499550,0
0,1
0,9200902747503311/12957560837413800
0,0
4
4 4 1 0 3
4 5 2 1 4
4 7 4 3 6
4 8 5 4 7
6239775877177705779500381823547737816971252613185901437403411/10699999984667702859681607601436222138031982267981007345499550,9200902747503311/12957560837413800
6239775877177705779500381823547737816971252613185901437403411/10699999984667702859681607601436222138031982267981007345499550,1
6239775877177705779500381823547737816971252613185901437403411/10699999984667702859681607601436222138031982267981007345499550,3756658089910489/12957560837413800
332604876053898760128004221318/421010701066346162158173565339,9200902747503311/12957560837413800
332604876053898760128004221318/421010701066346162158173565339,1
332604876053898760128004221318/421010701066346162158173565339,3756658089910489/12957560837413800
-33449444663508997130763052822373744125439120409059433888761/10699999984667702859681607601436222138031982267981007345499550,9200902747503311/12957560837413800
-33449444663508997130763052822373744125439120409059433888761/10699999984667702859681607601436222138031982267981007345499550,1
-33449444663508997130763052822373744125439120409059433888761/10699999984667702859681607601436222138031982267981007345499550,3756658089910489/12957560837413800
