36
1,1
1,1813/2000
1,5439/8000
1,1813/4000
1,1813/8000
1,0
14/15,1
14/15,1813/2000
14/15,5439/8000
14/15,1813/4000
14/15,1813/8000
14/15,0
7/10,1
7/10,1813/2000
7/10,5439/8000
7/10,1813/4000
7/10,1813/8000
7/10,0
7/15,1
7/15,1813/2000
7/15,5439/8000
7/15,1813/4000
7/15,1813/8000
7/15,0
7/30,1
7/30,1813/2000
7/30,5439/8000
7/30,1813/4000
7/30,1813/8000
7/30,0
0,1
0,1813/2000
0,5439/8000
0,1813/4000
0,1813/8000
0,0
25
4 7 1 0 6
4 8 2 1 7
4 9 3 2 8
4 10 4 3 9
4 11 5 4 10
4 13 7 6 12
4 14 8 7 13
4 15 9 8 14
4 16 10 9 15
4 17 11 10 16
4 19 13 12 18
4 20 14 13 19
4 21 15 14 20
4 22 16 15 21
4 23 17 16 22
4 25 19 18 24
4 26 20 19 25
4 27 21 20 26
4 28 22 21 27
4 29 23 22 28
4 31 25 24 30
4 32 26 25 31
4 33 27 26 32
4 34 28 27 33
4 35 29 28 34
5/24,837/1600
5/24,3437/8000
5/24,21/32
5/24,3437/8000
5/24,21/32
5/24,3437/8000
17/120,837/1600
17/120,3437/8000
17/120,21/32
17/120,3437/8000
17/120,21/32
17/120,3437/8000
3/8,837/1600
3/8,3437/8000
3/8,21/32
3/8,3437/8000
3/8,21/32
3/8,3437/8000
17/120,837/1600
17/120,3437/8000
17/120,21/32
17/120,3437/8000
17/120,21/32
17/120,3437/8000
3/8,837/1600
3/8,3437/8000
3/8,21/32
3/8,3437/8000
3/8,21/32
3/8,3437/8000
17/120,837/1600
17/120,3437/8000
17/120,21/32
17/120,3437/8000
17/120,21/32
17/120,3437/8000
