20
1,1
1,124/175
1,62/175
1,0
6727/7300,1
6727/7300,124/175
6727/7300,62/175
6727/7300,0
6727/10950,1
6727/10950,124/175
6727/10950,62/175
6727/10950,0
6727/21900,1
6727/21900,124/175
6727/21900,62/175
6727/21900,0
0,1
0,124/175
0,62/175
0,0
12
4 5 1 0 4
4 6 2 1 5
4 7 3 2 6
4 9 5 4 8
4 10 6 5 9
4 11 7 6 10
4 13 9 8 12
4 14 10 9 13
4 15 11 10 14
4 17 13 12 16
4 18 14 13 17
4 19 15 14 18
1252/5475,328/525
1252/5475,1/3
1252/5475,361/525
1252/5475,1/3
6727/21900,328/525
6727/21900,1/3
6727/21900,361/525
6727/21900,1/3
0,328/525
0,1/3
0,361/525
0,1/3
6727/21900,328/525
6727/21900,1/3
6727/21900,361/525
6727/21900,1/3
0,328/525
0,1/3
0,361/525
0,1/3
