25
1,1
1,174/175
1,116/175
1,58/175
1,0
6293/7300,1
6293/7300,174/175
6293/7300,116/175
6293/7300,58/175
6293/7300,0
6293/10950,1
6293/10950,174/175
6293/10950,116/175
6293/10950,58/175
6293/10950,0
6293/21900,1
6293/21900,174/175
6293/21900,116/175
6293/21900,58/175
6293/21900,0
0,1
0,174/175
0,116/175
0,58/175
0,0
16
4 6 1 0 5
4 7 2 1 6
4 8 3 2 7
4 9 4 3 8
4 11 6 5 10
4 12 7 6 11
4 13 8 7 12
4 14 9 8 13
4 16 11 10 15
4 17 12 11 16
4 18 13 12 17
4 19 14 13 18
4 21 16 15 20
4 22 17 16 21
4 23 18 17 22
4 24 19 18 23
818/5475,124/175
818/5475,5/7
818/5475,67/175
818/5475,5/7
818/5475,67/175
6293/21900,124/175
6293/21900,5/7
6293/21900,67/175
6293/21900,5/7
6293/21900,67/175
0,124/175
0,5/7
0,67/175
0,5/7
0,67/175
6293/21900,124/175
6293/21900,5/7
6293/21900,67/175
6293/21900,5/7
6293/21900,67/175
0,124/175
0,5/7
0,67/175
0,5/7
0,67/175
