25
1,1
1,172/175
1,344/525
1,172/525
1,0
9331/10950,1
9331/10950,172/175
9331/10950,344/525
9331/10950,172/525
9331/10950,0
9331/16425,1
9331/16425,172/175
9331/16425,344/525
9331/16425,172/525
9331/16425,0
9331/32850,1
9331/32850,172/175
9331/32850,344/525
9331/32850,172/525
9331/32850,0
0,1
0,172/175
0,344/525
0,172/525
0,0
16
4 6 1 0 5
4 7 2 1 6
4 8 3 2 7
4 9 4 3 8
4 11 6 5 10
4 12 7 6 11
4 13 8 7 12
4 14 9 8 13
4 16 11 10 15
4 17 12 11 16
4 18 13 12 17
4 19 14 13 18
4 21 16 15 20
4 22 17 16 21
4 23 18 17 22
4 24 19 18 23
2237/16425,122/175
2237/16425,5/7
2237/16425,29/75
2237/16425,5/7
2237/16425,29/75
9331/32850,122/175
9331/32850,5/7
9331/32850,29/75
9331/32850,5/7
9331/32850,29/75
0,122/175
0,5/7
0,29/75
0,5/7
0,29/75
9331/32850,122/175
9331/32850,5/7
9331/32850,29/75
9331/32850,5/7
9331/32850,29/75
0,122/175
0,5/7
0,29/75
0,5/7
0,29/75
