20
1,1
1,24/35
1,12/35
1,0
651/730,1
651/730,24/35
651/730,12/35
651/730,0
217/365,1
217/365,24/35
217/365,12/35
217/365,0
217/730,1
217/730,24/35
217/730,12/35
217/730,0
0,1
0,24/35
0,12/35
0,0
12
4 5 1 0 4
4 6 2 1 5
4 7 3 2 6
4 9 5 4 8
4 10 6 5 9
4 11 7 6 10
4 13 9 8 12
4 14 10 9 13
4 15 11 10 14
4 17 13 12 16
4 18 14 13 17
4 19 15 14 18
69/365,24/35
69/365,13/35
69/365,5/7
69/365,13/35
217/730,24/35
217/730,13/35
217/730,5/7
217/730,13/35
0,24/35
0,13/35
0,5/7
0,13/35
217/730,24/35
217/730,13/35
217/730,5/7
217/730,13/35
0,24/35
0,13/35
0,5/7
0,13/35
