20
1,1
1,352/525
1,176/525
1,0
4774/5475,1
4774/5475,352/525
4774/5475,176/525
4774/5475,0
9548/16425,1
9548/16425,352/525
9548/16425,176/525
9548/16425,0
4774/16425,1
4774/16425,352/525
4774/16425,176/525
4774/16425,0
0,1
0,352/525
0,176/525
0,0
12
4 5 1 0 4
4 6 2 1 5
4 7 3 2 6
4 9 5 4 8
4 10 6 5 9
4 11 7 6 10
4 13 9 8 12
4 14 10 9 13
4 15 11 10 14
4 17 13 12 16
4 18 14 13 17
4 19 15 14 18
2671/16425,124/175
2671/16425,199/525
2671/16425,5/7
2671/16425,199/525
4774/16425,124/175
4774/16425,199/525
4774/16425,5/7
4774/16425,199/525
0,124/175
0,199/525
0,5/7
0,199/525
4774/16425,124/175
4774/16425,199/525
4774/16425,5/7
4774/16425,199/525
0,124/175
0,199/525
0,5/7
0,199/525
