20
1,1
1,49380848/49809675
1,24690424/49809675
1,0
2733161233/2925658950,1
2733161233/2925658950,49380848/49809675
2733161233/2925658950,24690424/49809675
2733161233/2925658950,0
2733161233/4388488425,1
2733161233/4388488425,49380848/49809675
2733161233/4388488425,24690424/49809675
2733161233/4388488425,0
2733161233/8776976850,1
2733161233/8776976850,49380848/49809675
2733161233/8776976850,24690424/49809675
2733161233/8776976850,0
0,1
0,49380848/49809675
0,24690424/49809675
0,0
12
4 5 1 0 4
4 6 2 1 5
4 7 3 2 6
4 9 5 4 8
4 10 6 5 9
4 11 7 6 10
4 13 9 8 12
4 14 10 9 13
4 15 11 10 14
4 17 13 12 16
4 18 14 13 17
4 19 15 14 18
17476801439/17553953700,11211759/16603225
17476801439/17553953700,2/3
17476801439/17553953700,19298958/16603225
17476801439/17553953700,2/3
18631787741/17553953700,11211759/16603225
18631787741/17553953700,2/3
18631787741/17553953700,19298958/16603225
18631787741/17553953700,2/3
3/4,11211759/16603225
3/4,2/3
3/4,19298958/16603225
3/4,2/3
18631787741/17553953700,11211759/16603225
18631787741/17553953700,2/3
18631787741/17553953700,19298958/16603225
18631787741/17553953700,2/3
3/4,11211759/16603225
3/4,2/3
3/4,19298958/16603225
3/4,2/3
