9
1,1
1,998874200927/1358075940000
1,0
31628074163/58062667000,1
31628074163/58062667000,998874200927/1358075940000
31628074163/58062667000,0
0,1
0,998874200927/1358075940000
0,0
4
4 4 1 0 3
4 5 2 1 4
4 7 4 3 6
4 8 5 4 7
-3518550337/29031333500,133062869709/226345990000
-3518550337/29031333500,89044535179/104467380000
-3518550337/29031333500,17250517/147616950
19397492163/58062667000,133062869709/226345990000
19397492163/58062667000,89044535179/104467380000
19397492163/58062667000,17250517/147616950
-938/4453,133062869709/226345990000
-938/4453,89044535179/104467380000
-938/4453,17250517/147616950
