9
1,1
1,37/50
1,0
37/50,1
37/50,37/50
37/50,0
0,1
0,37/50
0,0
4
4 4 1 0 3
4 5 2 1 4
4 7 4 3 6
4 8 5 4 7
96456274104091603790041390732361627716714075749135479102824162416640285177219660478833109274984804213785321466863667837857841305720301502993780968316019323094623841810569025744784572671532276578960827334323801243188588724418872224943966535619012711716943397911095652212718646810595774457611399269066237/25,1736212933873648868220745033182509298900853363484438623850834923499525133189953888618995966949726475848135786403546021081441143502965427053888057429688347815703229152590242463406122308087580978421294892017828422377394597039539700048991397641142228810904981162399721739828935642590723940237005186843192087/50
96456274104091603790041390732361627716714075749135479102824162416640285177219660478833109274984804213785321466863667837857841305720301502993780968316019323094623841810569025744784572671532276578960827334323801243188588724418872224943966535619012711716943397911095652212718646810595774457611399269066237/25,34724258677472977364414900663650185978017067269688772477016698469990502663799077772379919338994529516962715728070920421628822870059308541077761148593766956314064583051804849268122446161751619568425897840356568447547891940790794000979827952822844576218099623247994434796578712851814478804740103736863842
96456274104091603790041390732361627716714075749135479102824162416640285177219660478833109274984804213785321466863667837857841305720301502993780968316019323094623841810569025744784572671532276578960827334323801243188588724418872224943966535619012711716943397911095652212718646810595774457611399269066237/25,1736212933873648868220745033182509298900853363484438623850834923499525133189953888618995966949726475848135786403546021081441143502965427053888057429688347815703229152590242463406122308087580978421294892017828422377394597039539700048991397641142228810904981162399721739828935642590723940237005186843192063/50
192912548208183207580082781464723255433428151498270958205648324833280570354439320957666218549969608427570642933727335675715682611440603005987561936632038646189247683621138051489569145343064553157921654668647602486377177448837744449887933071238025423433886795822191304425437293621191548915222798538132487/50,1736212933873648868220745033182509298900853363484438623850834923499525133189953888618995966949726475848135786403546021081441143502965427053888057429688347815703229152590242463406122308087580978421294892017828422377394597039539700048991397641142228810904981162399721739828935642590723940237005186843192087/50
192912548208183207580082781464723255433428151498270958205648324833280570354439320957666218549969608427570642933727335675715682611440603005987561936632038646189247683621138051489569145343064553157921654668647602486377177448837744449887933071238025423433886795822191304425437293621191548915222798538132487/50,34724258677472977364414900663650185978017067269688772477016698469990502663799077772379919338994529516962715728070920421628822870059308541077761148593766956314064583051804849268122446161751619568425897840356568447547891940790794000979827952822844576218099623247994434796578712851814478804740103736863842
192912548208183207580082781464723255433428151498270958205648324833280570354439320957666218549969608427570642933727335675715682611440603005987561936632038646189247683621138051489569145343064553157921654668647602486377177448837744449887933071238025423433886795822191304425437293621191548915222798538132487/50,1736212933873648868220745033182509298900853363484438623850834923499525133189953888618995966949726475848135786403546021081441143502965427053888057429688347815703229152590242463406122308087580978421294892017828422377394597039539700048991397641142228810904981162399721739828935642590723940237005186843192063/50
3858250964163664151601655629294465108668563029965419164112966496665611407088786419153324370999392168551412858674546713514313652228812060119751238732640772923784953672422761029791382906861291063158433093372952049727543548976754888997758661424760508468677735916443826088508745872423830978304455970762649,1736212933873648868220745033182509298900853363484438623850834923499525133189953888618995966949726475848135786403546021081441143502965427053888057429688347815703229152590242463406122308087580978421294892017828422377394597039539700048991397641142228810904981162399721739828935642590723940237005186843192087/50
3858250964163664151601655629294465108668563029965419164112966496665611407088786419153324370999392168551412858674546713514313652228812060119751238732640772923784953672422761029791382906861291063158433093372952049727543548976754888997758661424760508468677735916443826088508745872423830978304455970762649,34724258677472977364414900663650185978017067269688772477016698469990502663799077772379919338994529516962715728070920421628822870059308541077761148593766956314064583051804849268122446161751619568425897840356568447547891940790794000979827952822844576218099623247994434796578712851814478804740103736863842
3858250964163664151601655629294465108668563029965419164112966496665611407088786419153324370999392168551412858674546713514313652228812060119751238732640772923784953672422761029791382906861291063158433093372952049727543548976754888997758661424760508468677735916443826088508745872423830978304455970762649,1736212933873648868220745033182509298900853363484438623850834923499525133189953888618995966949726475848135786403546021081441143502965427053888057429688347815703229152590242463406122308087580978421294892017828422377394597039539700048991397641142228810904981162399721739828935642590723940237005186843192063/50
