16
1,1
1,297/400
1,297/800
1,0
297/400,1
297/400,297/400
297/400,297/800
297/400,0
297/800,1
297/800,297/400
297/800,297/800
297/800,0
0,1
0,297/400
0,297/800
0,0
9
4 5 1 0 4
4 6 2 1 5
4 7 3 2 6
4 9 5 4 8
4 10 6 5 9
4 11 7 6 10
4 13 9 8 12
4 14 10 9 13
4 15 11 10 14
400000000000000003653/400,103/400
400000000000000003653/400,0
400000000000000003653/400,297/800
400000000000000003653/400,0
8000000000000000071/8,103/400
8000000000000000071/8,0
8000000000000000071/8,297/800
8000000000000000071/8,0
800000000000000007397/800,103/400
800000000000000007397/800,0
800000000000000007397/800,297/800
800000000000000007397/800,0
8000000000000000071/8,103/400
8000000000000000071/8,0
8000000000000000071/8,297/800
8000000000000000071/8,0
