16
1,1
1,273/400
1,273/800
1,0
273/400,1
273/400,273/400
273/400,273/800
273/400,0
273/800,1
273/800,273/400
273/800,273/800
273/800,0
0,1
0,273/400
0,273/800
0,0
9
4 5 1 0 4
4 6 2 1 5
4 7 3 2 6
4 9 5 4 8
4 10 6 5 9
4 11 7 6 10
4 13 9 8 12
4 14 10 9 13
4 15 11 10 14
400000000000000006077/400,127/400
400000000000000006077/400,0
400000000000000006077/400,273/800
400000000000000006077/400,0
8000000000000000119/8,127/400
8000000000000000119/8,0
8000000000000000119/8,273/800
8000000000000000119/8,0
800000000000000012173/800,127/400
800000000000000012173/800,0
800000000000000012173/800,273/800
800000000000000012173/800,0
8000000000000000119/8,127/400
8000000000000000119/8,0
8000000000000000119/8,273/800
8000000000000000119/8,0
