16
1,1
1,279/400
1,279/800
1,0
279/400,1
279/400,279/400
279/400,279/800
279/400,0
279/800,1
279/800,279/400
279/800,279/800
279/800,0
0,1
0,279/400
0,279/800
0,0
9
4 5 1 0 4
4 6 2 1 5
4 7 3 2 6
4 9 5 4 8
4 10 6 5 9
4 11 7 6 10
4 13 9 8 12
4 14 10 9 13
4 15 11 10 14
400000000000000007671/400,121/400
400000000000000007671/400,0
400000000000000007671/400,279/800
400000000000000007671/400,0
8000000000000000151/8,121/400
8000000000000000151/8,0
8000000000000000151/8,279/800
8000000000000000151/8,0
800000000000000015379/800,121/400
800000000000000015379/800,0
800000000000000015379/800,279/800
800000000000000015379/800,0
8000000000000000151/8,121/400
8000000000000000151/8,0
8000000000000000151/8,279/800
8000000000000000151/8,0
