9
1,1
1,1362366646456434840009546163931203/1895586928664708801549410571260000
1,0
244431267234441680754459/478901436084621261400000,1
244431267234441680754459/478901436084621261400000,1362366646456434840009546163931203/1895586928664708801549410571260000
244431267234441680754459/478901436084621261400000,0
0,1
0,1362366646456434840009546163931203/1895586928664708801549410571260000
0,0
4
4 4 1 0 3
4 5 2 1 4
4 7 4 3 6
4 8 5 4 7
5271419164904577991209/478901436084621261400000,-3565689831092539208245479131240249/16112488893650024813169989855710000
5271419164904577991209/478901436084621261400000,1933365135355578929686736662109051/32224977787300049626339979711420000
5271419164904577991209/478901436084621261400000,-631764645741080133/959095888072064900
80766391/161336800,-3565689831092539208245479131240249/16112488893650024813169989855710000
80766391/161336800,1933365135355578929686736662109051/32224977787300049626339979711420000
80766391/161336800,-631764645741080133/959095888072064900
-4689679219357522117709/478901436084621261400000,-3565689831092539208245479131240249/16112488893650024813169989855710000
-4689679219357522117709/478901436084621261400000,1933365135355578929686736662109051/32224977787300049626339979711420000
-4689679219357522117709/478901436084621261400000,-631764645741080133/959095888072064900
