16
1,1
1,162070559451243/204838501400000
1,162070559451243/409677002800000
1,0
105071225700223/143277876040000,1
105071225700223/143277876040000,162070559451243/204838501400000
105071225700223/143277876040000,162070559451243/409677002800000
105071225700223/143277876040000,0
105071225700223/286555752080000,1
105071225700223/286555752080000,162070559451243/204838501400000
105071225700223/286555752080000,162070559451243/409677002800000
105071225700223/286555752080000,0
0,1
0,162070559451243/204838501400000
0,162070559451243/409677002800000
0,0
9
4 5 1 0 4
4 6 2 1 5
4 7 3 2 6
4 9 5 4 8
4 10 6 5 9
4 11 7 6 10
4 13 9 8 12
4 14 10 9 13
4 15 11 10 14
34070915194977/143277876040000,36245206561507/204838501400000
34070915194977/143277876040000,-1134388763/35624087200
34070915194977/143277876040000,5138796161267/14126793200000
34070915194977/143277876040000,-1134388763/35624087200
-76419/2647450,36245206561507/204838501400000
-76419/2647450,-1134388763/35624087200
-76419/2647450,5138796161267/14126793200000
-76419/2647450,-1134388763/35624087200
96799755410623/286555752080000,36245206561507/204838501400000
96799755410623/286555752080000,-1134388763/35624087200
96799755410623/286555752080000,5138796161267/14126793200000
96799755410623/286555752080000,-1134388763/35624087200
-76419/2647450,36245206561507/204838501400000
-76419/2647450,-1134388763/35624087200
-76419/2647450,5138796161267/14126793200000
-76419/2647450,-1134388763/35624087200
