12
1,1
1,2038320959245737/2076666109120000
1,2038320959245737/4153332218240000
1,0
2813467/3030000,1
2813467/3030000,2038320959245737/2076666109120000
2813467/3030000,2038320959245737/4153332218240000
2813467/3030000,0
0,1
0,2038320959245737/2076666109120000
0,2038320959245737/4153332218240000
0,0
6
4 5 1 0 4
4 6 2 1 5
4 7 3 2 6
4 9 5 4 8
4 10 6 5 9
4 11 7 6 10
3902551/4545000,73759701686589/4153332218240000
3902551/4545000,-2930598061937/4153332218240000
3902551/4545000,138595811/282812800
3902551/4545000,-2930598061937/4153332218240000
8454701/9090000,73759701686589/4153332218240000
8454701/9090000,-2930598061937/4153332218240000
8454701/9090000,138595811/282812800
8454701/9090000,-2930598061937/4153332218240000
143/90900,73759701686589/4153332218240000
143/90900,-2930598061937/4153332218240000
143/90900,138595811/282812800
143/90900,-2930598061937/4153332218240000
