20
1,1
1,1529803/2080000
1,1529803/4160000
1,0
15807/16000,1
15807/16000,1529803/2080000
15807/16000,1529803/4160000
15807/16000,0
5269/8000,1
5269/8000,1529803/2080000
5269/8000,1529803/4160000
5269/8000,0
5269/16000,1
5269/16000,1529803/2080000
5269/16000,1529803/4160000
5269/16000,0
0,1
0,1529803/2080000
0,1529803/4160000
0,0
12
4 5 1 0 4
4 6 2 1 5
4 7 3 2 6
4 9 5 4 8
4 10 6 5 9
4 11 7 6 10
4 13 9 8 12
4 14 10 9 13
4 15 11 10 14
4 17 13 12 16
4 18 14 13 17
4 19 15 14 18
14239/32000,3521169/4160000
14239/32000,96831/166400
14239/32000,1975289/2080000
14239/32000,96831/166400
117/256,3521169/4160000
117/256,96831/166400
117/256,1975289/2080000
117/256,96831/166400
4087/32000,3521169/4160000
4087/32000,96831/166400
4087/32000,1975289/2080000
4087/32000,96831/166400
117/256,3521169/4160000
117/256,96831/166400
117/256,1975289/2080000
117/256,96831/166400
4087/32000,3521169/4160000
4087/32000,96831/166400
4087/32000,1975289/2080000
4087/32000,96831/166400
