9
1,1
1,319812353507135464562701632/537581148779426082534116875
1,0
1101810028163218976849547082355815899225794701/1346742581849488033577775678617323222683256755,1
1101810028163218976849547082355815899225794701/1346742581849488033577775678617323222683256755,319812353507135464562701632/537581148779426082534116875
1101810028163218976849547082355815899225794701/1346742581849488033577775678617323222683256755,0
0,1
0,319812353507135464562701632/537581148779426082534116875
0,0
4
4 4 1 0 3
4 5 2 1 4
4 7 4 3 6
4 8 5 4 7
1149651277513205224709389872107022694163158841/1346742581849488033577775678617323222683256755,-522108607745634787927498568/537581148779426082534116875
1149651277513205224709389872107022694163158841/1346742581849488033577775678617323222683256755,-5081/8975
1149651277513205224709389872107022694163158841/1346742581849488033577775678617323222683256755,-624152165980479634518784957/537581148779426082534116875
7443048577836058854691/7187714524070320880679,-522108607745634787927498568/537581148779426082534116875
7443048577836058854691/7187714524070320880679,-5081/8975
7443048577836058854691/7187714524070320880679,-624152165980479634518784957/537581148779426082534116875
97591267678751768196023795337571372798275398/448914193949829344525925226205774407561085585,-522108607745634787927498568/537581148779426082534116875
97591267678751768196023795337571372798275398/448914193949829344525925226205774407561085585,-5081/8975
97591267678751768196023795337571372798275398/448914193949829344525925226205774407561085585,-624152165980479634518784957/537581148779426082534116875
