9
1,1
1,1230816417287081137440376/1968011438368744391731875
1,0
88196141341446699197254376/106029486999555999239197825,1
88196141341446699197254376/106029486999555999239197825,1230816417287081137440376/1968011438368744391731875
88196141341446699197254376/106029486999555999239197825,0
0,1
0,1230816417287081137440376/1968011438368744391731875
0,0
4
4 4 1 0 3
4 5 2 1 4
4 7 4 3 6
4 8 5 4 7
213661526493635443536104301/106029486999555999239197825,2644787095877932602206177/1968011438368744391731875
213661526493635443536104301/106029486999555999239197825,3381982116959595856497676/1968011438368744391731875
213661526493635443536104301/106029486999555999239197825,4032965000612/3689590835775
848191267224830/388489317734869,2644787095877932602206177/1968011438368744391731875
848191267224830/388489317734869,3381982116959595856497676/1968011438368744391731875
848191267224830/388489317734869,4032965000612/3689590835775
143298730810298044380793374/106029486999555999239197825,2644787095877932602206177/1968011438368744391731875
143298730810298044380793374/106029486999555999239197825,3381982116959595856497676/1968011438368744391731875
143298730810298044380793374/106029486999555999239197825,4032965000612/3689590835775
