9
1,1
1,224413936254181676852596337350056277/359420300375621621300220141432427475
1,0
5506473558634530706004138111474915282989090438231582331/6067311886590279630375034727492920765572345783785135900,1
5506473558634530706004138111474915282989090438231582331/6067311886590279630375034727492920765572345783785135900,224413936254181676852596337350056277/359420300375621621300220141432427475
5506473558634530706004138111474915282989090438231582331/6067311886590279630375034727492920765572345783785135900,0
0,1
0,224413936254181676852596337350056277/359420300375621621300220141432427475
0,0
4
4 4 1 0 3
4 5 2 1 4
4 7 4 3 6
4 8 5 4 7
-6269826162821268389599932125153136298869528092760075169/6067311886590279630375034727492920765572345783785135900,11052231561631285170282260304323518793/6110145106385567562103742404351267075
-6269826162821268389599932125153136298869528092760075169/6067311886590279630375034727492920765572345783785135900,13347339751695764225891864973723829159/6110145106385567562103742404351267075
-6269826162821268389599932125153136298869528092760075169/6067311886590279630375034727492920765572345783785135900,245647360486090987896420799186/157458385816340302065625663931
-180937573724541884764757640511552/192294102482629978351022577634973,11052231561631285170282260304323518793/6110145106385567562103742404351267075
-180937573724541884764757640511552/192294102482629978351022577634973,13347339751695764225891864973723829159/6110145106385567562103742404351267075
-180937573724541884764757640511552/192294102482629978351022577634973,245647360486090987896420799186/157458385816340302065625663931
-659733023147061774778421977682943888192668422672829643/356900699211192919433825572205465927386608575516772700,11052231561631285170282260304323518793/6110145106385567562103742404351267075
-659733023147061774778421977682943888192668422672829643/356900699211192919433825572205465927386608575516772700,13347339751695764225891864973723829159/6110145106385567562103742404351267075
-659733023147061774778421977682943888192668422672829643/356900699211192919433825572205465927386608575516772700,245647360486090987896420799186/157458385816340302065625663931
