9
1,1
1,74981049/81406280
1,0
4264314191/4278703585,1
4264314191/4278703585,74981049/81406280
4264314191/4278703585,0
0,1
0,74981049/81406280
0,0
4
4 4 1 0 3
4 5 2 1 4
4 7 4 3 6
4 8 5 4 7
33623847/329131045,35517339/40703140
33623847/329131045,77459909/81406280
33623847/329131045,123943/4070314
33089/313573,35517339/40703140
33089/313573,77459909/81406280
33089/313573,123943/4070314
-3812814786/4278703585,35517339/40703140
-3812814786/4278703585,77459909/81406280
-3812814786/4278703585,123943/4070314
