8
1,1
1,11798267071003378111449498663416273/14153100293200923845072572199328088
1,11798267071003378111449498663416273/28306200586401847690145144398656176
1,0
0,1
0,11798267071003378111449498663416273/14153100293200923845072572199328088
0,11798267071003378111449498663416273/28306200586401847690145144398656176
0,0
3
4 5 1 0 4
4 6 2 1 5
4 7 3 2 6
14804301195864573851/7621637540304383956,13617531917528906508864901513332393/14153100293200923845072572199328088
14804301195864573851/7621637540304383956,39774180582971081996993/49981623596484977544428
14804301195864573851/7621637540304383956,34323664461666099661933154618257429/28306200586401847690145144398656176
14804301195864573851/7621637540304383956,39774180582971081996993/49981623596484977544428
7182663655560189895/7621637540304383956,13617531917528906508864901513332393/14153100293200923845072572199328088
7182663655560189895/7621637540304383956,39774180582971081996993/49981623596484977544428
7182663655560189895/7621637540304383956,34323664461666099661933154618257429/28306200586401847690145144398656176
7182663655560189895/7621637540304383956,39774180582971081996993/49981623596484977544428
