9
1,1
1,33224192712135532942331196016472717/33505325100309324622671554554542500
1,0
431429817276280331818821033491527/650132669809810581512432807675000,1
431429817276280331818821033491527/650132669809810581512432807675000,33224192712135532942331196016472717/33505325100309324622671554554542500
431429817276280331818821033491527/650132669809810581512432807675000,0
0,1
0,33224192712135532942331196016472717/33505325100309324622671554554542500
0,0
4
4 4 1 0 3
4 5 2 1 4
4 7 4 3 6
4 8 5 4 7
-741674830668896002019701222395973/650132669809810581512432807675000,32403497731306049730995952672528159/234537275702165272358700881881797500
-741674830668896002019701222395973/650132669809810581512432807675000,111984025545456/764135577590875
-741674830668896002019701222395973/650132669809810581512432807675000,-198197924536426139102939909676292379/234537275702165272358700881881797500
-44288967/55057834,32403497731306049730995952672528159/234537275702165272358700881881797500
-44288967/55057834,111984025545456/764135577590875
-44288967/55057834,-198197924536426139102939909676292379/234537275702165272358700881881797500
-954401795411646084144910481704027/650132669809810581512432807675000,32403497731306049730995952672528159/234537275702165272358700881881797500
-954401795411646084144910481704027/650132669809810581512432807675000,111984025545456/764135577590875
-954401795411646084144910481704027/650132669809810581512432807675000,-198197924536426139102939909676292379/234537275702165272358700881881797500
