9
1,1
1,39816214817/39912120872
1,0
53464375593419/66852802460600,1
53464375593419/66852802460600,39816214817/39912120872
53464375593419/66852802460600,0
0,1
0,39816214817/39912120872
0,0
4
4 4 1 0 3
4 5 2 1 4
4 7 4 3 6
4 8 5 4 7
26224353098279/66852802460600,55574229089/39912120872
26224353098279/66852802460600,31487633/22574729
26224353098279/66852802460600,15853920327/39912120872
397/670,55574229089/39912120872
397/670,31487633/22574729
397/670,15853920327/39912120872
-13851595627959/66852802460600,55574229089/39912120872
-13851595627959/66852802460600,31487633/22574729
-13851595627959/66852802460600,15853920327/39912120872
