9
1,1
1,26850269081332711/32465283810268625
1,0
78034154331/88556576725,1
78034154331/88556576725,26850269081332711/32465283810268625
78034154331/88556576725,0
0,1
0,26850269081332711/32465283810268625
0,0
4
4 4 1 0 3
4 5 2 1 4
4 7 4 3 6
4 8 5 4 7
47321032037/88556576725,101282939348885008/97395851430805875
47321032037/88556576725,219110565334/180655416519
47321032037/88556576725,37577176291694617/97395851430805875
57843454431/88556576725,101282939348885008/97395851430805875
57843454431/88556576725,219110565334/180655416519
57843454431/88556576725,37577176291694617/97395851430805875
-807627996/3542263069,101282939348885008/97395851430805875
-807627996/3542263069,219110565334/180655416519
-807627996/3542263069,37577176291694617/97395851430805875
