9
1,1
1,10066700711768834/10484037369243125
1,0
14152478445041021481064824/15107071791404804030974375,1
14152478445041021481064824/15107071791404804030974375,10066700711768834/10484037369243125
14152478445041021481064824/15107071791404804030974375,0
0,1
0,10066700711768834/10484037369243125
0,0
4
4 4 1 0 3
4 5 2 1 4
4 7 4 3 6
4 8 5 4 7
56692518928874885303026536/105749502539833628216820625,12187920680607752/31452112107729375
56692518928874885303026536/105749502539833628216820625,5729/13407
56692518928874885303026536/105749502539833628216820625,-16760171482275877/31452112107729375
63374672353421363152393393/105749502539833628216820625,12187920680607752/31452112107729375
63374672353421363152393393/105749502539833628216820625,5729/13407
63374672353421363152393393/105749502539833628216820625,-16760171482275877/31452112107729375
-76073065571443/225387658497365,12187920680607752/31452112107729375
-76073065571443/225387658497365,5729/13407
-76073065571443/225387658497365,-16760171482275877/31452112107729375
