18
1,1
1,152001/215825
1,0
419103/431650,1
419103/431650,152001/215825
419103/431650,0
1257309/1726600,1
1257309/1726600,152001/215825
1257309/1726600,0
419103/863300,1
419103/863300,152001/215825
419103/863300,0
419103/1726600,1
419103/1726600,152001/215825
419103/1726600,0
0,1
0,152001/215825
0,0
10
4 4 1 0 3
4 5 2 1 4
4 7 4 3 6
4 8 5 4 7
4 10 7 6 9
4 11 8 7 10
4 13 10 9 12
4 14 11 10 13
4 16 13 12 15
4 17 14 13 16
-2308858363/2785351120,766447661/1352791100
-2308858363/2785351120,1166496493/1352791100
-2308858363/2785351120,8550169/54111644
-11949108223/13926755600,766447661/1352791100
-11949108223/13926755600,1166496493/1352791100
-11949108223/13926755600,8550169/54111644
-342744937/557070224,766447661/1352791100
-342744937/557070224,1166496493/1352791100
-342744937/557070224,8550169/54111644
-11949108223/13926755600,766447661/1352791100
-11949108223/13926755600,1166496493/1352791100
-11949108223/13926755600,8550169/54111644
-342744937/557070224,766447661/1352791100
-342744937/557070224,1166496493/1352791100
-342744937/557070224,8550169/54111644
-11949108223/13926755600,766447661/1352791100
-11949108223/13926755600,1166496493/1352791100
-11949108223/13926755600,8550169/54111644
