20
1,1
1,3052609659/3177411250
1,1017536553/1588705625
1,1017536553/3177411250
1,0
6637977368/8122034375,1
6637977368/8122034375,3052609659/3177411250
6637977368/8122034375,1017536553/1588705625
6637977368/8122034375,1017536553/3177411250
6637977368/8122034375,0
3318988684/8122034375,1
3318988684/8122034375,3052609659/3177411250
3318988684/8122034375,1017536553/1588705625
3318988684/8122034375,1017536553/3177411250
3318988684/8122034375,0
0,1
0,3052609659/3177411250
0,1017536553/1588705625
0,1017536553/3177411250
0,0
12
4 6 1 0 5
4 7 2 1 6
4 8 3 2 7
4 9 4 3 8
4 11 6 5 10
4 12 7 6 11
4 13 8 7 12
4 14 9 8 13
4 16 11 10 15
4 17 12 11 16
4 18 13 12 17
4 19 14 13 18
-45399439879/16244068750,22958881261/9532233750
-45399439879/16244068750,11666643017/4766116875
-45399439879/16244068750,162245411/76257870
-45399439879/16244068750,11666643017/4766116875
-45399439879/16244068750,162245411/76257870
-48367553893/16244068750,22958881261/9532233750
-48367553893/16244068750,11666643017/4766116875
-48367553893/16244068750,162245411/76257870
-48367553893/16244068750,11666643017/4766116875
-48367553893/16244068750,162245411/76257870
-18342671/7140250,22958881261/9532233750
-18342671/7140250,11666643017/4766116875
-18342671/7140250,162245411/76257870
-18342671/7140250,11666643017/4766116875
-18342671/7140250,162245411/76257870
-48367553893/16244068750,22958881261/9532233750
-48367553893/16244068750,11666643017/4766116875
-48367553893/16244068750,162245411/76257870
-48367553893/16244068750,11666643017/4766116875
-48367553893/16244068750,162245411/76257870
