15
1,1
1,61162151096/122077044375
1,0
1494529/1914235,1
1494529/1914235,61162151096/122077044375
1494529/1914235,0
2989058/5742705,1
2989058/5742705,61162151096/122077044375
2989058/5742705,0
1494529/5742705,1
1494529/5742705,61162151096/122077044375
1494529/5742705,0
0,1
0,61162151096/122077044375
0,0
8
4 4 1 0 3
4 5 2 1 4
4 7 4 3 6
4 8 5 4 7
4 10 7 6 9
4 11 8 7 10
4 13 10 9 12
4 14 11 10 13
2149646/5742705,32056020471/162769392500
2149646/5742705,339827634529/488308177500
2149646/5742705,543523/2788500
3408764/5742705,32056020471/162769392500
3408764/5742705,339827634529/488308177500
3408764/5742705,543523/2788500
1/3,32056020471/162769392500
1/3,339827634529/488308177500
1/3,543523/2788500
3408764/5742705,32056020471/162769392500
3408764/5742705,339827634529/488308177500
3408764/5742705,543523/2788500
1/3,32056020471/162769392500
1/3,339827634529/488308177500
1/3,543523/2788500
