16
1,1
1,25370719/32773875
1,25370719/65547750
1,0
286013384/334953125,1
286013384/334953125,25370719/32773875
286013384/334953125,25370719/65547750
286013384/334953125,0
143006692/334953125,1
143006692/334953125,25370719/32773875
143006692/334953125,25370719/65547750
143006692/334953125,0
0,1
0,25370719/32773875
0,25370719/65547750
0,0
9
4 5 1 0 4
4 6 2 1 5
4 7 3 2 6
4 9 5 4 8
4 10 6 5 9
4 11 7 6 10
4 13 9 8 12
4 14 10 9 13
4 15 11 10 14
-8991941/10359375,149835737/65547750
-8991941/10359375,101909/49470
-8991941/10359375,80200072/32773875
-8991941/10359375,101909/49470
-25084/24735,149835737/65547750
-25084/24735,101909/49470
-25084/24735,80200072/32773875
-25084/24735,101909/49470
-590017424/1004859375,149835737/65547750
-590017424/1004859375,101909/49470
-590017424/1004859375,80200072/32773875
-590017424/1004859375,101909/49470
-25084/24735,149835737/65547750
-25084/24735,101909/49470
-25084/24735,80200072/32773875
-25084/24735,101909/49470
