9
1,1
1,343645453222049313/656748848981149750
1,0
3104764171576423163500107/5878496274967777537945375,1
3104764171576423163500107/5878496274967777537945375,343645453222049313/656748848981149750
3104764171576423163500107/5878496274967777537945375,0
0,1
0,343645453222049313/656748848981149750
0,0
4
4 4 1 0 3
4 5 2 1 4
4 7 4 3 6
4 8 5 4 7
-8334266028088634766513413/47027970199742220303563000,-37342700488384091/2626995395924599000
-8334266028088634766513413/47027970199742220303563000,1215070882548017657/2626995395924599000
-8334266028088634766513413/47027970199742220303563000,-24961434541/411091412200
13855590799042200229048731/47027970199742220303563000,-37342700488384091/2626995395924599000
13855590799042200229048731/47027970199742220303563000,1215070882548017657/2626995395924599000
13855590799042200229048731/47027970199742220303563000,-24961434541/411091412200
-765259257288530547/3276896478542454664,-37342700488384091/2626995395924599000
-765259257288530547/3276896478542454664,1215070882548017657/2626995395924599000
-765259257288530547/3276896478542454664,-24961434541/411091412200
