16
1,1
1,50565180129228998485823629/53440522604954663298811250
1,50565180129228998485823629/106881045209909326597622500
1,0
1257944061144849721234143/1341325891380885700512625,1
1257944061144849721234143/1341325891380885700512625,50565180129228998485823629/53440522604954663298811250
1257944061144849721234143/1341325891380885700512625,50565180129228998485823629/106881045209909326597622500
1257944061144849721234143/1341325891380885700512625,0
1257944061144849721234143/2682651782761771401025250,1
1257944061144849721234143/2682651782761771401025250,50565180129228998485823629/53440522604954663298811250
1257944061144849721234143/2682651782761771401025250,50565180129228998485823629/106881045209909326597622500
1257944061144849721234143/2682651782761771401025250,0
0,1
0,50565180129228998485823629/53440522604954663298811250
0,50565180129228998485823629/106881045209909326597622500
0,0
9
4 5 1 0 4
4 6 2 1 5
4 7 3 2 6
4 9 5 4 8
4 10 6 5 9
4 11 7 6 10
4 13 9 8 12
4 14 10 9 13
4 15 11 10 14
-141452496423858962172463/825431317772852738777000,-1478245503817886492458741/213762090419818653195245000
-141452496423858962172463/825431317772852738777000,-24961434541/411091412200
-141452496423858962172463/825431317772852738777000,88150744851737451227238033/213762090419818653195245000
-141452496423858962172463/825431317772852738777000,-24961434541/411091412200
-765259257288530547/3276896478542454664,-1478245503817886492458741/213762090419818653195245000
-765259257288530547/3276896478542454664,-24961434541/411091412200
-765259257288530547/3276896478542454664,88150744851737451227238033/213762090419818653195245000
-765259257288530547/3276896478542454664,-24961434541/411091412200
2525839149180944542466697/10730607131047085604101000,-1478245503817886492458741/213762090419818653195245000
2525839149180944542466697/10730607131047085604101000,-24961434541/411091412200
2525839149180944542466697/10730607131047085604101000,88150744851737451227238033/213762090419818653195245000
2525839149180944542466697/10730607131047085604101000,-24961434541/411091412200
-765259257288530547/3276896478542454664,-1478245503817886492458741/213762090419818653195245000
-765259257288530547/3276896478542454664,-24961434541/411091412200
-765259257288530547/3276896478542454664,88150744851737451227238033/213762090419818653195245000
-765259257288530547/3276896478542454664,-24961434541/411091412200
