12
1,1
1,273304451901107473/414405602505740000
1,0
3504517467297/4402166200000,1
3504517467297/4402166200000,273304451901107473/414405602505740000
3504517467297/4402166200000,0
3504517467297/8804332400000,1
3504517467297/8804332400000,273304451901107473/414405602505740000
3504517467297/8804332400000,0
0,1
0,273304451901107473/414405602505740000
0,0
6
4 4 1 0 3
4 5 2 1 4
4 7 4 3 6
4 8 5 4 7
4 10 7 6 9
4 11 8 7 10
1129308712403/4402166200000,64455659684069273/207202801252870000
1129308712403/4402166200000,270012469972771073/414405602505740000
1129308712403/4402166200000,-187447/23596450
14419/274000,64455659684069273/207202801252870000
14419/274000,270012469972771073/414405602505740000
14419/274000,-187447/23596450
3967837426697/8804332400000,64455659684069273/207202801252870000
3967837426697/8804332400000,270012469972771073/414405602505740000
3967837426697/8804332400000,-187447/23596450
14419/274000,64455659684069273/207202801252870000
14419/274000,270012469972771073/414405602505740000
14419/274000,-187447/23596450
