16
1,1
1,54342117812087/63159510700000
1,54342117812087/126319021400000
1,0
137048648710882299871379/158143431190109798960000,1
137048648710882299871379/158143431190109798960000,54342117812087/63159510700000
137048648710882299871379/158143431190109798960000,54342117812087/126319021400000
137048648710882299871379/158143431190109798960000,0
137048648710882299871379/316286862380219597920000,1
137048648710882299871379/316286862380219597920000,54342117812087/63159510700000
137048648710882299871379/316286862380219597920000,54342117812087/126319021400000
137048648710882299871379/316286862380219597920000,0
0,1
0,54342117812087/63159510700000
0,54342117812087/126319021400000
0,0
9
4 5 1 0 4
4 6 2 1 5
4 7 3 2 6
4 9 5 4 8
4 10 6 5 9
4 11 7 6 10
4 13 9 8 12
4 14 10 9 13
4 15 11 10 14
42131942527360322258021/158143431190109798960000,-542749682361/126319021400000
42131942527360322258021/158143431190109798960000,-18177535458187/126319021400000
42131942527360322258021/158143431190109798960000,4207973/14698000
42131942527360322258021/158143431190109798960000,-18177535458187/126319021400000
116463355379/875494343600,-542749682361/126319021400000
116463355379/875494343600,-18177535458187/126319021400000
116463355379/875494343600,4207973/14698000
116463355379/875494343600,-18177535458187/126319021400000
179122968807147946210179/316286862380219597920000,-542749682361/126319021400000
179122968807147946210179/316286862380219597920000,-18177535458187/126319021400000
179122968807147946210179/316286862380219597920000,4207973/14698000
179122968807147946210179/316286862380219597920000,-18177535458187/126319021400000
116463355379/875494343600,-542749682361/126319021400000
116463355379/875494343600,-18177535458187/126319021400000
116463355379/875494343600,4207973/14698000
116463355379/875494343600,-18177535458187/126319021400000
