24
1,1
1,41793710592716902624458171271/47411616184595248193079930000
1,41793710592716902624458171271/63215488246126997590773240000
1,41793710592716902624458171271/94823232369190496386159860000
1,41793710592716902624458171271/189646464738380992772319720000
1,0
1216938504908808520697/1475959374686567550000,1
1216938504908808520697/1475959374686567550000,41793710592716902624458171271/47411616184595248193079930000
1216938504908808520697/1475959374686567550000,41793710592716902624458171271/63215488246126997590773240000
1216938504908808520697/1475959374686567550000,41793710592716902624458171271/94823232369190496386159860000
1216938504908808520697/1475959374686567550000,41793710592716902624458171271/189646464738380992772319720000
1216938504908808520697/1475959374686567550000,0
1216938504908808520697/2951918749373135100000,1
1216938504908808520697/2951918749373135100000,41793710592716902624458171271/47411616184595248193079930000
1216938504908808520697/2951918749373135100000,41793710592716902624458171271/63215488246126997590773240000
1216938504908808520697/2951918749373135100000,41793710592716902624458171271/94823232369190496386159860000
1216938504908808520697/2951918749373135100000,41793710592716902624458171271/189646464738380992772319720000
1216938504908808520697/2951918749373135100000,0
0,1
0,41793710592716902624458171271/47411616184595248193079930000
0,41793710592716902624458171271/63215488246126997590773240000
0,41793710592716902624458171271/94823232369190496386159860000
0,41793710592716902624458171271/189646464738380992772319720000
0,0
15
4 7 1 0 6
4 8 2 1 7
4 9 3 2 8
4 10 4 3 9
4 11 5 4 10
4 13 7 6 12
4 14 8 7 13
4 15 9 8 14
4 16 10 9 15
4 17 11 10 16
4 19 13 12 18
4 20 14 13 19
4 21 15 14 20
4 22 16 15 21
4 23 17 16 22
15735549795836180617999/20171444787383089850000,383121577076840348052564295853/3887752527136810351832554260000
15735549795836180617999/20171444787383089850000,-101790545206546879/5103202895714952800
15735549795836180617999/20171444787383089850000,1558448771387025030453945182261/7775505054273620703665108520000
15735549795836180617999/20171444787383089850000,-101790545206546879/5103202895714952800
15735549795836180617999/20171444787383089850000,1558448771387025030453945182261/7775505054273620703665108520000
15735549795836180617999/20171444787383089850000,-101790545206546879/5103202895714952800
18293396863310210826287/30257167181074634775000,383121577076840348052564295853/3887752527136810351832554260000
18293396863310210826287/30257167181074634775000,-101790545206546879/5103202895714952800
18293396863310210826287/30257167181074634775000,1558448771387025030453945182261/7775505054273620703665108520000
18293396863310210826287/30257167181074634775000,-101790545206546879/5103202895714952800
18293396863310210826287/30257167181074634775000,1558448771387025030453945182261/7775505054273620703665108520000
18293396863310210826287/30257167181074634775000,-101790545206546879/5103202895714952800
38160640668062633381/37528269371875516000,383121577076840348052564295853/3887752527136810351832554260000
38160640668062633381/37528269371875516000,-101790545206546879/5103202895714952800
38160640668062633381/37528269371875516000,1558448771387025030453945182261/7775505054273620703665108520000
38160640668062633381/37528269371875516000,-101790545206546879/5103202895714952800
38160640668062633381/37528269371875516000,1558448771387025030453945182261/7775505054273620703665108520000
38160640668062633381/37528269371875516000,-101790545206546879/5103202895714952800
18293396863310210826287/30257167181074634775000,383121577076840348052564295853/3887752527136810351832554260000
18293396863310210826287/30257167181074634775000,-101790545206546879/5103202895714952800
18293396863310210826287/30257167181074634775000,1558448771387025030453945182261/7775505054273620703665108520000
18293396863310210826287/30257167181074634775000,-101790545206546879/5103202895714952800
18293396863310210826287/30257167181074634775000,1558448771387025030453945182261/7775505054273620703665108520000
18293396863310210826287/30257167181074634775000,-101790545206546879/5103202895714952800
