9
1,1
1,2308753662791103/4334954541310000
1,0
107370719365987/198816379100000,1
107370719365987/198816379100000,2308753662791103/4334954541310000
107370719365987/198816379100000,0
0,1
0,2308753662791103/4334954541310000
0,0
4
4 4 1 0 3
4 5 2 1 4
4 7 4 3 6
4 8 5 4 7
70252699329887/198816379100000,574569515346353/2167477270655000
70252699329887/198816379100000,3175339909211603/4334954541310000
70252699329887/198816379100000,1933781/9673420
143057913/175897000,574569515346353/2167477270655000
143057913/175897000,3175339909211603/4334954541310000
143057913/175897000,1933781/9673420
54327639697913/198816379100000,574569515346353/2167477270655000
54327639697913/198816379100000,3175339909211603/4334954541310000
54327639697913/198816379100000,1933781/9673420
