16
1,1
1,36767200707332184612269/40144981331939989165000
1,36767200707332184612269/80289962663879978330000
1,0
127837758218082637267274929661/140309348583938322334835756800,1
127837758218082637267274929661/140309348583938322334835756800,36767200707332184612269/40144981331939989165000
127837758218082637267274929661/140309348583938322334835756800,36767200707332184612269/80289962663879978330000
127837758218082637267274929661/140309348583938322334835756800,0
127837758218082637267274929661/280618697167876644669671513600,1
127837758218082637267274929661/280618697167876644669671513600,36767200707332184612269/40144981331939989165000
127837758218082637267274929661/280618697167876644669671513600,36767200707332184612269/80289962663879978330000
127837758218082637267274929661/280618697167876644669671513600,0
0,1
0,36767200707332184612269/40144981331939989165000
0,36767200707332184612269/80289962663879978330000
0,0
9
4 5 1 0 4
4 6 2 1 5
4 7 3 2 6
4 9 5 4 8
4 10 6 5 9
4 11 7 6 10
4 13 9 8 12
4 14 10 9 13
4 15 11 10 14
264628394730615344811716971433/280618697167876644669671513600,106029786231037615912157/170616170660744953951250
264628394730615344811716971433/280618697167876644669671513600,366696874305817786252201/682464682642979815805000
264628394730615344811716971433/280618697167876644669671513600,32019709148763293127/32172760525302525200
264628394730615344811716971433/280618697167876644669671513600,366696874305817786252201/682464682642979815805000
47937042799780794935319063431/56123739433575328933934302720,106029786231037615912157/170616170660744953951250
47937042799780794935319063431/56123739433575328933934302720,366696874305817786252201/682464682642979815805000
47937042799780794935319063431/56123739433575328933934302720,32019709148763293127/32172760525302525200
47937042799780794935319063431/56123739433575328933934302720,366696874305817786252201/682464682642979815805000
23979299181/18309167600,106029786231037615912157/170616170660744953951250
23979299181/18309167600,366696874305817786252201/682464682642979815805000
23979299181/18309167600,32019709148763293127/32172760525302525200
23979299181/18309167600,366696874305817786252201/682464682642979815805000
47937042799780794935319063431/56123739433575328933934302720,106029786231037615912157/170616170660744953951250
47937042799780794935319063431/56123739433575328933934302720,366696874305817786252201/682464682642979815805000
47937042799780794935319063431/56123739433575328933934302720,32019709148763293127/32172760525302525200
47937042799780794935319063431/56123739433575328933934302720,366696874305817786252201/682464682642979815805000
