9
1,1
1,71/100
1,0
71/100,1
71/100,71/100
71/100,0
0,1
0,71/100
0,0
4
4 4 1 0 3
4 5 2 1 4
4 7 4 3 6
4 8 5 4 7
24336416243/41617155400,8444269979/7590548650
24336416243/41617155400,851642327/607243892
24336416243/41617155400,2628119773/3795274325
36405391309/41617155400,8444269979/7590548650
36405391309/41617155400,851642327/607243892
36405391309/41617155400,2628119773/3795274325
274288439/1664686216,8444269979/7590548650
274288439/1664686216,851642327/607243892
274288439/1664686216,2628119773/3795274325
