9
1,1
1,73/100
1,0
73/100,1
73/100,73/100
73/100,0
0,1
0,73/100
0,0
4
4 4 1 0 3
4 5 2 1 4
4 7 4 3 6
4 8 5 4 7
-10916980219/10666449700,-28122614073/48847239950
-10916980219/10666449700,-29867718573/97694479900
-10916980219/10666449700,-1011846889/976944799
-80370388/106664497,-28122614073/48847239950
-80370388/106664497,-29867718573/97694479900
-80370388/106664497,-1011846889/976944799
-15823547081/10666449700,-28122614073/48847239950
-15823547081/10666449700,-29867718573/97694479900
-15823547081/10666449700,-1011846889/976944799
