9
1,1
1,23562/24425
1,0
179451/195400,1
179451/195400,23562/24425
179451/195400,0
0,1
0,23562/24425
0,0
4
4 4 1 0 3
4 5 2 1 4
4 7 4 3 6
4 8 5 4 7
2865467188602666661472469/10902520856210594407550,383257656973319/109025181907550
2865467188602666661472469/10902520856210594407550,387109805672857/109025181907550
2865467188602666661472469/10902520856210594407550,56387354492969/21805036381510
11465428310298807951318863/43610083424842377630200,383257656973319/109025181907550
11465428310298807951318863/43610083424842377630200,387109805672857/109025181907550
11465428310298807951318863/43610083424842377630200,56387354492969/21805036381510
228507555655242137582353/872201668496847552604,383257656973319/109025181907550
228507555655242137582353/872201668496847552604,387109805672857/109025181907550
228507555655242137582353/872201668496847552604,56387354492969/21805036381510
