9
1,1
1,73/100
1,0
73/100,1
73/100,73/100
73/100,0
0,1
0,73/100
0,0
4
4 4 1 0 3
4 5 2 1 4
4 7 4 3 6
4 8 5 4 7
-19925363407/9427094550,-18018726057/129309999100
-19925363407/9427094550,168949737/1293099991
-19925363407/9427094550,-77501325643/129309999100
-34760095757/18854189100,-18018726057/129309999100
-34760095757/18854189100,168949737/1293099991
-34760095757/18854189100,-77501325643/129309999100
-485236538/188541891,-18018726057/129309999100
-485236538/188541891,168949737/1293099991
-485236538/188541891,-77501325643/129309999100
