9
1,1
1,71/100
1,0
71/100,1
71/100,71/100
71/100,0
0,1
0,71/100
0,0
4
4 4 1 0 3
4 5 2 1 4
4 7 4 3 6
4 8 5 4 7
-20253208107/19952098300,76136580231/69392580550
-20253208107/19952098300,192520857181/138785161100
-20253208107/19952098300,939833928/1387851611
-144670996/199520983,76136580231/69392580550
-144670996/199520983,192520857181/138785161100
-144670996/199520983,939833928/1387851611
-28633089393/19952098300,76136580231/69392580550
-28633089393/19952098300,192520857181/138785161100
-28633089393/19952098300,939833928/1387851611
