9
1,1
1,19/25
1,0
19/25,1
19/25,19/25
19/25,0
0,1
0,19/25
0,0
4
4 4 1 0 3
4 5 2 1 4
4 7 4 3 6
4 8 5 4 7
701303408/10459732275,-15582833234/21182518475
701303408/10459732275,-419961152/847300739
701303408/10459732275,-26597742841/21182518475
3211639154/10459732275,-15582833234/21182518475
3211639154/10459732275,-419961152/847300739
3211639154/10459732275,-26597742841/21182518475
-189510295/418389291,-15582833234/21182518475
-189510295/418389291,-419961152/847300739
-189510295/418389291,-26597742841/21182518475
