9
1,1
1,71/100
1,0
71/100,1
71/100,71/100
71/100,0
0,1
0,71/100
0,0
4
4 4 1 0 3
4 5 2 1 4
4 7 4 3 6
4 8 5 4 7
-5366215419/106490766100,-5659627891/10772198950
-5366215419/106490766100,-5071380391/21544397900
-5366215419/106490766100,-203679029/215443979
510322135/2129815322,-5659627891/10772198950
510322135/2129815322,-5071380391/21544397900
510322135/2129815322,-203679029/215443979
-50092337181/106490766100,-5659627891/10772198950
-50092337181/106490766100,-5071380391/21544397900
-50092337181/106490766100,-203679029/215443979
