9
1,1
1,73/100
1,0
73/100,1
73/100,73/100
73/100,0
0,1
0,73/100
0,0
4
4 4 1 0 3
4 5 2 1 4
4 7 4 3 6
4 8 5 4 7
2707813146/4068089575,4401411651/14679310600
2707813146/4068089575,8364825513/14679310600
2707813146/4068089575,-94042849/587172424
608991573/650894332,4401411651/14679310600
608991573/650894332,8364825513/14679310600
608991573/650894332,-94042849/587172424
1672983883/8136179150,4401411651/14679310600
1672983883/8136179150,8364825513/14679310600
1672983883/8136179150,-94042849/587172424
