9
1,1
1,18/25
1,0
18/25,1
18/25,18/25
18/25,0
0,1
0,18/25
0,0
4
4 4 1 0 3
4 5 2 1 4
4 7 4 3 6
4 8 5 4 7
26523555461/51992498150,-2078513468/3128870725
26523555461/51992498150,-240485933/625774145
26523555461/51992498150,-3455216587/3128870725
41081454943/51992498150,-2078513468/3128870725
41081454943/51992498150,-240485933/625774145
41081454943/51992498150,-3455216587/3128870725
145874251/2079699926,-2078513468/3128870725
145874251/2079699926,-240485933/625774145
145874251/2079699926,-3455216587/3128870725
