9
1,1
1,7/10
1,0
7/10,1
7/10,7/10
7/10,0
0,1
0,7/10
0,0
4
4 4 1 0 3
4 5 2 1 4
4 7 4 3 6
4 8 5 4 7
-2143472757868702306445364238496925060371423905536343980062759164814228559493770232862957983888551204750784921485859285285729806793784477844306243740355984957658307595790422794328546059367383923976907274096084472070857527209308271665421478569311393593709853286913236715838192151346572765724697761534803/5,-3125183280972567962797341059728516738021536054271989522931502862299145239741916999514192740509507656526644415526382837946594058305337768696998503373439026068265812474662436434131020154557645761158330805632091160279310274671171460088184515754056011859628966092319499131692084156663303092426609336317745683/10
-2143472757868702306445364238496925060371423905536343980062759164814228559493770232862957983888551204750784921485859285285729806793784477844306243740355984957658307595790422794328546059367383923976907274096084472070857527209308271665421478569311393593709853286913236715838192151346572765724697761534803/5,-312518328097256796279734105972851673802153605427198952293150286229914523974191699951419274050950765652664441552638283794659405830533776869699850337343902606826581247466243643413102015455764576115833080563209116027931027467117146008818451575405601185962896609231949913169208415666330309242660933631774568
-2143472757868702306445364238496925060371423905536343980062759164814228559493770232862957983888551204750784921485859285285729806793784477844306243740355984957658307595790422794328546059367383923976907274096084472070857527209308271665421478569311393593709853286913236715838192151346572765724697761534803/5,-3125183280972567962797341059728516738021536054271989522931502862299145239741916999514192740509507656526644415526382837946594058305337768696998503373439026068265812474662436434131020154557645761158330805632091160279310274671171460088184515754056011859628966092319499131692084156663303092426609336317745687/10
-4286945515737404612890728476993850120742847811072687960125518329628457118987540465725915967777102409501569842971718570571459613587568955688612487480711969915316615191580845588657092118734767847953814548192168944141715054418616543330842957138622787187419706573826473431676384302693145531449395523069603/10,-3125183280972567962797341059728516738021536054271989522931502862299145239741916999514192740509507656526644415526382837946594058305337768696998503373439026068265812474662436434131020154557645761158330805632091160279310274671171460088184515754056011859628966092319499131692084156663303092426609336317745683/10
-4286945515737404612890728476993850120742847811072687960125518329628457118987540465725915967777102409501569842971718570571459613587568955688612487480711969915316615191580845588657092118734767847953814548192168944141715054418616543330842957138622787187419706573826473431676384302693145531449395523069603/10,-312518328097256796279734105972851673802153605427198952293150286229914523974191699951419274050950765652664441552638283794659405830533776869699850337343902606826581247466243643413102015455764576115833080563209116027931027467117146008818451575405601185962896609231949913169208415666330309242660933631774568
-4286945515737404612890728476993850120742847811072687960125518329628457118987540465725915967777102409501569842971718570571459613587568955688612487480711969915316615191580845588657092118734767847953814548192168944141715054418616543330842957138622787187419706573826473431676384302693145531449395523069603/10,-3125183280972567962797341059728516738021536054271989522931502862299145239741916999514192740509507656526644415526382837946594058305337768696998503373439026068265812474662436434131020154557645761158330805632091160279310274671171460088184515754056011859628966092319499131692084156663303092426609336317745687/10
-428694551573740461289072847699385012074284781107268796012551832962845711898754046572591596777710240950156984297171857057145961358756895568861248748071196991531661519158084558865709211873476784795381454819216894414171505441861654333084295713862278718741970657382647343167638430269314553144939552306961,-3125183280972567962797341059728516738021536054271989522931502862299145239741916999514192740509507656526644415526382837946594058305337768696998503373439026068265812474662436434131020154557645761158330805632091160279310274671171460088184515754056011859628966092319499131692084156663303092426609336317745683/10
-428694551573740461289072847699385012074284781107268796012551832962845711898754046572591596777710240950156984297171857057145961358756895568861248748071196991531661519158084558865709211873476784795381454819216894414171505441861654333084295713862278718741970657382647343167638430269314553144939552306961,-312518328097256796279734105972851673802153605427198952293150286229914523974191699951419274050950765652664441552638283794659405830533776869699850337343902606826581247466243643413102015455764576115833080563209116027931027467117146008818451575405601185962896609231949913169208415666330309242660933631774568
-428694551573740461289072847699385012074284781107268796012551832962845711898754046572591596777710240950156984297171857057145961358756895568861248748071196991531661519158084558865709211873476784795381454819216894414171505441861654333084295713862278718741970657382647343167638430269314553144939552306961,-3125183280972567962797341059728516738021536054271989522931502862299145239741916999514192740509507656526644415526382837946594058305337768696998503373439026068265812474662436434131020154557645761158330805632091160279310274671171460088184515754056011859628966092319499131692084156663303092426609336317745687/10
