14
1,1
1,4797/5750
1,9594/14375
1,14391/28750
1,4797/14375
1,4797/28750
1,0
0,1
0,4797/5750
0,9594/14375
0,14391/28750
0,4797/14375
0,4797/28750
0,0
6
4 8 1 0 7
4 9 2 1 8
4 10 3 2 9
4 11 4 3 10
4 12 5 4 11
4 13 6 5 12
21441/16900,47083/51750
21441/16900,242/225
21441/16900,235127/258750
21441/16900,242/225
21441/16900,235127/258750
21441/16900,242/225
21441/16900,235127/258750
4541/16900,47083/51750
4541/16900,242/225
4541/16900,235127/258750
4541/16900,242/225
4541/16900,235127/258750
4541/16900,242/225
4541/16900,235127/258750
