14
1,1
1,13186/15035
1,52744/75175
1,39558/75175
1,26372/75175
1,13186/75175
1,0
0,1
0,13186/15035
0,52744/75175
0,39558/75175
0,26372/75175
0,13186/75175
0,0
6
4 8 1 0 7
4 9 2 1 8
4 10 3 2 9
4 11 4 3 10
4 12 5 4 11
4 13 6 5 12
5659/4225,14641/15035
5659/4225,34/31
5659/4225,69264/75175
5659/4225,34/31
5659/4225,69264/75175
5659/4225,34/31
5659/4225,69264/75175
1434/4225,14641/15035
1434/4225,34/31
1434/4225,69264/75175
1434/4225,34/31
1434/4225,69264/75175
1434/4225,34/31
1434/4225,69264/75175
