18
1,1
1,1947/1988
1,5841/6958
1,9735/13916
1,1947/3479
1,5841/13916
1,1947/6958
1,1947/13916
1,0
0,1
0,1947/1988
0,5841/6958
0,9735/13916
0,1947/3479
0,5841/13916
0,1947/6958
0,1947/13916
0,0
8
4 10 1 0 9
4 11 2 1 10
4 12 3 2 11
4 13 4 3 12
4 14 5 4 13
4 15 6 5 14
4 16 7 6 15
4 17 8 7 16
157/116,3600/3479
157/116,14687/13916
157/116,65/71
157/116,14687/13916
157/116,65/71
157/116,14687/13916
157/116,65/71
157/116,14687/13916
157/116,65/71
41/116,3600/3479
41/116,14687/13916
41/116,65/71
41/116,14687/13916
41/116,65/71
41/116,14687/13916
41/116,65/71
41/116,14687/13916
41/116,65/71
