14
1,1
1,24543/25520
1,24543/31900
1,73629/127600
1,24543/63800
1,24543/127600
1,0
0,1
0,24543/25520
0,24543/31900
0,73629/127600
0,24543/63800
0,24543/127600
0,0
6
4 8 1 0 7
4 9 2 1 8
4 10 3 2 9
4 11 4 3 10
4 12 5 4 11
4 13 6 5 12
21441/16900,28283/25520
21441/16900,133/116
21441/16900,121757/127600
21441/16900,133/116
21441/16900,121757/127600
21441/16900,133/116
21441/16900,121757/127600
4541/16900,28283/25520
4541/16900,133/116
4541/16900,121757/127600
4541/16900,133/116
4541/16900,121757/127600
4541/16900,133/116
4541/16900,121757/127600
