16
1,1
1,3081/3280
1,1027/1312
1,1027/1640
1,3081/6560
1,1027/3280
1,1027/6560
1,0
0,1
0,3081/3280
0,1027/1312
0,1027/1640
0,3081/6560
0,1027/3280
0,1027/6560
0,0
7
4 9 1 0 8
4 10 2 1 9
4 11 3 2 10
4 12 4 3 11
4 13 5 4 12
4 14 6 5 13
4 15 7 6 14
39551/30500,6411/6560
39551/30500,6013/6560
39551/30500,44/41
39551/30500,6013/6560
39551/30500,44/41
39551/30500,6013/6560
39551/30500,44/41
39551/30500,6013/6560
9051/30500,6411/6560
9051/30500,6013/6560
9051/30500,44/41
9051/30500,6013/6560
9051/30500,44/41
9051/30500,6013/6560
9051/30500,44/41
9051/30500,6013/6560
