14
1,1
1,2997/3400
1,2997/4250
1,8991/17000
1,2997/8500
1,2997/17000
1,0
0,1
0,2997/3400
0,2997/4250
0,8991/17000
0,2997/8500
0,2997/17000
0,0
6
4 8 1 0 7
4 9 2 1 8
4 10 3 2 9
4 11 4 3 10
4 12 5 4 11
4 13 6 5 12
21441/16900,3337/3400
21441/16900,11/10
21441/16900,15703/17000
21441/16900,11/10
21441/16900,15703/17000
21441/16900,11/10
21441/16900,15703/17000
4541/16900,3337/3400
4541/16900,11/10
4541/16900,15703/17000
4541/16900,11/10
4541/16900,15703/17000
4541/16900,11/10
4541/16900,15703/17000
