16
1,1
1,6453/6725
1,2151/2690
1,4302/6725
1,6453/13450
1,2151/6725
1,2151/13450
1,0
0,1
0,6453/6725
0,2151/2690
0,4302/6725
0,6453/13450
0,2151/6725
0,2151/13450
0,0
7
4 9 1 0 8
4 10 2 1 9
4 11 3 2 10
4 12 4 3 11
4 13 5 4 12
4 14 6 5 13
4 15 7 6 14
21919/16900,6572/6725
21919/16900,252/269
21919/16900,14751/13450
21919/16900,252/269
21919/16900,14751/13450
21919/16900,252/269
21919/16900,14751/13450
21919/16900,252/269
5019/16900,6572/6725
5019/16900,252/269
5019/16900,14751/13450
5019/16900,252/269
5019/16900,14751/13450
5019/16900,252/269
5019/16900,14751/13450
5019/16900,252/269
