12
1,1
1,10675973/14125600
1,0
314776/441425,1
314776/441425,10675973/14125600
314776/441425,0
157388/441425,1
157388/441425,10675973/14125600
157388/441425,0
0,1
0,10675973/14125600
0,0
6
4 4 1 0 3
4 5 2 1 4
4 7 4 3 6
4 8 5 4 7
4 10 7 6 9
4 11 8 7 10
841124491/664786050,-59237154457/62795354800
841124491/664786050,-87803675257/125590709600
841124491/664786050,-228404689/156988387
650391097/664786050,-59237154457/62795354800
650391097/664786050,-87803675257/125590709600
650391097/664786050,-228404689/156988387
35496697/26591442,-59237154457/62795354800
35496697/26591442,-87803675257/125590709600
35496697/26591442,-228404689/156988387
650391097/664786050,-59237154457/62795354800
650391097/664786050,-87803675257/125590709600
650391097/664786050,-228404689/156988387
