9
1,1
1,781658808032841254813533446062277167/1053758646100119688860757509539264700
1,0
2212918540506397934638747888869813033543677/2592481082934817091024442182669168001522950,1
2212918540506397934638747888869813033543677/2592481082934817091024442182669168001522950,781658808032841254813533446062277167/1053758646100119688860757509539264700
2212918540506397934638747888869813033543677/2592481082934817091024442182669168001522950,0
0,1
0,781658808032841254813533446062277167/1053758646100119688860757509539264700
0,0
4
4 4 1 0 3
4 5 2 1 4
4 7 4 3 6
4 8 5 4 7
-107806138945786992121511004655558046685408293/132216535229675671642246551316127568077670450,79872301762145101575098700149964724219/177148536838831232138480679103656387900
-107806138945786992121511004655558046685408293/132216535229675671642246551316127568077670450,108312920552908991912905938031402/152747907254422055553074538637143
-107806138945786992121511004655558046685408293/132216535229675671642246551316127568077670450,-52112005698590633643537794501860698271/1594336831549481089246326111932907491100
-100366493899404522378583442523809/150032139446899095065675025413565,79872301762145101575098700149964724219/177148536838831232138480679103656387900
-100366493899404522378583442523809/150032139446899095065675025413565,108312920552908991912905938031402/152747907254422055553074538637143
-100366493899404522378583442523809/150032139446899095065675025413565,-52112005698590633643537794501860698271/1594336831549481089246326111932907491100
-201307294847763909812416738004151408029192897/132216535229675671642246551316127568077670450,79872301762145101575098700149964724219/177148536838831232138480679103656387900
-201307294847763909812416738004151408029192897/132216535229675671642246551316127568077670450,108312920552908991912905938031402/152747907254422055553074538637143
-201307294847763909812416738004151408029192897/132216535229675671642246551316127568077670450,-52112005698590633643537794501860698271/1594336831549481089246326111932907491100
