9
1,1
1,77/100
1,0
77/100,1
77/100,77/100
77/100,0
0,1
0,77/100
0,0
4
4 4 1 0 3
4 5 2 1 4
4 7 4 3 6
4 8 5 4 7
-443146905982625054796423/50,-7976644307687250986336023/100
-443146905982625054796423/50,-79766443076872509863360
-443146905982625054796423/50,-7976644307687250986336077/100
-886293811965250109592823/100,-7976644307687250986336023/100
-886293811965250109592823/100,-79766443076872509863360
-886293811965250109592823/100,-7976644307687250986336077/100
-8862938119652501095929,-7976644307687250986336023/100
-8862938119652501095929,-79766443076872509863360
-8862938119652501095929,-7976644307687250986336077/100
