9
1,1
1,2209/2775
1,0
329/555,1
329/555,2209/2775
329/555,0
0,1
0,2209/2775
0,0
4
4 4 1 0 3
4 5 2 1 4
4 7 4 3 6
4 8 5 4 7
1433800290839159718409530752797/534443064838176269895,-159475799129365547198878842997/300530378182078373675
1433800290839159718409530752797/534443064838176269895,-95685479440840907983963768609/180318226909247024205
1433800290839159718409530752797/534443064838176269895,-478427397921903572789236278124/901591134546235121025
1433800291056788786253544873511/534443064838176269895,-159475799129365547198878842997/300530378182078373675
1433800291056788786253544873511/534443064838176269895,-95685479440840907983963768609/180318226909247024205
1433800291056788786253544873511/534443064838176269895,-478427397921903572789236278124/901591134546235121025
95586686049331652617292181622/35629537655878417993,-159475799129365547198878842997/300530378182078373675
95586686049331652617292181622/35629537655878417993,-95685479440840907983963768609/180318226909247024205
95586686049331652617292181622/35629537655878417993,-478427397921903572789236278124/901591134546235121025
