9
1,1
1,18999999999999999999999981/25000000000000000000000025
1,0
19000000000037999999999981/25000000000000000000000025,1
19000000000037999999999981/25000000000000000000000025,18999999999999999999999981/25000000000000000000000025
19000000000037999999999981/25000000000000000000000025,0
0,1
0,18999999999999999999999981/25000000000000000000000025
0,0
4
4 4 1 0 3
4 5 2 1 4
4 7 4 3 6
4 8 5 4 7
-36999999999974000000000063/25000000000000000000000025,-2941176470588588235294117647058823532/1470588235294117647058825
-36999999999974000000000063/25000000000000000000000025,-2000000000000000000000000000000000000/1000000000000000000000001
-36999999999974000000000063/25000000000000000000000025,-50000000000018999999999999999999999981/25000000000000000000000025
-31000000000012000000000019/25000000000000000000000025,-2941176470588588235294117647058823532/1470588235294117647058825
-31000000000012000000000019/25000000000000000000000025,-2000000000000000000000000000000000000/1000000000000000000000001
-31000000000012000000000019/25000000000000000000000025,-50000000000018999999999999999999999981/25000000000000000000000025
-2000000000002000000000000/1000000000000000000000001,-2941176470588588235294117647058823532/1470588235294117647058825
-2000000000002000000000000/1000000000000000000000001,-2000000000000000000000000000000000000/1000000000000000000000001
-2000000000002000000000000/1000000000000000000000001,-50000000000018999999999999999999999981/25000000000000000000000025
