9
1,1
1,1539/2000
1,0
243/250,1
243/250,1539/2000
243/250,0
0,1
0,1539/2000
0,0
4
4 4 1 0 3
4 5 2 1 4
4 7 4 3 6
4 8 5 4 7
15163116474261934303917750401/9926796595116107125,-1322286716100165840128338174453/2006343128106348273000
15163116474261934303917750401/9926796595116107125,-2644573431275407498199649795053/4012686256212696546000
15163116474261934303917750401/9926796595116107125,-6611433585907923930888299468/10031715640531741365
30326232949079769217162002801/19853593190232214250,-1322286716100165840128338174453/2006343128106348273000
30326232949079769217162002801/19853593190232214250,-2644573431275407498199649795053/4012686256212696546000
30326232949079769217162002801/19853593190232214250,-6611433585907923930888299468/10031715640531741365
606524658595641532725125811/397071863804644285,-1322286716100165840128338174453/2006343128106348273000
606524658595641532725125811/397071863804644285,-2644573431275407498199649795053/4012686256212696546000
606524658595641532725125811/397071863804644285,-6611433585907923930888299468/10031715640531741365
