9
1,1
1,941578467/1609724480
1,0
10214699/19552000,1
10214699/19552000,941578467/1609724480
10214699/19552000,0
0,1
0,941578467/1609724480
0,0
4
4 4 1 0 3
4 5 2 1 4
4 7 4 3 6
4 8 5 4 7
-42872003/58656000,187525823/1609724480
-42872003/58656000,1435691/2700880
-42872003/58656000,-85906631/1609724480
-148601/586560,187525823/1609724480
-148601/586560,1435691/2700880
-148601/586560,-85906631/1609724480
-45504197/58656000,187525823/1609724480
-45504197/58656000,1435691/2700880
-45504197/58656000,-85906631/1609724480
