12
1,1
1,3230101/3978000
1,3230101/7956000
1,0
1646197/3085160,1
1646197/3085160,3230101/3978000
1646197/3085160,3230101/7956000
1646197/3085160,0
0,1
0,3230101/3978000
0,3230101/7956000
0,0
6
4 5 1 0 4
4 6 2 1 5
4 7 3 2 6
4 9 5 4 8
4 10 6 5 9
4 11 7 6 10
5132157/3085160,248057/331500
5132157/3085160,2017/3600
5132157/3085160,2562557/2652000
5132157/3085160,2017/3600
164278/77129,248057/331500
164278/77129,2017/3600
164278/77129,2562557/2652000
164278/77129,2017/3600
4924923/3085160,248057/331500
4924923/3085160,2017/3600
4924923/3085160,2562557/2652000
4924923/3085160,2017/3600
