12
1,1
1,50024994049/68356589600
1,0
3432051249/3813368000,1
3432051249/3813368000,50024994049/68356589600
3432051249/3813368000,0
3432051249/7626736000,1
3432051249/7626736000,50024994049/68356589600
3432051249/7626736000,0
0,1
0,50024994049/68356589600
0,0
6
4 4 1 0 3
4 5 2 1 4
4 7 4 3 6
4 8 5 4 7
4 10 7 6 9
4 11 8 7 10
2621674363/1906684000,259733932103/215586167200
2621674363/1906684000,412813653493/280262017360
2621674363/1906684000,2077111778921/2802620173600
194481279/152534720,259733932103/215586167200
194481279/152534720,412813653493/280262017360
194481279/152534720,2077111778921/2802620173600
13156115199/7626736000,259733932103/215586167200
13156115199/7626736000,412813653493/280262017360
13156115199/7626736000,2077111778921/2802620173600
194481279/152534720,259733932103/215586167200
194481279/152534720,412813653493/280262017360
194481279/152534720,2077111778921/2802620173600
