15
1,1
1,520917985434823/1028713506457000
1,0
1031529167941/1049707659650,1
1031529167941/1049707659650,520917985434823/1028713506457000
1031529167941/1049707659650,0
1031529167941/1574561489475,1
1031529167941/1574561489475,520917985434823/1028713506457000
1031529167941/1574561489475,0
1031529167941/3149122978950,1
1031529167941/3149122978950,520917985434823/1028713506457000
1031529167941/3149122978950,0
0,1
0,520917985434823/1028713506457000
0,0
8
4 4 1 0 3
4 5 2 1 4
4 7 4 3 6
4 8 5 4 7
4 10 7 6 9
4 11 8 7 10
4 13 10 9 12
4 14 11 10 13
438197350049/1574561489475,-16970773948129/39565904094500
438197350049/1574561489475,66555398370823/1028713506457000
438197350049/1574561489475,-105152184/238073017
8617729/29151798,-16970773948129/39565904094500
8617729/29151798,66555398370823/1028713506457000
8617729/29151798,-105152184/238073017
-16766498786/524853829825,-16970773948129/39565904094500
-16766498786/524853829825,66555398370823/1028713506457000
-16766498786/524853829825,-105152184/238073017
8617729/29151798,-16970773948129/39565904094500
8617729/29151798,66555398370823/1028713506457000
8617729/29151798,-105152184/238073017
-16766498786/524853829825,-16970773948129/39565904094500
-16766498786/524853829825,66555398370823/1028713506457000
-16766498786/524853829825,-105152184/238073017
