12
1,1
1,840209/1600000
1,0
77771/100000,1
77771/100000,840209/1600000
77771/100000,0
77771/200000,1
77771/200000,840209/1600000
77771/200000,0
0,1
0,840209/1600000
0,0
6
4 4 1 0 3
4 5 2 1 4
4 7 4 3 6
4 8 5 4 7
4 10 7 6 9
4 11 8 7 10
-8271/100000,177809/800000
-8271/100000,1115409/1600000
-8271/100000,43/250
-61/200,177809/800000
-61/200,1115409/1600000
-61/200,43/250
16771/200000,177809/800000
16771/200000,1115409/1600000
16771/200000,43/250
-61/200,177809/800000
-61/200,1115409/1600000
-61/200,43/250
