12
1,1
1,37296781208632/52119755968125
1,0
472294821449/588923796250,1
472294821449/588923796250,37296781208632/52119755968125
472294821449/588923796250,0
472294821449/1177847592500,1
472294821449/1177847592500,37296781208632/52119755968125
472294821449/1177847592500,0
0,1
0,37296781208632/52119755968125
0,0
6
4 4 1 0 3
4 5 2 1 4
4 7 4 3 6
4 8 5 4 7
4 10 7 6 9
4 11 8 7 10
7915841744143/7067085555000,50531418626689/52119755968125
7915841744143/7067085555000,21784797795394/17373251989375
7915841744143/7067085555000,2975254/5526825
6516294046531/7067085555000,50531418626689/52119755968125
6516294046531/7067085555000,21784797795394/17373251989375
6516294046531/7067085555000,2975254/5526825
22000148177/16628436600,50531418626689/52119755968125
22000148177/16628436600,21784797795394/17373251989375
22000148177/16628436600,2975254/5526825
6516294046531/7067085555000,50531418626689/52119755968125
6516294046531/7067085555000,21784797795394/17373251989375
6516294046531/7067085555000,2975254/5526825
