9
1,1
1,7547201677692082847397411/11617646818967301104000000
1,0
20150771664127/37786766315520,1
20150771664127/37786766315520,7547201677692082847397411/11617646818967301104000000
20150771664127/37786766315520,0
0,1
0,7547201677692082847397411/11617646818967301104000000
0,0
4
4 4 1 0 3
4 5 2 1 4
4 7 4 3 6
4 8 5 4 7
23080000253897/132253682104320,4318446505250031573114511/11617646818967301104000000
23080000253897/132253682104320,6361598667/8810080000
23080000253897/132253682104320,841689968833166982319689/11617646818967301104000000
11307464204503/17633824280576,4318446505250031573114511/11617646818967301104000000
11307464204503/17633824280576,6361598667/8810080000
11307464204503/17633824280576,841689968833166982319689/11617646818967301104000000
1451/13440,4318446505250031573114511/11617646818967301104000000
1451/13440,6361598667/8810080000
1451/13440,841689968833166982319689/11617646818967301104000000
