12
1,1
1,2421601/4400000
1,0
2844569/3344000,1
2844569/3344000,2421601/4400000
2844569/3344000,0
2844569/6688000,1
2844569/6688000,2421601/4400000
2844569/6688000,0
0,1
0,2421601/4400000
0,0
6
4 4 1 0 3
4 5 2 1 4
4 7 4 3 6
4 8 5 4 7
4 10 7 6 9
4 11 8 7 10
5228393/6688000,3990201/4400000
5228393/6688000,2713/2000
5228393/6688000,3546999/4400000
4229531/6688000,3990201/4400000
4229531/6688000,2713/2000
4229531/6688000,3546999/4400000
6431/6080,3990201/4400000
6431/6080,2713/2000
6431/6080,3546999/4400000
4229531/6688000,3990201/4400000
4229531/6688000,2713/2000
4229531/6688000,3546999/4400000
