9
1,1
1,192175710657999/275652545272000
1,0
23415421197/33493626400,1
23415421197/33493626400,192175710657999/275652545272000
23415421197/33493626400,0
0,1
0,192175710657999/275652545272000
0,0
4
4 4 1 0 3
4 5 2 1 4
4 7 4 3 6
4 8 5 4 7
8343289317/16746813200,232474662245099/137826272636000
8343289317/16746813200,548426159104199/275652545272000
8343289317/16746813200,553091/427960
26764783837/33493626400,232474662245099/137826272636000
26764783837/33493626400,548426159104199/275652545272000
26764783837/33493626400,553091/427960
1/10,232474662245099/137826272636000
1/10,548426159104199/275652545272000
1/10,553091/427960
