9
1,1
1,18/25
1,0
18/25,1
18/25,18/25
18/25,0
0,1
0,18/25
0,0
4
4 4 1 0 3
4 5 2 1 4
4 7 4 3 6
4 8 5 4 7
-1844674407370955161589/25,-3689348814741910323182/25
-1844674407370955161589/25,-147573952589676412927
-1844674407370955161589/25,-3689348814741910323193/25
-1844674407370955161582/25,-3689348814741910323182/25
-1844674407370955161582/25,-147573952589676412927
-1844674407370955161582/25,-3689348814741910323193/25
-73786976294838206464,-3689348814741910323182/25
-73786976294838206464,-147573952589676412927
-73786976294838206464,-3689348814741910323193/25
