12
1,1
1,45176449871/52603242250
1,45176449871/105206484500
1,0
44130160129/52603242250,1
44130160129/52603242250,45176449871/52603242250
44130160129/52603242250,45176449871/105206484500
44130160129/52603242250,0
0,1
0,45176449871/52603242250
0,45176449871/105206484500
0,0
6
4 5 1 0 4
4 6 2 1 5
4 7 3 2 6
4 9 5 4 8
4 10 6 5 9
4 11 7 6 10
53379036662/78904863375,49685527711/315619453500
53379036662/78904863375,5124773437/315619453500
53379036662/78904863375,2813082461/6312389070
53379036662/78904863375,5124773437/315619453500
132177319687/157809726750,49685527711/315619453500
132177319687/157809726750,5124773437/315619453500
132177319687/157809726750,2813082461/6312389070
132177319687/157809726750,5124773437/315619453500
-115222/85302555,49685527711/315619453500
-115222/85302555,5124773437/315619453500
-115222/85302555,2813082461/6312389070
-115222/85302555,5124773437/315619453500
