12
1,1
1,1912955017811/2041005799300
1,1912955017811/4082011598600
1,0
1795281011183/2041005799300,1
1795281011183/2041005799300,1912955017811/2041005799300
1795281011183/2041005799300,1912955017811/4082011598600
1795281011183/2041005799300,0
0,1
0,1912955017811/2041005799300
0,1912955017811/4082011598600
0,0
6
4 5 1 0 4
4 6 2 1 5
4 7 3 2 6
4 9 5 4 8
4 10 6 5 9
4 11 7 6 10
468157521697/612301739790,3444890516501/6123017397900
468157521697/612301739790,1530369086017/3061508698950
468157521697/612301739790,11860341397501/12246034795800
468157521697/612301739790,1530369086017/3061508698950
5418749581321/6123017397900,3444890516501/6123017397900
5418749581321/6123017397900,1530369086017/3061508698950
5418749581321/6123017397900,11860341397501/12246034795800
5418749581321/6123017397900,1530369086017/3061508698950
222341539/41371739175,3444890516501/6123017397900
222341539/41371739175,1530369086017/3061508698950
222341539/41371739175,11860341397501/12246034795800
222341539/41371739175,1530369086017/3061508698950
