8
1,1
1,177157771253770995389/226213123465518289875
1,177157771253770995389/452426246931036579750
1,0
0,1
0,177157771253770995389/226213123465518289875
0,177157771253770995389/452426246931036579750
0,0
3
4 5 1 0 4
4 6 2 1 5
4 7 3 2 6
1066530643069211263/1005433941911586750,764379680153880355277/1055661242839085352750
1066530643069211263/1005433941911586750,1606364109497178943027/3166983728517256058250
1066530643069211263/1005433941911586750,11092121382521/12341105419251
1066530643069211263/1005433941911586750,1606364109497178943027/3166983728517256058250
61096701157624513/1005433941911586750,764379680153880355277/1055661242839085352750
61096701157624513/1005433941911586750,1606364109497178943027/3166983728517256058250
61096701157624513/1005433941911586750,11092121382521/12341105419251
61096701157624513/1005433941911586750,1606364109497178943027/3166983728517256058250
