9
1,1
1,3/4
1,0
3/4,1
3/4,3/4
3/4,0
0,1
0,3/4
0,0
4
4 4 1 0 3
4 5 2 1 4
4 7 4 3 6
4 8 5 4 7
-295147905179352825855/2,-590295810358705651709/4
-295147905179352825855/2,-147573952589676412927
-295147905179352825855/2,-590295810358705651711/4
-590295810358705651709/4,-590295810358705651709/4
-590295810358705651709/4,-147573952589676412927
-590295810358705651709/4,-590295810358705651711/4
-147573952589676412928,-590295810358705651709/4
-147573952589676412928,-147573952589676412927
-147573952589676412928,-590295810358705651711/4
