9
1,1
1,10715705770411778823/13372567383417684520
1,0
2840872236261181993144270800163719/4663886946922755031885240231596200,1
2840872236261181993144270800163719/4663886946922755031885240231596200,10715705770411778823/13372567383417684520
2840872236261181993144270800163719/4663886946922755031885240231596200,0
0,1
0,10715705770411778823/13372567383417684520
0,0
4
4 4 1 0 3
4 5 2 1 4
4 7 4 3 6
4 8 5 4 7
-2912026752414725480651060095195770297041/882848813943833298491062304911348537500,145290345177189334913204153153/12935225924997623783826225000
-2912026752414725480651060095195770297041/882848813943833298491062304911348537500,45272601283429390873568533/3960571318125420631912500
-2912026752414725480651060095195770297041/882848813943833298491062304911348537500,137495060481173822489119279403/12935225924997623783826225000
-35937157673714155479821429718265780448449/12359883395213666178874872268758879525000,145290345177189334913204153153/12935225924997623783826225000
-35937157673714155479821429718265780448449/12359883395213666178874872268758879525000,45272601283429390873568533/3960571318125420631912500
-35937157673714155479821429718265780448449/12359883395213666178874872268758879525000,137495060481173822489119279403/12935225924997623783826225000
-31052284532606925175058761/8829985924895870803818750,145290345177189334913204153153/12935225924997623783826225000
-31052284532606925175058761/8829985924895870803818750,45272601283429390873568533/3960571318125420631912500
-31052284532606925175058761/8829985924895870803818750,137495060481173822489119279403/12935225924997623783826225000
