9
1,1
1,37/50
1,0
37/50,1
37/50,37/50
37/50,0
0,1
0,37/50
0,0
4
4 4 1 0 3
4 5 2 1 4
4 7 4 3 6
4 8 5 4 7
-3689348814741910323188/25,-29514790517935282585563/50
-3689348814741910323188/25,-590295810358705651711
-3689348814741910323188/25,-29514790517935282585587/50
-7378697629483820646363/50,-29514790517935282585563/50
-7378697629483820646363/50,-590295810358705651711
-7378697629483820646363/50,-29514790517935282585587/50
-147573952589676412928,-29514790517935282585563/50
-147573952589676412928,-590295810358705651711
-147573952589676412928,-29514790517935282585587/50
