21
1,1
1,622701194080119/703630822901200
1,622701194080119/879538528626500
1,1868103582240357/3518154114506000
1,622701194080119/1759077057253000
1,622701194080119/3518154114506000
1,0
406898400961129/527723117175900,1
406898400961129/527723117175900,622701194080119/703630822901200
406898400961129/527723117175900,622701194080119/879538528626500
406898400961129/527723117175900,1868103582240357/3518154114506000
406898400961129/527723117175900,622701194080119/1759077057253000
406898400961129/527723117175900,622701194080119/3518154114506000
406898400961129/527723117175900,0
0,1
0,622701194080119/703630822901200
0,622701194080119/879538528626500
0,1868103582240357/3518154114506000
0,622701194080119/1759077057253000
0,622701194080119/3518154114506000
0,0
12
4 8 1 0 7
4 9 2 1 8
4 10 3 2 9
4 11 4 3 10
4 12 5 4 11
4 13 6 5 12
4 15 8 7 14
4 16 9 8 15
4 17 10 9 16
4 18 11 10 17
4 19 12 11 18
4 20 13 12 19
30603683058411/23771311584500,-1247509144787737/3518154114506000
30603683058411/23771311584500,-210715250170583/879538528626500
30603683058411/23771311584500,-1465562194762451/3518154114506000
30603683058411/23771311584500,-210715250170583/879538528626500
30603683058411/23771311584500,-1465562194762451/3518154114506000
30603683058411/23771311584500,-210715250170583/879538528626500
30603683058411/23771311584500,-1465562194762451/3518154114506000
1000283100139369/659653896469875,-1247509144787737/3518154114506000
1000283100139369/659653896469875,-210715250170583/879538528626500
1000283100139369/659653896469875,-1465562194762451/3518154114506000
1000283100139369/659653896469875,-210715250170583/879538528626500
1000283100139369/659653896469875,-1465562194762451/3518154114506000
1000283100139369/659653896469875,-210715250170583/879538528626500
1000283100139369/659653896469875,-1465562194762451/3518154114506000
1966640395751831/2638615585879500,-1247509144787737/3518154114506000
1966640395751831/2638615585879500,-210715250170583/879538528626500
1966640395751831/2638615585879500,-1465562194762451/3518154114506000
1966640395751831/2638615585879500,-210715250170583/879538528626500
1966640395751831/2638615585879500,-1465562194762451/3518154114506000
1966640395751831/2638615585879500,-210715250170583/879538528626500
1966640395751831/2638615585879500,-1465562194762451/3518154114506000
