9
1,1
1,424721343827993290222353901311388793158942288945272251/767568693665048114859675725261546011733028233033624460
1,0
663813523680817336363739551/799775329735924501643059705,1
663813523680817336363739551/799775329735924501643059705,424721343827993290222353901311388793158942288945272251/767568693665048114859675725261546011733028233033624460
663813523680817336363739551/799775329735924501643059705,0
0,1
0,424721343827993290222353901311388793158942288945272251/767568693665048114859675725261546011733028233033624460
0,0
4
4 4 1 0 3
4 5 2 1 4
4 7 4 3 6
4 8 5 4 7
663813523680817336363739551/799775329735924501643059705,40936996995469232792516038680615787292428172428459991/383784346832524057429837862630773005866514116516812230
663813523680817336363739551/799775329735924501643059705,424721343827993290222353901311388793158942288945272191/767568693665048114859675725261546011733028233033624460
663813523680817336363739551/799775329735924501643059705,-1/12792811561084135247661262087692433528883803883893741
1,40936996995469232792516038680615787292428172428459991/383784346832524057429837862630773005866514116516812230
1,424721343827993290222353901311388793158942288945272191/767568693665048114859675725261546011733028233033624460
1,-1/12792811561084135247661262087692433528883803883893741
135961806055107165279320154/799775329735924501643059705,40936996995469232792516038680615787292428172428459991/383784346832524057429837862630773005866514116516812230
135961806055107165279320154/799775329735924501643059705,424721343827993290222353901311388793158942288945272191/767568693665048114859675725261546011733028233033624460
135961806055107165279320154/799775329735924501643059705,-1/12792811561084135247661262087692433528883803883893741
