18
1,1
1,422084021978494/451129352897535
1,211042010989247/300752901931690
1,211042010989247/451129352897535
1,211042010989247/902258705795070
1,0
886857797371961/1156741930506500,1
886857797371961/1156741930506500,422084021978494/451129352897535
886857797371961/1156741930506500,211042010989247/300752901931690
886857797371961/1156741930506500,211042010989247/451129352897535
886857797371961/1156741930506500,211042010989247/902258705795070
886857797371961/1156741930506500,0
0,1
0,422084021978494/451129352897535
0,211042010989247/300752901931690
0,211042010989247/451129352897535
0,211042010989247/902258705795070
0,0
10
4 7 1 0 6
4 8 2 1 7
4 9 3 2 8
4 10 4 3 9
4 11 5 4 10
4 13 7 6 12
4 14 8 7 13
4 15 9 8 14
4 16 10 9 15
4 17 11 10 16
-7067709142218479/97744693127799250,-1302728192650795/3518808952600773
-7067709142218479/97744693127799250,-7646408869096574/17594044763003865
-7067709142218479/97744693127799250,-1412435861922503/7037617905201546
-7067709142218479/97744693127799250,-7646408869096574/17594044763003865
-7067709142218479/97744693127799250,-1412435861922503/7037617905201546
-7067709142218479/97744693127799250,-7646408869096574/17594044763003865
31475000215300133/195489386255598500,-1302728192650795/3518808952600773
31475000215300133/195489386255598500,-7646408869096574/17594044763003865
31475000215300133/195489386255598500,-1412435861922503/7037617905201546
31475000215300133/195489386255598500,-7646408869096574/17594044763003865
31475000215300133/195489386255598500,-1412435861922503/7037617905201546
31475000215300133/195489386255598500,-7646408869096574/17594044763003865
-29600991885140319/48872346563899625,-1302728192650795/3518808952600773
-29600991885140319/48872346563899625,-7646408869096574/17594044763003865
-29600991885140319/48872346563899625,-1412435861922503/7037617905201546
-29600991885140319/48872346563899625,-7646408869096574/17594044763003865
-29600991885140319/48872346563899625,-1412435861922503/7037617905201546
-29600991885140319/48872346563899625,-7646408869096574/17594044763003865
