12
1,1
1,253992549104107371/454257104219765000
1,0
141037151949/145314252500,1
141037151949/145314252500,253992549104107371/454257104219765000
141037151949/145314252500,0
141037151949/290628505000,1
141037151949/290628505000,253992549104107371/454257104219765000
141037151949/290628505000,0
0,1
0,253992549104107371/454257104219765000
0,0
6
4 4 1 0 3
4 5 2 1 4
4 7 4 3 6
4 8 5 4 7
4 10 7 6 9
4 11 8 7 10
-58297792997/290628505000,1943989440775409/5162012547951875
-58297792997/290628505000,371335625903893621/454257104219765000
-58297792997/290628505000,2746451/10632028
-66851994099/290628505000,1943989440775409/5162012547951875
-66851994099/290628505000,371335625903893621/454257104219765000
-66851994099/290628505000,2746451/10632028
554241/2171300,1943989440775409/5162012547951875
554241/2171300,371335625903893621/454257104219765000
554241/2171300,2746451/10632028
-66851994099/290628505000,1943989440775409/5162012547951875
-66851994099/290628505000,371335625903893621/454257104219765000
-66851994099/290628505000,2746451/10632028
