24
1,1
1,6619029667103302311/6955419283086223750
1,2206343222367767437/2782167713234489500
1,2206343222367767437/3477709641543111875
1,6619029667103302311/13910838566172447500
1,2206343222367767437/6955419283086223750
1,2206343222367767437/13910838566172447500
1,0
9819468802708517983/13910838566172447500,1
9819468802708517983/13910838566172447500,6619029667103302311/6955419283086223750
9819468802708517983/13910838566172447500,2206343222367767437/2782167713234489500
9819468802708517983/13910838566172447500,2206343222367767437/3477709641543111875
9819468802708517983/13910838566172447500,6619029667103302311/13910838566172447500
9819468802708517983/13910838566172447500,2206343222367767437/6955419283086223750
9819468802708517983/13910838566172447500,2206343222367767437/13910838566172447500
9819468802708517983/13910838566172447500,0
0,1
0,6619029667103302311/6955419283086223750
0,2206343222367767437/2782167713234489500
0,2206343222367767437/3477709641543111875
0,6619029667103302311/13910838566172447500
0,2206343222367767437/6955419283086223750
0,2206343222367767437/13910838566172447500
0,0
14
4 9 1 0 8
4 10 2 1 9
4 11 3 2 10
4 12 4 3 11
4 13 5 4 12
4 14 6 5 13
4 15 7 6 14
4 17 9 8 16
4 18 10 9 17
4 19 11 10 18
4 20 12 11 19
4 21 13 12 20
4 22 14 13 21
4 23 15 14 22
296571928915450844897/139108385661724475000,-167338936280066885929/139108385661724475000
296571928915450844897/139108385661724475000,-9161406768406595511/7321493982196025000
296571928915450844897/139108385661724475000,-152003296376047640339/139108385661724475000
296571928915450844897/139108385661724475000,-9161406768406595511/7321493982196025000
296571928915450844897/139108385661724475000,-152003296376047640339/139108385661724475000
296571928915450844897/139108385661724475000,-9161406768406595511/7321493982196025000
296571928915450844897/139108385661724475000,-152003296376047640339/139108385661724475000
296571928915450844897/139108385661724475000,-9161406768406595511/7321493982196025000
337485626550090140067/139108385661724475000,-167338936280066885929/139108385661724475000
337485626550090140067/139108385661724475000,-9161406768406595511/7321493982196025000
337485626550090140067/139108385661724475000,-152003296376047640339/139108385661724475000
337485626550090140067/139108385661724475000,-9161406768406595511/7321493982196025000
337485626550090140067/139108385661724475000,-152003296376047640339/139108385661724475000
337485626550090140067/139108385661724475000,-9161406768406595511/7321493982196025000
337485626550090140067/139108385661724475000,-152003296376047640339/139108385661724475000
337485626550090140067/139108385661724475000,-9161406768406595511/7321493982196025000
239290938523004960237/139108385661724475000,-167338936280066885929/139108385661724475000
239290938523004960237/139108385661724475000,-9161406768406595511/7321493982196025000
239290938523004960237/139108385661724475000,-152003296376047640339/139108385661724475000
239290938523004960237/139108385661724475000,-9161406768406595511/7321493982196025000
239290938523004960237/139108385661724475000,-152003296376047640339/139108385661724475000
239290938523004960237/139108385661724475000,-9161406768406595511/7321493982196025000
239290938523004960237/139108385661724475000,-152003296376047640339/139108385661724475000
239290938523004960237/139108385661724475000,-9161406768406595511/7321493982196025000
