16
1,1
1,10614980047237/14523368080000
1,10614980047237/29046736160000
1,0
857014878216692588141043/979876561606332729965000,1
857014878216692588141043/979876561606332729965000,10614980047237/14523368080000
857014878216692588141043/979876561606332729965000,10614980047237/29046736160000
857014878216692588141043/979876561606332729965000,0
857014878216692588141043/1959753123212665459930000,1
857014878216692588141043/1959753123212665459930000,10614980047237/14523368080000
857014878216692588141043/1959753123212665459930000,10614980047237/29046736160000
857014878216692588141043/1959753123212665459930000,0
0,1
0,10614980047237/14523368080000
0,10614980047237/29046736160000
0,0
9
4 5 1 0 4
4 6 2 1 5
4 7 3 2 6
4 9 5 4 8
4 10 6 5 9
4 11 7 6 10
4 13 9 8 12
4 14 10 9 13
4 15 11 10 14
149057292448370331191283/244969140401583182491250,8955268274913/14523368080000
149057292448370331191283/244969140401583182491250,513189/1476800
149057292448370331191283/244969140401583182491250,20708740531537/29046736160000
149057292448370331191283/244969140401583182491250,513189/1476800
8464510903279/17521642440200,8955268274913/14523368080000
8464510903279/17521642440200,513189/1476800
8464510903279/17521642440200,20708740531537/29046736160000
8464510903279/17521642440200,513189/1476800
1803749851024374954023393/1959753123212665459930000,8955268274913/14523368080000
1803749851024374954023393/1959753123212665459930000,513189/1476800
1803749851024374954023393/1959753123212665459930000,20708740531537/29046736160000
1803749851024374954023393/1959753123212665459930000,513189/1476800
8464510903279/17521642440200,8955268274913/14523368080000
8464510903279/17521642440200,513189/1476800
8464510903279/17521642440200,20708740531537/29046736160000
8464510903279/17521642440200,513189/1476800
