16
1,1
1,25886939337475060619355900041/26680511769801365106522775000
1,25886939337475060619355900041/53361023539602730213045550000
1,0
4662817123910657927143623/4954467499635837714170000,1
4662817123910657927143623/4954467499635837714170000,25886939337475060619355900041/26680511769801365106522775000
4662817123910657927143623/4954467499635837714170000,25886939337475060619355900041/53361023539602730213045550000
4662817123910657927143623/4954467499635837714170000,0
4662817123910657927143623/9908934999271675428340000,1
4662817123910657927143623/9908934999271675428340000,25886939337475060619355900041/26680511769801365106522775000
4662817123910657927143623/9908934999271675428340000,25886939337475060619355900041/53361023539602730213045550000
4662817123910657927143623/9908934999271675428340000,0
0,1
0,25886939337475060619355900041/26680511769801365106522775000
0,25886939337475060619355900041/53361023539602730213045550000
0,0
9
4 5 1 0 4
4 6 2 1 5
4 7 3 2 6
4 9 5 4 8
4 10 6 5 9
4 11 7 6 10
4 13 9 8 12
4 14 10 9 13
4 15 11 10 14
1859187792410306003951677/4954467499635837714170000,2011879199742281308970360377/53361023539602730213045550000
1859187792410306003951677/4954467499635837714170000,424734335089672334636610459/53361023539602730213045550000
1859187792410306003951677/4954467499635837714170000,16139333070613/32731149778300
1859187792410306003951677/4954467499635837714170000,424734335089672334636610459/53361023539602730213045550000
1098470019541/3471900544900,2011879199742281308970360377/53361023539602730213045550000
1098470019541/3471900544900,424734335089672334636610459/53361023539602730213045550000
1098470019541/3471900544900,16139333070613/32731149778300
1098470019541/3471900544900,424734335089672334636610459/53361023539602730213045550000
7797891957280910360994223/9908934999271675428340000,2011879199742281308970360377/53361023539602730213045550000
7797891957280910360994223/9908934999271675428340000,424734335089672334636610459/53361023539602730213045550000
7797891957280910360994223/9908934999271675428340000,16139333070613/32731149778300
7797891957280910360994223/9908934999271675428340000,424734335089672334636610459/53361023539602730213045550000
1098470019541/3471900544900,2011879199742281308970360377/53361023539602730213045550000
1098470019541/3471900544900,424734335089672334636610459/53361023539602730213045550000
1098470019541/3471900544900,16139333070613/32731149778300
1098470019541/3471900544900,424734335089672334636610459/53361023539602730213045550000
