15
1,1
1,151255816548157/238415894902800
1,0
19022774777557/19867991241900,1
19022774777557/19867991241900,151255816548157/238415894902800
19022774777557/19867991241900,0
19022774777557/29801986862850,1
19022774777557/29801986862850,151255816548157/238415894902800
19022774777557/29801986862850,0
19022774777557/59603973725700,1
19022774777557/59603973725700,151255816548157/238415894902800
19022774777557/59603973725700,0
0,1
0,151255816548157/238415894902800
0,0
8
4 4 1 0 3
4 5 2 1 4
4 7 4 3 6
4 8 5 4 7
4 10 7 6 9
4 11 8 7 10
4 13 10 9 12
4 14 11 10 13
272884197092597/198679912419000,2666179571515511/1192079474514000
272884197092597/198679912419000,172332220182707/66226637473000
272884197092597/198679912419000,2345700880547941/1192079474514000
281336361736027/198679912419000,2666179571515511/1192079474514000
281336361736027/198679912419000,172332220182707/66226637473000
281336361736027/198679912419000,2345700880547941/1192079474514000
653781337432511/596039737257000,2666179571515511/1192079474514000
653781337432511/596039737257000,172332220182707/66226637473000
653781337432511/596039737257000,2345700880547941/1192079474514000
281336361736027/198679912419000,2666179571515511/1192079474514000
281336361736027/198679912419000,172332220182707/66226637473000
281336361736027/198679912419000,2345700880547941/1192079474514000
653781337432511/596039737257000,2666179571515511/1192079474514000
653781337432511/596039737257000,172332220182707/66226637473000
653781337432511/596039737257000,2345700880547941/1192079474514000
