217
1,1
1,5/6
1,2/3
1,1/2
1,1/3
1,1/6
1,0
29/30,1
29/30,5/6
29/30,2/3
29/30,1/2
29/30,1/3
29/30,1/6
29/30,0
14/15,1
14/15,5/6
14/15,2/3
14/15,1/2
14/15,1/3
14/15,1/6
14/15,0
9/10,1
9/10,5/6
9/10,2/3
9/10,1/2
9/10,1/3
9/10,1/6
9/10,0
13/15,1
13/15,5/6
13/15,2/3
13/15,1/2
13/15,1/3
13/15,1/6
13/15,0
5/6,1
5/6,5/6
5/6,2/3
5/6,1/2
5/6,1/3
5/6,1/6
5/6,0
4/5,1
4/5,5/6
4/5,2/3
4/5,1/2
4/5,1/3
4/5,1/6
4/5,0
23/30,1
23/30,5/6
23/30,2/3
23/30,1/2
23/30,1/3
23/30,1/6
23/30,0
11/15,1
11/15,5/6
11/15,2/3
11/15,1/2
11/15,1/3
11/15,1/6
11/15,0
7/10,1
7/10,5/6
7/10,2/3
7/10,1/2
7/10,1/3
7/10,1/6
7/10,0
2/3,1
2/3,5/6
2/3,2/3
2/3,1/2
2/3,1/3
2/3,1/6
2/3,0
19/30,1
19/30,5/6
19/30,2/3
19/30,1/2
19/30,1/3
19/30,1/6
19/30,0
3/5,1
3/5,5/6
3/5,2/3
3/5,1/2
3/5,1/3
3/5,1/6
3/5,0
17/30,1
17/30,5/6
17/30,2/3
17/30,1/2
17/30,1/3
17/30,1/6
17/30,0
8/15,1
8/15,5/6
8/15,2/3
8/15,1/2
8/15,1/3
8/15,1/6
8/15,0
1/2,1
1/2,5/6
1/2,2/3
1/2,1/2
1/2,1/3
1/2,1/6
1/2,0
7/15,1
7/15,5/6
7/15,2/3
7/15,1/2
7/15,1/3
7/15,1/6
7/15,0
13/30,1
13/30,5/6
13/30,2/3
13/30,1/2
13/30,1/3
13/30,1/6
13/30,0
2/5,1
2/5,5/6
2/5,2/3
2/5,1/2
2/5,1/3
2/5,1/6
2/5,0
11/30,1
11/30,5/6
11/30,2/3
11/30,1/2
11/30,1/3
11/30,1/6
11/30,0
1/3,1
1/3,5/6
1/3,2/3
1/3,1/2
1/3,1/3
1/3,1/6
1/3,0
3/10,1
3/10,5/6
3/10,2/3
3/10,1/2
3/10,1/3
3/10,1/6
3/10,0
4/15,1
4/15,5/6
4/15,2/3
4/15,1/2
4/15,1/3
4/15,1/6
4/15,0
7/30,1
7/30,5/6
7/30,2/3
7/30,1/2
7/30,1/3
7/30,1/6
7/30,0
1/5,1
1/5,5/6
1/5,2/3
1/5,1/2
1/5,1/3
1/5,1/6
1/5,0
1/6,1
1/6,5/6
1/6,2/3
1/6,1/2
1/6,1/3
1/6,1/6
1/6,0
2/15,1
2/15,5/6
2/15,2/3
2/15,1/2
2/15,1/3
2/15,1/6
2/15,0
1/10,1
1/10,5/6
1/10,2/3
1/10,1/2
1/10,1/3
1/10,1/6
1/10,0
1/15,1
1/15,5/6
1/15,2/3
1/15,1/2
1/15,1/3
1/15,1/6
1/15,0
1/30,1
1/30,5/6
1/30,2/3
1/30,1/2
1/30,1/3
1/30,1/6
1/30,0
0,1
0,5/6
0,2/3
0,1/2
0,1/3
0,1/6
0,0
180
4 8 1 0 7
4 9 2 1 8
4 10 3 2 9
4 11 4 3 10
4 12 5 4 11
4 13 6 5 12
4 15 8 7 14
4 16 9 8 15
4 17 10 9 16
4 18 11 10 17
4 19 12 11 18
4 20 13 12 19
4 22 15 14 21
4 23 16 15 22
4 24 17 16 23
4 25 18 17 24
4 26 19 18 25
4 27 20 19 26
4 29 22 21 28
4 30 23 22 29
4 31 24 23 30
4 32 25 24 31
4 33 26 25 32
4 34 27 26 33
4 36 29 28 35
4 37 30 29 36
4 38 31 30 37
4 39 32 31 38
4 40 33 32 39
4 41 34 33 40
4 43 36 35 42
4 44 37 36 43
4 45 38 37 44
4 46 39 38 45
4 47 40 39 46
4 48 41 40 47
4 50 43 42 49
4 51 44 43 50
4 52 45 44 51
4 53 46 45 52
4 54 47 46 53
4 55 48 47 54
4 57 50 49 56
4 58 51 50 57
4 59 52 51 58
4 60 53 52 59
4 61 54 53 60
4 62 55 54 61
4 64 57 56 63
4 65 58 57 64
4 66 59 58 65
4 67 60 59 66
4 68 61 60 67
4 69 62 61 68
4 71 64 63 70
4 72 65 64 71
4 73 66 65 72
4 74 67 66 73
4 75 68 67 74
4 76 69 68 75
4 78 71 70 77
4 79 72 71 78
4 80 73 72 79
4 81 74 73 80
4 82 75 74 81
4 83 76 75 82
4 85 78 77 84
4 86 79 78 85
4 87 80 79 86
4 88 81 80 87
4 89 82 81 88
4 90 83 82 89
4 92 85 84 91
4 93 86 85 92
4 94 87 86 93
4 95 88 87 94
4 96 89 88 95
4 97 90 89 96
4 99 92 91 98
4 100 93 92 99
4 101 94 93 100
4 102 95 94 101
4 103 96 95 102
4 104 97 96 103
4 106 99 98 105
4 107 100 99 106
4 108 101 100 107
4 109 102 101 108
4 110 103 102 109
4 111 104 103 110
4 113 106 105 112
4 114 107 106 113
4 115 108 107 114
4 116 109 108 115
4 117 110 109 116
4 118 111 110 117
4 120 113 112 119
4 121 114 113 120
4 122 115 114 121
4 123 116 115 122
4 124 117 116 123
4 125 118 117 124
4 127 120 119 126
4 128 121 120 127
4 129 122 121 128
4 130 123 122 129
4 131 124 123 130
4 132 125 124 131
4 134 127 126 133
4 135 128 127 134
4 136 129 128 135
4 137 130 129 136
4 138 131 130 137
4 139 132 131 138
4 141 134 133 140
4 142 135 134 141
4 143 136 135 142
4 144 137 136 143
4 145 138 137 144
4 146 139 138 145
4 148 141 140 147
4 149 142 141 148
4 150 143 142 149
4 151 144 143 150
4 152 145 144 151
4 153 146 145 152
4 155 148 147 154
4 156 149 148 155
4 157 150 149 156
4 158 151 150 157
4 159 152 151 158
4 160 153 152 159
4 162 155 154 161
4 163 156 155 162
4 164 157 156 163
4 165 158 157 164
4 166 159 158 165
4 167 160 159 166
4 169 162 161 168
4 170 163 162 169
4 171 164 163 170
4 172 165 164 171
4 173 166 165 172
4 174 167 166 173
4 176 169 168 175
4 177 170 169 176
4 178 171 170 177
4 179 172 171 178
4 180 173 172 179
4 181 174 173 180
4 183 176 175 182
4 184 177 176 183
4 185 178 177 184
4 186 179 178 185
4 187 180 179 186
4 188 181 180 187
4 190 183 182 189
4 191 184 183 190
4 192 185 184 191
4 193 186 185 192
4 194 187 186 193
4 195 188 187 194
4 197 190 189 196
4 198 191 190 197
4 199 192 191 198
4 200 193 192 199
4 201 194 193 200
4 202 195 194 201
4 204 197 196 203
4 205 198 197 204
4 206 199 198 205
4 207 200 199 206
4 208 201 200 207
4 209 202 201 208
4 211 204 203 210
4 212 205 204 211
4 213 206 205 212
4 214 207 206 213
4 215 208 207 214
4 216 209 208 215
0,0
0,1/6
0,0
0,1/6
0,0
0,1/6
0,0
1/30,0
1/30,1/6
1/30,0
1/30,1/6
1/30,0
1/30,1/6
1/30,0
0,0
0,1/6
0,0
0,1/6
0,0
0,1/6
0,0
1/30,0
1/30,1/6
1/30,0
1/30,1/6
1/30,0
1/30,1/6
1/30,0
0,0
0,1/6
0,0
0,1/6
0,0
0,1/6
0,0
1/30,0
1/30,1/6
1/30,0
1/30,1/6
1/30,0
1/30,1/6
1/30,0
0,0
0,1/6
0,0
0,1/6
0,0
0,1/6
0,0
1/30,0
1/30,1/6
1/30,0
1/30,1/6
1/30,0
1/30,1/6
1/30,0
0,0
0,1/6
0,0
0,1/6
0,0
0,1/6
0,0
1/30,0
1/30,1/6
1/30,0
1/30,1/6
1/30,0
1/30,1/6
1/30,0
0,0
0,1/6
0,0
0,1/6
0,0
0,1/6
0,0
1/30,0
1/30,1/6
1/30,0
1/30,1/6
1/30,0
1/30,1/6
1/30,0
0,0
0,1/6
0,0
0,1/6
0,0
0,1/6
0,0
1/30,0
1/30,1/6
1/30,0
1/30,1/6
1/30,0
1/30,1/6
1/30,0
0,0
0,1/6
0,0
0,1/6
0,0
0,1/6
0,0
1/30,0
1/30,1/6
1/30,0
1/30,1/6
1/30,0
1/30,1/6
1/30,0
0,0
0,1/6
0,0
0,1/6
0,0
0,1/6
0,0
1/30,0
1/30,1/6
1/30,0
1/30,1/6
1/30,0
1/30,1/6
1/30,0
0,0
0,1/6
0,0
0,1/6
0,0
0,1/6
0,0
1/30,0
1/30,1/6
1/30,0
1/30,1/6
1/30,0
1/30,1/6
1/30,0
0,0
0,1/6
0,0
0,1/6
0,0
0,1/6
0,0
1/30,0
1/30,1/6
1/30,0
1/30,1/6
1/30,0
1/30,1/6
1/30,0
0,0
0,1/6
0,0
0,1/6
0,0
0,1/6
0,0
1/30,0
1/30,1/6
1/30,0
1/30,1/6
1/30,0
1/30,1/6
1/30,0
0,0
0,1/6
0,0
0,1/6
0,0
0,1/6
0,0
1/30,0
1/30,1/6
1/30,0
1/30,1/6
1/30,0
1/30,1/6
1/30,0
0,0
0,1/6
0,0
0,1/6
0,0
0,1/6
0,0
1/30,0
1/30,1/6
1/30,0
1/30,1/6
1/30,0
1/30,1/6
1/30,0
0,0
0,1/6
0,0
0,1/6
0,0
0,1/6
0,0
1/30,0
1/30,1/6
1/30,0
1/30,1/6
1/30,0
1/30,1/6
1/30,0
0,0
0,1/6
0,0
0,1/6
0,0
0,1/6
0,0
