9
1,1
1,4/5
1,0
4/5,1
4/5,4/5
4/5,0
0,1
0,4/5
0,0
4
4 4 1 0 3
4 5 2 1 4
4 7 4 3 6
4 8 5 4 7
-737869762948382064637/5,-2951479051793528258556/5
-737869762948382064637/5,-590295810358705651711
-737869762948382064637/5,-2951479051793528258559/5
-737869762948382064636/5,-2951479051793528258556/5
-737869762948382064636/5,-590295810358705651711
-737869762948382064636/5,-2951479051793528258559/5
-147573952589676412928,-2951479051793528258556/5
-147573952589676412928,-590295810358705651711
-147573952589676412928,-2951479051793528258559/5
