9
1,1
1,300820232952759/477579204970000
1,0
2338794162989927576719761466647/4391642196319172044907892867500,1
2338794162989927576719761466647/4391642196319172044907892867500,300820232952759/477579204970000
2338794162989927576719761466647/4391642196319172044907892867500,0
0,1
0,300820232952759/477579204970000
0,0
4
4 4 1 0 3
4 5 2 1 4
4 7 4 3 6
4 8 5 4 7
5169205624853669710819743251163/8783284392638344089815785735000,70123707530309/477579204970000
5169205624853669710819743251163/8783284392638344089815785735000,233763/452200
5169205624853669710819743251163/8783284392638344089815785735000,-53937553405209/477579204970000
843172881046559877017818732079/798480399330758553619616885000,70123707530309/477579204970000
843172881046559877017818732079/798480399330758553619616885000,233763/452200
843172881046559877017818732079/798480399330758553619616885000,-53937553405209/477579204970000
998521823/1907701400,70123707530309/477579204970000
998521823/1907701400,233763/452200
998521823/1907701400,-53937553405209/477579204970000
