9
1,1
1,4510431/6740000
1,0
1831022722598550271/3084973565458100000,1
1831022722598550271/3084973565458100000,4510431/6740000
1831022722598550271/3084973565458100000,0
0,1
0,4510431/6740000
0,0
4
4 4 1 0 3
4 5 2 1 4
4 7 4 3 6
4 8 5 4 7
130480248242717771/3084973565458100000,1140431/3370000
130480248242717771/3084973565458100000,4510431/6740000
130480248242717771/3084973565458100000,0
524751/1169320,1140431/3370000
524751/1169320,4510431/6740000
524751/1169320,0
-446591631496282771/3084973565458100000,1140431/3370000
-446591631496282771/3084973565458100000,4510431/6740000
-446591631496282771/3084973565458100000,0
