12
1,1
1,15103264/20515625
1,0
18303868/20515625,1
18303868/20515625,15103264/20515625
18303868/20515625,0
9151934/20515625,1
9151934/20515625,15103264/20515625
9151934/20515625,0
0,1
0,15103264/20515625
0,0
6
4 4 1 0 3
4 5 2 1 4
4 7 4 3 6
4 8 5 4 7
4 10 7 6 9
4 11 8 7 10
-11405018/20515625,904047959/1148875000
-11405018/20515625,48285607/45955000
-11405018/20515625,361357391/1148875000
-544671/820625,904047959/1148875000
-544671/820625,48285607/45955000
-544671/820625,361357391/1148875000
-4464841/20515625,904047959/1148875000
-4464841/20515625,48285607/45955000
-4464841/20515625,361357391/1148875000
-544671/820625,904047959/1148875000
-544671/820625,48285607/45955000
-544671/820625,361357391/1148875000
