8
1,1
1,416545927928435384995383/471729362824937508649015
1,416545927928435384995383/943458725649875017298030
1,0
0,1
0,416545927928435384995383/471729362824937508649015
0,416545927928435384995383/943458725649875017298030
0,0
3
4 5 1 0 4
4 6 2 1 5
4 7 3 2 6
15771/34450,-211833185570443635959018/471729362824937508649015
15771/34450,-30/53
15771/34450,-117487313005456134229917/943458725649875017298030
15771/34450,-30/53
-18679/34450,-211833185570443635959018/471729362824937508649015
-18679/34450,-30/53
-18679/34450,-117487313005456134229917/943458725649875017298030
-18679/34450,-30/53
