20
1,1
1,637/800
1,637/1600
1,0
273/320,1
273/320,637/800
273/320,637/1600
273/320,0
91/160,1
91/160,637/800
91/160,637/1600
91/160,0
91/320,1
91/320,637/800
91/320,637/1600
91/320,0
0,1
0,637/800
0,637/1600
0,0
12
4 5 1 0 4
4 6 2 1 5
4 7 3 2 6
4 9 5 4 8
4 10 6 5 9
4 11 7 6 10
4 13 9 8 12
4 14 10 9 13
4 15 11 10 14
4 17 13 12 16
4 18 14 13 17
4 19 15 14 18
53/320,389/1600
53/320,63/1600
53/320,7/16
53/320,63/1600
5/16,389/1600
5/16,63/1600
5/16,7/16
5/16,63/1600
9/320,389/1600
9/320,63/1600
9/320,7/16
9/320,63/1600
5/16,389/1600
5/16,63/1600
5/16,7/16
5/16,63/1600
9/320,389/1600
9/320,63/1600
9/320,7/16
9/320,63/1600
