20
1,1
1,63/80
1,63/160
1,0
27/32,1
27/32,63/80
27/32,63/160
27/32,0
9/16,1
9/16,63/80
9/16,63/160
9/16,0
9/32,1
9/32,63/80
9/32,63/160
9/32,0
0,1
0,63/80
0,63/160
0,0
12
4 5 1 0 4
4 6 2 1 5
4 7 3 2 6
4 9 5 4 8
4 10 6 5 9
4 11 7 6 10
4 13 9 8 12
4 14 10 9 13
4 15 11 10 14
4 17 13 12 16
4 18 14 13 17
4 19 15 14 18
5/32,-9/40
5/32,-7/16
5/32,-7/160
5/32,-7/16
5/16,-9/40
5/16,-7/16
5/16,-7/160
5/16,-7/16
1/32,-9/40
1/32,-7/16
1/32,-7/160
1/32,-7/16
5/16,-9/40
5/16,-7/16
5/16,-7/160
5/16,-7/16
1/32,-9/40
1/32,-7/16
1/32,-7/160
1/32,-7/16
