15
1,1
1,8818981/13655200
1,0
1491/1690,1
1491/1690,8818981/13655200
1491/1690,0
497/845,1
497/845,8818981/13655200
497/845,0
497/1690,1
497/1690,8818981/13655200
497/1690,0
0,1
0,8818981/13655200
0,0
8
4 4 1 0 3
4 5 2 1 4
4 7 4 3 6
4 8 5 4 7
4 10 7 6 9
4 11 8 7 10
4 13 10 9 12
4 14 11 10 13
-451/845,64962981/13655200
-451/845,87249/17069
-451/845,60980219/13655200
-703/1690,64962981/13655200
-703/1690,87249/17069
-703/1690,60980219/13655200
-120/169,64962981/13655200
-120/169,87249/17069
-120/169,60980219/13655200
-703/1690,64962981/13655200
-703/1690,87249/17069
-703/1690,60980219/13655200
-120/169,64962981/13655200
-120/169,87249/17069
-120/169,60980219/13655200
