12
1,1
1,18134956/27605825
1,0
25824219/27605825,1
25824219/27605825,18134956/27605825
25824219/27605825,0
25824219/55211650,1
25824219/55211650,18134956/27605825
25824219/55211650,0
0,1
0,18134956/27605825
0,0
6
4 4 1 0 3
4 5 2 1 4
4 7 4 3 6
4 8 5 4 7
4 10 7 6 9
4 11 8 7 10
-30616669/27605825,119120212/27605825
-30616669/27605825,128591081/27605825
-30616669/27605825,3365/841
-987/841,119120212/27605825
-987/841,128591081/27605825
-987/841,3365/841
-38972331/55211650,119120212/27605825
-38972331/55211650,128591081/27605825
-38972331/55211650,3365/841
-987/841,119120212/27605825
-987/841,128591081/27605825
-987/841,3365/841
