15
1,1
1,2592/2873
1,1728/2873
1,864/2873
1,0
724968/1109485,1
724968/1109485,2592/2873
724968/1109485,1728/2873
724968/1109485,864/2873
724968/1109485,0
0,1
0,2592/2873
0,1728/2873
0,864/2873
0,0
8
4 6 1 0 5
4 7 2 1 6
4 8 3 2 7
4 9 4 3 8
4 11 6 5 10
4 12 7 6 11
4 13 8 7 12
4 14 9 8 13
-1366812/1109485,13244/2873
-1366812/1109485,13525/2873
-1366812/1109485,12661/2873
-1366812/1109485,13525/2873
-1366812/1109485,12661/2873
-196459/221897,13244/2873
-196459/221897,13525/2873
-196459/221897,12661/2873
-196459/221897,13525/2873
-196459/221897,12661/2873
-1707263/1109485,13244/2873
-1707263/1109485,13525/2873
-1707263/1109485,12661/2873
-1707263/1109485,13525/2873
-1707263/1109485,12661/2873
