20
1,1
1,10857/16250
1,10857/32500
1,0
14241/16250,1
14241/16250,10857/16250
14241/16250,10857/32500
14241/16250,0
4747/8125,1
4747/8125,10857/16250
4747/8125,10857/32500
4747/8125,0
4747/16250,1
4747/16250,10857/16250
4747/16250,10857/32500
4747/16250,0
0,1
0,10857/16250
0,10857/32500
0,0
12
4 5 1 0 4
4 6 2 1 5
4 7 3 2 6
4 9 5 4 8
4 10 6 5 9
4 11 7 6 10
4 13 9 8 12
4 14 10 9 13
4 15 11 10 14
4 17 13 12 16
4 18 14 13 17
4 19 15 14 18
3958/8125,10393/16250
3958/8125,4/13
3958/8125,20857/32500
3958/8125,4/13
397/650,10393/16250
397/650,4/13
397/650,20857/32500
397/650,4/13
2589/8125,10393/16250
2589/8125,4/13
2589/8125,20857/32500
2589/8125,4/13
397/650,10393/16250
397/650,4/13
397/650,20857/32500
397/650,4/13
2589/8125,10393/16250
2589/8125,4/13
2589/8125,20857/32500
2589/8125,4/13
