25
1,1
1,6237/6500
1,2079/3250
1,2079/6500
1,0
2727/3250,1
2727/3250,6237/6500
2727/3250,2079/3250
2727/3250,2079/6500
2727/3250,0
909/1625,1
909/1625,6237/6500
909/1625,2079/3250
909/1625,2079/6500
909/1625,0
909/3250,1
909/3250,6237/6500
909/3250,2079/3250
909/3250,2079/6500
909/3250,0
0,1
0,6237/6500
0,2079/3250
0,2079/6500
0,0
16
4 6 1 0 5
4 7 2 1 6
4 8 3 2 7
4 9 4 3 8
4 11 6 5 10
4 12 7 6 11
4 13 8 7 12
4 14 9 8 13
4 16 11 10 15
4 17 12 11 16
4 18 13 12 17
4 19 14 13 18
4 21 16 15 20
4 22 17 16 21
4 23 18 17 22
4 24 19 18 23
127/250,4047/6500
127/250,431/650
127/250,2231/6500
127/250,431/650
127/250,2231/6500
1087/1625,4047/6500
1087/1625,431/650
1087/1625,2231/6500
1087/1625,431/650
1087/1625,2231/6500
253/650,4047/6500
253/650,431/650
253/650,2231/6500
253/650,431/650
253/650,2231/6500
1087/1625,4047/6500
1087/1625,431/650
1087/1625,2231/6500
1087/1625,431/650
1087/1625,2231/6500
253/650,4047/6500
253/650,431/650
253/650,2231/6500
253/650,431/650
253/650,2231/6500
