12
1,1
1,497/500
1,497/1000
1,0
71/100,1
71/100,497/500
71/100,497/1000
71/100,0
0,1
0,497/500
0,497/1000
0,0
6
4 5 1 0 4
4 6 2 1 5
4 7 3 2 6
4 9 5 4 8
4 10 6 5 9
4 11 7 6 10
-249108104439/858993459100,900003/100000000
-249108104439/858993459100,300003/100000000
-249108104439/858993459100,50000003/100000000
-249108104439/858993459100,300003/100000000
-13/8589934591,900003/100000000
-13/8589934591,300003/100000000
-13/8589934591,50000003/100000000
-13/8589934591,300003/100000000
-609885357261/858993459100,900003/100000000
-609885357261/858993459100,300003/100000000
-609885357261/858993459100,50000003/100000000
-609885357261/858993459100,300003/100000000
