9
1,1
1,1448878731837798056133881/1455555882176865690311000
1,0
801/1400,1
801/1400,1448878731837798056133881/1455555882176865690311000
801/1400,0
0,1
0,1448878731837798056133881/1455555882176865690311000
0,0
4
4 4 1 0 3
4 5 2 1 4
4 7 4 3 6
4 8 5 4 7
901/700,2042400073895313952253143/4366667646530597070933000
901/700,4017495269/8506011666
901/700,-2284204670600877313617143/4366667646530597070933000
343/200,2042400073895313952253143/4366667646530597070933000
343/200,4017495269/8506011666
343/200,-2284204670600877313617143/4366667646530597070933000
8/7,2042400073895313952253143/4366667646530597070933000
8/7,4017495269/8506011666
8/7,-2284204670600877313617143/4366667646530597070933000
