16
1,1
1,629/750
1,629/1500
1,0
1147/1500,1
1147/1500,629/750
1147/1500,629/1500
1147/1500,0
1147/3000,1
1147/3000,629/750
1147/3000,629/1500
1147/3000,0
0,1
0,629/750
0,629/1500
0,0
9
4 5 1 0 4
4 6 2 1 5
4 7 3 2 6
4 9 5 4 8
4 10 6 5 9
4 11 7 6 10
4 13 9 8 12
4 14 10 9 13
4 15 11 10 14
15209/3000,6317/1500
15209/3000,81/20
15209/3000,1676/375
15209/3000,81/20
14503/3000,6317/1500
14503/3000,81/20
14503/3000,1676/375
14503/3000,81/20
313/60,6317/1500
313/60,81/20
313/60,1676/375
313/60,81/20
14503/3000,6317/1500
14503/3000,81/20
14503/3000,1676/375
14503/3000,81/20
