16
1,1
1,221/250
1,221/500
1,0
403/500,1
403/500,221/250
403/500,221/500
403/500,0
403/1000,1
403/1000,221/250
403/1000,221/500
403/1000,0
0,1
0,221/250
0,221/500
0,0
9
4 5 1 0 4
4 6 2 1 5
4 7 3 2 6
4 9 5 4 8
4 10 6 5 9
4 11 7 6 10
4 13 9 8 12
4 14 10 9 13
4 15 11 10 14
5341/1000,552/125
5341/1000,43/10
5341/1000,2371/500
5341/1000,43/10
5147/1000,552/125
5147/1000,43/10
5147/1000,2371/500
5147/1000,43/10
111/20,552/125
111/20,43/10
111/20,2371/500
111/20,43/10
5147/1000,552/125
5147/1000,43/10
5147/1000,2371/500
5147/1000,43/10
