16
1,1
1,1343/1500
1,1343/3000
1,0
2449/3000,1
2449/3000,1343/1500
2449/3000,1343/3000
2449/3000,0
2449/6000,1
2449/6000,1343/1500
2449/6000,1343/3000
2449/6000,0
0,1
0,1343/1500
0,1343/3000
0,0
9
4 5 1 0 4
4 6 2 1 5
4 7 3 2 6
4 9 5 4 8
4 10 6 5 9
4 11 7 6 10
4 13 9 8 12
4 14 10 9 13
4 15 11 10 14
12651/2000,1933/375
12651/2000,101/20
12651/2000,16493/3000
12651/2000,101/20
36851/6000,1933/375
36851/6000,101/20
36851/6000,16493/3000
36851/6000,101/20
131/20,1933/375
131/20,101/20
131/20,16493/3000
131/20,101/20
36851/6000,1933/375
36851/6000,101/20
36851/6000,16493/3000
36851/6000,101/20
