176
1,1
1,238/247
1,17/19
1,204/247
1,187/247
1,170/247
1,153/247
1,136/247
1,119/247
1,102/247
1,85/247
1,68/247
1,51/247
1,34/247
1,17/247
1,0
42/43,1
42/43,238/247
42/43,17/19
42/43,204/247
42/43,187/247
42/43,170/247
42/43,153/247
42/43,136/247
42/43,119/247
42/43,102/247
42/43,85/247
42/43,68/247
42/43,51/247
42/43,34/247
42/43,17/247
42/43,0
112/129,1
112/129,238/247
112/129,17/19
112/129,204/247
112/129,187/247
112/129,170/247
112/129,153/247
112/129,136/247
112/129,119/247
112/129,102/247
112/129,85/247
112/129,68/247
112/129,51/247
112/129,34/247
112/129,17/247
112/129,0
98/129,1
98/129,238/247
98/129,17/19
98/129,204/247
98/129,187/247
98/129,170/247
98/129,153/247
98/129,136/247
98/129,119/247
98/129,102/247
98/129,85/247
98/129,68/247
98/129,51/247
98/129,34/247
98/129,17/247
98/129,0
28/43,1
28/43,238/247
28/43,17/19
28/43,204/247
28/43,187/247
28/43,170/247
28/43,153/247
28/43,136/247
28/43,119/247
28/43,102/247
28/43,85/247
28/43,68/247
28/43,51/247
28/43,34/247
28/43,17/247
28/43,0
70/129,1
70/129,238/247
70/129,17/19
70/129,204/247
70/129,187/247
70/129,170/247
70/129,153/247
70/129,136/247
70/129,119/247
70/129,102/247
70/129,85/247
70/129,68/247
70/129,51/247
70/129,34/247
70/129,17/247
70/129,0
56/129,1
56/129,238/247
56/129,17/19
56/129,204/247
56/129,187/247
56/129,170/247
56/129,153/247
56/129,136/247
56/129,119/247
56/129,102/247
56/129,85/247
56/129,68/247
56/129,51/247
56/129,34/247
56/129,17/247
56/129,0
14/43,1
14/43,238/247
14/43,17/19
14/43,204/247
14/43,187/247
14/43,170/247
14/43,153/247
14/43,136/247
14/43,119/247
14/43,102/247
14/43,85/247
14/43,68/247
14/43,51/247
14/43,34/247
14/43,17/247
14/43,0
28/129,1
28/129,238/247
28/129,17/19
28/129,204/247
28/129,187/247
28/129,170/247
28/129,153/247
28/129,136/247
28/129,119/247
28/129,102/247
28/129,85/247
28/129,68/247
28/129,51/247
28/129,34/247
28/129,17/247
28/129,0
14/129,1
14/129,238/247
14/129,17/19
14/129,204/247
14/129,187/247
14/129,170/247
14/129,153/247
14/129,136/247
14/129,119/247
14/129,102/247
14/129,85/247
14/129,68/247
14/129,51/247
14/129,34/247
14/129,17/247
14/129,0
0,1
0,238/247
0,17/19
0,204/247
0,187/247
0,170/247
0,153/247
0,136/247
0,119/247
0,102/247
0,85/247
0,68/247
0,51/247
0,34/247
0,17/247
0,0
150
4 17 1 0 16
4 18 2 1 17
4 19 3 2 18
4 20 4 3 19
4 21 5 4 20
4 22 6 5 21
4 23 7 6 22
4 24 8 7 23
4 25 9 8 24
4 26 10 9 25
4 27 11 10 26
4 28 12 11 27
4 29 13 12 28
4 30 14 13 29
4 31 15 14 30
4 33 17 16 32
4 34 18 17 33
4 35 19 18 34
4 36 20 19 35
4 37 21 20 36
4 38 22 21 37
4 39 23 22 38
4 40 24 23 39
4 41 25 24 40
4 42 26 25 41
4 43 27 26 42
4 44 28 27 43
4 45 29 28 44
4 46 30 29 45
4 47 31 30 46
4 49 33 32 48
4 50 34 33 49
4 51 35 34 50
4 52 36 35 51
4 53 37 36 52
4 54 38 37 53
4 55 39 38 54
4 56 40 39 55
4 57 41 40 56
4 58 42 41 57
4 59 43 42 58
4 60 44 43 59
4 61 45 44 60
4 62 46 45 61
4 63 47 46 62
4 65 49 48 64
4 66 50 49 65
4 67 51 50 66
4 68 52 51 67
4 69 53 52 68
4 70 54 53 69
4 71 55 54 70
4 72 56 55 71
4 73 57 56 72
4 74 58 57 73
4 75 59 58 74
4 76 60 59 75
4 77 61 60 76
4 78 62 61 77
4 79 63 62 78
4 81 65 64 80
4 82 66 65 81
4 83 67 66 82
4 84 68 67 83
4 85 69 68 84
4 86 70 69 85
4 87 71 70 86
4 88 72 71 87
4 89 73 72 88
4 90 74 73 89
4 91 75 74 90
4 92 76 75 91
4 93 77 76 92
4 94 78 77 93
4 95 79 78 94
4 97 81 80 96
4 98 82 81 97
4 99 83 82 98
4 100 84 83 99
4 101 85 84 100
4 102 86 85 101
4 103 87 86 102
4 104 88 87 103
4 105 89 88 104
4 106 90 89 105
4 107 91 90 106
4 108 92 91 107
4 109 93 92 108
4 110 94 93 109
4 111 95 94 110
4 113 97 96 112
4 114 98 97 113
4 115 99 98 114
4 116 100 99 115
4 117 101 100 116
4 118 102 101 117
4 119 103 102 118
4 120 104 103 119
4 121 105 104 120
4 122 106 105 121
4 123 107 106 122
4 124 108 107 123
4 125 109 108 124
4 126 110 109 125
4 127 111 110 126
4 129 113 112 128
4 130 114 113 129
4 131 115 114 130
4 132 116 115 131
4 133 117 116 132
4 134 118 117 133
4 135 119 118 134
4 136 120 119 135
4 137 121 120 136
4 138 122 121 137
4 139 123 122 138
4 140 124 123 139
4 141 125 124 140
4 142 126 125 141
4 143 127 126 142
4 145 129 128 144
4 146 130 129 145
4 147 131 130 146
4 148 132 131 147
4 149 133 132 148
4 150 134 133 149
4 151 135 134 150
4 152 136 135 151
4 153 137 136 152
4 154 138 137 153
4 155 139 138 154
4 156 140 139 155
4 157 141 140 156
4 158 142 141 157
4 159 143 142 158
4 161 145 144 160
4 162 146 145 161
4 163 147 146 162
4 164 148 147 163
4 165 149 148 164
4 166 150 149 165
4 167 151 150 166
4 168 152 151 167
4 169 153 152 168
4 170 154 153 169
4 171 155 154 170
4 172 156 155 171
4 173 157 156 172
4 174 158 157 173
4 175 159 158 174
11/129,9/247
11/129,0
11/129,17/247
11/129,0
11/129,17/247
11/129,0
11/129,17/247
11/129,0
11/129,17/247
11/129,0
11/129,17/247
11/129,0
11/129,17/247
11/129,0
11/129,17/247
11/129,0
14/129,9/247
14/129,0
14/129,17/247
14/129,0
14/129,17/247
14/129,0
14/129,17/247
14/129,0
14/129,17/247
14/129,0
14/129,17/247
14/129,0
14/129,17/247
14/129,0
14/129,17/247
14/129,0
0,9/247
0,0
0,17/247
0,0
0,17/247
0,0
0,17/247
0,0
0,17/247
0,0
0,17/247
0,0
0,17/247
0,0
0,17/247
0,0
14/129,9/247
14/129,0
14/129,17/247
14/129,0
14/129,17/247
14/129,0
14/129,17/247
14/129,0
14/129,17/247
14/129,0
14/129,17/247
14/129,0
14/129,17/247
14/129,0
14/129,17/247
14/129,0
0,9/247
0,0
0,17/247
0,0
0,17/247
0,0
0,17/247
0,0
0,17/247
0,0
0,17/247
0,0
0,17/247
0,0
0,17/247
0,0
14/129,9/247
14/129,0
14/129,17/247
14/129,0
14/129,17/247
14/129,0
14/129,17/247
14/129,0
14/129,17/247
14/129,0
14/129,17/247
14/129,0
14/129,17/247
14/129,0
14/129,17/247
14/129,0
0,9/247
0,0
0,17/247
0,0
0,17/247
0,0
0,17/247
0,0
0,17/247
0,0
0,17/247
0,0
0,17/247
0,0
0,17/247
0,0
14/129,9/247
14/129,0
14/129,17/247
14/129,0
14/129,17/247
14/129,0
14/129,17/247
14/129,0
14/129,17/247
14/129,0
14/129,17/247
14/129,0
14/129,17/247
14/129,0
14/129,17/247
14/129,0
0,9/247
0,0
0,17/247
0,0
0,17/247
0,0
0,17/247
0,0
0,17/247
0,0
0,17/247
0,0
0,17/247
0,0
0,17/247
0,0
14/129,9/247
14/129,0
14/129,17/247
14/129,0
14/129,17/247
14/129,0
14/129,17/247
14/129,0
14/129,17/247
14/129,0
14/129,17/247
14/129,0
14/129,17/247
14/129,0
14/129,17/247
14/129,0
0,9/247
0,0
0,17/247
0,0
0,17/247
0,0
0,17/247
0,0
0,17/247
0,0
0,17/247
0,0
0,17/247
0,0
0,17/247
0,0
