12
1,1
1,795755903090226465758071772/855563314325354035597168375
1,0
454432305610279705659/480958436086382069900,1
454432305610279705659/480958436086382069900,795755903090226465758071772/855563314325354035597168375
454432305610279705659/480958436086382069900,0
454432305610279705659/961916872172764139800,1
454432305610279705659/961916872172764139800,795755903090226465758071772/855563314325354035597168375
454432305610279705659/961916872172764139800,0
0,1
0,795755903090226465758071772/855563314325354035597168375
0,0
6
4 4 1 0 3
4 5 2 1 4
4 7 4 3 6
4 8 5 4 7
4 10 7 6 9
4 11 8 7 10
-70373426020172416433/412250088074041774200,3351087502261421104497952816/2566689942976062106791505125
-70373426020172416433/412250088074041774200,15418360751599031203/11209189164711079503
-70373426020172416433/412250088074041774200,87941694361240339749309793/197437687921235546676269625
-651770764997821100477/2885750616518292419400,3351087502261421104497952816/2566689942976062106791505125
-651770764997821100477/2885750616518292419400,15418360751599031203/11209189164711079503
-651770764997821100477/2885750616518292419400,87941694361240339749309793/197437687921235546676269625
807435835/3274733406,3351087502261421104497952816/2566689942976062106791505125
807435835/3274733406,15418360751599031203/11209189164711079503
807435835/3274733406,87941694361240339749309793/197437687921235546676269625
-651770764997821100477/2885750616518292419400,3351087502261421104497952816/2566689942976062106791505125
-651770764997821100477/2885750616518292419400,15418360751599031203/11209189164711079503
-651770764997821100477/2885750616518292419400,87941694361240339749309793/197437687921235546676269625
