20
1,1
1,171/250
1,171/500
1,0
81/100,1
81/100,171/250
81/100,171/500
81/100,0
27/50,1
27/50,171/250
27/50,171/500
27/50,0
27/100,1
27/100,171/250
27/100,171/500
27/100,0
0,1
0,171/250
0,171/500
0,0
12
4 5 1 0 4
4 6 2 1 5
4 7 3 2 6
4 9 5 4 8
4 10 6 5 9
4 11 7 6 10
4 13 9 8 12
4 14 10 9 13
4 15 11 10 14
4 17 13 12 16
4 18 14 13 17
4 19 15 14 18
23/50,237/500
23/50,79/500
23/50,1/2
23/50,79/500
13/20,237/500
13/20,79/500
13/20,1/2
13/20,79/500
19/50,237/500
19/50,79/500
19/50,1/2
19/50,79/500
13/20,237/500
13/20,79/500
13/20,1/2
13/20,79/500
19/50,237/500
19/50,79/500
19/50,1/2
19/50,79/500
