9
1,1
1,53201005413985724358/99831012279050744375
1,0
28391837/37781200,1
28391837/37781200,53201005413985724358/99831012279050744375
28391837/37781200,0
0,1
0,53201005413985724358/99831012279050744375
0,0
4
4 4 1 0 3
4 5 2 1 4
4 7 4 3 6
4 8 5 4 7
31160287/18890600,-79887640373858340044/299493036837152233125
31160287/18890600,18422591409682751/91953649627618125
31160287/18890600,-99600636020620453067/299493036837152233125
71709937/37781200,-79887640373858340044/299493036837152233125
71709937/37781200,18422591409682751/91953649627618125
71709937/37781200,-99600636020620453067/299493036837152233125
133/116,-79887640373858340044/299493036837152233125
133/116,18422591409682751/91953649627618125
133/116,-99600636020620453067/299493036837152233125
