20
1,1
1,34/45
1,17/45
1,0
119/120,1
119/120,34/45
119/120,17/45
119/120,0
119/180,1
119/180,34/45
119/180,17/45
119/180,0
119/360,1
119/360,34/45
119/360,17/45
119/360,0
0,1
0,34/45
0,17/45
0,0
12
4 5 1 0 4
4 6 2 1 5
4 7 3 2 6
4 9 5 4 8
4 10 6 5 9
4 11 7 6 10
4 13 9 8 12
4 14 10 9 13
4 15 11 10 14
4 17 13 12 16
4 18 14 13 17
4 19 15 14 18
59/120,19/45
59/120,8/45
59/120,5/9
59/120,8/45
1/2,19/45
1/2,8/45
1/2,5/9
1/2,8/45
61/360,19/45
61/360,8/45
61/360,5/9
61/360,8/45
1/2,19/45
1/2,8/45
1/2,5/9
1/2,8/45
61/360,19/45
61/360,8/45
61/360,5/9
61/360,8/45
