15
1,1
1,60534/61625
1,40356/61625
1,20178/61625
1,0
40842/61625,1
40842/61625,60534/61625
40842/61625,40356/61625
40842/61625,20178/61625
40842/61625,0
0,1
0,60534/61625
0,40356/61625
0,20178/61625
0,0
8
4 6 1 0 5
4 7 2 1 6
4 8 3 2 7
4 9 4 3 8
4 11 6 5 10
4 12 7 6 11
4 13 8 7 12
4 14 9 8 13
650017/61625,1051609/61625
650017/61625,1452/85
650017/61625,1032522/61625
650017/61625,1452/85
650017/61625,1032522/61625
26832/2465,1051609/61625
26832/2465,1452/85
26832/2465,1032522/61625
26832/2465,1452/85
26832/2465,1032522/61625
629958/61625,1051609/61625
629958/61625,1452/85
629958/61625,1032522/61625
629958/61625,1452/85
629958/61625,1032522/61625
