20
1,1
1,1216839/1360000
1,405613/680000
1,405613/1360000
1,0
8364123/8937500,1
8364123/8937500,1216839/1360000
8364123/8937500,405613/680000
8364123/8937500,405613/1360000
8364123/8937500,0
8364123/17875000,1
8364123/17875000,1216839/1360000
8364123/17875000,405613/680000
8364123/17875000,405613/1360000
8364123/17875000,0
0,1
0,1216839/1360000
0,405613/680000
0,405613/1360000
0,0
12
4 6 1 0 5
4 7 2 1 6
4 8 3 2 7
4 9 4 3 8
4 11 6 5 10
4 12 7 6 11
4 13 8 7 12
4 14 9 8 13
4 16 11 10 15
4 17 12 11 16
4 18 13 12 17
4 19 14 13 18
26098731/17875000,291901/680000
26098731/17875000,726963/1360000
26098731/17875000,6427/27200
26098731/17875000,726963/1360000
26098731/17875000,6427/27200
24951977/17875000,291901/680000
24951977/17875000,726963/1360000
24951977/17875000,6427/27200
24951977/17875000,726963/1360000
24951977/17875000,6427/27200
333161/178750,291901/680000
333161/178750,726963/1360000
333161/178750,6427/27200
333161/178750,726963/1360000
333161/178750,6427/27200
24951977/17875000,291901/680000
24951977/17875000,726963/1360000
24951977/17875000,6427/27200
24951977/17875000,726963/1360000
24951977/17875000,6427/27200
