15
1,1
1,29589/31450
1,9863/15725
1,9863/31450
1,0
4039/6290,1
4039/6290,29589/31450
4039/6290,9863/15725
4039/6290,9863/31450
4039/6290,0
0,1
0,29589/31450
0,9863/15725
0,9863/31450
0,0
8
4 6 1 0 5
4 7 2 1 6
4 8 3 2 7
4 9 4 3 8
4 11 6 5 10
4 12 7 6 11
4 13 8 7 12
4 14 9 8 13
66197/6290,535379/31450
66197/6290,1452/85
66197/6290,527377/31450
66197/6290,1452/85
66197/6290,527377/31450
34224/3145,535379/31450
34224/3145,1452/85
34224/3145,527377/31450
34224/3145,1452/85
34224/3145,527377/31450
64409/6290,535379/31450
64409/6290,1452/85
64409/6290,527377/31450
64409/6290,1452/85
64409/6290,527377/31450
