9
1,1
1,65217037341295041808489620252500626140425749064902097270592835984627296447655867753084206891687193920369821488296427585780522254451494060325664320957/81978329434244574303471273764561307479812042814590658963869979598032050930024131467602599294833113129440410394658051284273459490800691377282521701875
1,0
333630025476696519102324665323749283816631411821384554295549464244084941113473235111026844443907966486845234612896167537001470427763876985691488703416721596200327588627907570226056333/422216680830959255195327404695836516969065617046192745906392849394804578800250449508852494303332702386924527734889975203085835106227889500999211562031962301585713895817946204694715000,1
333630025476696519102324665323749283816631411821384554295549464244084941113473235111026844443907966486845234612896167537001470427763876985691488703416721596200327588627907570226056333/422216680830959255195327404695836516969065617046192745906392849394804578800250449508852494303332702386924527734889975203085835106227889500999211562031962301585713895817946204694715000,65217037341295041808489620252500626140425749064902097270592835984627296447655867753084206891687193920369821488296427585780522254451494060325664320957/81978329434244574303471273764561307479812042814590658963869979598032050930024131467602599294833113129440410394658051284273459490800691377282521701875
333630025476696519102324665323749283816631411821384554295549464244084941113473235111026844443907966486845234612896167537001470427763876985691488703416721596200327588627907570226056333/422216680830959255195327404695836516969065617046192745906392849394804578800250449508852494303332702386924527734889975203085835106227889500999211562031962301585713895817946204694715000,0
0,1
0,65217037341295041808489620252500626140425749064902097270592835984627296447655867753084206891687193920369821488296427585780522254451494060325664320957/81978329434244574303471273764561307479812042814590658963869979598032050930024131467602599294833113129440410394658051284273459490800691377282521701875
0,0
4
4 4 1 0 3
4 5 2 1 4
4 7 4 3 6
4 8 5 4 7
638327988138693133913007233614044979895142342845628624198152013208491538386694705809402857405331728309999430867628598190391800056050082447153311389348520700508796300990767911524519541/422216680830959255195327404695836516969065617046192745906392849394804578800250449508852494303332702386924527734889975203085835106227889500999211562031962301585713895817946204694715000,38026873899905291359916455890818246555378042076900001335569646415068818864600591455043291232233776269857483333402602682064385516385067575316702167207/81978329434244574303471273764561307479812042814590658963869979598032050930024131467602599294833113129440410394658051284273459490800691377282521701875
638327988138693133913007233614044979895142342845628624198152013208491538386694705809402857405331728309999430867628598190391800056050082447153311389348520700508796300990767911524519541/422216680830959255195327404695836516969065617046192745906392849394804578800250449508852494303332702386924527734889975203085835106227889500999211562031962301585713895817946204694715000,36150265161144773/54090847773625227
638327988138693133913007233614044979895142342845628624198152013208491538386694705809402857405331728309999430867628598190391800056050082447153311389348520700508796300990767911524519541/422216680830959255195327404695836516969065617046192745906392849394804578800250449508852494303332702386924527734889975203085835106227889500999211562031962301585713895817946204694715000,-192802882145347890145674781940519104808098499239835185590072624698346096742452691979081024322467380637992241134069297040959668179616/1515567472289042627120341852770589547480447574082212585854293448284277986560033226767440803974270266941522897074837898342659607405625
31175320832510787173523761387163805440498059582404540260354178493693380838090841381051281134741286006186039137217512363881955230868388/18107683761182223153761730864468012430429126028544872493196026750848663991905063912289081978552156431294166801545886748667929194318125,38026873899905291359916455890818246555378042076900001335569646415068818864600591455043291232233776269857483333402602682064385516385067575316702167207/81978329434244574303471273764561307479812042814590658963869979598032050930024131467602599294833113129440410394658051284273459490800691377282521701875
31175320832510787173523761387163805440498059582404540260354178493693380838090841381051281134741286006186039137217512363881955230868388/18107683761182223153761730864468012430429126028544872493196026750848663991905063912289081978552156431294166801545886748667929194318125,36150265161144773/54090847773625227
31175320832510787173523761387163805440498059582404540260354178493693380838090841381051281134741286006186039137217512363881955230868388/18107683761182223153761730864468012430429126028544872493196026750848663991905063912289081978552156431294166801545886748667929194318125,-192802882145347890145674781940519104808098499239835185590072624698346096742452691979081024322467380637992241134069297040959668179616/1515567472289042627120341852770589547480447574082212585854293448284277986560033226767440803974270266941522897074837898342659607405625
21719211755804509139744289463406463361210138598655/23316989980577911846868807148605605283828918493016,38026873899905291359916455890818246555378042076900001335569646415068818864600591455043291232233776269857483333402602682064385516385067575316702167207/81978329434244574303471273764561307479812042814590658963869979598032050930024131467602599294833113129440410394658051284273459490800691377282521701875
21719211755804509139744289463406463361210138598655/23316989980577911846868807148605605283828918493016,36150265161144773/54090847773625227
21719211755804509139744289463406463361210138598655/23316989980577911846868807148605605283828918493016,-192802882145347890145674781940519104808098499239835185590072624698346096742452691979081024322467380637992241134069297040959668179616/1515567472289042627120341852770589547480447574082212585854293448284277986560033226767440803974270266941522897074837898342659607405625
