20
1,1
1,24/35
1,12/35
1,0
3993/4375,1
3993/4375,24/35
3993/4375,12/35
3993/4375,0
2662/4375,1
2662/4375,24/35
2662/4375,12/35
2662/4375,0
1331/4375,1
1331/4375,24/35
1331/4375,12/35
1331/4375,0
0,1
0,24/35
0,12/35
0,0
12
4 5 1 0 4
4 6 2 1 5
4 7 3 2 6
4 9 5 4 8
4 10 6 5 9
4 11 7 6 10
4 13 9 8 12
4 14 10 9 13
4 15 11 10 14
4 17 13 12 16
4 18 14 13 17
4 19 15 14 18
999/4375,11/35
999/4375,0
999/4375,12/35
999/4375,0
1381/4375,11/35
1381/4375,0
1381/4375,12/35
1381/4375,0
2/175,11/35
2/175,0
2/175,12/35
2/175,0
1381/4375,11/35
1381/4375,0
1381/4375,12/35
1381/4375,0
2/175,11/35
2/175,0
2/175,12/35
2/175,0
