9
1,1
1,28230199395632638501545996084297793587/31267691942139765513948985803970957300
1,0
28230199395632638501545996084297793587/31267691942139765513948985803970957300,1
28230199395632638501545996084297793587/31267691942139765513948985803970957300,28230199395632638501545996084297793587/31267691942139765513948985803970957300
28230199395632638501545996084297793587/31267691942139765513948985803970957300,0
0,1
0,28230199395632638501545996084297793587/31267691942139765513948985803970957300
0,0
4
4 4 1 0 3
4 5 2 1 4
4 7 4 3 6
4 8 5 4 7
15658076417104332452812696349517268117760799/62535383884279531027897971607941914600,19688287228828683331433133556753994989602599/62535383884279531027897971607941914600
15658076417104332452812696349517268117760799/62535383884279531027897971607941914600,787531732152551053827486334509337373437201/2501415355371181241115918864317676584
15658076417104332452812696349517268117760799/62535383884279531027897971607941914600,19688236843414985080410155270741265740342851/62535383884279531027897971607941914600
626323299683577018682668846219868298563529/2501415355371181241115918864317676584,19688287228828683331433133556753994989602599/62535383884279531027897971607941914600
626323299683577018682668846219868298563529/2501415355371181241115918864317676584,787531732152551053827486334509337373437201/2501415355371181241115918864317676584
626323299683577018682668846219868298563529/2501415355371181241115918864317676584,19688236843414985080410155270741265740342851/62535383884279531027897971607941914600
15658026031690634201789718063504538868501051/62535383884279531027897971607941914600,19688287228828683331433133556753994989602599/62535383884279531027897971607941914600
15658026031690634201789718063504538868501051/62535383884279531027897971607941914600,787531732152551053827486334509337373437201/2501415355371181241115918864317676584
15658026031690634201789718063504538868501051/62535383884279531027897971607941914600,19688236843414985080410155270741265740342851/62535383884279531027897971607941914600
