16
1,1
1,2409/3200
1,2409/6400
1,0
2409/3200,1
2409/3200,2409/3200
2409/3200,2409/6400
2409/3200,0
2409/6400,1
2409/6400,2409/3200
2409/6400,2409/6400
2409/6400,0
0,1
0,2409/3200
0,2409/6400
0,0
9
4 5 1 0 4
4 6 2 1 5
4 7 3 2 6
4 9 5 4 8
4 10 6 5 9
4 11 7 6 10
4 13 9 8 12
4 14 10 9 13
4 15 11 10 14
2473/6400,791/3200
2473/6400,0
2473/6400,2409/6400
2473/6400,0
891/6400,791/3200
891/6400,0
891/6400,2409/6400
891/6400,0
33/64,791/3200
33/64,0
33/64,2409/6400
33/64,0
891/6400,791/3200
891/6400,0
891/6400,2409/6400
891/6400,0
