20
1,1
1,141/160
1,47/80
1,47/160
1,0
329/400,1
329/400,141/160
329/400,47/80
329/400,47/160
329/400,0
329/800,1
329/800,141/160
329/800,47/80
329/800,47/160
329/800,0
0,1
0,141/160
0,47/80
0,47/160
0,0
12
4 6 1 0 5
4 7 2 1 6
4 8 3 2 7
4 9 4 3 8
4 11 6 5 10
4 12 7 6 11
4 13 8 7 12
4 14 9 8 13
4 16 11 10 15
4 17 12 11 16
4 18 13 12 17
4 19 14 13 18
163/800,31/160
163/800,5/16
163/800,3/160
163/800,5/16
163/800,3/160
21/800,31/160
21/800,5/16
21/800,3/160
21/800,5/16
21/800,3/160
7/16,31/160
7/16,5/16
7/16,3/160
7/16,5/16
7/16,3/160
21/800,31/160
21/800,5/16
21/800,3/160
21/800,5/16
21/800,3/160
