16
1,1
1,382344/525625
1,191172/525625
1,0
5898119/8352000,1
5898119/8352000,382344/525625
5898119/8352000,191172/525625
5898119/8352000,0
5898119/16704000,1
5898119/16704000,382344/525625
5898119/16704000,191172/525625
5898119/16704000,0
0,1
0,382344/525625
0,191172/525625
0,0
9
4 5 1 0 4
4 6 2 1 5
4 7 3 2 6
4 9 5 4 8
4 10 6 5 9
4 11 7 6 10
4 13 9 8 12
4 14 10 9 13
4 15 11 10 14
12654443/16704000,143281/525625
12654443/16704000,0
12654443/16704000,191172/525625
12654443/16704000,0
2582227/5568000,143281/525625
2582227/5568000,0
2582227/5568000,191172/525625
2582227/5568000,0
1066/1305,143281/525625
1066/1305,0
1066/1305,191172/525625
1066/1305,0
2582227/5568000,143281/525625
2582227/5568000,0
2582227/5568000,191172/525625
2582227/5568000,0
