16
1,1
1,2511/3400
1,2511/6800
1,0
1539/1700,1
1539/1700,2511/3400
1539/1700,2511/6800
1539/1700,0
1539/3400,1
1539/3400,2511/3400
1539/3400,2511/6800
1539/3400,0
0,1
0,2511/3400
0,2511/6800
0,0
9
4 5 1 0 4
4 6 2 1 5
4 7 3 2 6
4 9 5 4 8
4 10 6 5 9
4 11 7 6 10
4 13 9 8 12
4 14 10 9 13
4 15 11 10 14
-589/1700,9917/6800
-589/1700,8139/6800
-589/1700,213/136
-589/1700,8139/6800
-15/34,9917/6800
-15/34,8139/6800
-15/34,213/136
-15/34,8139/6800
39/3400,9917/6800
39/3400,8139/6800
39/3400,213/136
39/3400,8139/6800
-15/34,9917/6800
-15/34,8139/6800
-15/34,213/136
-15/34,8139/6800
