30
1,1
1,1488/1625
1,1116/1625
1,744/1625
1,372/1625
1,0
1512/1625,1
1512/1625,1488/1625
1512/1625,1116/1625
1512/1625,744/1625
1512/1625,372/1625
1512/1625,0
1008/1625,1
1008/1625,1488/1625
1008/1625,1116/1625
1008/1625,744/1625
1008/1625,372/1625
1008/1625,0
504/1625,1
504/1625,1488/1625
504/1625,1116/1625
504/1625,744/1625
504/1625,372/1625
504/1625,0
0,1
0,1488/1625
0,1116/1625
0,744/1625
0,372/1625
0,0
20
4 7 1 0 6
4 8 2 1 7
4 9 3 2 8
4 10 4 3 9
4 11 5 4 10
4 13 7 6 12
4 14 8 7 13
4 15 9 8 14
4 16 10 9 15
4 17 11 10 16
4 19 13 12 18
4 20 14 13 19
4 21 15 14 20
4 22 16 15 21
4 23 17 16 22
4 25 19 18 24
4 26 20 19 25
4 27 21 20 26
4 28 22 21 27
4 29 23 22 28
516/1625,249/3250
516/1625,-1/130
516/1625,719/3250
516/1625,-1/130
516/1625,719/3250
516/1625,-1/130
629/1625,249/3250
629/1625,-1/130
629/1625,719/3250
629/1625,-1/130
629/1625,719/3250
629/1625,-1/130
1/13,249/3250
1/13,-1/130
1/13,719/3250
1/13,-1/130
1/13,719/3250
1/13,-1/130
629/1625,249/3250
629/1625,-1/130
629/1625,719/3250
629/1625,-1/130
629/1625,719/3250
629/1625,-1/130
1/13,249/3250
1/13,-1/130
1/13,719/3250
1/13,-1/130
1/13,719/3250
1/13,-1/130
