9
1,1
1,35699750285411439/48933586489830250
1,0
7755863958191061/9760861282560050,1
7755863958191061/9760861282560050,35699750285411439/48933586489830250
7755863958191061/9760861282560050,0
0,1
0,35699750285411439/48933586489830250
0,0
4
4 4 1 0 3
4 5 2 1 4
4 7 4 3 6
4 8 5 4 7
-753396600634817/29282583847680150,34079185554556439/48933586489830250
-753396600634817/29282583847680150,4166620881/4309335901
-753396600634817/29282583847680150,11613271473563811/48933586489830250
105231907449443/585651676953603,34079185554556439/48933586489830250
105231907449443/585651676953603,4166620881/4309335901
105231907449443/585651676953603,11613271473563811/48933586489830250
-18005996502101033/29282583847680150,34079185554556439/48933586489830250
-18005996502101033/29282583847680150,4166620881/4309335901
-18005996502101033/29282583847680150,11613271473563811/48933586489830250
