9
1,1
1,115968869/119464900
1,0
128715449/238929800,1
128715449/238929800,115968869/119464900
128715449/238929800,0
0,1
0,115968869/119464900
0,0
4
4 4 1 0 3
4 5 2 1 4
4 7 4 3 6
4 8 5 4 7
-12725255512861980013190053/11274366487817093720317800,330156071978194775110407/469765270325712238346575
-12725255512861980013190053/11274366487817093720317800,55024531652125316904197/75162443252113958135452
-12725255512861980013190053/11274366487817093720317800,-224229393304681104309039/939530540651424476693150
-3762288691586608118921321/5637183243908546860158900,330156071978194775110407/469765270325712238346575
-3762288691586608118921321/5637183243908546860158900,55024531652125316904197/75162443252113958135452
-3762288691586608118921321/5637183243908546860158900,-224229393304681104309039/939530540651424476693150
-13598265741301546182813031/11274366487817093720317800,330156071978194775110407/469765270325712238346575
-13598265741301546182813031/11274366487817093720317800,55024531652125316904197/75162443252113958135452
-13598265741301546182813031/11274366487817093720317800,-224229393304681104309039/939530540651424476693150
