9
1,1
1,144774123/151044100
1,0
5576971083/7552205000,1
5576971083/7552205000,144774123/151044100
5576971083/7552205000,0
0,1
0,144774123/151044100
0,0
4
4 4 1 0 3
4 5 2 1 4
4 7 4 3 6
4 8 5 4 7
11102973893655080744898293/19293297680430031785933750,21095855831826411300229/77173190721720127143735
11102973893655080744898293/19293297680430031785933750,485987693486838644965439/1543463814434402542874700
11102973893655080744898293/19293297680430031785933750,-496702772048626739474201/771731907217201271437350
64596080696270397853866011/77173190721720127143735000,21095855831826411300229/77173190721720127143735
64596080696270397853866011/77173190721720127143735000,485987693486838644965439/1543463814434402542874700
64596080696270397853866011/77173190721720127143735000,-496702772048626739474201/771731907217201271437350
152141501924006911688077/1543463814434402542874700,21095855831826411300229/77173190721720127143735
152141501924006911688077/1543463814434402542874700,485987693486838644965439/1543463814434402542874700
152141501924006911688077/1543463814434402542874700,-496702772048626739474201/771731907217201271437350
