9
1,1
1,485263256/540900375
1,0
270022628/324540225,1
270022628/324540225,485263256/540900375
270022628/324540225,0
0,1
0,485263256/540900375
0,0
4
4 4 1 0 3
4 5 2 1 4
4 7 4 3 6
4 8 5 4 7
180998575639841131/14938190825640876180,20417420574067657363/124484923547007301500
180998575639841131/14938190825640876180,33221964303753086639/124484923547007301500
180998575639841131/14938190825640876180,-5230561034237919039/8298994903133820100
1494653938342431827/8298994903133820100,20417420574067657363/124484923547007301500
1494653938342431827/8298994903133820100,33221964303753086639/124484923547007301500
1494653938342431827/8298994903133820100,-5230561034237919039/8298994903133820100
-48692176116239813669/74690954128204380900,20417420574067657363/124484923547007301500
-48692176116239813669/74690954128204380900,33221964303753086639/124484923547007301500
-48692176116239813669/74690954128204380900,-5230561034237919039/8298994903133820100
