9
1,1
1,51845631/59732450
1,0
78627771/95571920,1
78627771/95571920,51845631/59732450
78627771/95571920,0
0,1
0,51845631/59732450
0,0
4
4 4 1 0 3
4 5 2 1 4
4 7 4 3 6
4 8 5 4 7
-9568963252513047874192790992/7128229915987050036666816253575,8932272148077230306812548211961/9504306554649400048889088338100
-9568963252513047874192790992/7128229915987050036666816253575,10187180418490270901065410614183/9504306554649400048889088338100
-9568963252513047874192790992/7128229915987050036666816253575,387556426850782289285836935661/1900861310929880009777817667620
20067361310692921700239898827343/114051678655792800586669060057200,8932272148077230306812548211961/9504306554649400048889088338100
20067361310692921700239898827343/114051678655792800586669060057200,10187180418490270901065410614183/9504306554649400048889088338100
20067361310692921700239898827343/114051678655792800586669060057200,387556426850782289285836935661/1900861310929880009777817667620
-36881926311183374210101088873321/57025839327896400293334530028600,8932272148077230306812548211961/9504306554649400048889088338100
-36881926311183374210101088873321/57025839327896400293334530028600,10187180418490270901065410614183/9504306554649400048889088338100
-36881926311183374210101088873321/57025839327896400293334530028600,387556426850782289285836935661/1900861310929880009777817667620
