9
1,1
1,78907931/90626460
1,0
63099104/67969845,1
63099104/67969845,78907931/90626460
63099104/67969845,0
0,1
0,78907931/90626460
0,0
4
4 4 1 0 3
4 5 2 1 4
4 7 4 3 6
4 8 5 4 7
14176889851216878189578803/21381927317846001866670300,-2401583735656554169578821/7127309105948667288890100
14176889851216878189578803/21381927317846001866670300,-246663527602030264396951/1187884850991444548148350
14176889851216878189578803/21381927317846001866670300,-7685687701516476292074691/7127309105948667288890100
5236375218134536106453381/7127309105948667288890100,-2401583735656554169578821/7127309105948667288890100
5236375218134536106453381/7127309105948667288890100,-246663527602030264396951/1187884850991444548148350
5236375218134536106453381/7127309105948667288890100,-7685687701516476292074691/7127309105948667288890100
-4140565860255663417528817/21381927317846001866670300,-2401583735656554169578821/7127309105948667288890100
-4140565860255663417528817/21381927317846001866670300,-246663527602030264396951/1187884850991444548148350
-4140565860255663417528817/21381927317846001866670300,-7685687701516476292074691/7127309105948667288890100
