9
1,1
1,32920778/36060025
1,0
468230059/901500625,1
468230059/901500625,32920778/36060025
468230059/901500625,0
0,1
0,32920778/36060025
0,0
4
4 4 1 0 3
4 5 2 1 4
4 7 4 3 6
4 8 5 4 7
-34897566103644623779615149607890694818143819101/20313007346121790109864198113232547854793835000,4182443588797149499596412771428562396832118071/4468861616146793824170123584911160528054643700
-34897566103644623779615149607890694818143819101/20313007346121790109864198113232547854793835000,4571485482747693739988497578734203642344675427/4468861616146793824170123584911160528054643700
-34897566103644623779615149607890694818143819101/20313007346121790109864198113232547854793835000,491665760551444156210458801128684359802589083/4468861616146793824170123584911160528054643700
-1005396949709185047292844919828006473609368981/812520293844871604394567924529301914191753400,4182443588797149499596412771428562396832118071/4468861616146793824170123584911160528054643700
-1005396949709185047292844919828006473609368981/812520293844871604394567924529301914191753400,4571485482747693739988497578734203642344675427/4468861616146793824170123584911160528054643700
-1005396949709185047292844919828006473609368981/812520293844871604394567924529301914191753400,491665760551444156210458801128684359802589083/4468861616146793824170123584911160528054643700
-35685288727936418694891294496742176717118464949/20313007346121790109864198113232547854793835000,4182443588797149499596412771428562396832118071/4468861616146793824170123584911160528054643700
-35685288727936418694891294496742176717118464949/20313007346121790109864198113232547854793835000,4571485482747693739988497578734203642344675427/4468861616146793824170123584911160528054643700
-35685288727936418694891294496742176717118464949/20313007346121790109864198113232547854793835000,491665760551444156210458801128684359802589083/4468861616146793824170123584911160528054643700
