9
1,1
1,321860457/414616150
1,0
16603505919/31338103408,1
16603505919/31338103408,321860457/414616150
16603505919/31338103408,0
0,1
0,321860457/414616150
0,0
4
4 4 1 0 3
4 5 2 1 4
4 7 4 3 6
4 8 5 4 7
6094957869/15669051704,118151307/207308075
6094957869/15669051704,329058307/414616150
6094957869/15669051704,143957/8292323
26924513227/31338103408,118151307/207308075
26924513227/31338103408,329058307/414616150
26924513227/31338103408,143957/8292323
2580251827/7834525852,118151307/207308075
2580251827/7834525852,329058307/414616150
2580251827/7834525852,143957/8292323
