12
1,1
1,196857/256700
1,196857/513400
1,0
498231/681700,1
498231/681700,196857/256700
498231/681700,196857/513400
498231/681700,0
0,1
0,196857/256700
0,196857/513400
0,0
6
4 5 1 0 4
4 6 2 1 5
4 7 3 2 6
4 9 5 4 8
4 10 6 5 9
4 11 7 6 10
150581/340850,335929/770100
150581/340850,92/453
150581/340850,903371/1540200
150581/340850,92/453
484631/681700,335929/770100
484631/681700,92/453
484631/681700,903371/1540200
484631/681700,92/453
-8/401,335929/770100
-8/401,92/453
-8/401,903371/1540200
-8/401,92/453
