16
1,1
1,10057/11600
1,10057/23200
1,0
3614913/4651600,1
3614913/4651600,10057/11600
3614913/4651600,10057/23200
3614913/4651600,0
3614913/9303200,1
3614913/9303200,10057/11600
3614913/9303200,10057/23200
3614913/9303200,0
0,1
0,10057/11600
0,10057/23200
0,0
9
4 5 1 0 4
4 6 2 1 5
4 7 3 2 6
4 9 5 4 8
4 10 6 5 9
4 11 7 6 10
4 13 9 8 12
4 14 10 9 13
4 15 11 10 14
755987/4651600,-1171/23200
755987/4651600,-4257/23200
755987/4651600,1/4
755987/4651600,-4257/23200
-7/116,-1171/23200
-7/116,-4257/23200
-7/116,1/4
-7/116,-4257/23200
3053513/9303200,-1171/23200
3053513/9303200,-4257/23200
3053513/9303200,1/4
3053513/9303200,-4257/23200
-7/116,-1171/23200
-7/116,-4257/23200
-7/116,1/4
-7/116,-4257/23200
