9
1,1
1,22/35
1,0
22/35,1
22/35,22/35
22/35,0
0,1
0,22/35
0,0
4
4 4 1 0 3
4 5 2 1 4
4 7 4 3 6
4 8 5 4 7
129224813201103507/9851624184872960,208110782783269113/19703248369745920
129224813201103507/9851624184872960,215429132177746169/19703248369745920
129224813201103507/9851624184872960,40608846640495461/3940649673949184
26576797579668407/1970324836974592,208110782783269113/19703248369745920
26576797579668407/1970324836974592,215429132177746169/19703248369745920
26576797579668407/1970324836974592,40608846640495461/3940649673949184
126691538410707603/9851624184872960,208110782783269113/19703248369745920
126691538410707603/9851624184872960,215429132177746169/19703248369745920
126691538410707603/9851624184872960,40608846640495461/3940649673949184
