20
1,1
1,287/300
1,287/600
1,0
41/50,1
41/50,287/300
41/50,287/600
41/50,0
41/75,1
41/75,287/300
41/75,287/600
41/75,0
41/150,1
41/150,287/300
41/150,287/600
41/150,0
0,1
0,287/300
0,287/600
0,0
12
4 5 1 0 4
4 6 2 1 5
4 7 3 2 6
4 9 5 4 8
4 10 6 5 9
4 11 7 6 10
4 13 9 8 12
4 14 10 9 13
4 15 11 10 14
4 17 13 12 16
4 18 14 13 17
4 19 15 14 18
89/150,439/600
89/150,413/600
89/150,7/6
89/150,413/600
58/75,439/600
58/75,413/600
58/75,7/6
58/75,413/600
1/2,439/600
1/2,413/600
1/2,7/6
1/2,413/600
58/75,439/600
58/75,413/600
58/75,7/6
58/75,413/600
1/2,439/600
1/2,413/600
1/2,7/6
1/2,413/600
