16
1,1
1,1561563/1806350
1,1561563/3612700
1,0
42481377/51571000,1
42481377/51571000,1561563/1806350
42481377/51571000,1561563/3612700
42481377/51571000,0
42481377/103142000,1
42481377/103142000,1561563/1806350
42481377/103142000,1561563/3612700
42481377/103142000,0
0,1
0,1561563/1806350
0,1561563/3612700
0,0
9
4 5 1 0 4
4 6 2 1 5
4 7 3 2 6
4 9 5 4 8
4 10 6 5 9
4 11 7 6 10
4 13 9 8 12
4 14 10 9 13
4 15 11 10 14
32296573/51571000,2267607/1806350
32296573/51571000,202282/180635
32296573/51571000,801029/516100
32296573/51571000,202282/180635
9/20,2267607/1806350
9/20,202282/180635
9/20,801029/516100
9/20,202282/180635
88895277/103142000,2267607/1806350
88895277/103142000,202282/180635
88895277/103142000,801029/516100
88895277/103142000,202282/180635
9/20,2267607/1806350
9/20,202282/180635
9/20,801029/516100
9/20,202282/180635
