9
1,1
1,1162174037804752549/1789032665092765625
1,0
115467797771339661/192147569349141250,1
115467797771339661/192147569349141250,1162174037804752549/1789032665092765625
115467797771339661/192147569349141250,0
0,1
0,1162174037804752549/1789032665092765625
0,0
4
4 4 1 0 3
4 5 2 1 4
4 7 4 3 6
4 8 5 4 7
819116821231495351/672516492721994375,131008457493204100869/50092914622597437500
819116821231495351/672516492721994375,148560499057268466997/50092914622597437500
819116821231495351/672516492721994375,1098410660343057/474252446131100
183264868713/113332503550,131008457493204100869/50092914622597437500
183264868713/113332503550,148560499057268466997/50092914622597437500
183264868713/113332503550,1098410660343057/474252446131100
683358729554112099/672516492721994375,131008457493204100869/50092914622597437500
683358729554112099/672516492721994375,148560499057268466997/50092914622597437500
683358729554112099/672516492721994375,1098410660343057/474252446131100
