12
1,1
1,24572601924913/26737215375000
1,24572601924913/53474430750000
1,0
132849686912725552/206873908573717515,1
132849686912725552/206873908573717515,24572601924913/26737215375000
132849686912725552/206873908573717515,24572601924913/53474430750000
132849686912725552/206873908573717515,0
0,1
0,24572601924913/26737215375000
0,24572601924913/53474430750000
0,0
6
4 5 1 0 4
4 6 2 1 5
4 7 3 2 6
4 9 5 4 8
4 10 6 5 9
4 11 7 6 10
-27123897385391398/206873908573717515,296898742254169/213897723000000
-27123897385391398/206873908573717515,93193944884491/71299241000000
-27123897385391398/206873908573717515,715497737/405013440
-27123897385391398/206873908573717515,93193944884491/71299241000000
6725213033/29664424023,296898742254169/213897723000000
6725213033/29664424023,93193944884491/71299241000000
6725213033/29664424023,715497737/405013440
6725213033/29664424023,93193944884491/71299241000000
-2203829811208333/5304459194197885,296898742254169/213897723000000
-2203829811208333/5304459194197885,93193944884491/71299241000000
-2203829811208333/5304459194197885,715497737/405013440
-2203829811208333/5304459194197885,93193944884491/71299241000000
