12
1,1
1,8875571/10841000
1,0
4606727/5420500,1
4606727/5420500,8875571/10841000
4606727/5420500,0
4606727/10841000,1
4606727/10841000,8875571/10841000
4606727/10841000,0
0,1
0,8875571/10841000
0,0
6
4 4 1 0 3
4 5 2 1 4
4 7 4 3 6
4 8 5 4 7
4 10 7 6 9
4 11 8 7 10
11205169/16261500,26097613/32523000
11205169/16261500,8647/8790
11205169/16261500,5367187/32523000
175277/325230,26097613/32523000
175277/325230,8647/8790
175277/325230,5367187/32523000
31347881/32523000,26097613/32523000
31347881/32523000,8647/8790
31347881/32523000,5367187/32523000
175277/325230,26097613/32523000
175277/325230,8647/8790
175277/325230,5367187/32523000
