16
1,1
1,15384791926322050793/16691092903130037600
1,15384791926322050793/33382185806260075200
1,0
544150309668442851/573137813266540925,1
544150309668442851/573137813266540925,15384791926322050793/16691092903130037600
544150309668442851/573137813266540925,15384791926322050793/33382185806260075200
544150309668442851/573137813266540925,0
544150309668442851/1146275626533081850,1
544150309668442851/1146275626533081850,15384791926322050793/16691092903130037600
544150309668442851/1146275626533081850,15384791926322050793/33382185806260075200
544150309668442851/1146275626533081850,0
0,1
0,15384791926322050793/16691092903130037600
0,15384791926322050793/33382185806260075200
0,0
9
4 5 1 0 4
4 6 2 1 5
4 7 3 2 6
4 9 5 4 8
4 10 6 5 9
4 11 7 6 10
4 13 9 8 12
4 14 10 9 13
4 15 11 10 14
318401222857279875623/110042460147175857600,5721301244170721207/16691092903130037600
318401222857279875623/110042460147175857600,601509098/2274030267
318401222857279875623/110042460147175857600,24214792461047519593/33382185806260075200
318401222857279875623/110042460147175857600,601509098/2274030267
2079401922074147/731446443199680,5721301244170721207/16691092903130037600
2079401922074147/731446443199680,601509098/2274030267
2079401922074147/731446443199680,24214792461047519593/33382185806260075200
2079401922074147/731446443199680,601509098/2274030267
365074051894615559111/110042460147175857600,5721301244170721207/16691092903130037600
365074051894615559111/110042460147175857600,601509098/2274030267
365074051894615559111/110042460147175857600,24214792461047519593/33382185806260075200
365074051894615559111/110042460147175857600,601509098/2274030267
2079401922074147/731446443199680,5721301244170721207/16691092903130037600
2079401922074147/731446443199680,601509098/2274030267
2079401922074147/731446443199680,24214792461047519593/33382185806260075200
2079401922074147/731446443199680,601509098/2274030267
