20
1,1
1,287/400
1,287/800
1,0
123/160,1
123/160,287/400
123/160,287/800
123/160,0
41/80,1
41/80,287/400
41/80,287/800
41/80,0
41/160,1
41/160,287/400
41/160,287/800
41/160,0
0,1
0,287/400
0,287/800
0,0
12
4 5 1 0 4
4 6 2 1 5
4 7 3 2 6
4 9 5 4 8
4 10 6 5 9
4 11 7 6 10
4 13 9 8 12
4 14 10 9 13
4 15 11 10 14
4 17 13 12 16
4 18 14 13 17
4 19 15 14 18
1/40,289/800
1/40,63/800
1/40,7/16
1/40,63/800
41/160,289/800
41/160,63/800
41/160,7/16
41/160,63/800
0,289/800
0,63/800
0,7/16
0,63/800
41/160,289/800
41/160,63/800
41/160,7/16
41/160,63/800
0,289/800
0,63/800
0,7/16
0,63/800
