16
1,1
1,274363/324000
1,274363/648000
1,0
122587/150000,1
122587/150000,274363/324000
122587/150000,274363/648000
122587/150000,0
122587/300000,1
122587/300000,274363/324000
122587/300000,274363/648000
122587/300000,0
0,1
0,274363/324000
0,274363/648000
0,0
9
4 5 1 0 4
4 6 2 1 5
4 7 3 2 6
4 9 5 4 8
4 10 6 5 9
4 11 7 6 10
4 13 9 8 12
4 14 10 9 13
4 15 11 10 14
18913/150000,85097/216000
18913/150000,156017/648000
18913/150000,797/1200
18913/150000,156017/648000
-17/300,85097/216000
-17/300,156017/648000
-17/300,797/1200
-17/300,156017/648000
105587/300000,85097/216000
105587/300000,156017/648000
105587/300000,797/1200
105587/300000,156017/648000
-17/300,85097/216000
-17/300,156017/648000
-17/300,797/1200
-17/300,156017/648000
