8
1,1
1,58091515274666704402177342593608400/71032093563087725789614279996188721
1,29045757637333352201088671296804200/71032093563087725789614279996188721
1,0
0,1
0,58091515274666704402177342593608400/71032093563087725789614279996188721
0,29045757637333352201088671296804200/71032093563087725789614279996188721
0,0
3
4 5 1 0 4
4 6 2 1 5
4 7 3 2 6
36/37,3264533190338522171660760304073467118/9731396818143018433177156359477854777
36/37,21/137
36/37,5470942761139511493131047847582138541/9731396818143018433177156359477854777
36/37,21/137
-1/37,3264533190338522171660760304073467118/9731396818143018433177156359477854777
-1/37,21/137
-1/37,5470942761139511493131047847582138541/9731396818143018433177156359477854777
-1/37,21/137
