12
1,1
1,283824467/350687300
1,283824467/701374600
1,0
583120291/876718250,1
583120291/876718250,283824467/350687300
583120291/876718250,283824467/701374600
583120291/876718250,0
0,1
0,283824467/350687300
0,283824467/701374600
0,0
6
4 5 1 0 4
4 6 2 1 5
4 7 3 2 6
4 9 5 4 8
4 10 6 5 9
4 11 7 6 10
483784591/876718250,38596129/175343650
483784591/876718250,413177/14027492
483784591/876718250,304483317/701374600
483784591/876718250,413177/14027492
15547651/17534365,38596129/175343650
15547651/17534365,413177/14027492
15547651/17534365,304483317/701374600
15547651/17534365,413177/14027492
194262259/876718250,38596129/175343650
194262259/876718250,413177/14027492
194262259/876718250,304483317/701374600
194262259/876718250,413177/14027492
