12
1,1
1,587450641/701374600
1,587450641/1402749200
1,0
1206923393/1753436500,1
1206923393/1753436500,587450641/701374600
1206923393/1753436500,587450641/1402749200
1206923393/1753436500,0
0,1
0,587450641/701374600
0,587450641/1402749200
0,0
6
4 5 1 0 4
4 6 2 1 5
4 7 3 2 6
4 9 5 4 8
4 10 6 5 9
4 11 7 6 10
429540843/876718250,134582809/701374600
429540843/876718250,413177/14027492
429540843/876718250,628768341/1402749200
429540843/876718250,413177/14027492
1405594793/1753436500,134582809/701374600
1405594793/1753436500,413177/14027492
1405594793/1753436500,628768341/1402749200
1405594793/1753436500,413177/14027492
1986714/17534365,134582809/701374600
1986714/17534365,413177/14027492
1986714/17534365,628768341/1402749200
1986714/17534365,413177/14027492
