9
1,1
1,3648550802280828077753/3704254711999646941350
1,0
62319783139579/65655545007600,1
62319783139579/65655545007600,3648550802280828077753/3704254711999646941350
62319783139579/65655545007600,0
0,1
0,3648550802280828077753/3704254711999646941350
0,0
4
4 4 1 0 3
4 5 2 1 4
4 7 4 3 6
4 8 5 4 7
62319783139579/65655545007600,1796423446281004607078/1852127355999823470675
62319783139579/65655545007600,3648550802280828077753/3704254711999646941350
62319783139579/65655545007600,0
1,1796423446281004607078/1852127355999823470675
1,3648550802280828077753/3704254711999646941350
1,0
3335761868021/65655545007600,1796423446281004607078/1852127355999823470675
3335761868021/65655545007600,3648550802280828077753/3704254711999646941350
3335761868021/65655545007600,0
