12
1,1
1,59405121/70137460
1,59405121/140274920
1,0
122048433/175343650,1
122048433/175343650,59405121/70137460
122048433/175343650,59405121/140274920
122048433/175343650,0
0,1
0,59405121/70137460
0,59405121/140274920
0,0
6
4 5 1 0 4
4 6 2 1 5
4 7 3 2 6
4 9 5 4 8
4 10 6 5 9
4 11 7 6 10
102181293/175343650,3199556/17534365
102181293/175343650,413177/14027492
102181293/175343650,63536891/140274920
102181293/175343650,413177/14027492
15547651/17534365,3199556/17534365
15547651/17534365,413177/14027492
15547651/17534365,63536891/140274920
15547651/17534365,413177/14027492
33428077/175343650,3199556/17534365
33428077/175343650,413177/14027492
33428077/175343650,63536891/140274920
33428077/175343650,413177/14027492
