12
1,1
1,112209673/140274920
1,112209673/280549840
1,0
230535929/350687300,1
230535929/350687300,112209673/140274920
230535929/350687300,112209673/280549840
230535929/350687300,0
0,1
0,112209673/140274920
0,112209673/280549840
0,0
6
4 5 1 0 4
4 6 2 1 5
4 7 3 2 6
4 9 5 4 8
4 10 6 5 9
4 11 7 6 10
190801649/350687300,32197017/140274920
190801649/350687300,413177/14027492
190801649/350687300,120473213/280549840
190801649/350687300,413177/14027492
15547651/17534365,32197017/140274920
15547651/17534365,413177/14027492
15547651/17534365,120473213/280549840
15547651/17534365,413177/14027492
80417091/350687300,32197017/140274920
80417091/350687300,413177/14027492
80417091/350687300,120473213/280549840
80417091/350687300,413177/14027492
