9
1,1
1,95070521/159587310
1,0
323002771/398968275,1
323002771/398968275,95070521/159587310
323002771/398968275,0
0,1
0,95070521/159587310
0,0
4
4 4 1 0 3
4 5 2 1 4
4 7 4 3 6
4 8 5 4 7
825635214/132989425,1168584481/159587310
825635214/132989425,123310127/15958731
825635214/132989425,379343583/53195770
2552871146/398968275,1168584481/159587310
2552871146/398968275,123310127/15958731
2552871146/398968275,379343583/53195770
89194735/15958731,1168584481/159587310
89194735/15958731,123310127/15958731
89194735/15958731,379343583/53195770
