160
1,1
1,119/125
1,221/250
1,102/125
1,187/250
1,17/25
1,153/250
1,68/125
1,119/250
1,51/125
1,17/50
1,34/125
1,51/250
1,17/125
1,17/250
1,0
12/13,1
12/13,119/125
12/13,221/250
12/13,102/125
12/13,187/250
12/13,17/25
12/13,153/250
12/13,68/125
12/13,119/250
12/13,51/125
12/13,17/50
12/13,34/125
12/13,51/250
12/13,17/125
12/13,17/250
12/13,0
21/26,1
21/26,119/125
21/26,221/250
21/26,102/125
21/26,187/250
21/26,17/25
21/26,153/250
21/26,68/125
21/26,119/250
21/26,51/125
21/26,17/50
21/26,34/125
21/26,51/250
21/26,17/125
21/26,17/250
21/26,0
9/13,1
9/13,119/125
9/13,221/250
9/13,102/125
9/13,187/250
9/13,17/25
9/13,153/250
9/13,68/125
9/13,119/250
9/13,51/125
9/13,17/50
9/13,34/125
9/13,51/250
9/13,17/125
9/13,17/250
9/13,0
15/26,1
15/26,119/125
15/26,221/250
15/26,102/125
15/26,187/250
15/26,17/25
15/26,153/250
15/26,68/125
15/26,119/250
15/26,51/125
15/26,17/50
15/26,34/125
15/26,51/250
15/26,17/125
15/26,17/250
15/26,0
6/13,1
6/13,119/125
6/13,221/250
6/13,102/125
6/13,187/250
6/13,17/25
6/13,153/250
6/13,68/125
6/13,119/250
6/13,51/125
6/13,17/50
6/13,34/125
6/13,51/250
6/13,17/125
6/13,17/250
6/13,0
9/26,1
9/26,119/125
9/26,221/250
9/26,102/125
9/26,187/250
9/26,17/25
9/26,153/250
9/26,68/125
9/26,119/250
9/26,51/125
9/26,17/50
9/26,34/125
9/26,51/250
9/26,17/125
9/26,17/250
9/26,0
3/13,1
3/13,119/125
3/13,221/250
3/13,102/125
3/13,187/250
3/13,17/25
3/13,153/250
3/13,68/125
3/13,119/250
3/13,51/125
3/13,17/50
3/13,34/125
3/13,51/250
3/13,17/125
3/13,17/250
3/13,0
3/26,1
3/26,119/125
3/26,221/250
3/26,102/125
3/26,187/250
3/26,17/25
3/26,153/250
3/26,68/125
3/26,119/250
3/26,51/125
3/26,17/50
3/26,34/125
3/26,51/250
3/26,17/125
3/26,17/250
3/26,0
0,1
0,119/125
0,221/250
0,102/125
0,187/250
0,17/25
0,153/250
0,68/125
0,119/250
0,51/125
0,17/50
0,34/125
0,51/250
0,17/125
0,17/250
0,0
135
4 17 1 0 16
4 18 2 1 17
4 19 3 2 18
4 20 4 3 19
4 21 5 4 20
4 22 6 5 21
4 23 7 6 22
4 24 8 7 23
4 25 9 8 24
4 26 10 9 25
4 27 11 10 26
4 28 12 11 27
4 29 13 12 28
4 30 14 13 29
4 31 15 14 30
4 33 17 16 32
4 34 18 17 33
4 35 19 18 34
4 36 20 19 35
4 37 21 20 36
4 38 22 21 37
4 39 23 22 38
4 40 24 23 39
4 41 25 24 40
4 42 26 25 41
4 43 27 26 42
4 44 28 27 43
4 45 29 28 44
4 46 30 29 45
4 47 31 30 46
4 49 33 32 48
4 50 34 33 49
4 51 35 34 50
4 52 36 35 51
4 53 37 36 52
4 54 38 37 53
4 55 39 38 54
4 56 40 39 55
4 57 41 40 56
4 58 42 41 57
4 59 43 42 58
4 60 44 43 59
4 61 45 44 60
4 62 46 45 61
4 63 47 46 62
4 65 49 48 64
4 66 50 49 65
4 67 51 50 66
4 68 52 51 67
4 69 53 52 68
4 70 54 53 69
4 71 55 54 70
4 72 56 55 71
4 73 57 56 72
4 74 58 57 73
4 75 59 58 74
4 76 60 59 75
4 77 61 60 76
4 78 62 61 77
4 79 63 62 78
4 81 65 64 80
4 82 66 65 81
4 83 67 66 82
4 84 68 67 83
4 85 69 68 84
4 86 70 69 85
4 87 71 70 86
4 88 72 71 87
4 89 73 72 88
4 90 74 73 89
4 91 75 74 90
4 92 76 75 91
4 93 77 76 92
4 94 78 77 93
4 95 79 78 94
4 97 81 80 96
4 98 82 81 97
4 99 83 82 98
4 100 84 83 99
4 101 85 84 100
4 102 86 85 101
4 103 87 86 102
4 104 88 87 103
4 105 89 88 104
4 106 90 89 105
4 107 91 90 106
4 108 92 91 107
4 109 93 92 108
4 110 94 93 109
4 111 95 94 110
4 113 97 96 112
4 114 98 97 113
4 115 99 98 114
4 116 100 99 115
4 117 101 100 116
4 118 102 101 117
4 119 103 102 118
4 120 104 103 119
4 121 105 104 120
4 122 106 105 121
4 123 107 106 122
4 124 108 107 123
4 125 109 108 124
4 126 110 109 125
4 127 111 110 126
4 129 113 112 128
4 130 114 113 129
4 131 115 114 130
4 132 116 115 131
4 133 117 116 132
4 134 118 117 133
4 135 119 118 134
4 136 120 119 135
4 137 121 120 136
4 138 122 121 137
4 139 123 122 138
4 140 124 123 139
4 141 125 124 140
4 142 126 125 141
4 143 127 126 142
4 145 129 128 144
4 146 130 129 145
4 147 131 130 146
4 148 132 131 147
4 149 133 132 148
4 150 134 133 149
4 151 135 134 150
4 152 136 135 151
4 153 137 136 152
4 154 138 137 153
4 155 139 138 154
4 156 140 139 155
4 157 141 140 156
4 158 142 141 157
4 159 143 142 158
1/13,6/125
1/13,0
1/13,17/250
1/13,0
1/13,17/250
1/13,0
1/13,17/250
1/13,0
1/13,17/250
1/13,0
1/13,17/250
1/13,0
1/13,17/250
1/13,0
1/13,17/250
1/13,0
0,6/125
0,0
0,17/250
0,0
0,17/250
0,0
0,17/250
0,0
0,17/250
0,0
0,17/250
0,0
0,17/250
0,0
0,17/250
0,0
3/26,6/125
3/26,0
3/26,17/250
3/26,0
3/26,17/250
3/26,0
3/26,17/250
3/26,0
3/26,17/250
3/26,0
3/26,17/250
3/26,0
3/26,17/250
3/26,0
3/26,17/250
3/26,0
0,6/125
0,0
0,17/250
0,0
0,17/250
0,0
0,17/250
0,0
0,17/250
0,0
0,17/250
0,0
0,17/250
0,0
0,17/250
0,0
3/26,6/125
3/26,0
3/26,17/250
3/26,0
3/26,17/250
3/26,0
3/26,17/250
3/26,0
3/26,17/250
3/26,0
3/26,17/250
3/26,0
3/26,17/250
3/26,0
3/26,17/250
3/26,0
0,6/125
0,0
0,17/250
0,0
0,17/250
0,0
0,17/250
0,0
0,17/250
0,0
0,17/250
0,0
0,17/250
0,0
0,17/250
0,0
3/26,6/125
3/26,0
3/26,17/250
3/26,0
3/26,17/250
3/26,0
3/26,17/250
3/26,0
3/26,17/250
3/26,0
3/26,17/250
3/26,0
3/26,17/250
3/26,0
3/26,17/250
3/26,0
0,6/125
0,0
0,17/250
0,0
0,17/250
0,0
0,17/250
0,0
0,17/250
0,0
0,17/250
0,0
0,17/250
0,0
0,17/250
0,0
3/26,6/125
3/26,0
3/26,17/250
3/26,0
3/26,17/250
3/26,0
3/26,17/250
3/26,0
3/26,17/250
3/26,0
3/26,17/250
3/26,0
3/26,17/250
3/26,0
3/26,17/250
3/26,0
0,6/125
0,0
0,17/250
0,0
0,17/250
0,0
0,17/250
0,0
0,17/250
0,0
0,17/250
0,0
0,17/250
0,0
0,17/250
0,0
