24
1,1
1,1581/1640
1,1581/3280
1,0
187/200,1
187/200,1581/1640
187/200,1581/3280
187/200,0
561/800,1
561/800,1581/1640
561/800,1581/3280
561/800,0
187/400,1
187/400,1581/1640
187/400,1581/3280
187/400,0
187/800,1
187/800,1581/1640
187/800,1581/3280
187/800,0
0,1
0,1581/1640
0,1581/3280
0,0
15
4 5 1 0 4
4 6 2 1 5
4 7 3 2 6
4 9 5 4 8
4 10 6 5 9
4 11 7 6 10
4 13 9 8 12
4 14 10 9 13
4 15 11 10 14
4 17 13 12 16
4 18 14 13 17
4 19 15 14 18
4 21 17 16 20
4 22 18 17 21
4 23 19 18 22
19/100,33/205
19/100,1/8
19/100,1991/3280
19/100,1/8
1/8,33/205
1/8,1/8
1/8,1991/3280
1/8,1/8
287/800,33/205
287/800,1/8
287/800,1991/3280
287/800,1/8
1/8,33/205
1/8,1/8
1/8,1991/3280
1/8,1/8
287/800,33/205
287/800,1/8
287/800,1991/3280
287/800,1/8
1/8,33/205
1/8,1/8
1/8,1991/3280
1/8,1/8
