21
1,1
1,284/315
1,1136/1575
1,284/525
1,568/1575
1,284/1575
1,0
50339/92925,1
50339/92925,284/315
50339/92925,1136/1575
50339/92925,284/525
50339/92925,568/1575
50339/92925,284/1575
50339/92925,0
0,1
0,284/315
0,1136/1575
0,284/525
0,568/1575
0,284/1575
0,0
12
4 8 1 0 7
4 9 2 1 8
4 10 3 2 9
4 11 4 3 10
4 12 5 4 11
4 13 6 5 12
4 15 8 7 14
4 16 9 8 15
4 17 10 9 16
4 18 11 10 17
4 19 12 11 18
4 20 13 12 19
3146/10325,43/525
3146/10325,284/1575
3146/10325,0
3146/10325,284/1575
3146/10325,0
3146/10325,284/1575
3146/10325,0
2836/3717,43/525
2836/3717,284/1575
2836/3717,0
2836/3717,284/1575
2836/3717,0
2836/3717,284/1575
2836/3717,0
20561/92925,43/525
20561/92925,284/1575
20561/92925,0
20561/92925,284/1575
20561/92925,0
20561/92925,284/1575
20561/92925,0
