20
1,1
1,321684/366745
1,160842/366745
1,0
153/175,1
153/175,321684/366745
153/175,160842/366745
153/175,0
102/175,1
102/175,321684/366745
102/175,160842/366745
102/175,0
51/175,1
51/175,321684/366745
51/175,160842/366745
51/175,0
0,1
0,321684/366745
0,160842/366745
0,0
12
4 5 1 0 4
4 6 2 1 5
4 7 3 2 6
4 9 5 4 8
4 10 6 5 9
4 11 7 6 10
4 13 9 8 12
4 14 10 9 13
4 15 11 10 14
4 17 13 12 16
4 18 14 13 17
4 19 15 14 18
141/700,782583/2933960
141/700,2059/14312
141/700,1708831/2933960
141/700,2059/14312
229/700,782583/2933960
229/700,2059/14312
229/700,1708831/2933960
229/700,2059/14312
1/28,782583/2933960
1/28,2059/14312
1/28,1708831/2933960
1/28,2059/14312
229/700,782583/2933960
229/700,2059/14312
229/700,1708831/2933960
229/700,2059/14312
1/28,782583/2933960
1/28,2059/14312
1/28,1708831/2933960
1/28,2059/14312
