24
1,1
1,5743/7280
1,5743/14560
1,0
243/250,1
243/250,5743/7280
243/250,5743/14560
243/250,0
729/1000,1
729/1000,5743/7280
729/1000,5743/14560
729/1000,0
243/500,1
243/500,5743/7280
243/500,5743/14560
243/500,0
243/1000,1
243/1000,5743/7280
243/1000,5743/14560
243/1000,0
0,1
0,5743/7280
0,5743/14560
0,0
15
4 5 1 0 4
4 6 2 1 5
4 7 3 2 6
4 9 5 4 8
4 10 6 5 9
4 11 7 6 10
4 13 9 8 12
4 14 10 9 13
4 15 11 10 14
4 17 13 12 16
4 18 14 13 17
4 19 15 14 18
4 21 17 16 20
4 22 18 17 21
4 23 19 18 22
3981/11375,3737/7280
3981/11375,55/182
3981/11375,1449/2080
3981/11375,55/182
293/910,3737/7280
293/910,55/182
293/910,1449/2080
293/910,55/182
51413/91000,3737/7280
51413/91000,55/182
51413/91000,1449/2080
51413/91000,55/182
293/910,3737/7280
293/910,55/182
293/910,1449/2080
293/910,55/182
51413/91000,3737/7280
51413/91000,55/182
51413/91000,1449/2080
51413/91000,55/182
293/910,3737/7280
293/910,55/182
293/910,1449/2080
293/910,55/182
