9
1,1
1,706667141264548679133677/891354698726379462967000
1,0
1939065329352357374073/2161908073554158290000,1
1939065329352357374073/2161908073554158290000,706667141264548679133677/891354698726379462967000
1939065329352357374073/2161908073554158290000,0
0,1
0,706667141264548679133677/891354698726379462967000
0,0
4
4 4 1 0 3
4 5 2 1 4
4 7 4 3 6
4 8 5 4 7
692079849541752586723741/469134051961252348930000,-68097877914312832104123/445677349363189731483500
692079849541752586723741/469134051961252348930000,48491801633205119625077/891354698726379462967000
692079849541752586723741/469134051961252348930000,-173204036745090410397/234567025980626174465
7404367250335433854799/4691340519612523489300,-68097877914312832104123/445677349363189731483500
7404367250335433854799/4691340519612523489300,48491801633205119625077/891354698726379462967000
7404367250335433854799/4691340519612523489300,-173204036745090410397/234567025980626174465
319659548564081835306059/469134051961252348930000,-68097877914312832104123/445677349363189731483500
319659548564081835306059/469134051961252348930000,48491801633205119625077/891354698726379462967000
319659548564081835306059/469134051961252348930000,-173204036745090410397/234567025980626174465
