8
1,1
1,70694805269171719297/98459908284150610000
1,70694805269171719297/196919816568301220000
1,0
0,1
0,70694805269171719297/98459908284150610000
0,70694805269171719297/196919816568301220000
0,0
3
4 5 1 0 4
4 6 2 1 5
4 7 3 2 6
22079274572444022812872/39567344892839474511125,53364679168858049303/98459908284150610000
22079274572444022812872/39567344892839474511125,13/50
22079274572444022812872/39567344892839474511125,121893957576930036497/196919816568301220000
22079274572444022812872/39567344892839474511125,13/50
-17488070320395451698253/39567344892839474511125,53364679168858049303/98459908284150610000
-17488070320395451698253/39567344892839474511125,13/50
-17488070320395451698253/39567344892839474511125,121893957576930036497/196919816568301220000
-17488070320395451698253/39567344892839474511125,13/50
