12
1,1
1,9999061/10841000
1,0
5189857/5420500,1
5189857/5420500,9999061/10841000
5189857/5420500,0
5189857/10841000,1
5189857/10841000,9999061/10841000
5189857/10841000,0
0,1
0,9999061/10841000
0,0
6
4 4 1 0 3
4 5 2 1 4
4 7 4 3 6
4 8 5 4 7
4 10 7 6 9
4 11 8 7 10
-31713413/32523000,29468083/32523000
-31713413/32523000,8647/8790
-31713413/32523000,1996717/32523000
-33097271/32523000,29468083/32523000
-33097271/32523000,8647/8790
-33097271/32523000,1996717/32523000
-175277/325230,29468083/32523000
-175277/325230,8647/8790
-175277/325230,1996717/32523000
-33097271/32523000,29468083/32523000
-33097271/32523000,8647/8790
-33097271/32523000,1996717/32523000
