20
1,1
1,1588442649/1596973300
1,529480883/798486650
1,529480883/1596973300
1,0
320803987/399243325,1
320803987/399243325,1588442649/1596973300
320803987/399243325,529480883/798486650
320803987/399243325,529480883/1596973300
320803987/399243325,0
320803987/798486650,1
320803987/798486650,1588442649/1596973300
320803987/798486650,529480883/798486650
320803987/798486650,529480883/1596973300
320803987/798486650,0
0,1
0,1588442649/1596973300
0,529480883/798486650
0,529480883/1596973300
0,0
12
4 6 1 0 5
4 7 2 1 6
4 8 3 2 7
4 9 4 3 8
4 11 6 5 10
4 12 7 6 11
4 13 8 7 12
4 14 9 8 13
4 16 11 10 15
4 17 12 11 16
4 18 13 12 17
4 19 14 13 18
10613636/30711025,5969200127/5589406550
10613636/30711025,11998114811/11178813100
10613636/30711025,829174863/1117881310
10613636/30711025,11998114811/11178813100
10613636/30711025,829174863/1117881310
11907586/79848665,5969200127/5589406550
11907586/79848665,11998114811/11178813100
11907586/79848665,829174863/1117881310
11907586/79848665,11998114811/11178813100
11907586/79848665,829174863/1117881310
439879847/798486650,5969200127/5589406550
439879847/798486650,11998114811/11178813100
439879847/798486650,829174863/1117881310
439879847/798486650,11998114811/11178813100
439879847/798486650,829174863/1117881310
11907586/79848665,5969200127/5589406550
11907586/79848665,11998114811/11178813100
11907586/79848665,829174863/1117881310
11907586/79848665,11998114811/11178813100
11907586/79848665,829174863/1117881310
