9
1,1
1,886422881437/1077539046400
1,0
134542529641791327/171799592940876800,1
134542529641791327/171799592940876800,886422881437/1077539046400
134542529641791327/171799592940876800,0
0,1
0,886422881437/1077539046400
0,0
4
4 4 1 0 3
4 5 2 1 4
4 7 4 3 6
4 8 5 4 7
38106593957269995731/43465297014041830400,248418725004261/272617378739200
38106593957269995731/43465297014041830400,2967711147399/2726173787392
38106593957269995731/43465297014041830400,72506125736339/272617378739200
745319953523/681543446848,248418725004261/272617378739200
745319953523/681543446848,2967711147399/2726173787392
745319953523/681543446848,72506125736339/272617378739200
13493370972565414669/43465297014041830400,248418725004261/272617378739200
13493370972565414669/43465297014041830400,2967711147399/2726173787392
13493370972565414669/43465297014041830400,72506125736339/272617378739200
