15
1,1
1,343889/439350
1,0
3998631/4686400,1
3998631/4686400,343889/439350
3998631/4686400,0
1332877/2343200,1
1332877/2343200,343889/439350
1332877/2343200,0
1332877/4686400,1
1332877/4686400,343889/439350
1332877/4686400,0
0,1
0,343889/439350
0,0
8
4 4 1 0 3
4 5 2 1 4
4 7 4 3 6
4 8 5 4 7
4 10 7 6 9
4 11 8 7 10
4 13 10 9 12
4 14 11 10 13
-321623/1171600,1113031/878700
-321623/1171600,434651/292900
-321623/1171600,24647/35148
-598723/4686400,1113031/878700
-598723/4686400,434651/292900
-598723/4686400,24647/35148
-4829/11716,1113031/878700
-4829/11716,434651/292900
-4829/11716,24647/35148
-598723/4686400,1113031/878700
-598723/4686400,434651/292900
-598723/4686400,24647/35148
-4829/11716,1113031/878700
-4829/11716,434651/292900
-4829/11716,24647/35148
