12
1,1
1,25971563/44088000
1,0
5376811/7573800,1
5376811/7573800,25971563/44088000
5376811/7573800,0
5376811/15147600,1
5376811/15147600,25971563/44088000
5376811/15147600,0
0,1
0,25971563/44088000
0,0
6
4 4 1 0 3
4 5 2 1 4
4 7 4 3 6
4 8 5 4 7
4 10 7 6 9
4 11 8 7 10
610711/946725,3535221/7348000
610711/946725,39327763/44088000
610711/946725,6071/20040
71/200,3535221/7348000
71/200,39327763/44088000
71/200,6071/20040
10754209/15147600,3535221/7348000
10754209/15147600,39327763/44088000
10754209/15147600,6071/20040
71/200,3535221/7348000
71/200,39327763/44088000
71/200,6071/20040
