9
1,1
1,131253864947179292281640390833/208160988177084156762346067750
1,0
1668629558168303/2804642096620000,1
1668629558168303/2804642096620000,131253864947179292281640390833/208160988177084156762346067750
1668629558168303/2804642096620000,0
0,1
0,131253864947179292281640390833/208160988177084156762346067750
0,0
4
4 4 1 0 3
4 5 2 1 4
4 7 4 3 6
4 8 5 4 7
204250932240921072245903/2804642096620000,378673415567302710089536219160481195283/208160988177084156762346067750
204250932240921072245903/2804642096620000,9270166382657573599828/5095913563135
204250932240921072245903/2804642096620000,378673415512955968372261791359546481367/208160988177084156762346067750
402363784052/5525,378673415567302710089536219160481195283/208160988177084156762346067750
402363784052/5525,9270166382657573599828/5095913563135
402363784052/5525,378673415512955968372261791359546481367/208160988177084156762346067750
12014760688723767795841/164978946860000,378673415567302710089536219160481195283/208160988177084156762346067750
12014760688723767795841/164978946860000,9270166382657573599828/5095913563135
12014760688723767795841/164978946860000,378673415512955968372261791359546481367/208160988177084156762346067750
