9
1,1
1,29883202809394068729594587112/54121856926041880758209977615
1,0
51732953178499/91150868140150,1
51732953178499/91150868140150,29883202809394068729594587112/54121856926041880758209977615
51732953178499/91150868140150,0
0,1
0,29883202809394068729594587112/54121856926041880758209977615
0,0
4
4 4 1 0 3
4 5 2 1 4
4 7 4 3 6
4 8 5 4 7
55969192810882265611429/91150868140150,-6471796203611935694616949726196765823/54121856926041880758209977615
55969192810882265611429/91150868140150,-1584336921972021103768/13249375264151
55969192810882265611429/91150868140150,-6471796209256484387363206427175962432/54121856926041880758209977615
8820513415828/14365,-6471796203611935694616949726196765823/54121856926041880758209977615
8820513415828/14365,-1584336921972021103768/13249375264151
8820513415828/14365,-6471796209256484387363206427175962432/54121856926041880758209977615
55969192798567227394581/91150868140150,-6471796203611935694616949726196765823/54121856926041880758209977615
55969192798567227394581/91150868140150,-1584336921972021103768/13249375264151
55969192798567227394581/91150868140150,-6471796209256484387363206427175962432/54121856926041880758209977615
