12
1,1
1,6117108583/10974843750
1,0
27207668467/39312228000,1
27207668467/39312228000,6117108583/10974843750
27207668467/39312228000,0
27207668467/78624456000,1
27207668467/78624456000,6117108583/10974843750
27207668467/78624456000,0
0,1
0,6117108583/10974843750
0,0
6
4 4 1 0 3
4 5 2 1 4
4 7 4 3 6
4 8 5 4 7
4 10 7 6 9
4 11 8 7 10
12982424209/19656114000,635634036/1829140625
12982424209/19656114000,667041491/844218750
12982424209/19656114000,51088616/219496875
513059/1455200,635634036/1829140625
513059/1455200,667041491/844218750
513059/1455200,51088616/219496875
54928246237/78624456000,635634036/1829140625
54928246237/78624456000,667041491/844218750
54928246237/78624456000,51088616/219496875
513059/1455200,635634036/1829140625
513059/1455200,667041491/844218750
513059/1455200,51088616/219496875
