12
1,1
1,1073200547852102089/1792686698347204750
1,0
9806700130079416179/12885053004482182750,1
9806700130079416179/12885053004482182750,1073200547852102089/1792686698347204750
9806700130079416179/12885053004482182750,0
9806700130079416179/25770106008964365500,1
9806700130079416179/25770106008964365500,1073200547852102089/1792686698347204750
9806700130079416179/25770106008964365500,0
0,1
0,1073200547852102089/1792686698347204750
0,0
6
4 4 1 0 3
4 5 2 1 4
4 7 4 3 6
4 8 5 4 7
4 10 7 6 9
4 11 8 7 10
154768501385557776203/154620636053786193000,1648026465091388743/10756120190083228500
154768501385557776203/154620636053786193000,5964943368062004709/10756120190083228500
154768501385557776203/154620636053786193000,-551096556431/12498759771180
117828266892724577351/154620636053786193000,1648026465091388743/10756120190083228500
117828266892724577351/154620636053786193000,5964943368062004709/10756120190083228500
117828266892724577351/154620636053786193000,-551096556431/12498759771180
5406839102469811/4732077614499960,1648026465091388743/10756120190083228500
5406839102469811/4732077614499960,5964943368062004709/10756120190083228500
5406839102469811/4732077614499960,-551096556431/12498759771180
117828266892724577351/154620636053786193000,1648026465091388743/10756120190083228500
117828266892724577351/154620636053786193000,5964943368062004709/10756120190083228500
117828266892724577351/154620636053786193000,-551096556431/12498759771180
