9
1,1
1,851098685499/1392730460000
1,0
6059529/8020000,1
6059529/8020000,851098685499/1392730460000
6059529/8020000,0
0,1
0,851098685499/1392730460000
0,0
4
4 4 1 0 3
4 5 2 1 4
4 7 4 3 6
4 8 5 4 7
5520429/8020000,460258380097/2089095690000
5520429/8020000,2545412083697/4178191380000
5520429/8020000,-4642/2460075
74809/80200,460258380097/2089095690000
74809/80200,2545412083697/4178191380000
74809/80200,-4642/2460075
1421371/8020000,460258380097/2089095690000
1421371/8020000,2545412083697/4178191380000
1421371/8020000,-4642/2460075
