16
1,1
1,623/625
1,623/1250
1,0
623/625,1
623/625,623/625
623/625,623/1250
623/625,0
623/1250,1
623/1250,623/625
623/1250,623/1250
623/1250,0
0,1
0,623/625
0,623/1250
0,0
9
4 5 1 0 4
4 6 2 1 5
4 7 3 2 6
4 9 5 4 8
4 10 6 5 9
4 11 7 6 10
4 13 9 8 12
4 14 10 9 13
4 15 11 10 14
8081/1250,13187/2500
8081/1250,13179/2500
8081/1250,577/100
8081/1250,13179/2500
8077/1250,13187/2500
8077/1250,13179/2500
8077/1250,577/100
8077/1250,13179/2500
174/25,13187/2500
174/25,13179/2500
174/25,577/100
174/25,13179/2500
8077/1250,13187/2500
8077/1250,13179/2500
8077/1250,577/100
8077/1250,13179/2500
