16
1,1
1,574/625
1,287/625
1,0
574/625,1
574/625,574/625
574/625,287/625
574/625,0
287/625,1
287/625,574/625
287/625,287/625
287/625,0
0,1
0,574/625
0,287/625
0,0
9
4 5 1 0 4
4 6 2 1 5
4 7 3 2 6
4 9 5 4 8
4 10 6 5 9
4 11 7 6 10
4 13 9 8 12
4 14 10 9 13
4 15 11 10 14
13403/1875,14479/2500
13403/1875,571/100
13403/1875,15423/2500
13403/1875,571/100
106/15,14479/2500
106/15,571/100
106/15,15423/2500
106/15,571/100
14111/1875,14479/2500
14111/1875,571/100
14111/1875,15423/2500
14111/1875,571/100
106/15,14479/2500
106/15,571/100
106/15,15423/2500
106/15,571/100
