16
1,1
1,602/625
1,301/625
1,0
602/625,1
602/625,602/625
602/625,301/625
602/625,0
301/625,1
301/625,602/625
301/625,301/625
301/625,0
0,1
0,602/625
0,301/625
0,0
9
4 5 1 0 4
4 6 2 1 5
4 7 3 2 6
4 9 5 4 8
4 10 6 5 9
4 11 7 6 10
4 13 9 8 12
4 14 10 9 13
4 15 11 10 14
14569/1875,15813/2500
14569/1875,15721/2500
14569/1875,677/100
14569/1875,15721/2500
116/15,15813/2500
116/15,15721/2500
116/15,677/100
116/15,15721/2500
15403/1875,15813/2500
15403/1875,15721/2500
15403/1875,677/100
15403/1875,15721/2500
116/15,15813/2500
116/15,15721/2500
116/15,677/100
116/15,15721/2500
