16
1,1
1,574/625
1,287/625
1,0
574/625,1
574/625,574/625
574/625,287/625
574/625,0
287/625,1
287/625,574/625
287/625,287/625
287/625,0
0,1
0,574/625
0,287/625
0,0
9
4 5 1 0 4
4 6 2 1 5
4 7 3 2 6
4 9 5 4 8
4 10 6 5 9
4 11 7 6 10
4 13 9 8 12
4 14 10 9 13
4 15 11 10 14
5926/625,9553/1250
5926/625,9451/1250
5926/625,401/50
5926/625,9451/1250
47/5,9553/1250
47/5,9451/1250
47/5,401/50
47/5,9451/1250
6162/625,9553/1250
6162/625,9451/1250
6162/625,401/50
6162/625,9451/1250
47/5,9553/1250
47/5,9451/1250
47/5,401/50
47/5,9451/1250
