16
1,1
1,119/125
1,119/250
1,0
119/125,1
119/125,119/125
119/125,119/250
119/125,0
119/250,1
119/250,119/125
119/250,119/250
119/250,0
0,1
0,119/125
0,119/250
0,0
9
4 5 1 0 4
4 6 2 1 5
4 7 3 2 6
4 9 5 4 8
4 10 6 5 9
4 11 7 6 10
4 13 9 8 12
4 14 10 9 13
4 15 11 10 14
2633/250,4129/500
2633/250,821/100
2633/250,4343/500
2633/250,821/100
2621/250,4129/500
2621/250,821/100
2621/250,4343/500
2621/250,821/100
274/25,4129/500
274/25,821/100
274/25,4343/500
274/25,821/100
2621/250,4129/500
2621/250,821/100
2621/250,4343/500
2621/250,821/100
