16
1,1
1,602/625
1,301/625
1,0
602/625,1
602/625,602/625
602/625,301/625
602/625,0
301/625,1
301/625,602/625
301/625,301/625
301/625,0
0,1
0,602/625
0,301/625
0,0
9
4 5 1 0 4
4 6 2 1 5
4 7 3 2 6
4 9 5 4 8
4 10 6 5 9
4 11 7 6 10
4 13 9 8 12
4 14 10 9 13
4 15 11 10 14
20819/1875,21867/2500
20819/1875,871/100
20819/1875,22979/2500
20819/1875,871/100
166/15,21867/2500
166/15,871/100
166/15,22979/2500
166/15,871/100
21653/1875,21867/2500
21653/1875,871/100
21653/1875,22979/2500
21653/1875,871/100
166/15,21867/2500
166/15,871/100
166/15,22979/2500
166/15,871/100
