9
1,1
1,4367583200539459200/4434766535472192101
1,0
4540879015434544567278725703/7736726968302118726870370804,1
4540879015434544567278725703/7736726968302118726870370804,4367583200539459200/4434766535472192101
4540879015434544567278725703/7736726968302118726870370804,0
0,1
0,4367583200539459200/4434766535472192101
0,0
4
4 4 1 0 3
4 5 2 1 4
4 7 4 3 6
4 8 5 4 7
-892753840236353942224303701/3868363484151059363435185402,4362344531750992499/4434766535472192101
-892753840236353942224303701/3868363484151059363435185402,85400/85501
-892753840236353942224303701/3868363484151059363435185402,61944666144266200/4434766535472192101
1410340272394866275143037699/7736726968302118726870370804,4362344531750992499/4434766535472192101
1410340272394866275143037699/7736726968302118726870370804,85400/85501
1410340272394866275143037699/7736726968302118726870370804,61944666144266200/4434766535472192101
-20987532405901/51868007806601,4362344531750992499/4434766535472192101
-20987532405901/51868007806601,85400/85501
-20987532405901/51868007806601,61944666144266200/4434766535472192101
