9
1,1
1,50945640392453210985158100656278630842583702540124948143042626196861693347515206000775511469699/57223519889728360536717448323570309328031571982030430321521992214904018985911685830417650309154
1,0
32425917317067571/36028797018963968,1
32425917317067571/36028797018963968,50945640392453210985158100656278630842583702540124948143042626196861693347515206000775511469699/57223519889728360536717448323570309328031571982030430321521992214904018985911685830417650309154
32425917317067571/36028797018963968,0
0,1
0,50945640392453210985158100656278630842583702540124948143042626196861693347515206000775511469699/57223519889728360536717448323570309328031571982030430321521992214904018985911685830417650309154
0,0
4
4 4 1 0 3
4 5 2 1 4
4 7 4 3 6
4 8 5 4 7
19923190320094869017105567756513906484951676272771/15901137814160224217362808248087658791968142524416,21454274833737827388289349405290132070767936342272264064932522715477244489302019176440104597885005843940902264077825567577046653/25255327717408053090011876031845285138762145404573858471376570015327507182442288815085673852388683206391523120909181488248586498
19923190320094869017105567756513906484951676272771/15901137814160224217362808248087658791968142524416,21294145375382263634368367481633193385509800988105179779914865102/22199831083731854892784249503022665184328961356007834033262798517
19923190320094869017105567756513906484951676272771/15901137814160224217362808248087658791968142524416,34599572402661309968789359082646758306000365751473425224367545961513629502489012575949714496325/502090239032455323390268856906196576796515377045334937319617560188884077678470338941810050529178
1194228277463010386267355532408915/882690465950920722790918229621474,21454274833737827388289349405290132070767936342272264064932522715477244489302019176440104597885005843940902264077825567577046653/25255327717408053090011876031845285138762145404573858471376570015327507182442288815085673852388683206391523120909181488248586498
1194228277463010386267355532408915/882690465950920722790918229621474,21294145375382263634368367481633193385509800988105179779914865102/22199831083731854892784249503022665184328961356007834033262798517
1194228277463010386267355532408915/882690465950920722790918229621474,34599572402661309968789359082646758306000365751473425224367545961513629502489012575949714496325/502090239032455323390268856906196576796515377045334937319617560188884077678470338941810050529178
7202280068766689819753414348227924009560808177533/15901137814160224217362808248087658791968142524416,21454274833737827388289349405290132070767936342272264064932522715477244489302019176440104597885005843940902264077825567577046653/25255327717408053090011876031845285138762145404573858471376570015327507182442288815085673852388683206391523120909181488248586498
7202280068766689819753414348227924009560808177533/15901137814160224217362808248087658791968142524416,21294145375382263634368367481633193385509800988105179779914865102/22199831083731854892784249503022665184328961356007834033262798517
7202280068766689819753414348227924009560808177533/15901137814160224217362808248087658791968142524416,34599572402661309968789359082646758306000365751473425224367545961513629502489012575949714496325/502090239032455323390268856906196576796515377045334937319617560188884077678470338941810050529178
