9
1,1
1,93/140
1,0
93/140,1
93/140,93/140
93/140,0
0,1
0,93/140
0,0
4
4 4 1 0 3
4 5 2 1 4
4 7 4 3 6
4 8 5 4 7
864197535213580247/7000000000,6913580253514197523/7000000000
864197535213580247/7000000000,6913580255864197523/7000000000
864197535213580247/7000000000,6913580251214197523/7000000000
864197537563580247/7000000000,6913580253514197523/7000000000
864197537563580247/7000000000,6913580255864197523/7000000000
864197537563580247/7000000000,6913580251214197523/7000000000
864197532913580247/7000000000,6913580253514197523/7000000000
864197532913580247/7000000000,6913580255864197523/7000000000
864197532913580247/7000000000,6913580251214197523/7000000000
