20
1,1
1,9/10
1,3/5
1,3/10
1,0
107/126,1
107/126,9/10
107/126,3/5
107/126,3/10
107/126,0
107/252,1
107/252,9/10
107/252,3/5
107/252,3/10
107/252,0
0,1
0,9/10
0,3/5
0,3/10
0,0
12
4 6 1 0 5
4 7 2 1 6
4 8 3 2 7
4 9 4 3 8
4 11 6 5 10
4 12 7 6 11
4 13 8 7 12
4 14 9 8 13
4 16 11 10 15
4 17 12 11 16
4 18 13 12 17
4 19 14 13 18
47/84,1/5
47/84,3/10
47/84,0
47/84,3/10
47/84,0
103/252,1/5
103/252,3/10
103/252,0
103/252,3/10
103/252,0
5/6,1/5
5/6,3/10
5/6,0
5/6,3/10
5/6,0
103/252,1/5
103/252,3/10
103/252,0
103/252,3/10
103/252,0
