9
1,1
1,669817077745638506722130640234664359273653749459545769496612676567/898882681288145036250488653601621350782752711712091304947600079000
1,0
1857736691316244237448187362914369599136284429/3693252752430525556224457609946605376293281250,1
1857736691316244237448187362914369599136284429/3693252752430525556224457609946605376293281250,669817077745638506722130640234664359273653749459545769496612676567/898882681288145036250488653601621350782752711712091304947600079000
1857736691316244237448187362914369599136284429/3693252752430525556224457609946605376293281250,0
0,1
0,669817077745638506722130640234664359273653749459545769496612676567/898882681288145036250488653601621350782752711712091304947600079000
0,0
4
4 4 1 0 3
4 5 2 1 4
4 7 4 3 6
4 8 5 4 7
266595744195803961381610149862387452405662518/1447355808384935690952827982276372377196015625,376401532714548789766356437716579153096515939141588864863298555267/449441340644072518125244326800810675391376355856045652473800039500
266595744195803961381610149862387452405662518/1447355808384935690952827982276372377196015625,981868668971604109061070888800115297702130840535723265177584512967/898882681288145036250488653601621350782752711712091304947600079000
266595744195803961381610149862387452405662518/1447355808384935690952827982276372377196015625,106363676886431121023889381574/306386731423869720969028087015
5612157757138742414365460634903962231967071857/8238794601575787779269943899111658147115781250,376401532714548789766356437716579153096515939141588864863298555267/449441340644072518125244326800810675391376355856045652473800039500
5612157757138742414365460634903962231967071857/8238794601575787779269943899111658147115781250,981868668971604109061070888800115297702130840535723265177584512967/898882681288145036250488653601621350782752711712091304947600079000
5612157757138742414365460634903962231967071857/8238794601575787779269943899111658147115781250,106363676886431121023889381574/306386731423869720969028087015
278345894565975411706115275790478568234/1562174584847887264423594310303759290625,376401532714548789766356437716579153096515939141588864863298555267/449441340644072518125244326800810675391376355856045652473800039500
278345894565975411706115275790478568234/1562174584847887264423594310303759290625,981868668971604109061070888800115297702130840535723265177584512967/898882681288145036250488653601621350782752711712091304947600079000
278345894565975411706115275790478568234/1562174584847887264423594310303759290625,106363676886431121023889381574/306386731423869720969028087015
