24
1,1
1,4/5
1,3/5
1,2/5
1,1/5
1,0
5/6,1
5/6,4/5
5/6,3/5
5/6,2/5
5/6,1/5
5/6,0
5/12,1
5/12,4/5
5/12,3/5
5/12,2/5
5/12,1/5
5/12,0
0,1
0,4/5
0,3/5
0,2/5
0,1/5
0,0
15
4 7 1 0 6
4 8 2 1 7
4 9 3 2 8
4 10 4 3 9
4 11 5 4 10
4 13 7 6 12
4 14 8 7 13
4 15 9 8 14
4 16 10 9 15
4 17 11 10 16
4 19 13 12 18
4 20 14 13 19
4 21 15 14 20
4 22 16 15 21
4 23 17 16 22
1/4,3/10
1/4,1/10
1/4,3/10
1/4,1/10
1/4,3/10
1/4,1/10
1/12,3/10
1/12,1/10
1/12,3/10
1/12,1/10
1/12,3/10
1/12,1/10
1/2,3/10
1/2,1/10
1/2,3/10
1/2,1/10
1/2,3/10
1/2,1/10
1/12,3/10
1/12,1/10
1/12,3/10
1/12,1/10
1/12,3/10
1/12,1/10
