8
1,1
1,0
24570767577034416/25129852697733875,1
24570767577034416/25129852697733875,0
12285383788517208/25129852697733875,1
12285383788517208/25129852697733875,0
0,1
0,0
3
4 3 1 0 2
4 5 3 2 4
4 7 5 4 6
-539050636137003794/2739153944052992375,137165642734343357/156523082517313850
-539050636137003794/2739153944052992375,-19357439782970493/156523082517313850
-224789/1026235,137165642734343357/156523082517313850
-224789/1026235,-19357439782970493/156523082517313850
739115918655130847/2739153944052992375,137165642734343357/156523082517313850
739115918655130847/2739153944052992375,-19357439782970493/156523082517313850
-224789/1026235,137165642734343357/156523082517313850
-224789/1026235,-19357439782970493/156523082517313850
