9
1,1
1,81/100
1,0
81/100,1
81/100,81/100
81/100,0
0,1
0,81/100
0,0
4
4 4 1 0 3
4 5 2 1 4
4 7 4 3 6
4 8 5 4 7
91586350949020913/107374182400,572125102106370141505735248126412453453/25
91586350949020913/107374182400,2288500408425480566022940992505649813831/100
91586350949020913/107374182400,45770008168509611320458819850112996275/2
91586371350115569/107374182400,572125102106370141505735248126412453453/25
91586371350115569/107374182400,2288500408425480566022940992505649813831/100
91586371350115569/107374182400,45770008168509611320458819850112996275/2
3663451375081113/4294967296,572125102106370141505735248126412453453/25
3663451375081113/4294967296,2288500408425480566022940992505649813831/100
3663451375081113/4294967296,45770008168509611320458819850112996275/2
