25
1,1
1,338723/352500
1,338723/528750
1,338723/1057500
1,0
7636/8925,1
7636/8925,338723/352500
7636/8925,338723/528750
7636/8925,338723/1057500
7636/8925,0
15272/26775,1
15272/26775,338723/352500
15272/26775,338723/528750
15272/26775,338723/1057500
15272/26775,0
7636/26775,1
7636/26775,338723/352500
7636/26775,338723/528750
7636/26775,338723/1057500
7636/26775,0
0,1
0,338723/352500
0,338723/528750
0,338723/1057500
0,0
16
4 6 1 0 5
4 7 2 1 6
4 8 3 2 7
4 9 4 3 8
4 11 6 5 10
4 12 7 6 11
4 13 8 7 12
4 14 9 8 13
4 16 11 10 15
4 17 12 11 16
4 18 13 12 17
4 19 14 13 18
4 21 16 15 20
4 22 17 16 21
4 23 18 17 22
4 24 19 18 23
12694/26775,141169/1057500
12694/26775,73/423
12694/26775,-156223/1057500
12694/26775,73/423
12694/26775,-156223/1057500
16561/26775,141169/1057500
16561/26775,73/423
16561/26775,-156223/1057500
16561/26775,73/423
16561/26775,-156223/1057500
1/3,141169/1057500
1/3,73/423
1/3,-156223/1057500
1/3,73/423
1/3,-156223/1057500
16561/26775,141169/1057500
16561/26775,73/423
16561/26775,-156223/1057500
16561/26775,73/423
16561/26775,-156223/1057500
1/3,141169/1057500
1/3,73/423
1/3,-156223/1057500
1/3,73/423
1/3,-156223/1057500
