9
1,1
1,3/4
1,0
1/2,1
1/2,3/4
1/2,0
0,1
0,3/4
0,0
4
4 4 1 0 3
4 5 2 1 4
4 7 4 3 6
4 8 5 4 7
3663450301339289/4294967296,91540016337019222640917639700225992551/4
3663450301339289/4294967296,22885004084254805660229409925056498138
3663450301339289/4294967296,91540016337019222640917639700225992549/4
3663452448822937/4294967296,91540016337019222640917639700225992551/4
3663452448822937/4294967296,22885004084254805660229409925056498138
3663452448822937/4294967296,91540016337019222640917639700225992549/4
3663450301339289/4294967296,91540016337019222640917639700225992551/4
3663450301339289/4294967296,22885004084254805660229409925056498138
3663450301339289/4294967296,91540016337019222640917639700225992549/4
