9
1,1
1,7905812836531555476935790415479573219/12053603717474547186653991724615234000
1,0
5191298156606538033202947793366163/8144326836131450801793237651767050,1
5191298156606538033202947793366163/8144326836131450801793237651767050,7905812836531555476935790415479573219/12053603717474547186653991724615234000
5191298156606538033202947793366163/8144326836131450801793237651767050,0
0,1
0,7905812836531555476935790415479573219/12053603717474547186653991724615234000
0,0
4
4 4 1 0 3
4 5 2 1 4
4 7 4 3 6
4 8 5 4 7
155462566254322410395489243062306951/301340092936863679666349793115380850,14185947641215356199718453868445846719/12053603717474547186653991724615234000
155462566254322410395489243062306951/301340092936863679666349793115380850,135774213403615/89265403313188
155462566254322410395489243062306951/301340092936863679666349793115380850,10427925685626792432500864762101934281/12053603717474547186653991724615234000
26472462739674418283332996782313977/30134009293686367966634979311538085,14185947641215356199718453868445846719/12053603717474547186653991724615234000
26472462739674418283332996782313977/30134009293686367966634979311538085,135774213403615/89265403313188
26472462739674418283332996782313977/30134009293686367966634979311538085,10427925685626792432500864762101934281/12053603717474547186653991724615234000
72646595602302275604820899468591739/301340092936863679666349793115380850,14185947641215356199718453868445846719/12053603717474547186653991724615234000
72646595602302275604820899468591739/301340092936863679666349793115380850,135774213403615/89265403313188
72646595602302275604820899468591739/301340092936863679666349793115380850,10427925685626792432500864762101934281/12053603717474547186653991724615234000
