20
1,1
1,83638/91575
1,41819/91575
1,0
1349/1650,1
1349/1650,83638/91575
1349/1650,41819/91575
1349/1650,0
1349/2475,1
1349/2475,83638/91575
1349/2475,41819/91575
1349/2475,0
1349/4950,1
1349/4950,83638/91575
1349/4950,41819/91575
1349/4950,0
0,1
0,83638/91575
0,41819/91575
0,0
12
4 5 1 0 4
4 6 2 1 5
4 7 3 2 6
4 9 5 4 8
4 10 6 5 9
4 11 7 6 10
4 13 9 8 12
4 14 10 9 13
4 15 11 10 14
4 17 13 12 16
4 18 14 13 17
4 19 15 14 18
223/2475,7937/91575
223/2475,0
223/2475,41819/91575
223/2475,0
1349/4950,7937/91575
1349/4950,0
1349/4950,41819/91575
1349/4950,0
0,7937/91575
0,0
0,41819/91575
0,0
1349/4950,7937/91575
1349/4950,0
1349/4950,41819/91575
1349/4950,0
0,7937/91575
0,0
0,41819/91575
0,0
