9
1,1
1,43/70
1,0
43/70,1
43/70,43/70
43/70,0
0,1
0,43/70
0,0
4
4 4 1 0 3
4 5 2 1 4
4 7 4 3 6
4 8 5 4 7
128220911944472299/150323855360,800975142948918198108029347376977434818/35
128220911944472299/150323855360,1601950285897836396216058694753954869663/70
128220911944472299/150323855360,160195028589783639621605869475395486962/7
25644193985306159/30064771072,800975142948918198108029347376977434818/35
25644193985306159/30064771072,1601950285897836396216058694753954869663/70
25644193985306159/30064771072,160195028589783639621605869475395486962/7
128220877584733931/150323855360,800975142948918198108029347376977434818/35
128220877584733931/150323855360,1601950285897836396216058694753954869663/70
128220877584733931/150323855360,160195028589783639621605869475395486962/7
