16
1,1
1,9018388379/9332787500
1,9018388379/18665575000
1,0
44544420329/48936081250,1
44544420329/48936081250,9018388379/9332787500
44544420329/48936081250,9018388379/18665575000
44544420329/48936081250,0
44544420329/97872162500,1
44544420329/97872162500,9018388379/9332787500
44544420329/97872162500,9018388379/18665575000
44544420329/97872162500,0
0,1
0,9018388379/9332787500
0,9018388379/18665575000
0,0
9
4 5 1 0 4
4 6 2 1 5
4 7 3 2 6
4 9 5 4 8
4 10 6 5 9
4 11 7 6 10
4 13 9 8 12
4 14 10 9 13
4 15 11 10 14
10594599743929/83974315425000,198586075867/1185264012500
10594599743929/83974315425000,17/127
10594599743929/83974315425000,1462650099133/2370528025000
10594599743929/83974315425000,17/127
3058509603493/83974315425000,198586075867/1185264012500
3058509603493/83974315425000,17/127
3058509603493/83974315425000,1462650099133/2370528025000
3058509603493/83974315425000,17/127
1651104889831/3358972617000,198586075867/1185264012500
1651104889831/3358972617000,17/127
1651104889831/3358972617000,1462650099133/2370528025000
1651104889831/3358972617000,17/127
3058509603493/83974315425000,198586075867/1185264012500
3058509603493/83974315425000,17/127
3058509603493/83974315425000,1462650099133/2370528025000
3058509603493/83974315425000,17/127
