20
1,1
1,10137/12800
1,10137/25600
1,0
25389/25600,1
25389/25600,10137/12800
25389/25600,10137/25600
25389/25600,0
8463/12800,1
8463/12800,10137/12800
8463/12800,10137/25600
8463/12800,0
8463/25600,1
8463/25600,10137/12800
8463/25600,10137/25600
8463/25600,0
0,1
0,10137/12800
0,10137/25600
0,0
12
4 5 1 0 4
4 6 2 1 5
4 7 3 2 6
4 9 5 4 8
4 10 6 5 9
4 11 7 6 10
4 13 9 8 12
4 14 10 9 13
4 15 11 10 14
4 17 13 12 16
4 18 14 13 17
4 19 15 14 18
13289/25600,6089/25600
13289/25600,763/25600
13289/25600,109/256
13289/25600,763/25600
135/256,6089/25600
135/256,763/25600
135/256,109/256
135/256,763/25600
5037/25600,6089/25600
5037/25600,763/25600
5037/25600,109/256
5037/25600,763/25600
135/256,6089/25600
135/256,763/25600
135/256,109/256
135/256,763/25600
5037/25600,6089/25600
5037/25600,763/25600
5037/25600,109/256
5037/25600,763/25600
