16
1,1
1,2718309720437/2850970352000
1,2718309720437/5701940704000
1,0
158007273853031/170684243112960,1
158007273853031/170684243112960,2718309720437/2850970352000
158007273853031/170684243112960,2718309720437/5701940704000
158007273853031/170684243112960,0
158007273853031/341368486225920,1
158007273853031/341368486225920,2718309720437/2850970352000
158007273853031/341368486225920,2718309720437/5701940704000
158007273853031/341368486225920,0
0,1
0,2718309720437/2850970352000
0,2718309720437/5701940704000
0,0
9
4 5 1 0 4
4 6 2 1 5
4 7 3 2 6
4 9 5 4 8
4 10 6 5 9
4 11 7 6 10
4 13 9 8 12
4 14 10 9 13
4 15 11 10 14
112248264122443/170684243112960,350052384905909/1744793855424000
112248264122443/170684243112960,268864078389353/1744793855424000
112248264122443/170684243112960,84504172963/133957301760
112248264122443/170684243112960,268864078389353/1744793855424000
1148378369/1968540160,350052384905909/1744793855424000
1148378369/1968540160,268864078389353/1744793855424000
1148378369/1968540160,84504172963/133957301760
1148378369/1968540160,268864078389353/1744793855424000
357149863578059/341368486225920,350052384905909/1744793855424000
357149863578059/341368486225920,268864078389353/1744793855424000
357149863578059/341368486225920,84504172963/133957301760
357149863578059/341368486225920,268864078389353/1744793855424000
1148378369/1968540160,350052384905909/1744793855424000
1148378369/1968540160,268864078389353/1744793855424000
1148378369/1968540160,84504172963/133957301760
1148378369/1968540160,268864078389353/1744793855424000
