9
1,1
1,271122181465377/362407993610000
1,0
1623214199529127/2899263948880000,1
1623214199529127/2899263948880000,271122181465377/362407993610000
1623214199529127/2899263948880000,0
0,1
0,271122181465377/362407993610000
0,0
4
4 4 1 0 3
4 5 2 1 4
4 7 4 3 6
4 8 5 4 7
712252161358227/1449631974440000,44512390098069/45300999201250
712252161358227/1449631974440000,17895397317167/14496319744400
712252161358227/1449631974440000,88131375731899/181203996805000
2700554072067327/2899263948880000,44512390098069/45300999201250
2700554072067327/2899263948880000,17895397317167/14496319744400
2700554072067327/2899263948880000,88131375731899/181203996805000
5386699362691/14496319744400,44512390098069/45300999201250
5386699362691/14496319744400,17895397317167/14496319744400
5386699362691/14496319744400,88131375731899/181203996805000
