24
1,1
1,191913/195700
1,63971/78280
1,63971/97850
1,191913/391400
1,63971/195700
1,63971/391400
1,0
2911/5150,1
2911/5150,191913/195700
2911/5150,63971/78280
2911/5150,63971/97850
2911/5150,191913/391400
2911/5150,63971/195700
2911/5150,63971/391400
2911/5150,0
0,1
0,191913/195700
0,63971/78280
0,63971/97850
0,191913/391400
0,63971/195700
0,63971/391400
0,0
14
4 9 1 0 8
4 10 2 1 9
4 11 3 2 10
4 12 4 3 11
4 13 5 4 12
4 14 6 5 13
4 15 7 6 14
4 17 9 8 16
4 18 10 9 17
4 19 11 10 18
4 20 12 11 19
4 21 13 12 20
4 22 14 13 21
4 23 15 14 22
336/2575,3787/195700
336/2575,0
336/2575,63971/391400
336/2575,0
336/2575,63971/391400
336/2575,0
336/2575,63971/391400
336/2575,0
2911/5150,3787/195700
2911/5150,0
2911/5150,63971/391400
2911/5150,0
2911/5150,63971/391400
2911/5150,0
2911/5150,63971/391400
2911/5150,0
0,3787/195700
0,0
0,63971/391400
0,0
0,63971/391400
0,0
0,63971/391400
0,0
