20
1,1
1,186369/229900
1,62123/114950
1,62123/229900
1,0
592/605,1
592/605,186369/229900
592/605,62123/114950
592/605,62123/229900
592/605,0
296/605,1
296/605,186369/229900
296/605,62123/114950
296/605,62123/229900
296/605,0
0,1
0,186369/229900
0,62123/114950
0,62123/229900
0,0
12
4 6 1 0 5
4 7 2 1 6
4 8 3 2 7
4 9 4 3 8
4 11 6 5 10
4 12 7 6 11
4 13 8 7 12
4 14 9 8 13
4 16 11 10 15
4 17 12 11 16
4 18 13 12 17
4 19 14 13 18
117/605,40419/229900
117/605,1679/4598
117/605,21827/229900
117/605,1679/4598
117/605,21827/229900
104/605,40419/229900
104/605,1679/4598
104/605,21827/229900
104/605,1679/4598
104/605,21827/229900
80/121,40419/229900
80/121,1679/4598
80/121,21827/229900
80/121,1679/4598
80/121,21827/229900
104/605,40419/229900
104/605,1679/4598
104/605,21827/229900
104/605,1679/4598
104/605,21827/229900
