9
1,1
1,5411894013185373950635902901853/6647894090253709191051490275020
1,0
8217642378186245392146805373298237/9486978425102276953186414763123650,1
8217642378186245392146805373298237/9486978425102276953186414763123650,5411894013185373950635902901853/6647894090253709191051490275020
8217642378186245392146805373298237/9486978425102276953186414763123650,0
0,1
0,5411894013185373950635902901853/6647894090253709191051490275020
0,0
4
4 4 1 0 3
4 5 2 1 4
4 7 4 3 6
4 8 5 4 7
-1664758473038034882902206984902144/4743489212551138476593207381561825,-1425625378803333065208186031/1844587705397810541357239255
-1664758473038034882902206984902144/4743489212551138476593207381561825,-3901953788138877126594715082557/6647894090253709191051490275020
-1664758473038034882902206984902144/4743489212551138476593207381561825,-114716686800397229673982239/81880700705181785824011458
-369219625913005910537481835/1700228667584068846816237922,-1425625378803333065208186031/1844587705397810541357239255
-369219625913005910537481835/1700228667584068846816237922,-3901953788138877126594715082557/6647894090253709191051490275020
-369219625913005910537481835/1700228667584068846816237922,-114716686800397229673982239/81880700705181785824011458
-5138911638673141798455804976638556/4743489212551138476593207381561825,-1425625378803333065208186031/1844587705397810541357239255
-5138911638673141798455804976638556/4743489212551138476593207381561825,-3901953788138877126594715082557/6647894090253709191051490275020
-5138911638673141798455804976638556/4743489212551138476593207381561825,-114716686800397229673982239/81880700705181785824011458
