16
1,1
1,2479/3200
1,2479/6400
1,0
6179/6400,1
6179/6400,2479/3200
6179/6400,2479/6400
6179/6400,0
6179/12800,1
6179/12800,2479/3200
6179/12800,2479/6400
6179/12800,0
0,1
0,2479/3200
0,2479/6400
0,0
9
4 5 1 0 4
4 6 2 1 5
4 7 3 2 6
4 9 5 4 8
4 10 6 5 9
4 11 7 6 10
4 13 9 8 12
4 14 10 9 13
4 15 11 10 14
663/12800,411/800
663/12800,923/3200
663/12800,173/256
663/12800,923/3200
221/12800,411/800
221/12800,923/3200
221/12800,173/256
221/12800,923/3200
1/2,411/800
1/2,923/3200
1/2,173/256
1/2,923/3200
221/12800,411/800
221/12800,923/3200
221/12800,173/256
221/12800,923/3200
