9
1,1
1,82088339180473749671/109227701600038525000
1,0
191924339952316005361/248100879644956265975,1
191924339952316005361/248100879644956265975,82088339180473749671/109227701600038525000
191924339952316005361/248100879644956265975,0
0,1
0,82088339180473749671/109227701600038525000
0,0
4
4 4 1 0 3
4 5 2 1 4
4 7 4 3 6
4 8 5 4 7
493131050652531326186/248100879644956265975,5607529591658065599/27306925400009631250
493131050652531326186/248100879644956265975,479942783/1057567000
493131050652531326186/248100879644956265975,-16259429197138355973/54613850800019262500
21723289545744/9811565213753,5607529591658065599/27306925400009631250
21723289545744/9811565213753,479942783/1057567000
21723289545744/9811565213753,-16259429197138355973/54613850800019262500
357383250392855581439/248100879644956265975,5607529591658065599/27306925400009631250
357383250392855581439/248100879644956265975,479942783/1057567000
357383250392855581439/248100879644956265975,-16259429197138355973/54613850800019262500
