9
1,1
1,94470363577877/143289220555000
1,0
1342261558429153642/1485510149041209525,1
1342261558429153642/1485510149041209525,94470363577877/143289220555000
1342261558429153642/1485510149041209525,0
0,1
0,94470363577877/143289220555000
0,0
4
4 4 1 0 3
4 5 2 1 4
4 7 4 3 6
4 8 5 4 7
-171908083643770883/1485510149041209525,376635168477877/143289220555000
-171908083643770883/1485510149041209525,1165627467/392573207
-171908083643770883/1485510149041209525,330983661877123/143289220555000
-9697800/502666963,376635168477877/143289220555000
-9697800/502666963,1165627467/392573207
-9697800/502666963,330983661877123/143289220555000
-1370921051460868642/1485510149041209525,376635168477877/143289220555000
-1370921051460868642/1485510149041209525,1165627467/392573207
-1370921051460868642/1485510149041209525,330983661877123/143289220555000
