20
1,1
1,4189/5200
1,4189/7800
1,4189/15600
1,0
2698/2925,1
2698/2925,4189/5200
2698/2925,4189/7800
2698/2925,4189/15600
2698/2925,0
1349/2925,1
1349/2925,4189/5200
1349/2925,4189/7800
1349/2925,4189/15600
1349/2925,0
0,1
0,4189/5200
0,4189/7800
0,4189/15600
0,0
12
4 6 1 0 5
4 7 2 1 6
4 8 3 2 7
4 9 4 3 8
4 11 6 5 10
4 12 7 6 11
4 13 8 7 12
4 14 9 8 13
4 16 11 10 15
4 17 12 11 16
4 18 13 12 17
4 19 14 13 18
778/2925,2867/15600
778/2925,59/156
778/2925,1711/15600
778/2925,59/156
778/2925,1711/15600
551/2925,2867/15600
551/2925,59/156
551/2925,1711/15600
551/2925,59/156
551/2925,1711/15600
76/117,2867/15600
76/117,59/156
76/117,1711/15600
76/117,59/156
76/117,1711/15600
551/2925,2867/15600
551/2925,59/156
551/2925,1711/15600
551/2925,59/156
551/2925,1711/15600
