16
1,1
1,94681/136400
1,94681/272800
1,0
3577/4400,1
3577/4400,94681/136400
3577/4400,94681/272800
3577/4400,0
3577/8800,1
3577/8800,94681/136400
3577/8800,94681/272800
3577/8800,0
0,1
0,94681/136400
0,94681/272800
0,0
9
4 5 1 0 4
4 6 2 1 5
4 7 3 2 6
4 9 5 4 8
4 10 6 5 9
4 11 7 6 10
4 13 9 8 12
4 14 10 9 13
4 15 11 10 14
2969/8800,118457/272800
2969/8800,35019/272800
2969/8800,1297/2728
2969/8800,35019/272800
1323/8800,118457/272800
1323/8800,35019/272800
1323/8800,1297/2728
1323/8800,35019/272800
49/88,118457/272800
49/88,35019/272800
49/88,1297/2728
49/88,35019/272800
1323/8800,118457/272800
1323/8800,35019/272800
1323/8800,1297/2728
1323/8800,35019/272800
