225
1,1
1,246259/249525
1,75772/83175
1,208373/249525
1,37886/49905
1,18943/27725
1,151544/249525
1,132601/249525
1,37886/83175
1,18943/49905
1,75772/249525
1,18943/83175
1,37886/249525
1,18943/249525
1,0
246259/249525,1
246259/249525,246259/249525
246259/249525,75772/83175
246259/249525,208373/249525
246259/249525,37886/49905
246259/249525,18943/27725
246259/249525,151544/249525
246259/249525,132601/249525
246259/249525,37886/83175
246259/249525,18943/49905
246259/249525,75772/249525
246259/249525,18943/83175
246259/249525,37886/249525
246259/249525,18943/249525
246259/249525,0
75772/83175,1
75772/83175,246259/249525
75772/83175,75772/83175
75772/83175,208373/249525
75772/83175,37886/49905
75772/83175,18943/27725
75772/83175,151544/249525
75772/83175,132601/249525
75772/83175,37886/83175
75772/83175,18943/49905
75772/83175,75772/249525
75772/83175,18943/83175
75772/83175,37886/249525
75772/83175,18943/249525
75772/83175,0
208373/249525,1
208373/249525,246259/249525
208373/249525,75772/83175
208373/249525,208373/249525
208373/249525,37886/49905
208373/249525,18943/27725
208373/249525,151544/249525
208373/249525,132601/249525
208373/249525,37886/83175
208373/249525,18943/49905
208373/249525,75772/249525
208373/249525,18943/83175
208373/249525,37886/249525
208373/249525,18943/249525
208373/249525,0
37886/49905,1
37886/49905,246259/249525
37886/49905,75772/83175
37886/49905,208373/249525
37886/49905,37886/49905
37886/49905,18943/27725
37886/49905,151544/249525
37886/49905,132601/249525
37886/49905,37886/83175
37886/49905,18943/49905
37886/49905,75772/249525
37886/49905,18943/83175
37886/49905,37886/249525
37886/49905,18943/249525
37886/49905,0
18943/27725,1
18943/27725,246259/249525
18943/27725,75772/83175
18943/27725,208373/249525
18943/27725,37886/49905
18943/27725,18943/27725
18943/27725,151544/249525
18943/27725,132601/249525
18943/27725,37886/83175
18943/27725,18943/49905
18943/27725,75772/249525
18943/27725,18943/83175
18943/27725,37886/249525
18943/27725,18943/249525
18943/27725,0
151544/249525,1
151544/249525,246259/249525
151544/249525,75772/83175
151544/249525,208373/249525
151544/249525,37886/49905
151544/249525,18943/27725
151544/249525,151544/249525
151544/249525,132601/249525
151544/249525,37886/83175
151544/249525,18943/49905
151544/249525,75772/249525
151544/249525,18943/83175
151544/249525,37886/249525
151544/249525,18943/249525
151544/249525,0
132601/249525,1
132601/249525,246259/249525
132601/249525,75772/83175
132601/249525,208373/249525
132601/249525,37886/49905
132601/249525,18943/27725
132601/249525,151544/249525
132601/249525,132601/249525
132601/249525,37886/83175
132601/249525,18943/49905
132601/249525,75772/249525
132601/249525,18943/83175
132601/249525,37886/249525
132601/249525,18943/249525
132601/249525,0
37886/83175,1
37886/83175,246259/249525
37886/83175,75772/83175
37886/83175,208373/249525
37886/83175,37886/49905
37886/83175,18943/27725
37886/83175,151544/249525
37886/83175,132601/249525
37886/83175,37886/83175
37886/83175,18943/49905
37886/83175,75772/249525
37886/83175,18943/83175
37886/83175,37886/249525
37886/83175,18943/249525
37886/83175,0
18943/49905,1
18943/49905,246259/249525
18943/49905,75772/83175
18943/49905,208373/249525
18943/49905,37886/49905
18943/49905,18943/27725
18943/49905,151544/249525
18943/49905,132601/249525
18943/49905,37886/83175
18943/49905,18943/49905
18943/49905,75772/249525
18943/49905,18943/83175
18943/49905,37886/249525
18943/49905,18943/249525
18943/49905,0
75772/249525,1
75772/249525,246259/249525
75772/249525,75772/83175
75772/249525,208373/249525
75772/249525,37886/49905
75772/249525,18943/27725
75772/249525,151544/249525
75772/249525,132601/249525
75772/249525,37886/83175
75772/249525,18943/49905
75772/249525,75772/249525
75772/249525,18943/83175
75772/249525,37886/249525
75772/249525,18943/249525
75772/249525,0
18943/83175,1
18943/83175,246259/249525
18943/83175,75772/83175
18943/83175,208373/249525
18943/83175,37886/49905
18943/83175,18943/27725
18943/83175,151544/249525
18943/83175,132601/249525
18943/83175,37886/83175
18943/83175,18943/49905
18943/83175,75772/249525
18943/83175,18943/83175
18943/83175,37886/249525
18943/83175,18943/249525
18943/83175,0
37886/249525,1
37886/249525,246259/249525
37886/249525,75772/83175
37886/249525,208373/249525
37886/249525,37886/49905
37886/249525,18943/27725
37886/249525,151544/249525
37886/249525,132601/249525
37886/249525,37886/83175
37886/249525,18943/49905
37886/249525,75772/249525
37886/249525,18943/83175
37886/249525,37886/249525
37886/249525,18943/249525
37886/249525,0
18943/249525,1
18943/249525,246259/249525
18943/249525,75772/83175
18943/249525,208373/249525
18943/249525,37886/49905
18943/249525,18943/27725
18943/249525,151544/249525
18943/249525,132601/249525
18943/249525,37886/83175
18943/249525,18943/49905
18943/249525,75772/249525
18943/249525,18943/83175
18943/249525,37886/249525
18943/249525,18943/249525
18943/249525,0
0,1
0,246259/249525
0,75772/83175
0,208373/249525
0,37886/49905
0,18943/27725
0,151544/249525
0,132601/249525
0,37886/83175
0,18943/49905
0,75772/249525
0,18943/83175
0,37886/249525
0,18943/249525
0,0
196
4 16 1 0 15
4 17 2 1 16
4 18 3 2 17
4 19 4 3 18
4 20 5 4 19
4 21 6 5 20
4 22 7 6 21
4 23 8 7 22
4 24 9 8 23
4 25 10 9 24
4 26 11 10 25
4 27 12 11 26
4 28 13 12 27
4 29 14 13 28
4 31 16 15 30
4 32 17 16 31
4 33 18 17 32
4 34 19 18 33
4 35 20 19 34
4 36 21 20 35
4 37 22 21 36
4 38 23 22 37
4 39 24 23 38
4 40 25 24 39
4 41 26 25 40
4 42 27 26 41
4 43 28 27 42
4 44 29 28 43
4 46 31 30 45
4 47 32 31 46
4 48 33 32 47
4 49 34 33 48
4 50 35 34 49
4 51 36 35 50
4 52 37 36 51
4 53 38 37 52
4 54 39 38 53
4 55 40 39 54
4 56 41 40 55
4 57 42 41 56
4 58 43 42 57
4 59 44 43 58
4 61 46 45 60
4 62 47 46 61
4 63 48 47 62
4 64 49 48 63
4 65 50 49 64
4 66 51 50 65
4 67 52 51 66
4 68 53 52 67
4 69 54 53 68
4 70 55 54 69
4 71 56 55 70
4 72 57 56 71
4 73 58 57 72
4 74 59 58 73
4 76 61 60 75
4 77 62 61 76
4 78 63 62 77
4 79 64 63 78
4 80 65 64 79
4 81 66 65 80
4 82 67 66 81
4 83 68 67 82
4 84 69 68 83
4 85 70 69 84
4 86 71 70 85
4 87 72 71 86
4 88 73 72 87
4 89 74 73 88
4 91 76 75 90
4 92 77 76 91
4 93 78 77 92
4 94 79 78 93
4 95 80 79 94
4 96 81 80 95
4 97 82 81 96
4 98 83 82 97
4 99 84 83 98
4 100 85 84 99
4 101 86 85 100
4 102 87 86 101
4 103 88 87 102
4 104 89 88 103
4 106 91 90 105
4 107 92 91 106
4 108 93 92 107
4 109 94 93 108
4 110 95 94 109
4 111 96 95 110
4 112 97 96 111
4 113 98 97 112
4 114 99 98 113
4 115 100 99 114
4 116 101 100 115
4 117 102 101 116
4 118 103 102 117
4 119 104 103 118
4 121 106 105 120
4 122 107 106 121
4 123 108 107 122
4 124 109 108 123
4 125 110 109 124
4 126 111 110 125
4 127 112 111 126
4 128 113 112 127
4 129 114 113 128
4 130 115 114 129
4 131 116 115 130
4 132 117 116 131
4 133 118 117 132
4 134 119 118 133
4 136 121 120 135
4 137 122 121 136
4 138 123 122 137
4 139 124 123 138
4 140 125 124 139
4 141 126 125 140
4 142 127 126 141
4 143 128 127 142
4 144 129 128 143
4 145 130 129 144
4 146 131 130 145
4 147 132 131 146
4 148 133 132 147
4 149 134 133 148
4 151 136 135 150
4 152 137 136 151
4 153 138 137 152
4 154 139 138 153
4 155 140 139 154
4 156 141 140 155
4 157 142 141 156
4 158 143 142 157
4 159 144 143 158
4 160 145 144 159
4 161 146 145 160
4 162 147 146 161
4 163 148 147 162
4 164 149 148 163
4 166 151 150 165
4 167 152 151 166
4 168 153 152 167
4 169 154 153 168
4 170 155 154 169
4 171 156 155 170
4 172 157 156 171
4 173 158 157 172
4 174 159 158 173
4 175 160 159 174
4 176 161 160 175
4 177 162 161 176
4 178 163 162 177
4 179 164 163 178
4 181 166 165 180
4 182 167 166 181
4 183 168 167 182
4 184 169 168 183
4 185 170 169 184
4 186 171 170 185
4 187 172 171 186
4 188 173 172 187
4 189 174 173 188
4 190 175 174 189
4 191 176 175 190
4 192 177 176 191
4 193 178 177 192
4 194 179 178 193
4 196 181 180 195
4 197 182 181 196
4 198 183 182 197
4 199 184 183 198
4 200 185 184 199
4 201 186 185 200
4 202 187 186 201
4 203 188 187 202
4 204 189 188 203
4 205 190 189 204
4 206 191 190 205
4 207 192 191 206
4 208 193 192 207
4 209 194 193 208
4 211 196 195 210
4 212 197 196 211
4 213 198 197 212
4 214 199 198 213
4 215 200 199 214
4 216 201 200 215
4 217 202 201 216
4 218 203 202 217
4 219 204 203 218
4 220 205 204 219
4 221 206 205 220
4 222 207 206 221
4 223 208 207 222
4 224 209 208 223
15677/249525,15677/249525
15677/249525,18943/249525
15677/249525,0
15677/249525,18943/249525
15677/249525,0
15677/249525,18943/249525
15677/249525,0
15677/249525,18943/249525
15677/249525,0
15677/249525,18943/249525
15677/249525,0
15677/249525,18943/249525
15677/249525,0
15677/249525,18943/249525
15677/249525,0
18943/249525,15677/249525
18943/249525,18943/249525
18943/249525,0
18943/249525,18943/249525
18943/249525,0
18943/249525,18943/249525
18943/249525,0
18943/249525,18943/249525
18943/249525,0
18943/249525,18943/249525
18943/249525,0
18943/249525,18943/249525
18943/249525,0
18943/249525,18943/249525
18943/249525,0
0,15677/249525
0,18943/249525
0,0
0,18943/249525
0,0
0,18943/249525
0,0
0,18943/249525
0,0
0,18943/249525
0,0
0,18943/249525
0,0
0,18943/249525
0,0
18943/249525,15677/249525
18943/249525,18943/249525
18943/249525,0
18943/249525,18943/249525
18943/249525,0
18943/249525,18943/249525
18943/249525,0
18943/249525,18943/249525
18943/249525,0
18943/249525,18943/249525
18943/249525,0
18943/249525,18943/249525
18943/249525,0
18943/249525,18943/249525
18943/249525,0
0,15677/249525
0,18943/249525
0,0
0,18943/249525
0,0
0,18943/249525
0,0
0,18943/249525
0,0
0,18943/249525
0,0
0,18943/249525
0,0
0,18943/249525
0,0
18943/249525,15677/249525
18943/249525,18943/249525
18943/249525,0
18943/249525,18943/249525
18943/249525,0
18943/249525,18943/249525
18943/249525,0
18943/249525,18943/249525
18943/249525,0
18943/249525,18943/249525
18943/249525,0
18943/249525,18943/249525
18943/249525,0
18943/249525,18943/249525
18943/249525,0
0,15677/249525
0,18943/249525
0,0
0,18943/249525
0,0
0,18943/249525
0,0
0,18943/249525
0,0
0,18943/249525
0,0
0,18943/249525
0,0
0,18943/249525
0,0
18943/249525,15677/249525
18943/249525,18943/249525
18943/249525,0
18943/249525,18943/249525
18943/249525,0
18943/249525,18943/249525
18943/249525,0
18943/249525,18943/249525
18943/249525,0
18943/249525,18943/249525
18943/249525,0
18943/249525,18943/249525
18943/249525,0
18943/249525,18943/249525
18943/249525,0
0,15677/249525
0,18943/249525
0,0
0,18943/249525
0,0
0,18943/249525
0,0
0,18943/249525
0,0
0,18943/249525
0,0
0,18943/249525
0,0
0,18943/249525
0,0
18943/249525,15677/249525
18943/249525,18943/249525
18943/249525,0
18943/249525,18943/249525
18943/249525,0
18943/249525,18943/249525
18943/249525,0
18943/249525,18943/249525
18943/249525,0
18943/249525,18943/249525
18943/249525,0
18943/249525,18943/249525
18943/249525,0
18943/249525,18943/249525
18943/249525,0
0,15677/249525
0,18943/249525
0,0
0,18943/249525
0,0
0,18943/249525
0,0
0,18943/249525
0,0
0,18943/249525
0,0
0,18943/249525
0,0
0,18943/249525
0,0
18943/249525,15677/249525
18943/249525,18943/249525
18943/249525,0
18943/249525,18943/249525
18943/249525,0
18943/249525,18943/249525
18943/249525,0
18943/249525,18943/249525
18943/249525,0
18943/249525,18943/249525
18943/249525,0
18943/249525,18943/249525
18943/249525,0
18943/249525,18943/249525
18943/249525,0
0,15677/249525
0,18943/249525
0,0
0,18943/249525
0,0
0,18943/249525
0,0
0,18943/249525
0,0
0,18943/249525
0,0
0,18943/249525
0,0
0,18943/249525
0,0
18943/249525,15677/249525
18943/249525,18943/249525
18943/249525,0
18943/249525,18943/249525
18943/249525,0
18943/249525,18943/249525
18943/249525,0
18943/249525,18943/249525
18943/249525,0
18943/249525,18943/249525
18943/249525,0
18943/249525,18943/249525
18943/249525,0
18943/249525,18943/249525
18943/249525,0
0,15677/249525
0,18943/249525
0,0
0,18943/249525
0,0
0,18943/249525
0,0
0,18943/249525
0,0
0,18943/249525
0,0
0,18943/249525
0,0
0,18943/249525
0,0
