20
1,1
1,216/275
1,144/275
1,72/275
1,0
24/25,1
24/25,216/275
24/25,144/275
24/25,72/275
24/25,0
12/25,1
12/25,216/275
12/25,144/275
12/25,72/275
12/25,0
0,1
0,216/275
0,144/275
0,72/275
0,0
12
4 6 1 0 5
4 7 2 1 6
4 8 3 2 7
4 9 4 3 8
4 11 6 5 10
4 12 7 6 11
4 13 8 7 12
4 14 9 8 13
4 16 11 10 15
4 17 12 11 16
4 18 13 12 17
4 19 14 13 18
1/25,13/275
1/25,72/275
1/25,0
1/25,72/275
1/25,0
0,13/275
0,72/275
0,0
0,72/275
0,0
12/25,13/275
12/25,72/275
12/25,0
12/25,72/275
12/25,0
0,13/275
0,72/275
0,0
0,72/275
0,0
