9
1,1
1,1611257473918739101/2298590977439868250
1,0
371397400498096250534622933/737591980599172776112825000,1
371397400498096250534622933/737591980599172776112825000,1611257473918739101/2298590977439868250
371397400498096250534622933/737591980599172776112825000,0
0,1
0,1611257473918739101/2298590977439868250
0,0
4
4 4 1 0 3
4 5 2 1 4
4 7 4 3 6
4 8 5 4 7
461423884106803254417470581157/463945355796879676174966925000,1051637803306778209529/1445813724809677129250
461423884106803254417470581157/463945355796879676174966925000,273127608157469/266104766909249
461423884106803254417470581157/463945355796879676174966925000,470489625926681549721/1445813724809677129250
99193097006657881/66526191727312250,1051637803306778209529/1445813724809677129250
99193097006657881/66526191727312250,273127608157469/266104766909249
99193097006657881/66526191727312250,470489625926681549721/1445813724809677129250
458151310077077847419881856443/463945355796879676174966925000,1051637803306778209529/1445813724809677129250
458151310077077847419881856443/463945355796879676174966925000,273127608157469/266104766909249
458151310077077847419881856443/463945355796879676174966925000,470489625926681549721/1445813724809677129250
