9
1,1
1,3511155326849198204020098649333964326282604489821/4571393498003785696719079973747814146762112100000
1,0
19296842928542706867253901795959948184126586113/28571209362523660604494249835923838417263200625,1
19296842928542706867253901795959948184126586113/28571209362523660604494249835923838417263200625,3511155326849198204020098649333964326282604489821/4571393498003785696719079973747814146762112100000
19296842928542706867253901795959948184126586113/28571209362523660604494249835923838417263200625,0
0,1
0,3511155326849198204020098649333964326282604489821/4571393498003785696719079973747814146762112100000
0,0
4
4 4 1 0 3
4 5 2 1 4
4 7 4 3 6
4 8 5 4 7
55020021546309817884400547308843679380298021877/57142418725047321208988499671847676834526401250,776279513727637940352611218637672371526224923621/2285696749001892848359539986873907073381056050000
55020021546309817884400547308843679380298021877/57142418725047321208988499671847676834526401250,2612797198609863373404203761689194563531957457421/4571393498003785696719079973747814146762112100000
55020021546309817884400547308843679380298021877/57142418725047321208988499671847676834526401250,-332753/1693250
73568754414271725358881243388771459846571250901/57142418725047321208988499671847676834526401250,776279513727637940352611218637672371526224923621/2285696749001892848359539986873907073381056050000
73568754414271725358881243388771459846571250901/57142418725047321208988499671847676834526401250,2612797198609863373404203761689194563531957457421/4571393498003785696719079973747814146762112100000
73568754414271725358881243388771459846571250901/57142418725047321208988499671847676834526401250,-332753/1693250
2685225992874188992274352383635436735379507/4387133875243556330824452949853948317430050,776279513727637940352611218637672371526224923621/2285696749001892848359539986873907073381056050000
2685225992874188992274352383635436735379507/4387133875243556330824452949853948317430050,2612797198609863373404203761689194563531957457421/4571393498003785696719079973747814146762112100000
2685225992874188992274352383635436735379507/4387133875243556330824452949853948317430050,-332753/1693250
