9
1,1
1,2223292379/3671000000
1,0
314633781/381875000,1
314633781/381875000,2223292379/3671000000
314633781/381875000,0
0,1
0,2223292379/3671000000
0,0
4
4 4 1 0 3
4 5 2 1 4
4 7 4 3 6
4 8 5 4 7
-8301219/381875000,24969693779/3671000000
-8301219/381875000,132087007/18355000
-8301219/381875000,24194109021/3671000000
11788/76375,24969693779/3671000000
11788/76375,132087007/18355000
11788/76375,24194109021/3671000000
-255693781/381875000,24969693779/3671000000
-255693781/381875000,132087007/18355000
-255693781/381875000,24194109021/3671000000
