9
1,1
1,463372339608801/833270557286570
1,0
8442493470243/8661856104850,1
8442493470243/8661856104850,463372339608801/833270557286570
8442493470243/8661856104850,0
0,1
0,463372339608801/833270557286570
0,0
4
4 4 1 0 3
4 5 2 1 4
4 7 4 3 6
4 8 5 4 7
4238435775058/4330928052425,234699338440761/416635278643285
4238435775058/4330928052425,839296894559291/833270557286570
4238435775058/4330928052425,217/481
8696234184723/8661856104850,234699338440761/416635278643285
8696234184723/8661856104850,839296894559291/833270557286570
8696234184723/8661856104850,217/481
25374071448/866185610485,234699338440761/416635278643285
25374071448/866185610485,839296894559291/833270557286570
25374071448/866185610485,217/481
