9
1,1
1,722610441/783068000
1,0
280849779/402513380,1
280849779/402513380,722610441/783068000
280849779/402513380,0
0,1
0,722610441/783068000
0,0
4
4 4 1 0 3
4 5 2 1 4
4 7 4 3 6
4 8 5 4 7
-144149718/100628345,2652377071/391534000
-144149718/100628345,5365211701/783068000
-144149718/100628345,21102733/3559400
-454935271/402513380,2652377071/391534000
-454935271/402513380,5365211701/783068000
-454935271/402513380,21102733/3559400
-5005/2738,2652377071/391534000
-5005/2738,5365211701/783068000
-5005/2738,21102733/3559400
