9
1,1
1,650250979999/925567062500
1,0
4059810971445181774402103293/4681271049147075346597562500,1
4059810971445181774402103293/4681271049147075346597562500,650250979999/925567062500
4059810971445181774402103293/4681271049147075346597562500,0
0,1
0,650250979999/925567062500
0,0
4
4 4 1 0 3
4 5 2 1 4
4 7 4 3 6
4 8 5 4 7
8387065148372965766734954273/4681271049147075346597562500,580890941439/925567062500
8387065148372965766734954273/4681271049147075346597562500,42810351197/46278353125
8387065148372965766734954273/4681271049147075346597562500,205956043941/925567062500
165780736585845773627722/86147792586438633540625,580890941439/925567062500
165780736585845773627722/86147792586438633540625,42810351197/46278353125
165780736585845773627722/86147792586438633540625,205956043941/925567062500
4948714254629677564528310187/4681271049147075346597562500,580890941439/925567062500
4948714254629677564528310187/4681271049147075346597562500,42810351197/46278353125
4948714254629677564528310187/4681271049147075346597562500,205956043941/925567062500
