8
1,1
1,229025189382840453534204/328745865088742888021875
1,114512594691420226767102/328745865088742888021875
1,0
0,1
0,229025189382840453534204/328745865088742888021875
0,114512594691420226767102/328745865088742888021875
0,0
3
4 5 1 0 4
4 6 2 1 5
4 7 3 2 6
17201126230573/15642469546600,169134793870109596520056648/104212439233131495502934375
17201126230573/15642469546600,137523339671338524787464941/104212439233131495502934375
17201126230573/15642469546600,68142443/40853375
17201126230573/15642469546600,137523339671338524787464941/104212439233131495502934375
1558656683973/15642469546600,169134793870109596520056648/104212439233131495502934375
1558656683973/15642469546600,137523339671338524787464941/104212439233131495502934375
1558656683973/15642469546600,68142443/40853375
1558656683973/15642469546600,137523339671338524787464941/104212439233131495502934375
