169
1,1
1,2212411806/2234759825
1,402256692/446951965
1,1810155114/2234759825
1,1609026768/2234759825
1,1407898422/2234759825
1,1206770076/2234759825
1,201128346/446951965
1,804513384/2234759825
1,603385038/2234759825
1,402256692/2234759825
1,201128346/2234759825
1,0
2212411806/2234759825,1
2212411806/2234759825,2212411806/2234759825
2212411806/2234759825,402256692/446951965
2212411806/2234759825,1810155114/2234759825
2212411806/2234759825,1609026768/2234759825
2212411806/2234759825,1407898422/2234759825
2212411806/2234759825,1206770076/2234759825
2212411806/2234759825,201128346/446951965
2212411806/2234759825,804513384/2234759825
2212411806/2234759825,603385038/2234759825
2212411806/2234759825,402256692/2234759825
2212411806/2234759825,201128346/2234759825
2212411806/2234759825,0
402256692/446951965,1
402256692/446951965,2212411806/2234759825
402256692/446951965,402256692/446951965
402256692/446951965,1810155114/2234759825
402256692/446951965,1609026768/2234759825
402256692/446951965,1407898422/2234759825
402256692/446951965,1206770076/2234759825
402256692/446951965,201128346/446951965
402256692/446951965,804513384/2234759825
402256692/446951965,603385038/2234759825
402256692/446951965,402256692/2234759825
402256692/446951965,201128346/2234759825
402256692/446951965,0
1810155114/2234759825,1
1810155114/2234759825,2212411806/2234759825
1810155114/2234759825,402256692/446951965
1810155114/2234759825,1810155114/2234759825
1810155114/2234759825,1609026768/2234759825
1810155114/2234759825,1407898422/2234759825
1810155114/2234759825,1206770076/2234759825
1810155114/2234759825,201128346/446951965
1810155114/2234759825,804513384/2234759825
1810155114/2234759825,603385038/2234759825
1810155114/2234759825,402256692/2234759825
1810155114/2234759825,201128346/2234759825
1810155114/2234759825,0
1609026768/2234759825,1
1609026768/2234759825,2212411806/2234759825
1609026768/2234759825,402256692/446951965
1609026768/2234759825,1810155114/2234759825
1609026768/2234759825,1609026768/2234759825
1609026768/2234759825,1407898422/2234759825
1609026768/2234759825,1206770076/2234759825
1609026768/2234759825,201128346/446951965
1609026768/2234759825,804513384/2234759825
1609026768/2234759825,603385038/2234759825
1609026768/2234759825,402256692/2234759825
1609026768/2234759825,201128346/2234759825
1609026768/2234759825,0
1407898422/2234759825,1
1407898422/2234759825,2212411806/2234759825
1407898422/2234759825,402256692/446951965
1407898422/2234759825,1810155114/2234759825
1407898422/2234759825,1609026768/2234759825
1407898422/2234759825,1407898422/2234759825
1407898422/2234759825,1206770076/2234759825
1407898422/2234759825,201128346/446951965
1407898422/2234759825,804513384/2234759825
1407898422/2234759825,603385038/2234759825
1407898422/2234759825,402256692/2234759825
1407898422/2234759825,201128346/2234759825
1407898422/2234759825,0
1206770076/2234759825,1
1206770076/2234759825,2212411806/2234759825
1206770076/2234759825,402256692/446951965
1206770076/2234759825,1810155114/2234759825
1206770076/2234759825,1609026768/2234759825
1206770076/2234759825,1407898422/2234759825
1206770076/2234759825,1206770076/2234759825
1206770076/2234759825,201128346/446951965
1206770076/2234759825,804513384/2234759825
1206770076/2234759825,603385038/2234759825
1206770076/2234759825,402256692/2234759825
1206770076/2234759825,201128346/2234759825
1206770076/2234759825,0
201128346/446951965,1
201128346/446951965,2212411806/2234759825
201128346/446951965,402256692/446951965
201128346/446951965,1810155114/2234759825
201128346/446951965,1609026768/2234759825
201128346/446951965,1407898422/2234759825
201128346/446951965,1206770076/2234759825
201128346/446951965,201128346/446951965
201128346/446951965,804513384/2234759825
201128346/446951965,603385038/2234759825
201128346/446951965,402256692/2234759825
201128346/446951965,201128346/2234759825
201128346/446951965,0
804513384/2234759825,1
804513384/2234759825,2212411806/2234759825
804513384/2234759825,402256692/446951965
804513384/2234759825,1810155114/2234759825
804513384/2234759825,1609026768/2234759825
804513384/2234759825,1407898422/2234759825
804513384/2234759825,1206770076/2234759825
804513384/2234759825,201128346/446951965
804513384/2234759825,804513384/2234759825
804513384/2234759825,603385038/2234759825
804513384/2234759825,402256692/2234759825
804513384/2234759825,201128346/2234759825
804513384/2234759825,0
603385038/2234759825,1
603385038/2234759825,2212411806/2234759825
603385038/2234759825,402256692/446951965
603385038/2234759825,1810155114/2234759825
603385038/2234759825,1609026768/2234759825
603385038/2234759825,1407898422/2234759825
603385038/2234759825,1206770076/2234759825
603385038/2234759825,201128346/446951965
603385038/2234759825,804513384/2234759825
603385038/2234759825,603385038/2234759825
603385038/2234759825,402256692/2234759825
603385038/2234759825,201128346/2234759825
603385038/2234759825,0
402256692/2234759825,1
402256692/2234759825,2212411806/2234759825
402256692/2234759825,402256692/446951965
402256692/2234759825,1810155114/2234759825
402256692/2234759825,1609026768/2234759825
402256692/2234759825,1407898422/2234759825
402256692/2234759825,1206770076/2234759825
402256692/2234759825,201128346/446951965
402256692/2234759825,804513384/2234759825
402256692/2234759825,603385038/2234759825
402256692/2234759825,402256692/2234759825
402256692/2234759825,201128346/2234759825
402256692/2234759825,0
201128346/2234759825,1
201128346/2234759825,2212411806/2234759825
201128346/2234759825,402256692/446951965
201128346/2234759825,1810155114/2234759825
201128346/2234759825,1609026768/2234759825
201128346/2234759825,1407898422/2234759825
201128346/2234759825,1206770076/2234759825
201128346/2234759825,201128346/446951965
201128346/2234759825,804513384/2234759825
201128346/2234759825,603385038/2234759825
201128346/2234759825,402256692/2234759825
201128346/2234759825,201128346/2234759825
201128346/2234759825,0
0,1
0,2212411806/2234759825
0,402256692/446951965
0,1810155114/2234759825
0,1609026768/2234759825
0,1407898422/2234759825
0,1206770076/2234759825
0,201128346/446951965
0,804513384/2234759825
0,603385038/2234759825
0,402256692/2234759825
0,201128346/2234759825
0,0
144
4 14 1 0 13
4 15 2 1 14
4 16 3 2 15
4 17 4 3 16
4 18 5 4 17
4 19 6 5 18
4 20 7 6 19
4 21 8 7 20
4 22 9 8 21
4 23 10 9 22
4 24 11 10 23
4 25 12 11 24
4 27 14 13 26
4 28 15 14 27
4 29 16 15 28
4 30 17 16 29
4 31 18 17 30
4 32 19 18 31
4 33 20 19 32
4 34 21 20 33
4 35 22 21 34
4 36 23 22 35
4 37 24 23 36
4 38 25 24 37
4 40 27 26 39
4 41 28 27 40
4 42 29 28 41
4 43 30 29 42
4 44 31 30 43
4 45 32 31 44
4 46 33 32 45
4 47 34 33 46
4 48 35 34 47
4 49 36 35 48
4 50 37 36 49
4 51 38 37 50
4 53 40 39 52
4 54 41 40 53
4 55 42 41 54
4 56 43 42 55
4 57 44 43 56
4 58 45 44 57
4 59 46 45 58
4 60 47 46 59
4 61 48 47 60
4 62 49 48 61
4 63 50 49 62
4 64 51 50 63
4 66 53 52 65
4 67 54 53 66
4 68 55 54 67
4 69 56 55 68
4 70 57 56 69
4 71 58 57 70
4 72 59 58 71
4 73 60 59 72
4 74 61 60 73
4 75 62 61 74
4 76 63 62 75
4 77 64 63 76
4 79 66 65 78
4 80 67 66 79
4 81 68 67 80
4 82 69 68 81
4 83 70 69 82
4 84 71 70 83
4 85 72 71 84
4 86 73 72 85
4 87 74 73 86
4 88 75 74 87
4 89 76 75 88
4 90 77 76 89
4 92 79 78 91
4 93 80 79 92
4 94 81 80 93
4 95 82 81 94
4 96 83 82 95
4 97 84 83 96
4 98 85 84 97
4 99 86 85 98
4 100 87 86 99
4 101 88 87 100
4 102 89 88 101
4 103 90 89 102
4 105 92 91 104
4 106 93 92 105
4 107 94 93 106
4 108 95 94 107
4 109 96 95 108
4 110 97 96 109
4 111 98 97 110
4 112 99 98 111
4 113 100 99 112
4 114 101 100 113
4 115 102 101 114
4 116 103 102 115
4 118 105 104 117
4 119 106 105 118
4 120 107 106 119
4 121 108 107 120
4 122 109 108 121
4 123 110 109 122
4 124 111 110 123
4 125 112 111 124
4 126 113 112 125
4 127 114 113 126
4 128 115 114 127
4 129 116 115 128
4 131 118 117 130
4 132 119 118 131
4 133 120 119 132
4 134 121 120 133
4 135 122 121 134
4 136 123 122 135
4 137 124 123 136
4 138 125 124 137
4 139 126 125 138
4 140 127 126 139
4 141 128 127 140
4 142 129 128 141
4 144 131 130 143
4 145 132 131 144
4 146 133 132 145
4 147 134 133 146
4 148 135 134 147
4 149 136 135 148
4 150 137 136 149
4 151 138 137 150
4 152 139 138 151
4 153 140 139 152
4 154 141 140 153
4 155 142 141 154
4 157 144 143 156
4 158 145 144 157
4 159 146 145 158
4 160 147 146 159
4 161 148 147 160
4 162 149 148 161
4 163 150 149 162
4 164 151 150 163
4 165 152 151 164
4 166 153 152 165
4 167 154 153 166
4 168 155 154 167
178780327/2234759825,178780327/2234759825
178780327/2234759825,201128346/2234759825
178780327/2234759825,0
178780327/2234759825,201128346/2234759825
178780327/2234759825,0
178780327/2234759825,201128346/2234759825
178780327/2234759825,0
178780327/2234759825,201128346/2234759825
178780327/2234759825,0
178780327/2234759825,201128346/2234759825
178780327/2234759825,0
178780327/2234759825,201128346/2234759825
178780327/2234759825,0
201128346/2234759825,178780327/2234759825
201128346/2234759825,201128346/2234759825
201128346/2234759825,0
201128346/2234759825,201128346/2234759825
201128346/2234759825,0
201128346/2234759825,201128346/2234759825
201128346/2234759825,0
201128346/2234759825,201128346/2234759825
201128346/2234759825,0
201128346/2234759825,201128346/2234759825
201128346/2234759825,0
201128346/2234759825,201128346/2234759825
201128346/2234759825,0
0,178780327/2234759825
0,201128346/2234759825
0,0
0,201128346/2234759825
0,0
0,201128346/2234759825
0,0
0,201128346/2234759825
0,0
0,201128346/2234759825
0,0
0,201128346/2234759825
0,0
201128346/2234759825,178780327/2234759825
201128346/2234759825,201128346/2234759825
201128346/2234759825,0
201128346/2234759825,201128346/2234759825
201128346/2234759825,0
201128346/2234759825,201128346/2234759825
201128346/2234759825,0
201128346/2234759825,201128346/2234759825
201128346/2234759825,0
201128346/2234759825,201128346/2234759825
201128346/2234759825,0
201128346/2234759825,201128346/2234759825
201128346/2234759825,0
0,178780327/2234759825
0,201128346/2234759825
0,0
0,201128346/2234759825
0,0
0,201128346/2234759825
0,0
0,201128346/2234759825
0,0
0,201128346/2234759825
0,0
0,201128346/2234759825
0,0
201128346/2234759825,178780327/2234759825
201128346/2234759825,201128346/2234759825
201128346/2234759825,0
201128346/2234759825,201128346/2234759825
201128346/2234759825,0
201128346/2234759825,201128346/2234759825
201128346/2234759825,0
201128346/2234759825,201128346/2234759825
201128346/2234759825,0
201128346/2234759825,201128346/2234759825
201128346/2234759825,0
201128346/2234759825,201128346/2234759825
201128346/2234759825,0
0,178780327/2234759825
0,201128346/2234759825
0,0
0,201128346/2234759825
0,0
0,201128346/2234759825
0,0
0,201128346/2234759825
0,0
0,201128346/2234759825
0,0
0,201128346/2234759825
0,0
201128346/2234759825,178780327/2234759825
201128346/2234759825,201128346/2234759825
201128346/2234759825,0
201128346/2234759825,201128346/2234759825
201128346/2234759825,0
201128346/2234759825,201128346/2234759825
201128346/2234759825,0
201128346/2234759825,201128346/2234759825
201128346/2234759825,0
201128346/2234759825,201128346/2234759825
201128346/2234759825,0
201128346/2234759825,201128346/2234759825
201128346/2234759825,0
0,178780327/2234759825
0,201128346/2234759825
0,0
0,201128346/2234759825
0,0
0,201128346/2234759825
0,0
0,201128346/2234759825
0,0
0,201128346/2234759825
0,0
0,201128346/2234759825
0,0
201128346/2234759825,178780327/2234759825
201128346/2234759825,201128346/2234759825
201128346/2234759825,0
201128346/2234759825,201128346/2234759825
201128346/2234759825,0
201128346/2234759825,201128346/2234759825
201128346/2234759825,0
201128346/2234759825,201128346/2234759825
201128346/2234759825,0
201128346/2234759825,201128346/2234759825
201128346/2234759825,0
201128346/2234759825,201128346/2234759825
201128346/2234759825,0
0,178780327/2234759825
0,201128346/2234759825
0,0
0,201128346/2234759825
0,0
0,201128346/2234759825
0,0
0,201128346/2234759825
0,0
0,201128346/2234759825
0,0
0,201128346/2234759825
0,0
201128346/2234759825,178780327/2234759825
201128346/2234759825,201128346/2234759825
201128346/2234759825,0
201128346/2234759825,201128346/2234759825
201128346/2234759825,0
201128346/2234759825,201128346/2234759825
201128346/2234759825,0
201128346/2234759825,201128346/2234759825
201128346/2234759825,0
201128346/2234759825,201128346/2234759825
201128346/2234759825,0
201128346/2234759825,201128346/2234759825
201128346/2234759825,0
0,178780327/2234759825
0,201128346/2234759825
0,0
0,201128346/2234759825
0,0
0,201128346/2234759825
0,0
0,201128346/2234759825
0,0
0,201128346/2234759825
0,0
0,201128346/2234759825
0,0
