64
1,1
1,1195151998795122/1195151998796239
1,995959998995935/1195151998796239
1,796767999196748/1195151998796239
1,597575999397561/1195151998796239
1,398383999598374/1195151998796239
1,199191999799187/1195151998796239
1,0
1195151998795122/1195151998796239,1
1195151998795122/1195151998796239,1195151998795122/1195151998796239
1195151998795122/1195151998796239,995959998995935/1195151998796239
1195151998795122/1195151998796239,796767999196748/1195151998796239
1195151998795122/1195151998796239,597575999397561/1195151998796239
1195151998795122/1195151998796239,398383999598374/1195151998796239
1195151998795122/1195151998796239,199191999799187/1195151998796239
1195151998795122/1195151998796239,0
995959998995935/1195151998796239,1
995959998995935/1195151998796239,1195151998795122/1195151998796239
995959998995935/1195151998796239,995959998995935/1195151998796239
995959998995935/1195151998796239,796767999196748/1195151998796239
995959998995935/1195151998796239,597575999397561/1195151998796239
995959998995935/1195151998796239,398383999598374/1195151998796239
995959998995935/1195151998796239,199191999799187/1195151998796239
995959998995935/1195151998796239,0
796767999196748/1195151998796239,1
796767999196748/1195151998796239,1195151998795122/1195151998796239
796767999196748/1195151998796239,995959998995935/1195151998796239
796767999196748/1195151998796239,796767999196748/1195151998796239
796767999196748/1195151998796239,597575999397561/1195151998796239
796767999196748/1195151998796239,398383999598374/1195151998796239
796767999196748/1195151998796239,199191999799187/1195151998796239
796767999196748/1195151998796239,0
597575999397561/1195151998796239,1
597575999397561/1195151998796239,1195151998795122/1195151998796239
597575999397561/1195151998796239,995959998995935/1195151998796239
597575999397561/1195151998796239,796767999196748/1195151998796239
597575999397561/1195151998796239,597575999397561/1195151998796239
597575999397561/1195151998796239,398383999598374/1195151998796239
597575999397561/1195151998796239,199191999799187/1195151998796239
597575999397561/1195151998796239,0
398383999598374/1195151998796239,1
398383999598374/1195151998796239,1195151998795122/1195151998796239
398383999598374/1195151998796239,995959998995935/1195151998796239
398383999598374/1195151998796239,796767999196748/1195151998796239
398383999598374/1195151998796239,597575999397561/1195151998796239
398383999598374/1195151998796239,398383999598374/1195151998796239
398383999598374/1195151998796239,199191999799187/1195151998796239
398383999598374/1195151998796239,0
199191999799187/1195151998796239,1
199191999799187/1195151998796239,1195151998795122/1195151998796239
199191999799187/1195151998796239,995959998995935/1195151998796239
199191999799187/1195151998796239,796767999196748/1195151998796239
199191999799187/1195151998796239,597575999397561/1195151998796239
199191999799187/1195151998796239,398383999598374/1195151998796239
199191999799187/1195151998796239,199191999799187/1195151998796239
199191999799187/1195151998796239,0
0,1
0,1195151998795122/1195151998796239
0,995959998995935/1195151998796239
0,796767999196748/1195151998796239
0,597575999397561/1195151998796239
0,398383999598374/1195151998796239
0,199191999799187/1195151998796239
0,0
49
4 9 1 0 8
4 10 2 1 9
4 11 3 2 10
4 12 4 3 11
4 13 5 4 12
4 14 6 5 13
4 15 7 6 14
4 17 9 8 16
4 18 10 9 17
4 19 11 10 18
4 20 12 11 19
4 21 13 12 20
4 22 14 13 21
4 23 15 14 22
4 25 17 16 24
4 26 18 17 25
4 27 19 18 26
4 28 20 19 27
4 29 21 20 28
4 30 22 21 29
4 31 23 22 30
4 33 25 24 32
4 34 26 25 33
4 35 27 26 34
4 36 28 27 35
4 37 29 28 36
4 38 30 29 37
4 39 31 30 38
4 41 33 32 40
4 42 34 33 41
4 43 35 34 42
4 44 36 35 43
4 45 37 36 44
4 46 38 37 45
4 47 39 38 46
4 49 41 40 48
4 50 42 41 49
4 51 43 42 50
4 52 44 43 51
4 53 45 44 52
4 54 46 45 53
4 55 47 46 54
4 57 49 48 56
4 58 50 49 57
4 59 51 50 58
4 60 52 51 59
4 61 53 52 60
4 62 54 53 61
4 63 55 54 62
1117/1195151998796239,1117/1195151998796239
1117/1195151998796239,0
1117/1195151998796239,199191999799187/1195151998796239
1117/1195151998796239,0
1117/1195151998796239,199191999799187/1195151998796239
1117/1195151998796239,0
1117/1195151998796239,199191999799187/1195151998796239
1117/1195151998796239,0
0,1117/1195151998796239
0,0
0,199191999799187/1195151998796239
0,0
0,199191999799187/1195151998796239
0,0
0,199191999799187/1195151998796239
0,0
199191999799187/1195151998796239,1117/1195151998796239
199191999799187/1195151998796239,0
199191999799187/1195151998796239,199191999799187/1195151998796239
199191999799187/1195151998796239,0
199191999799187/1195151998796239,199191999799187/1195151998796239
199191999799187/1195151998796239,0
199191999799187/1195151998796239,199191999799187/1195151998796239
199191999799187/1195151998796239,0
0,1117/1195151998796239
0,0
0,199191999799187/1195151998796239
0,0
0,199191999799187/1195151998796239
0,0
0,199191999799187/1195151998796239
0,0
199191999799187/1195151998796239,1117/1195151998796239
199191999799187/1195151998796239,0
199191999799187/1195151998796239,199191999799187/1195151998796239
199191999799187/1195151998796239,0
199191999799187/1195151998796239,199191999799187/1195151998796239
199191999799187/1195151998796239,0
199191999799187/1195151998796239,199191999799187/1195151998796239
199191999799187/1195151998796239,0
0,1117/1195151998796239
0,0
0,199191999799187/1195151998796239
0,0
0,199191999799187/1195151998796239
0,0
0,199191999799187/1195151998796239
0,0
199191999799187/1195151998796239,1117/1195151998796239
199191999799187/1195151998796239,0
199191999799187/1195151998796239,199191999799187/1195151998796239
199191999799187/1195151998796239,0
199191999799187/1195151998796239,199191999799187/1195151998796239
199191999799187/1195151998796239,0
199191999799187/1195151998796239,199191999799187/1195151998796239
199191999799187/1195151998796239,0
0,1117/1195151998796239
0,0
0,199191999799187/1195151998796239
0,0
0,199191999799187/1195151998796239
0,0
0,199191999799187/1195151998796239
0,0
