20
1,1
1,213759/217600
1,71253/108800
1,71253/217600
1,0
600327/870400,1
600327/870400,213759/217600
600327/870400,71253/108800
600327/870400,71253/217600
600327/870400,0
600327/1740800,1
600327/1740800,213759/217600
600327/1740800,71253/108800
600327/1740800,71253/217600
600327/1740800,0
0,1
0,213759/217600
0,71253/108800
0,71253/217600
0,0
12
4 6 1 0 5
4 7 2 1 6
4 8 3 2 7
4 9 4 3 8
4 11 6 5 10
4 12 7 6 11
4 13 8 7 12
4 14 9 8 13
4 16 11 10 15
4 17 12 11 16
4 18 13 12 17
4 19 14 13 18
-437281/1740800,441359/217600
-437281/1740800,1113/544
-437281/1740800,373947/217600
-437281/1740800,1113/544
-437281/1740800,373947/217600
-977427/1740800,441359/217600
-977427/1740800,1113/544
-977427/1740800,373947/217600
-977427/1740800,1113/544
-977427/1740800,373947/217600
-3771/17408,441359/217600
-3771/17408,1113/544
-3771/17408,373947/217600
-3771/17408,1113/544
-3771/17408,373947/217600
-977427/1740800,441359/217600
-977427/1740800,1113/544
-977427/1740800,373947/217600
-977427/1740800,1113/544
-977427/1740800,373947/217600
