9
1,1
1,5512554823/9692706400
1,0
1085555365662195930837382811/1785854663510561456241741000,1
1085555365662195930837382811/1785854663510561456241741000,5512554823/9692706400
1085555365662195930837382811/1785854663510561456241741000,0
0,1
0,5512554823/9692706400
0,0
4
4 4 1 0 3
4 5 2 1 4
4 7 4 3 6
4 8 5 4 7
406724737627559062971853813/892927331755280728120870500,10883163786982667/7920370802994000
406724737627559062971853813/892927331755280728120870500,28597928395498549/15840741605988000
406724737627559062971853813/892927331755280728120870500,67084889078917/54249115089000
100916584873565576756537721/119056977567370763749449400,10883163786982667/7920370802994000
100916584873565576756537721/119056977567370763749449400,28597928395498549/15840741605988000
100916584873565576756537721/119056977567370763749449400,67084889078917/54249115089000
472878927415343/1972223353103250,10883163786982667/7920370802994000
472878927415343/1972223353103250,28597928395498549/15840741605988000
472878927415343/1972223353103250,67084889078917/54249115089000
