9
1,1
1,11367438457347/14406586480000
1,0
28481130681888/56079442113125,1
28481130681888/56079442113125,11367438457347/14406586480000
28481130681888/56079442113125,0
0,1
0,11367438457347/14406586480000
0,0
4
4 4 1 0 3
4 5 2 1 4
4 7 4 3 6
4 8 5 4 7
-6228219172738681/24562795645548750,3432313247401871/8413446504320000
-6228219172738681/24562795645548750,5207175692631223/8413446504320000
-6228219172738681/24562795645548750,-45466181/267238400
165290023/692848986,3432313247401871/8413446504320000
165290023/692848986,5207175692631223/8413446504320000
165290023/692848986,-45466181/267238400
-6614894004523819/24562795645548750,3432313247401871/8413446504320000
-6614894004523819/24562795645548750,5207175692631223/8413446504320000
-6614894004523819/24562795645548750,-45466181/267238400
