12
1,1
1,1003882427/1957087600
1,0
5325794351/5796277500,1
5325794351/5796277500,1003882427/1957087600
5325794351/5796277500,0
5325794351/11592555000,1
5325794351/11592555000,1003882427/1957087600
5325794351/11592555000,0
0,1
0,1003882427/1957087600
0,0
6
4 4 1 0 3
4 5 2 1 4
4 7 4 3 6
4 8 5 4 7
4 10 7 6 9
4 11 8 7 10
6050525253/3864185000,-106059502183/73390785000
6050525253/3864185000,-140628616391/146781570000
6050525253/3864185000,-103015171/70029375
17210609461/11592555000,-106059502183/73390785000
17210609461/11592555000,-140628616391/146781570000
17210609461/11592555000,-103015171/70029375
144464127/74311250,-106059502183/73390785000
144464127/74311250,-140628616391/146781570000
144464127/74311250,-103015171/70029375
17210609461/11592555000,-106059502183/73390785000
17210609461/11592555000,-140628616391/146781570000
17210609461/11592555000,-103015171/70029375
