20
1,1
1,2237942522497/3149938593750
1,2237942522497/6299877187500
1,0
15906085334991/19620273359375,1
15906085334991/19620273359375,2237942522497/3149938593750
15906085334991/19620273359375,2237942522497/6299877187500
15906085334991/19620273359375,0
10604056889994/19620273359375,1
10604056889994/19620273359375,2237942522497/3149938593750
10604056889994/19620273359375,2237942522497/6299877187500
10604056889994/19620273359375,0
5302028444997/19620273359375,1
5302028444997/19620273359375,2237942522497/3149938593750
5302028444997/19620273359375,2237942522497/6299877187500
5302028444997/19620273359375,0
0,1
0,2237942522497/3149938593750
0,2237942522497/6299877187500
0,0
12
4 5 1 0 4
4 6 2 1 5
4 7 3 2 6
4 9 5 4 8
4 10 6 5 9
4 11 7 6 10
4 13 9 8 12
4 14 10 9 13
4 15 11 10 14
4 17 13 12 16
4 18 14 13 17
4 19 15 14 18
7802766407019719/8593679731406250,10322754606239/1574969296875
7802766407019719/8593679731406250,831760301/132768750
7802766407019719/8593679731406250,41704968804947/6299877187500
7802766407019719/8593679731406250,831760301/132768750
9429580761699911/8593679731406250,10322754606239/1574969296875
9429580761699911/8593679731406250,831760301/132768750
9429580761699911/8593679731406250,41704968804947/6299877187500
9429580761699911/8593679731406250,831760301/132768750
112769413769/136353506250,10322754606239/1574969296875
112769413769/136353506250,831760301/132768750
112769413769/136353506250,41704968804947/6299877187500
112769413769/136353506250,831760301/132768750
9429580761699911/8593679731406250,10322754606239/1574969296875
9429580761699911/8593679731406250,831760301/132768750
9429580761699911/8593679731406250,41704968804947/6299877187500
9429580761699911/8593679731406250,831760301/132768750
112769413769/136353506250,10322754606239/1574969296875
112769413769/136353506250,831760301/132768750
112769413769/136353506250,41704968804947/6299877187500
112769413769/136353506250,831760301/132768750
