15
1,1
1,1175208388961/1184633188700
1,1175208388961/1776949783050
1,1175208388961/3553899566100
1,0
8049531174311/13859162785000,1
8049531174311/13859162785000,1175208388961/1184633188700
8049531174311/13859162785000,1175208388961/1776949783050
8049531174311/13859162785000,1175208388961/3553899566100
8049531174311/13859162785000,0
0,1
0,1175208388961/1184633188700
0,1175208388961/1776949783050
0,1175208388961/3553899566100
0,0
8
4 6 1 0 5
4 7 2 1 6
4 8 3 2 7
4 9 4 3 8
4 11 6 5 10
4 12 7 6 11
4 13 8 7 12
4 14 9 8 13
125822538772693/20788744177500,882945863342/888474891525
125822538772693/20788744177500,3689963/3683580
125822538772693/20788744177500,198737455302/296158297175
125822538772693/20788744177500,3689963/3683580
125822538772693/20788744177500,198737455302/296158297175
269073972377453/41577488355000,882945863342/888474891525
269073972377453/41577488355000,3689963/3683580
269073972377453/41577488355000,198737455302/296158297175
269073972377453/41577488355000,3689963/3683580
269073972377453/41577488355000,198737455302/296158297175
3119273801/529514625,882945863342/888474891525
3119273801/529514625,3689963/3683580
3119273801/529514625,198737455302/296158297175
3119273801/529514625,3689963/3683580
3119273801/529514625,198737455302/296158297175
