16
1,1
1,251802589574023/290617306687500
1,251802589574023/581234613375000
1,0
2954105307/3122031250,1
2954105307/3122031250,251802589574023/290617306687500
2954105307/3122031250,251802589574023/581234613375000
2954105307/3122031250,0
2954105307/6244062500,1
2954105307/6244062500,251802589574023/290617306687500
2954105307/6244062500,251802589574023/581234613375000
2954105307/6244062500,0
0,1
0,251802589574023/290617306687500
0,251802589574023/581234613375000
0,0
9
4 5 1 0 4
4 6 2 1 5
4 7 3 2 6
4 9 5 4 8
4 10 6 5 9
4 11 7 6 10
4 13 9 8 12
4 14 10 9 13
4 15 11 10 14
-97278295357/159223593750,795690706701731/581234613375000
-97278295357/159223593750,24760733533613/20042572875000
-97278295357/159223593750,20051684/12016875
-97278295357/159223593750,24760733533613/20042572875000
-39940573/60084375,795690706701731/581234613375000
-39940573/60084375,24760733533613/20042572875000
-39940573/60084375,20051684/12016875
-39940573/60084375,24760733533613/20042572875000
-61025666243/318447187500,795690706701731/581234613375000
-61025666243/318447187500,24760733533613/20042572875000
-61025666243/318447187500,20051684/12016875
-61025666243/318447187500,24760733533613/20042572875000
-39940573/60084375,795690706701731/581234613375000
-39940573/60084375,24760733533613/20042572875000
-39940573/60084375,20051684/12016875
-39940573/60084375,24760733533613/20042572875000
