16
1,1
1,295678188164018990561/317795262213060937500
1,295678188164018990561/635590524426121875000
1,0
90033653941/107503906250,1
90033653941/107503906250,295678188164018990561/317795262213060937500
90033653941/107503906250,295678188164018990561/635590524426121875000
90033653941/107503906250,0
90033653941/215007812500,1
90033653941/215007812500,295678188164018990561/317795262213060937500
90033653941/215007812500,295678188164018990561/635590524426121875000
90033653941/215007812500,0
0,1
0,295678188164018990561/317795262213060937500
0,295678188164018990561/635590524426121875000
0,0
9
4 5 1 0 4
4 6 2 1 5
4 7 3 2 6
4 9 5 4 8
4 10 6 5 9
4 11 7 6 10
4 13 9 8 12
4 14 10 9 13
4 15 11 10 14
-398598592469/645023437500,-248263839543364167383/635590524426121875000
-398598592469/645023437500,-292497987641448061261/635590524426121875000
-398598592469/645023437500,1662215393/332208093750
-398598592469/645023437500,-292497987641448061261/635590524426121875000
-503420106323/645023437500,-248263839543364167383/635590524426121875000
-503420106323/645023437500,-292497987641448061261/635590524426121875000
-503420106323/645023437500,1662215393/332208093750
-503420106323/645023437500,-292497987641448061261/635590524426121875000
-35895253/99234375,-248263839543364167383/635590524426121875000
-35895253/99234375,-292497987641448061261/635590524426121875000
-35895253/99234375,1662215393/332208093750
-35895253/99234375,-292497987641448061261/635590524426121875000
-503420106323/645023437500,-248263839543364167383/635590524426121875000
-503420106323/645023437500,-292497987641448061261/635590524426121875000
-503420106323/645023437500,1662215393/332208093750
-503420106323/645023437500,-292497987641448061261/635590524426121875000
