9
1,1
1,3090020235/4774352128
1,0
34506967599056809/56135781500792400,1
34506967599056809/56135781500792400,3090020235/4774352128
34506967599056809/56135781500792400,0
0,1
0,3090020235/4774352128
0,0
4
4 4 1 0 3
4 5 2 1 4
4 7 4 3 6
4 8 5 4 7
-11777769355761091/56135781500792400,-62914742601/28987137920
-11777769355761091/56135781500792400,-737638185509/405819930880
-11777769355761091/56135781500792400,-1309279981/531177920
7650065/43593588,-62914742601/28987137920
7650065/43593588,-737638185509/405819930880
7650065/43593588,-1309279981/531177920
-8218641017694103/18711927166930800,-62914742601/28987137920
-8218641017694103/18711927166930800,-737638185509/405819930880
-8218641017694103/18711927166930800,-1309279981/531177920
