12
1,1
1,778631299087817/1076261121378125
1,778631299087817/2152522242756250
1,0
1241790601626379/2152522242756250,1
1241790601626379/2152522242756250,778631299087817/1076261121378125
1241790601626379/2152522242756250,778631299087817/2152522242756250
1241790601626379/2152522242756250,0
0,1
0,778631299087817/1076261121378125
0,778631299087817/2152522242756250
0,0
6
4 5 1 0 4
4 6 2 1 5
4 7 3 2 6
4 9 5 4 8
4 10 6 5 9
4 11 7 6 10
34252634738196934504/5274755755874190625,-2535794626252995892/930839251036621875
34252634738196934504/5274755755874190625,-47484559923435328688/15824267267622571875
34252634738196934504/5274755755874190625,-3340836154255299361/1265941381409805750
34252634738196934504/5274755755874190625,-47484559923435328688/15824267267622571875
72968765249571366779/10549511511748381250,-2535794626252995892/930839251036621875
72968765249571366779/10549511511748381250,-47484559923435328688/15824267267622571875
72968765249571366779/10549511511748381250,-3340836154255299361/1265941381409805750
72968765249571366779/10549511511748381250,-47484559923435328688/15824267267622571875
1337654990220009666/210990230234967625,-2535794626252995892/930839251036621875
1337654990220009666/210990230234967625,-47484559923435328688/15824267267622571875
1337654990220009666/210990230234967625,-3340836154255299361/1265941381409805750
1337654990220009666/210990230234967625,-47484559923435328688/15824267267622571875
