12
1,1
1,1407378787/1755462500
1,1407378787/3510925000
1,0
68183518634913/108139471222000,1
68183518634913/108139471222000,1407378787/1755462500
68183518634913/108139471222000,1407378787/3510925000
68183518634913/108139471222000,0
0,1
0,1407378787/1755462500
0,1407378787/3510925000
0,0
6
4 5 1 0 4
4 6 2 1 5
4 7 3 2 6
4 9 5 4 8
4 10 6 5 9
4 11 7 6 10
21355669051063/54069735611000,520719669/877731250
21355669051063/54069735611000,65257/165220
21355669051063/54069735611000,2794090037/3510925000
21355669051063/54069735611000,65257/165220
82667290689213/108139471222000,520719669/877731250
82667290689213/108139471222000,65257/165220
82667290689213/108139471222000,2794090037/3510925000
82667290689213/108139471222000,65257/165220
5535129/41326660,520719669/877731250
5535129/41326660,65257/165220
5535129/41326660,2794090037/3510925000
5535129/41326660,65257/165220
