20
1,1
1,63/65
1,42/65
1,21/65
1,0
12581/13250,1
12581/13250,63/65
12581/13250,42/65
12581/13250,21/65
12581/13250,0
12581/26500,1
12581/26500,63/65
12581/26500,42/65
12581/26500,21/65
12581/26500,0
0,1
0,63/65
0,42/65
0,21/65
0,0
12
4 6 1 0 5
4 7 2 1 6
4 8 3 2 7
4 9 4 3 8
4 11 6 5 10
4 12 7 6 11
4 13 8 7 12
4 14 9 8 13
4 16 11 10 15
4 17 12 11 16
4 18 13 12 17
4 19 14 13 18
88399/119250,67/780
88399/119250,7/60
88399/119250,-161/780
88399/119250,7/60
88399/119250,-161/780
41189/59625,67/780
41189/59625,7/60
41189/59625,-161/780
41189/59625,7/60
41189/59625,-161/780
1049/900,67/780
1049/900,7/60
1049/900,-161/780
1049/900,7/60
1049/900,-161/780
41189/59625,67/780
41189/59625,7/60
41189/59625,-161/780
41189/59625,7/60
41189/59625,-161/780
