16
1,1
1,239450162669/314874730625
1,239450162669/629749461250
1,0
187839699/210732500,1
187839699/210732500,239450162669/314874730625
187839699/210732500,239450162669/629749461250
187839699/210732500,0
187839699/421465000,1
187839699/421465000,239450162669/314874730625
187839699/421465000,239450162669/629749461250
187839699/421465000,0
0,1
0,239450162669/314874730625
0,239450162669/629749461250
0,0
9
4 5 1 0 4
4 6 2 1 5
4 7 3 2 6
4 9 5 4 8
4 10 6 5 9
4 11 7 6 10
4 13 9 8 12
4 14 10 9 13
4 15 11 10 14
126150903/421465000,1243821886352/944624191875
126150903/421465000,1017548182484/944624191875
126150903/421465000,39042139/26788350
126150903/421465000,1017548182484/944624191875
80365301/421465000,1243821886352/944624191875
80365301/421465000,1017548182484/944624191875
80365301/421465000,39042139/26788350
80365301/421465000,1017548182484/944624191875
7/11,1243821886352/944624191875
7/11,1017548182484/944624191875
7/11,39042139/26788350
7/11,1017548182484/944624191875
80365301/421465000,1243821886352/944624191875
80365301/421465000,1017548182484/944624191875
80365301/421465000,39042139/26788350
80365301/421465000,1017548182484/944624191875
