9
1,1
1,5164775468573570221566373/9708131919379604140625000
1,0
90350325962993721420131348869153/130838372112115286209452265625000,1
90350325962993721420131348869153/130838372112115286209452265625000,5164775468573570221566373/9708131919379604140625000
90350325962993721420131348869153/130838372112115286209452265625000,0
0,1
0,5164775468573570221566373/9708131919379604140625000
0,0
4
4 4 1 0 3
4 5 2 1 4
4 7 4 3 6
4 8 5 4 7
168947568169531429023889532462903/130838372112115286209452265625000,-2004315835043932701896513/1213516489922450517578125
168947568169531429023889532462903/130838372112115286209452265625000,-11491170229545427696113477/9708131919379604140625000
168947568169531429023889532462903/130838372112115286209452265625000,-244760407025995560877/142661747529457812500
1210768875/756390116,-2004315835043932701896513/1213516489922450517578125
1210768875/756390116,-11491170229545427696113477/9708131919379604140625000
1210768875/756390116,-244760407025995560877/142661747529457812500
119085288355659272393079100349597/130838372112115286209452265625000,-2004315835043932701896513/1213516489922450517578125
119085288355659272393079100349597/130838372112115286209452265625000,-11491170229545427696113477/9708131919379604140625000
119085288355659272393079100349597/130838372112115286209452265625000,-244760407025995560877/142661747529457812500
