12
1,1
1,2228989/2468750
1,2228989/4937500
1,0
28483/53125,1
28483/53125,2228989/2468750
28483/53125,2228989/4937500
28483/53125,0
0,1
0,2228989/2468750
0,2228989/4937500
0,0
6
4 5 1 0 4
4 6 2 1 5
4 7 3 2 6
4 9 5 4 8
4 10 6 5 9
4 11 7 6 10
4326473/4143750,-21656701/14812500
4326473/4143750,-23095267/14812500
4326473/4143750,-2077/1875
4326473/4143750,-23095267/14812500
6248549/4143750,-21656701/14812500
6248549/4143750,-23095267/14812500
6248549/4143750,-2077/1875
6248549/4143750,-23095267/14812500
379/390,-21656701/14812500
379/390,-23095267/14812500
379/390,-2077/1875
379/390,-23095267/14812500
