9
1,1
1,2/3
1,0
2/3,1
2/3,2/3
2/3,0
0,1
0,2/3
0,0
4
4 4 1 0 3
4 5 2 1 4
4 7 4 3 6
4 8 5 4 7
-1400315207105836289857707602546379387160181338493209183390411085977439943,-4200945621317508869573122807639138161480544015479627550171233257932319828/3
-1400315207105836289857707602546379387160181338493209183390411085977439943,-4200945621317508869573122807639138161480544015479627550171233257932319827/3
-1400315207105836289857707602546379387160181338493209183390411085977439943,-1400315207105836289857707602546379387160181338493209183390411085977439943
-4200945621317508869573122807639138161480544015479627550171233257932319828/3,-4200945621317508869573122807639138161480544015479627550171233257932319828/3
-4200945621317508869573122807639138161480544015479627550171233257932319828/3,-4200945621317508869573122807639138161480544015479627550171233257932319827/3
-4200945621317508869573122807639138161480544015479627550171233257932319828/3,-1400315207105836289857707602546379387160181338493209183390411085977439943
-4200945621317508869573122807639138161480544015479627550171233257932319830/3,-4200945621317508869573122807639138161480544015479627550171233257932319828/3
-4200945621317508869573122807639138161480544015479627550171233257932319830/3,-4200945621317508869573122807639138161480544015479627550171233257932319827/3
-4200945621317508869573122807639138161480544015479627550171233257932319830/3,-1400315207105836289857707602546379387160181338493209183390411085977439943
