16
1,1
1,49064048533/55853510000
1,49064048533/111707020000
1,0
116812865361543018907/141704523230475156250,1
116812865361543018907/141704523230475156250,49064048533/55853510000
116812865361543018907/141704523230475156250,49064048533/111707020000
116812865361543018907/141704523230475156250,0
116812865361543018907/283409046460950312500,1
116812865361543018907/283409046460950312500,49064048533/55853510000
116812865361543018907/283409046460950312500,49064048533/111707020000
116812865361543018907/283409046460950312500,0
0,1
0,49064048533/55853510000
0,49064048533/111707020000
0,0
9
4 5 1 0 4
4 6 2 1 5
4 7 3 2 6
4 9 5 4 8
4 10 6 5 9
4 11 7 6 10
4 13 9 8 12
4 14 10 9 13
4 15 11 10 14
14996567557933136983/32701043822417343750,65888995051/167560530000
14996567557933136983/32701043822417343750,163/600
14996567557933136983/32701043822417343750,238233366899/335121060000
14996567557933136983/32701043822417343750,163/600
92147267851/325681095675,65888995051/167560530000
92147267851/325681095675,163/600
92147267851/325681095675,238233366899/335121060000
92147267851/325681095675,163/600
590999405377297794221/850227139382850937500,65888995051/167560530000
590999405377297794221/850227139382850937500,163/600
590999405377297794221/850227139382850937500,238233366899/335121060000
590999405377297794221/850227139382850937500,163/600
92147267851/325681095675,65888995051/167560530000
92147267851/325681095675,163/600
92147267851/325681095675,238233366899/335121060000
92147267851/325681095675,163/600
