12
1,1
1,5096977319673495735040224554686680591/9412417261958814609310870653647516600
1,0
14677908486154072542411680891308937481/15997350003976935341317239362117879950,1
14677908486154072542411680891308937481/15997350003976935341317239362117879950,5096977319673495735040224554686680591/9412417261958814609310870653647516600
14677908486154072542411680891308937481/15997350003976935341317239362117879950,0
14677908486154072542411680891308937481/31994700007953870682634478724235759900,1
14677908486154072542411680891308937481/31994700007953870682634478724235759900,5096977319673495735040224554686680591/9412417261958814609310870653647516600
14677908486154072542411680891308937481/31994700007953870682634478724235759900,0
0,1
0,5096977319673495735040224554686680591/9412417261958814609310870653647516600
0,0
6
4 4 1 0 3
4 5 2 1 4
4 7 4 3 6
4 8 5 4 7
4 10 7 6 9
4 11 8 7 10
-128511133470656161748755375540943387329/95984100023861612047903436172707279700,4040241160091323464391125357801725091/9412417261958814609310870653647516600
-128511133470656161748755375540943387329/95984100023861612047903436172707279700,8336478020331167/9390785581822502
-128511133470656161748755375540943387329/95984100023861612047903436172707279700,3258703782703146603621546902075880509/9412417261958814609310870653647516600
-136427782577593338542188726365797042143/95984100023861612047903436172707279700,4040241160091323464391125357801725091/9412417261958814609310870653647516600
-136427782577593338542188726365797042143/95984100023861612047903436172707279700,8336478020331167/9390785581822502
-136427782577593338542188726365797042143/95984100023861612047903436172707279700,3258703782703146603621546902075880509/9412417261958814609310870653647516600
-982309066673367865603/1020477448980858845103,4040241160091323464391125357801725091/9412417261958814609310870653647516600
-982309066673367865603/1020477448980858845103,8336478020331167/9390785581822502
-982309066673367865603/1020477448980858845103,3258703782703146603621546902075880509/9412417261958814609310870653647516600
-136427782577593338542188726365797042143/95984100023861612047903436172707279700,4040241160091323464391125357801725091/9412417261958814609310870653647516600
-136427782577593338542188726365797042143/95984100023861612047903436172707279700,8336478020331167/9390785581822502
-136427782577593338542188726365797042143/95984100023861612047903436172707279700,3258703782703146603621546902075880509/9412417261958814609310870653647516600
