12
1,1
1,3448653341526/5771336157625
1,0
4182856544412/5771336157625,1
4182856544412/5771336157625,3448653341526/5771336157625
4182856544412/5771336157625,0
2091428272206/5771336157625,1
2091428272206/5771336157625,3448653341526/5771336157625
2091428272206/5771336157625,0
0,1
0,3448653341526/5771336157625
0,0
6
4 4 1 0 3
4 5 2 1 4
4 7 4 3 6
4 8 5 4 7
4 10 7 6 9
4 11 8 7 10
140709289399327/346280169457500,409802803537279/346280169457500
140709289399327/346280169457500,549163772503219/346280169457500
140709289399327/346280169457500,342244572011659/346280169457500
45400512606547/346280169457500,409802803537279/346280169457500
45400512606547/346280169457500,549163772503219/346280169457500
45400512606547/346280169457500,342244572011659/346280169457500
170886208938907/346280169457500,409802803537279/346280169457500
170886208938907/346280169457500,549163772503219/346280169457500
170886208938907/346280169457500,342244572011659/346280169457500
45400512606547/346280169457500,409802803537279/346280169457500
45400512606547/346280169457500,549163772503219/346280169457500
45400512606547/346280169457500,342244572011659/346280169457500
