9
1,1
1,21013274756497866074745533/34029588737308801034112000
1,0
38759167690756298808405046537/70897055618054851106045696000,1
38759167690756298808405046537/70897055618054851106045696000,21013274756497866074745533/34029588737308801034112000
38759167690756298808405046537/70897055618054851106045696000,0
0,1
0,21013274756497866074745533/34029588737308801034112000
0,0
4
4 4 1 0 3
4 5 2 1 4
4 7 4 3 6
4 8 5 4 7
94552296134445885894049976561/106345583427082276659068544000,2669486963753567050501283/17014794368654400517056000
94552296134445885894049976561/106345583427082276659068544000,18355287908318069060369033/34029588737308801034112000
94552296134445885894049976561/106345583427082276659068544000,-15715587749/201203022592
285518256050787428681021901511/212691166854164553318137088000,2669486963753567050501283/17014794368654400517056000
285518256050787428681021901511/212691166854164553318137088000,18355287908318069060369033/34029588737308801034112000
285518256050787428681021901511/212691166854164553318137088000,-15715587749/201203022592
97346559059561/122339051742720,2669486963753567050501283/17014794368654400517056000
97346559059561/122339051742720,18355287908318069060369033/34029588737308801034112000
97346559059561/122339051742720,-15715587749/201203022592
