81
1,1
1,832909/902100
1,118987/150350
1,118987/180420
1,118987/225525
1,118987/300700
1,118987/451050
1,118987/902100
1,0
273427/300700,1
273427/300700,832909/902100
273427/300700,118987/150350
273427/300700,118987/180420
273427/300700,118987/225525
273427/300700,118987/300700
273427/300700,118987/451050
273427/300700,118987/902100
273427/300700,0
117183/150350,1
117183/150350,832909/902100
117183/150350,118987/150350
117183/150350,118987/180420
117183/150350,118987/225525
117183/150350,118987/300700
117183/150350,118987/451050
117183/150350,118987/902100
117183/150350,0
39061/60140,1
39061/60140,832909/902100
39061/60140,118987/150350
39061/60140,118987/180420
39061/60140,118987/225525
39061/60140,118987/300700
39061/60140,118987/451050
39061/60140,118987/902100
39061/60140,0
39061/75175,1
39061/75175,832909/902100
39061/75175,118987/150350
39061/75175,118987/180420
39061/75175,118987/225525
39061/75175,118987/300700
39061/75175,118987/451050
39061/75175,118987/902100
39061/75175,0
117183/300700,1
117183/300700,832909/902100
117183/300700,118987/150350
117183/300700,118987/180420
117183/300700,118987/225525
117183/300700,118987/300700
117183/300700,118987/451050
117183/300700,118987/902100
117183/300700,0
39061/150350,1
39061/150350,832909/902100
39061/150350,118987/150350
39061/150350,118987/180420
39061/150350,118987/225525
39061/150350,118987/300700
39061/150350,118987/451050
39061/150350,118987/902100
39061/150350,0
39061/300700,1
39061/300700,832909/902100
39061/300700,118987/150350
39061/300700,118987/180420
39061/300700,118987/225525
39061/300700,118987/300700
39061/300700,118987/451050
39061/300700,118987/902100
39061/300700,0
0,1
0,832909/902100
0,118987/150350
0,118987/180420
0,118987/225525
0,118987/300700
0,118987/451050
0,118987/902100
0,0
64
4 10 1 0 9
4 11 2 1 10
4 12 3 2 11
4 13 4 3 12
4 14 5 4 13
4 15 6 5 14
4 16 7 6 15
4 17 8 7 16
4 19 10 9 18
4 20 11 10 19
4 21 12 11 20
4 22 13 12 21
4 23 14 13 22
4 24 15 14 23
4 25 16 15 24
4 26 17 16 25
4 28 19 18 27
4 29 20 19 28
4 30 21 20 29
4 31 22 21 30
4 32 23 22 31
4 33 24 23 32
4 34 25 24 33
4 35 26 25 34
4 37 28 27 36
4 38 29 28 37
4 39 30 29 38
4 40 31 30 39
4 41 32 31 40
4 42 33 32 41
4 43 34 33 42
4 44 35 34 43
4 46 37 36 45
4 47 38 37 46
4 48 39 38 47
4 49 40 39 48
4 50 41 40 49
4 51 42 41 50
4 52 43 42 51
4 53 44 43 52
4 55 46 45 54
4 56 47 46 55
4 57 48 47 56
4 58 49 48 57
4 59 50 49 58
4 60 51 50 59
4 61 52 51 60
4 62 53 52 61
4 64 55 54 63
4 65 56 55 64
4 66 57 56 65
4 67 58 57 66
4 68 59 58 67
4 69 60 59 68
4 70 61 60 69
4 71 62 61 70
4 73 64 63 72
4 74 65 64 73
4 75 66 65 74
4 76 67 66 75
4 77 68 67 76
4 78 69 68 77
4 79 70 69 78
4 80 71 70 79
55361799/5111900,65109158/3833925
55361799/5111900,87204293/5111900
55361799/5111900,2595901/153357
55361799/5111900,87204293/5111900
55361799/5111900,2595901/153357
55361799/5111900,87204293/5111900
55361799/5111900,2595901/153357
55361799/5111900,87204293/5111900
55361799/5111900,2595901/153357
28776/2635,65109158/3833925
28776/2635,87204293/5111900
28776/2635,2595901/153357
28776/2635,87204293/5111900
28776/2635,2595901/153357
28776/2635,87204293/5111900
28776/2635,2595901/153357
28776/2635,87204293/5111900
28776/2635,2595901/153357
55161403/5111900,65109158/3833925
55161403/5111900,87204293/5111900
55161403/5111900,2595901/153357
55161403/5111900,87204293/5111900
55161403/5111900,2595901/153357
55161403/5111900,87204293/5111900
55161403/5111900,2595901/153357
55161403/5111900,87204293/5111900
55161403/5111900,2595901/153357
28776/2635,65109158/3833925
28776/2635,87204293/5111900
28776/2635,2595901/153357
28776/2635,87204293/5111900
28776/2635,2595901/153357
28776/2635,87204293/5111900
28776/2635,2595901/153357
28776/2635,87204293/5111900
28776/2635,2595901/153357
55161403/5111900,65109158/3833925
55161403/5111900,87204293/5111900
55161403/5111900,2595901/153357
55161403/5111900,87204293/5111900
55161403/5111900,2595901/153357
55161403/5111900,87204293/5111900
55161403/5111900,2595901/153357
55161403/5111900,87204293/5111900
55161403/5111900,2595901/153357
28776/2635,65109158/3833925
28776/2635,87204293/5111900
28776/2635,2595901/153357
28776/2635,87204293/5111900
28776/2635,2595901/153357
28776/2635,87204293/5111900
28776/2635,2595901/153357
28776/2635,87204293/5111900
28776/2635,2595901/153357
55161403/5111900,65109158/3833925
55161403/5111900,87204293/5111900
55161403/5111900,2595901/153357
55161403/5111900,87204293/5111900
55161403/5111900,2595901/153357
55161403/5111900,87204293/5111900
55161403/5111900,2595901/153357
55161403/5111900,87204293/5111900
55161403/5111900,2595901/153357
28776/2635,65109158/3833925
28776/2635,87204293/5111900
28776/2635,2595901/153357
28776/2635,87204293/5111900
28776/2635,2595901/153357
28776/2635,87204293/5111900
28776/2635,2595901/153357
28776/2635,87204293/5111900
28776/2635,2595901/153357
55161403/5111900,65109158/3833925
55161403/5111900,87204293/5111900
55161403/5111900,2595901/153357
55161403/5111900,87204293/5111900
55161403/5111900,2595901/153357
55161403/5111900,87204293/5111900
55161403/5111900,2595901/153357
55161403/5111900,87204293/5111900
55161403/5111900,2595901/153357
