16
1,1
1,803/1050
1,803/2100
1,0
803/1050,1
803/1050,803/1050
803/1050,803/2100
803/1050,0
803/2100,1
803/2100,803/1050
803/2100,803/2100
803/2100,0
0,1
0,803/1050
0,803/2100
0,0
9
4 5 1 0 4
4 6 2 1 5
4 7 3 2 6
4 9 5 4 8
4 10 6 5 9
4 11 7 6 10
4 13 9 8 12
4 14 10 9 13
4 15 11 10 14
-334701088090510803/700,-502051632135766303/1050
-334701088090510803/700,-10041032642715331/21
-334701088090510803/700,-1004103264271532297/2100
-334701088090510803/700,-10041032642715331/21
-1004103264271532903/2100,-502051632135766303/1050
-1004103264271532903/2100,-10041032642715331/21
-1004103264271532903/2100,-1004103264271532297/2100
-1004103264271532903/2100,-10041032642715331/21
-3347010880905107/7,-502051632135766303/1050
-3347010880905107/7,-10041032642715331/21
-3347010880905107/7,-1004103264271532297/2100
-3347010880905107/7,-10041032642715331/21
-1004103264271532903/2100,-502051632135766303/1050
-1004103264271532903/2100,-10041032642715331/21
-1004103264271532903/2100,-1004103264271532297/2100
-1004103264271532903/2100,-10041032642715331/21
