16
1,1
1,14/19
1,7/19
1,0
14/19,1
14/19,14/19
14/19,7/19
14/19,0
7/19,1
7/19,14/19
7/19,7/19
7/19,0
0,1
0,14/19
0,7/19
0,0
9
4 5 1 0 4
4 6 2 1 5
4 7 3 2 6
4 9 5 4 8
4 10 6 5 9
4 11 7 6 10
4 13 9 8 12
4 14 10 9 13
4 15 11 10 14
-70287228499007322/19,-70287228499007324/19
-70287228499007322/19,-70287228499007329/19
-70287228499007322/19,-70287228499007322/19
-70287228499007322/19,-70287228499007329/19
-70287228499007327/19,-70287228499007324/19
-70287228499007327/19,-70287228499007329/19
-70287228499007327/19,-70287228499007322/19
-70287228499007327/19,-70287228499007329/19
-70287228499007320/19,-70287228499007324/19
-70287228499007320/19,-70287228499007329/19
-70287228499007320/19,-70287228499007322/19
-70287228499007320/19,-70287228499007329/19
-70287228499007327/19,-70287228499007324/19
-70287228499007327/19,-70287228499007329/19
-70287228499007327/19,-70287228499007322/19
-70287228499007327/19,-70287228499007329/19
