16
1,1
1,287/325
1,287/650
1,0
287/325,1
287/325,287/325
287/325,287/650
287/325,0
287/650,1
287/650,287/325
287/650,287/650
287/650,0
0,1
0,287/325
0,287/650
0,0
9
4 5 1 0 4
4 6 2 1 5
4 7 3 2 6
4 9 5 4 8
4 10 6 5 9
4 11 7 6 10
4 13 9 8 12
4 14 10 9 13
4 15 11 10 14
-2894227750987899684387561/650,-1447113875493949842193787/325
-2894227750987899684387561/650,-57884555019757993687753/13
-2894227750987899684387561/650,-2894227750987899684387363/650
-2894227750987899684387561/650,-57884555019757993687753/13
-2894227750987899684387637/650,-1447113875493949842193787/325
-2894227750987899684387637/650,-57884555019757993687753/13
-2894227750987899684387637/650,-2894227750987899684387363/650
-2894227750987899684387637/650,-57884555019757993687753/13
-57884555019757993687747/13,-1447113875493949842193787/325
-57884555019757993687747/13,-57884555019757993687753/13
-57884555019757993687747/13,-2894227750987899684387363/650
-57884555019757993687747/13,-57884555019757993687753/13
-2894227750987899684387637/650,-1447113875493949842193787/325
-2894227750987899684387637/650,-57884555019757993687753/13
-2894227750987899684387637/650,-2894227750987899684387363/650
-2894227750987899684387637/650,-57884555019757993687753/13
