15
1,1
1,37/72
1,0
20387/21600,1
20387/21600,37/72
20387/21600,0
20387/32400,1
20387/32400,37/72
20387/32400,0
20387/64800,1
20387/64800,37/72
20387/64800,0
0,1
0,37/72
0,0
8
4 4 1 0 3
4 5 2 1 4
4 7 4 3 6
4 8 5 4 7
4 10 7 6 9
4 11 8 7 10
4 13 10 9 12
4 14 11 10 13
-12013/21600,749/324
-12013/21600,1813/648
-12013/21600,185/81
-1/2,749/324
-1/2,1813/648
-1/2,185/81
-52787/64800,749/324
-52787/64800,1813/648
-52787/64800,185/81
-1/2,749/324
-1/2,1813/648
-1/2,185/81
-52787/64800,749/324
-52787/64800,1813/648
-52787/64800,185/81
