25
1,1
1,437/576
1,437/864
1,437/1728
1,0
133/160,1
133/160,437/576
133/160,437/864
133/160,437/1728
133/160,0
133/240,1
133/240,437/576
133/240,437/864
133/240,437/1728
133/240,0
133/480,1
133/480,437/576
133/480,437/864
133/480,437/1728
133/480,0
0,1
0,437/576
0,437/864
0,437/1728
0,0
16
4 6 1 0 5
4 7 2 1 6
4 8 3 2 7
4 9 4 3 8
4 11 6 5 10
4 12 7 6 11
4 13 8 7 12
4 14 9 8 13
4 16 11 10 15
4 17 12 11 16
4 18 13 12 17
4 19 14 13 18
4 21 16 15 20
4 22 17 16 21
4 23 18 17 22
4 24 19 18 23
-67/120,205/108
-67/120,3697/1728
-67/120,815/432
-67/120,3697/1728
-67/120,815/432
-187/480,205/108
-187/480,3697/1728
-187/480,815/432
-187/480,3697/1728
-187/480,815/432
-2/3,205/108
-2/3,3697/1728
-2/3,815/432
-2/3,3697/1728
-2/3,815/432
-187/480,205/108
-187/480,3697/1728
-187/480,815/432
-187/480,3697/1728
-187/480,815/432
-2/3,205/108
-2/3,3697/1728
-2/3,815/432
-2/3,3697/1728
-2/3,815/432
