9
1,1
1,18646465523240692986983/33945380907359326208000
1,0
66617271926570997/132718929293056000,1
66617271926570997/132718929293056000,18646465523240692986983/33945380907359326208000
66617271926570997/132718929293056000,0
0,1
0,18646465523240692986983/33945380907359326208000
0,0
4
4 4 1 0 3
4 5 2 1 4
4 7 4 3 6
4 8 5 4 7
1773124965784766799/1128110898990976000,35597257801074504055349/50918071361038989312000
1773124965784766799/1128110898990976000,117091261754504907773749/101836142722077978624000
1773124965784766799/1128110898990976000,24078995748989/40098728637120
4669978106799778649/2256221797981952000,35597257801074504055349/50918071361038989312000
4669978106799778649/2256221797981952000,117091261754504907773749/101836142722077978624000
4669978106799778649/2256221797981952000,24078995748989/40098728637120
167653293082847/106929943032320,35597257801074504055349/50918071361038989312000
167653293082847/106929943032320,117091261754504907773749/101836142722077978624000
167653293082847/106929943032320,24078995748989/40098728637120
