9
1,1
1,181105859344164467/268465215648060000
1,0
1704629862246598493/2353771449157040040,1
1704629862246598493/2353771449157040040,181105859344164467/268465215648060000
1704629862246598493/2353771449157040040,0
0,1
0,181105859344164467/268465215648060000
0,0
4
4 4 1 0 3
4 5 2 1 4
4 7 4 3 6
4 8 5 4 7
640114581081856151/784590483052346680,-11854621932646183/268465215648060000
640114581081856151/784590483052346680,34087/121200
640114581081856151/784590483052346680,-105601124972915117/268465215648060000
31100025250/28489110501,-11854621932646183/268465215648060000
31100025250/28489110501,34087/121200
31100025250/28489110501,-105601124972915117/268465215648060000
864855467909411507/2353771449157040040,-11854621932646183/268465215648060000
864855467909411507/2353771449157040040,34087/121200
864855467909411507/2353771449157040040,-105601124972915117/268465215648060000
