12
1,1
1,2433210751/2480763050
1,0
1107/1340,1
1107/1340,2433210751/2480763050
1107/1340,0
1107/2680,1
1107/2680,2433210751/2480763050
1107/2680,0
0,1
0,2433210751/2480763050
0,0
6
4 4 1 0 3
4 5 2 1 4
4 7 4 3 6
4 8 5 4 7
4 10 7 6 9
4 11 8 7 10
449/670,119710893291/101711285050
449/670,2433210751/2034225701
449/670,21898896759/101711285050
133/268,119710893291/101711285050
133/268,2433210751/2034225701
133/268,21898896759/101711285050
2437/2680,119710893291/101711285050
2437/2680,2433210751/2034225701
2437/2680,21898896759/101711285050
133/268,119710893291/101711285050
133/268,2433210751/2034225701
133/268,21898896759/101711285050
