24
1,1
1,41/50
1,41/100
1,0
41/50,1
41/50,41/50
41/50,41/100
41/50,0
123/200,1
123/200,41/50
123/200,41/100
123/200,0
41/100,1
41/100,41/50
41/100,41/100
41/100,0
41/200,1
41/200,41/50
41/200,41/100
41/200,0
0,1
0,41/50
0,41/100
0,0
15
4 5 1 0 4
4 6 2 1 5
4 7 3 2 6
4 9 5 4 8
4 10 6 5 9
4 11 7 6 10
4 13 9 8 12
4 14 10 9 13
4 15 11 10 14
4 17 13 12 16
4 18 14 13 17
4 19 15 14 18
4 21 17 16 20
4 22 18 17 21
4 23 19 18 22
19/40,-23/100
19/40,-41/100
19/40,0
19/40,-41/100
59/200,-23/100
59/200,-41/100
59/200,0
59/200,-41/100
1/2,-23/100
1/2,-41/100
1/2,0
1/2,-41/100
59/200,-23/100
59/200,-41/100
59/200,0
59/200,-41/100
1/2,-23/100
1/2,-41/100
1/2,0
1/2,-41/100
59/200,-23/100
59/200,-41/100
59/200,0
59/200,-41/100
