8
1,1
1,0
84373662756687445354692067904/91649865592123291933225927701,1
84373662756687445354692067904/91649865592123291933225927701,0
42186831378343722677346033952/91649865592123291933225927701,1
42186831378343722677346033952/91649865592123291933225927701,0
0,1
0,0
3
4 3 1 0 2
4 5 3 2 4
4 7 5 4 6
29535718593357977817436154597/91649865592123291933225927701,4620660225295478227/3906300616660545025
29535718593357977817436154597/91649865592123291933225927701,714359608634933202/3906300616660545025
178029134800/733005446001,4620660225295478227/3906300616660545025
178029134800/733005446001,714359608634933202/3906300616660545025
64446347136265853916248328752/91649865592123291933225927701,4620660225295478227/3906300616660545025
64446347136265853916248328752/91649865592123291933225927701,714359608634933202/3906300616660545025
178029134800/733005446001,4620660225295478227/3906300616660545025
178029134800/733005446001,714359608634933202/3906300616660545025
