9
1,1
1,17072/29055
1,0
19388051177/33334306075,1
19388051177/33334306075,17072/29055
19388051177/33334306075,0
0,1
0,17072/29055
0,0
4
4 4 1 0 3
4 5 2 1 4
4 7 4 3 6
4 8 5 4 7
365470948133/66668612150,1899384111983/260007587385
365470948133/66668612150,2006617666264/260007587385
365470948133/66668612150,123589575544/17333839159
393363457929/66668612150,1899384111983/260007587385
393363457929/66668612150,2006617666264/260007587385
393363457929/66668612150,123589575544/17333839159
14183494223/2666744486,1899384111983/260007587385
14183494223/2666744486,2006617666264/260007587385
14183494223/2666744486,123589575544/17333839159
