12
1,1
1,982643467/1047619850
1,982643467/2095239700
1,0
418870788258259/687391647150000,1
418870788258259/687391647150000,982643467/1047619850
418870788258259/687391647150000,982643467/2095239700
418870788258259/687391647150000,0
0,1
0,982643467/1047619850
0,982643467/2095239700
0,0
6
4 5 1 0 4
4 6 2 1 5
4 7 3 2 6
4 9 5 4 8
4 10 6 5 9
4 11 7 6 10
-496771578240160581/3889032809025650000,-886347991297556627/6395240949978954400
-496771578240160581/3889032809025650000,-1282999148053622659/6395240949978954400
-496771578240160581/3889032809025650000,5055735322359/18838621253344
-496771578240160581/3889032809025650000,-1282999148053622659/6395240949978954400
438356469077/1667383390200,-886347991297556627/6395240949978954400
438356469077/1667383390200,-1282999148053622659/6395240949978954400
438356469077/1667383390200,5055735322359/18838621253344
438356469077/1667383390200,-1282999148053622659/6395240949978954400
-4042204085858391757/11667098427076950000,-886347991297556627/6395240949978954400
-4042204085858391757/11667098427076950000,-1282999148053622659/6395240949978954400
-4042204085858391757/11667098427076950000,5055735322359/18838621253344
-4042204085858391757/11667098427076950000,-1282999148053622659/6395240949978954400
