12
1,1
1,9461526945793560586521/12226293670914438481405
1,0
49947817054140741412531/50404672936847118019025,1
49947817054140741412531/50404672936847118019025,9461526945793560586521/12226293670914438481405
49947817054140741412531/50404672936847118019025,0
49947817054140741412531/100809345873694236038050,1
49947817054140741412531/100809345873694236038050,9461526945793560586521/12226293670914438481405
49947817054140741412531/100809345873694236038050,0
0,1
0,9461526945793560586521/12226293670914438481405
0,0
6
4 4 1 0 3
4 5 2 1 4
4 7 4 3 6
4 8 5 4 7
4 10 7 6 9
4 11 8 7 10
-5187292506189705646009/302428037621082708114150,30745618949970349276542/12226293670914438481405
-5187292506189705646009/302428037621082708114150,33510385675091227171426/12226293670914438481405
-5187292506189705646009/302428037621082708114150,431443/219343
-7928427802427965284973/302428037621082708114150,30745618949970349276542/12226293670914438481405
-7928427802427965284973/302428037621082708114150,33510385675091227171426/12226293670914438481405
-7928427802427965284973/302428037621082708114150,431443/219343
16365098331258902/34874845922717715,30745618949970349276542/12226293670914438481405
16365098331258902/34874845922717715,33510385675091227171426/12226293670914438481405
16365098331258902/34874845922717715,431443/219343
-7928427802427965284973/302428037621082708114150,30745618949970349276542/12226293670914438481405
-7928427802427965284973/302428037621082708114150,33510385675091227171426/12226293670914438481405
-7928427802427965284973/302428037621082708114150,431443/219343
