24
1,1
1,81/100
1,81/200
1,0
81/100,1
81/100,81/100
81/100,81/200
81/100,0
243/400,1
243/400,81/100
243/400,81/200
243/400,0
81/200,1
81/200,81/100
81/200,81/200
81/200,0
81/400,1
81/400,81/100
81/400,81/200
81/400,0
0,1
0,81/100
0,81/200
0,0
15
4 5 1 0 4
4 6 2 1 5
4 7 3 2 6
4 9 5 4 8
4 10 6 5 9
4 11 7 6 10
4 13 9 8 12
4 14 10 9 13
4 15 11 10 14
4 17 13 12 16
4 18 14 13 17
4 19 15 14 18
4 21 17 16 20
4 22 18 17 21
4 23 19 18 22
69/100,19/100
69/100,0
69/100,81/200
69/100,0
1/2,19/100
1/2,0
1/2,81/200
1/2,0
281/400,19/100
281/400,0
281/400,81/200
281/400,0
1/2,19/100
1/2,0
1/2,81/200
1/2,0
281/400,19/100
281/400,0
281/400,81/200
281/400,0
1/2,19/100
1/2,0
1/2,81/200
1/2,0
