9
1,1
1,25802439661856310433/50873618633665335090
1,0
6073724142736213/9640808103087930,1
6073724142736213/9640808103087930,25802439661856310433/50873618633665335090
6073724142736213/9640808103087930,0
0,1
0,25802439661856310433/50873618633665335090
0,0
4
4 4 1 0 3
4 5 2 1 4
4 7 4 3 6
4 8 5 4 7
-432744833498867/9640808103087930,324170620764849898/25436809316832667545
-432744833498867/9640808103087930,25719520213338724453/50873618633665335090
-432744833498867/9640808103087930,-13466/8261803
203595/626231,324170620764849898/25436809316832667545
203595/626231,25719520213338724453/50873618633665335090
203595/626231,-13466/8261803
-2939385015883363/9640808103087930,324170620764849898/25436809316832667545
-2939385015883363/9640808103087930,25719520213338724453/50873618633665335090
-2939385015883363/9640808103087930,-13466/8261803
