12
1,1
1,492965002/613120551
1,246482501/613120551
1,0
4664200/5085501,1
4664200/5085501,492965002/613120551
4664200/5085501,246482501/613120551
4664200/5085501,0
0,1
0,492965002/613120551
0,246482501/613120551
0,0
6
4 5 1 0 4
4 6 2 1 5
4 7 3 2 6
4 9 5 4 8
4 10 6 5 9
4 11 7 6 10
1835983/1695167,485291149/613120551
1835983/1695167,365135600/613120551
1835983/1695167,4050451/4060401
1835983/1695167,365135600/613120551
5929250/5085501,485291149/613120551
5929250/5085501,365135600/613120551
5929250/5085501,4050451/4060401
5929250/5085501,365135600/613120551
50/201,485291149/613120551
50/201,365135600/613120551
50/201,4050451/4060401
50/201,365135600/613120551
