24
1,1
1,4/5
1,2/5
1,0
4/5,1
4/5,4/5
4/5,2/5
4/5,0
3/5,1
3/5,4/5
3/5,2/5
3/5,0
2/5,1
2/5,4/5
2/5,2/5
2/5,0
1/5,1
1/5,4/5
1/5,2/5
1/5,0
0,1
0,4/5
0,2/5
0,0
15
4 5 1 0 4
4 6 2 1 5
4 7 3 2 6
4 9 5 4 8
4 10 6 5 9
4 11 7 6 10
4 13 9 8 12
4 14 10 9 13
4 15 11 10 14
4 17 13 12 16
4 18 14 13 17
4 19 15 14 18
4 21 17 16 20
4 22 18 17 21
4 23 19 18 22
0,1/5
0,0
0,2/5
0,0
-1/5,1/5
-1/5,0
-1/5,2/5
-1/5,0
0,1/5
0,0
0,2/5
0,0
-1/5,1/5
-1/5,0
-1/5,2/5
-1/5,0
0,1/5
0,0
0,2/5
0,0
-1/5,1/5
-1/5,0
-1/5,2/5
-1/5,0
