9
1,1
1,3070755383141970369819/4332670182864046805600
1,0
689363248045040874441/773691104082865501000,1
689363248045040874441/773691104082865501000,3070755383141970369819/4332670182864046805600
689363248045040874441/773691104082865501000,0
0,1
0,3070755383141970369819/4332670182864046805600
0,0
4
4 4 1 0 3
4 5 2 1 4
4 7 4 3 6
4 8 5 4 7
-6953221762667921459/773691104082865501000,-991122913217585947931/2166335091432023402800
-6953221762667921459/773691104082865501000,-720331026713095460081/4332670182864046805600
-6953221762667921459/773691104082865501000,-5415837728364379757/6189528832662924008
773746342751567051/7736911040828655010,-991122913217585947931/2166335091432023402800
773746342751567051/7736911040828655010,-720331026713095460081/4332670182864046805600
773746342751567051/7736911040828655010,-5415837728364379757/6189528832662924008
-611988613769884169341/773691104082865501000,-991122913217585947931/2166335091432023402800
-611988613769884169341/773691104082865501000,-720331026713095460081/4332670182864046805600
-611988613769884169341/773691104082865501000,-5415837728364379757/6189528832662924008
