28
1,1
1,37/50
1,37/100
1,0
37/40,1
37/40,37/50
37/40,37/100
37/40,0
37/50,1
37/50,37/50
37/50,37/100
37/50,0
111/200,1
111/200,37/50
111/200,37/100
111/200,0
37/100,1
37/100,37/50
37/100,37/100
37/100,0
37/200,1
37/200,37/50
37/200,37/100
37/200,0
0,1
0,37/50
0,37/100
0,0
18
4 5 1 0 4
4 6 2 1 5
4 7 3 2 6
4 9 5 4 8
4 10 6 5 9
4 11 7 6 10
4 13 9 8 12
4 14 10 9 13
4 15 11 10 14
4 17 13 12 16
4 18 14 13 17
4 19 15 14 18
4 21 17 16 20
4 22 18 17 21
4 23 19 18 22
4 25 21 20 24
4 26 22 21 25
4 27 23 22 26
11/100,-6/25
11/100,-1/2
11/100,-13/100
11/100,-1/2
37/200,-6/25
37/200,-1/2
37/200,-13/100
37/200,-1/2
0,-6/25
0,-1/2
0,-13/100
0,-1/2
37/200,-6/25
37/200,-1/2
37/200,-13/100
37/200,-1/2
0,-6/25
0,-1/2
0,-13/100
0,-1/2
37/200,-6/25
37/200,-1/2
37/200,-13/100
37/200,-1/2
0,-6/25
0,-1/2
0,-13/100
0,-1/2
