9
1,1
1,133/250
1,0
19/25,1
19/25,133/250
19/25,0
0,1
0,133/250
0,0
4
4 4 1 0 3
4 5 2 1 4
4 7 4 3 6
4 8 5 4 7
520000000001/1000000000000,-4360010101/10000000000
520000000001/1000000000000,319989899/10000000000
520000000001/1000000000000,-5000010101/10000000000
760000000001/1000000000000,-4360010101/10000000000
760000000001/1000000000000,319989899/10000000000
760000000001/1000000000000,-5000010101/10000000000
1/1000000000000,-4360010101/10000000000
1/1000000000000,319989899/10000000000
1/1000000000000,-5000010101/10000000000
