9
1,1
1,259/500
1,0
37/50,1
37/50,259/500
37/50,0
0,1
0,259/500
0,0
4
4 4 1 0 3
4 5 2 1 4
4 7 4 3 6
4 8 5 4 7
480000000001/1000000000000,-4640010101/10000000000
480000000001/1000000000000,179989899/10000000000
480000000001/1000000000000,-5000010101/10000000000
740000000001/1000000000000,-4640010101/10000000000
740000000001/1000000000000,179989899/10000000000
740000000001/1000000000000,-5000010101/10000000000
1/1000000000000,-4640010101/10000000000
1/1000000000000,179989899/10000000000
1/1000000000000,-5000010101/10000000000
