9
1,1
1,63/125
1,0
18/25,1
18/25,63/125
18/25,0
0,1
0,63/125
0,0
4
4 4 1 0 3
4 5 2 1 4
4 7 4 3 6
4 8 5 4 7
440000000001/1000000000000,-4920010101/10000000000
440000000001/1000000000000,39989899/10000000000
440000000001/1000000000000,-5000010101/10000000000
720000000001/1000000000000,-4920010101/10000000000
720000000001/1000000000000,39989899/10000000000
720000000001/1000000000000,-5000010101/10000000000
1/1000000000000,-4920010101/10000000000
1/1000000000000,39989899/10000000000
1/1000000000000,-5000010101/10000000000
