28
1,1
1,39/50
1,39/100
1,0
39/40,1
39/40,39/50
39/40,39/100
39/40,0
39/50,1
39/50,39/50
39/50,39/100
39/50,0
117/200,1
117/200,39/50
117/200,39/100
117/200,0
39/100,1
39/100,39/50
39/100,39/100
39/100,0
39/200,1
39/200,39/50
39/200,39/100
39/200,0
0,1
0,39/50
0,39/100
0,0
18
4 5 1 0 4
4 6 2 1 5
4 7 3 2 6
4 9 5 4 8
4 10 6 5 9
4 11 7 6 10
4 13 9 8 12
4 14 10 9 13
4 15 11 10 14
4 17 13 12 16
4 18 14 13 17
4 19 15 14 18
4 21 17 16 20
4 22 18 17 21
4 23 19 18 22
4 25 21 20 24
4 26 22 21 25
4 27 23 22 26
19/40,11/50
19/40,0
19/40,39/100
19/40,0
1/2,11/50
1/2,0
1/2,39/100
1/2,0
61/200,11/50
61/200,0
61/200,39/100
61/200,0
1/2,11/50
1/2,0
1/2,39/100
1/2,0
61/200,11/50
61/200,0
61/200,39/100
61/200,0
1/2,11/50
1/2,0
1/2,39/100
1/2,0
61/200,11/50
61/200,0
61/200,39/100
61/200,0
