9
1,1
1,2321083669412321403/2975735015703328850
1,0
2321073312156162753/2975735015703328850,1
2321073312156162753/2975735015703328850,2321083669412321403/2975735015703328850
2321073312156162753/2975735015703328850,0
0,1
0,2321083669412321403/2975735015703328850
0,0
4
4 4 1 0 3
4 5 2 1 4
4 7 4 3 6
4 8 5 4 7
-654661703547166097/2975735015703328850,-654651346291007447/2975735015703328850
-654661703547166097/2975735015703328850,0
-654661703547166097/2975735015703328850,-2321083669412321403/2975735015703328850
0,-654651346291007447/2975735015703328850
0,0
0,-2321083669412321403/2975735015703328850
-2321073312156162753/2975735015703328850,-654651346291007447/2975735015703328850
-2321073312156162753/2975735015703328850,0
-2321073312156162753/2975735015703328850,-2321083669412321403/2975735015703328850
