16
1,1
1,1204112458258519285263/1640457504388379619200
1,1204112458258519285263/3280915008776759238400
1,0
159282894564665112911/211446012196332692400,1
159282894564665112911/211446012196332692400,1204112458258519285263/1640457504388379619200
159282894564665112911/211446012196332692400,1204112458258519285263/3280915008776759238400
159282894564665112911/211446012196332692400,0
159282894564665112911/422892024392665384800,1
159282894564665112911/422892024392665384800,1204112458258519285263/1640457504388379619200
159282894564665112911/422892024392665384800,1204112458258519285263/3280915008776759238400
159282894564665112911/422892024392665384800,0
0,1
0,1204112458258519285263/1640457504388379619200
0,1204112458258519285263/3280915008776759238400
0,0
9
4 5 1 0 4
4 6 2 1 5
4 7 3 2 6
4 9 5 4 8
4 10 6 5 9
4 11 7 6 10
4 13 9 8 12
4 14 10 9 13
4 15 11 10 14
236219851598159865709/317169018294499038600,1684327113394031647301/1640457504388379619200
236219851598159865709/317169018294499038600,13746112561838253/18069100590258400
236219851598159865709/317169018294499038600,3700076592786861911991/3280915008776759238400
236219851598159865709/317169018294499038600,13746112561838253/18069100590258400
7985420332051/16032442597200,1684327113394031647301/1640457504388379619200
7985420332051/16032442597200,13746112561838253/18069100590258400
7985420332051/16032442597200,3700076592786861911991/3280915008776759238400
7985420332051/16032442597200,13746112561838253/18069100590258400
221949876859325864927/253735214635599230880,1684327113394031647301/1640457504388379619200
221949876859325864927/253735214635599230880,13746112561838253/18069100590258400
221949876859325864927/253735214635599230880,3700076592786861911991/3280915008776759238400
221949876859325864927/253735214635599230880,13746112561838253/18069100590258400
7985420332051/16032442597200,1684327113394031647301/1640457504388379619200
7985420332051/16032442597200,13746112561838253/18069100590258400
7985420332051/16032442597200,3700076592786861911991/3280915008776759238400
7985420332051/16032442597200,13746112561838253/18069100590258400
