16
1,1
1,169837037496781281/222317935129076800
1,169837037496781281/444635870258153600
1,0
7792239957/10493897120,1
7792239957/10493897120,169837037496781281/222317935129076800
7792239957/10493897120,169837037496781281/444635870258153600
7792239957/10493897120,0
7792239957/20987794240,1
7792239957/20987794240,169837037496781281/222317935129076800
7792239957/20987794240,169837037496781281/444635870258153600
7792239957/20987794240,0
0,1
0,169837037496781281/222317935129076800
0,169837037496781281/444635870258153600
0,0
9
4 5 1 0 4
4 6 2 1 5
4 7 3 2 6
4 9 5 4 8
4 10 6 5 9
4 11 7 6 10
4 13 9 8 12
4 14 10 9 13
4 15 11 10 14
1600145529/2098779424,76643089505677993/88927174051630720
1600145529/2098779424,278253652263798927/444635870258153600
1600145529/2098779424,231921939/230133800
1600145529/2098779424,278253652263798927/444635870258153600
2649535241/5246948560,76643089505677993/88927174051630720
2649535241/5246948560,278253652263798927/444635870258153600
2649535241/5246948560,231921939/230133800
2649535241/5246948560,278253652263798927/444635870258153600
18390380921/20987794240,76643089505677993/88927174051630720
18390380921/20987794240,278253652263798927/444635870258153600
18390380921/20987794240,231921939/230133800
18390380921/20987794240,278253652263798927/444635870258153600
2649535241/5246948560,76643089505677993/88927174051630720
2649535241/5246948560,278253652263798927/444635870258153600
2649535241/5246948560,231921939/230133800
2649535241/5246948560,278253652263798927/444635870258153600
