9
1,1
1,59574518824855497727/96711388010358187625
1,0
110637600019808267593/193422776020716375250,1
110637600019808267593/193422776020716375250,59574518824855497727/96711388010358187625
110637600019808267593/193422776020716375250,0
0,1
0,59574518824855497727/96711388010358187625
0,0
4
4 4 1 0 3
4 5 2 1 4
4 7 4 3 6
4 8 5 4 7
-82784571823780780157/96711388010358187625,-5713430882448758542/7439337539258322125
-82784571823780780157/96711388010358187625,-37137732286331171148/96711388010358187625
-82784571823780780157/96711388010358187625,-773698008889493351/773691104082865501
-82783967646653452657/193422776020716375250,-5713430882448758542/7439337539258322125
-82783967646653452657/193422776020716375250,-37137732286331171148/96711388010358187625
-82783967646653452657/193422776020716375250,-773698008889493351/773691104082865501
-773686270665846881/773691104082865501,-5713430882448758542/7439337539258322125
-773686270665846881/773691104082865501,-37137732286331171148/96711388010358187625
-773686270665846881/773691104082865501,-773698008889493351/773691104082865501
