20
1,1
1,91502947/122462500
1,91502947/244925000
1,0
68111048787/72793225000,1
68111048787/72793225000,91502947/122462500
68111048787/72793225000,91502947/244925000
68111048787/72793225000,0
22703682929/36396612500,1
22703682929/36396612500,91502947/122462500
22703682929/36396612500,91502947/244925000
22703682929/36396612500,0
22703682929/72793225000,1
22703682929/72793225000,91502947/122462500
22703682929/72793225000,91502947/244925000
22703682929/72793225000,0
0,1
0,91502947/122462500
0,91502947/244925000
0,0
12
4 5 1 0 4
4 6 2 1 5
4 7 3 2 6
4 9 5 4 8
4 10 6 5 9
4 11 7 6 10
4 13 9 8 12
4 14 10 9 13
4 15 11 10 14
4 17 13 12 16
4 18 14 13 17
4 19 15 14 18
-3084327471/18198306250,140900903/122462500
-3084327471/18198306250,2198827/2449250
-3084327471/18198306250,311385647/244925000
-3084327471/18198306250,2198827/2449250
-7655133671/72793225000,140900903/122462500
-7655133671/72793225000,2198827/2449250
-7655133671/72793225000,311385647/244925000
-7655133671/72793225000,2198827/2449250
-1195229/2865875,140900903/122462500
-1195229/2865875,2198827/2449250
-1195229/2865875,311385647/244925000
-1195229/2865875,2198827/2449250
-7655133671/72793225000,140900903/122462500
-7655133671/72793225000,2198827/2449250
-7655133671/72793225000,311385647/244925000
-7655133671/72793225000,2198827/2449250
-1195229/2865875,140900903/122462500
-1195229/2865875,2198827/2449250
-1195229/2865875,311385647/244925000
-1195229/2865875,2198827/2449250
