12
1,1
1,100551492726054389176169/101719625299968194152000
1,100551492726054389176169/203439250599936388304000
1,0
1537620892183196566643/2712574849926414993000,1
1537620892183196566643/2712574849926414993000,100551492726054389176169/101719625299968194152000
1537620892183196566643/2712574849926414993000,100551492726054389176169/203439250599936388304000
1537620892183196566643/2712574849926414993000,0
0,1
0,100551492726054389176169/101719625299968194152000
0,100551492726054389176169/203439250599936388304000
0,0
6
4 5 1 0 4
4 6 2 1 5
4 7 3 2 6
4 9 5 4 8
4 10 6 5 9
4 11 7 6 10
996623288944438316679/1808383233284276662000,3262296858346475123541/101719625299968194152000
996623288944438316679/1808383233284276662000,103658195521/5034978815200
996623288944438316679/1808383233284276662000,104739821294919729471589/203439250599936388304000
996623288944438316679/1808383233284276662000,103658195521/5034978815200
5339777782319751802751/5425149699852829986000,3262296858346475123541/101719625299968194152000
5339777782319751802751/5425149699852829986000,103658195521/5034978815200
5339777782319751802751/5425149699852829986000,104739821294919729471589/203439250599936388304000
5339777782319751802751/5425149699852829986000,103658195521/5034978815200
4812121/11528400,3262296858346475123541/101719625299968194152000
4812121/11528400,103658195521/5034978815200
4812121/11528400,104739821294919729471589/203439250599936388304000
4812121/11528400,103658195521/5034978815200
