15
1,1
1,391519018377903301595145033/469191325284066815121176000
1,130506339459301100531715011/234595662642033407560588000
1,130506339459301100531715011/469191325284066815121176000
1,0
1067076259874754639873934789/1801567436878028223260922000,1
1067076259874754639873934789/1801567436878028223260922000,391519018377903301595145033/469191325284066815121176000
1067076259874754639873934789/1801567436878028223260922000,130506339459301100531715011/234595662642033407560588000
1067076259874754639873934789/1801567436878028223260922000,130506339459301100531715011/469191325284066815121176000
1067076259874754639873934789/1801567436878028223260922000,0
0,1
0,391519018377903301595145033/469191325284066815121176000
0,130506339459301100531715011/234595662642033407560588000
0,130506339459301100531715011/469191325284066815121176000
0,0
8
4 6 1 0 5
4 7 2 1 6
4 8 3 2 7
4 9 4 3 8
4 11 6 5 10
4 12 7 6 11
4 13 8 7 12
4 14 9 8 13
212148829789309011341751989/300261239479671370543487000,49995022255557433518256203/469191325284066815121176000
212148829789309011341751989/300261239479671370543487000,19029784571/69936528800
212148829789309011341751989/300261239479671370543487000,-2839010297580153487427841/469191325284066815121176000
212148829789309011341751989/300261239479671370543487000,19029784571/69936528800
212148829789309011341751989/300261239479671370543487000,-2839010297580153487427841/469191325284066815121176000
41790031346708184686947/37505307315041703409200,49995022255557433518256203/469191325284066815121176000
41790031346708184686947/37505307315041703409200,19029784571/69936528800
41790031346708184686947/37505307315041703409200,-2839010297580153487427841/469191325284066815121176000
41790031346708184686947/37505307315041703409200,19029784571/69936528800
41790031346708184686947/37505307315041703409200,-2839010297580153487427841/469191325284066815121176000
235076973966093252890891089/450391859219507055815230500,49995022255557433518256203/469191325284066815121176000
235076973966093252890891089/450391859219507055815230500,19029784571/69936528800
235076973966093252890891089/450391859219507055815230500,-2839010297580153487427841/469191325284066815121176000
235076973966093252890891089/450391859219507055815230500,19029784571/69936528800
235076973966093252890891089/450391859219507055815230500,-2839010297580153487427841/469191325284066815121176000
