15
1,1
1,527724450207011571365241/621534539367864275900000
1,175908150069003857121747/310767269683932137950000
1,175908150069003857121747/621534539367864275900000
1,0
14861523980427377887097857/27727559227105759701020000,1
14861523980427377887097857/27727559227105759701020000,527724450207011571365241/621534539367864275900000
14861523980427377887097857/27727559227105759701020000,175908150069003857121747/310767269683932137950000
14861523980427377887097857/27727559227105759701020000,175908150069003857121747/621534539367864275900000
14861523980427377887097857/27727559227105759701020000,0
0,1
0,527724450207011571365241/621534539367864275900000
0,175908150069003857121747/310767269683932137950000
0,175908150069003857121747/621534539367864275900000
0,0
8
4 6 1 0 5
4 7 2 1 6
4 8 3 2 7
4 9 4 3 8
4 11 6 5 10
4 12 7 6 11
4 13 8 7 12
4 14 9 8 13
528940301342500496568107/13863779613552879850510000,6552648684114689749823/36560855256933192700000
528940301342500496568107/13863779613552879850510000,766629712664121/2322002749142800
528940301342500496568107/13863779613552879850510000,29296966721798573160003/621534539367864275900000
528940301342500496568107/13863779613552879850510000,766629712664121/2322002749142800
528940301342500496568107/13863779613552879850510000,29296966721798573160003/621534539367864275900000
13923915849363382807058357/27727559227105759701020000,6552648684114689749823/36560855256933192700000
13923915849363382807058357/27727559227105759701020000,766629712664121/2322002749142800
13923915849363382807058357/27727559227105759701020000,29296966721798573160003/621534539367864275900000
13923915849363382807058357/27727559227105759701020000,766629712664121/2322002749142800
13923915849363382807058357/27727559227105759701020000,29296966721798573160003/621534539367864275900000
-17607499104496579/520700448392142040,6552648684114689749823/36560855256933192700000
-17607499104496579/520700448392142040,766629712664121/2322002749142800
-17607499104496579/520700448392142040,29296966721798573160003/621534539367864275900000
-17607499104496579/520700448392142040,766629712664121/2322002749142800
-17607499104496579/520700448392142040,29296966721798573160003/621534539367864275900000
