12
1,1
1,5206441879385877/6678909275500000
1,5206441879385877/13357818551000000
1,0
6806625832078767/13111445960080000,1
6806625832078767/13111445960080000,5206441879385877/6678909275500000
6806625832078767/13111445960080000,5206441879385877/13357818551000000
6806625832078767/13111445960080000,0
0,1
0,5206441879385877/6678909275500000
0,5206441879385877/13357818551000000
0,0
6
4 5 1 0 4
4 6 2 1 5
4 7 3 2 6
4 9 5 4 8
4 10 6 5 9
4 11 7 6 10
1215495546152267/6555722980040000,5070822435775373/6678909275500000
1215495546152267/6555722980040000,40131659/74488400
1215495546152267/6555722980040000,12403151958708377/13357818551000000
1215495546152267/6555722980040000,40131659/74488400
671985478485059/1008572766160000,5070822435775373/6678909275500000
671985478485059/1008572766160000,40131659/74488400
671985478485059/1008572766160000,12403151958708377/13357818551000000
671985478485059/1008572766160000,40131659/74488400
17949751/121993040,5070822435775373/6678909275500000
17949751/121993040,40131659/74488400
17949751/121993040,12403151958708377/13357818551000000
17949751/121993040,40131659/74488400
