12
1,1
1,669190739907/914113196000
1,669190739907/1828226392000
1,0
59921985198652985267/103462055520821925000,1
59921985198652985267/103462055520821925000,669190739907/914113196000
59921985198652985267/103462055520821925000,669190739907/1828226392000
59921985198652985267/103462055520821925000,0
0,1
0,669190739907/914113196000
0,669190739907/1828226392000
0,0
6
4 5 1 0 4
4 6 2 1 5
4 7 3 2 6
4 9 5 4 8
4 10 6 5 9
4 11 7 6 10
163149602522129204143/206924111041643850000,2507182138439/1828226392000
163149602522129204143/206924111041643850000,2017337226253/1828226392000
163149602522129204143/206924111041643850000,16550813/11263100
163149602522129204143/206924111041643850000,2017337226253/1828226392000
83409914388822361203/68974703680547950000,2507182138439/1828226392000
83409914388822361203/68974703680547950000,2017337226253/1828226392000
83409914388822361203/68974703680547950000,16550813/11263100
83409914388822361203/68974703680547950000,2017337226253/1828226392000
14922359/23682000,2507182138439/1828226392000
14922359/23682000,2017337226253/1828226392000
14922359/23682000,16550813/11263100
14922359/23682000,2017337226253/1828226392000
