12
1,1
1,1772979960210518127699/2258734747693095580000
1,0
8131629369028367/9576675859810000,1
8131629369028367/9576675859810000,1772979960210518127699/2258734747693095580000
8131629369028367/9576675859810000,0
8131629369028367/19153351719620000,1
8131629369028367/19153351719620000,1772979960210518127699/2258734747693095580000
8131629369028367/19153351719620000,0
0,1
0,1772979960210518127699/2258734747693095580000
0,0
6
4 4 1 0 3
4 5 2 1 4
4 7 4 3 6
4 8 5 4 7
4 10 7 6 9
4 11 8 7 10
2981492605753429/4788337929905000,1018481368472462736049/1129367373846547790000
2981492605753429/4788337929905000,2522717524427502924399/2258734747693095580000
2981492605753429/4788337929905000,1895907/5711800
8855403/18770800,1018481368472462736049/1129367373846547790000
8855403/18770800,2522717524427502924399/2258734747693095580000
8855403/18770800,1895907/5711800
17167506810478817/19153351719620000,1018481368472462736049/1129367373846547790000
17167506810478817/19153351719620000,2522717524427502924399/2258734747693095580000
17167506810478817/19153351719620000,1895907/5711800
8855403/18770800,1018481368472462736049/1129367373846547790000
8855403/18770800,2522717524427502924399/2258734747693095580000
8855403/18770800,1895907/5711800
