12
1,1
1,107903554332400298411031/110539051104332236700000
1,107903554332400298411031/221078102208664473400000
1,0
104793222048739424970359/166081351199690199880000,1
104793222048739424970359/166081351199690199880000,107903554332400298411031/110539051104332236700000
104793222048739424970359/166081351199690199880000,107903554332400298411031/221078102208664473400000
104793222048739424970359/166081351199690199880000,0
0,1
0,107903554332400298411031/110539051104332236700000
0,107903554332400298411031/221078102208664473400000
0,0
6
4 5 1 0 4
4 6 2 1 5
4 7 3 2 6
4 9 5 4 8
4 10 6 5 9
4 11 7 6 10
97548720407685762556509/166081351199690199880000,-296583596541811113400093/221078102208664473400000
97548720407685762556509/166081351199690199880000,-301854590085674989978031/221078102208664473400000
97548720407685762556509/166081351199690199880000,-88726079/101135800
97548720407685762556509/166081351199690199880000,-301854590085674989978031/221078102208664473400000
8098964391623/8468355757600,-296583596541811113400093/221078102208664473400000
8098964391623/8468355757600,-301854590085674989978031/221078102208664473400000
8098964391623/8468355757600,-88726079/101135800
8098964391623/8468355757600,-301854590085674989978031/221078102208664473400000
54043627509897112495791/166081351199690199880000,-296583596541811113400093/221078102208664473400000
54043627509897112495791/166081351199690199880000,-301854590085674989978031/221078102208664473400000
54043627509897112495791/166081351199690199880000,-88726079/101135800
54043627509897112495791/166081351199690199880000,-301854590085674989978031/221078102208664473400000
