12
1,1
1,55754892761/68533378100
1,55754892761/137066756200
1,0
190863908999267/309525889887500,1
190863908999267/309525889887500,55754892761/68533378100
190863908999267/309525889887500,55754892761/137066756200
190863908999267/309525889887500,0
0,1
0,55754892761/68533378100
0,55754892761/137066756200
0,0
6
4 5 1 0 4
4 6 2 1 5
4 7 3 2 6
4 9 5 4 8
4 10 6 5 9
4 11 7 6 10
404609550120401/464288834831250,48933685651/411200268600
404609550120401/464288834831250,-27737226383/411200268600
404609550120401/464288834831250,169597/499818
404609550120401/464288834831250,-27737226383/411200268600
89631157146577/71429051512500,48933685651/411200268600
89631157146577/71429051512500,-27737226383/411200268600
89631157146577/71429051512500,169597/499818
89631157146577/71429051512500,-27737226383/411200268600
587851717/921116625,48933685651/411200268600
587851717/921116625,-27737226383/411200268600
587851717/921116625,169597/499818
587851717/921116625,-27737226383/411200268600
