12
1,1
1,71102701213317463/78144360720400000
1,0
2189909665696994214567/2652530068283508400000,1
2189909665696994214567/2652530068283508400000,71102701213317463/78144360720400000
2189909665696994214567/2652530068283508400000,0
2189909665696994214567/5305060136567016800000,1
2189909665696994214567/5305060136567016800000,71102701213317463/78144360720400000
2189909665696994214567/5305060136567016800000,0
0,1
0,71102701213317463/78144360720400000
0,0
6
4 4 1 0 3
4 5 2 1 4
4 7 4 3 6
4 8 5 4 7
4 10 7 6 9
4 11 8 7 10
1773453964895403456683/2652530068283508400000,32886618136120663/39072180360200000
1773453964895403456683/2652530068283508400000,4283229163489639/4596727101200000
1773453964895403456683/2652530068283508400000,535060801877/24420112725125
198610229/401896640,32886618136120663/39072180360200000
198610229/401896640,4283229163489639/4596727101200000
198610229/401896640,535060801877/24420112725125
4811576790314772757067/5305060136567016800000,32886618136120663/39072180360200000
4811576790314772757067/5305060136567016800000,4283229163489639/4596727101200000
4811576790314772757067/5305060136567016800000,535060801877/24420112725125
198610229/401896640,32886618136120663/39072180360200000
198610229/401896640,4283229163489639/4596727101200000
198610229/401896640,535060801877/24420112725125
