15
1,1
1,35363156470342371/69421845898000000
1,0
6583796430123/7768653230000,1
6583796430123/7768653230000,35363156470342371/69421845898000000
6583796430123/7768653230000,0
2194598810041/3884326615000,1
2194598810041/3884326615000,35363156470342371/69421845898000000
2194598810041/3884326615000,0
2194598810041/7768653230000,1
2194598810041/7768653230000,35363156470342371/69421845898000000
2194598810041/7768653230000,0
0,1
0,35363156470342371/69421845898000000
0,0
8
4 4 1 0 3
4 5 2 1 4
4 7 4 3 6
4 8 5 4 7
4 10 7 6 9
4 11 8 7 10
4 13 10 9 12
4 14 11 10 13
40100447977307/69917879070000,8712430370523171/34710922949000000
40100447977307/69917879070000,51483550168703971/69421845898000000
40100447977307/69917879070000,5170574/22266875
734803/1012050,8712430370523171/34710922949000000
734803/1012050,51483550168703971/69421845898000000
734803/1012050,5170574/22266875
31012769885831/69917879070000,8712430370523171/34710922949000000
31012769885831/69917879070000,51483550168703971/69421845898000000
31012769885831/69917879070000,5170574/22266875
734803/1012050,8712430370523171/34710922949000000
734803/1012050,51483550168703971/69421845898000000
734803/1012050,5170574/22266875
31012769885831/69917879070000,8712430370523171/34710922949000000
31012769885831/69917879070000,51483550168703971/69421845898000000
31012769885831/69917879070000,5170574/22266875
