9
1,1
1,7634754275388388816335513139/12630070260384625310574650000
1,0
1387155371747221926298610519/1943052660454110375334840000,1
1387155371747221926298610519/1943052660454110375334840000,7634754275388388816335513139/12630070260384625310574650000
1387155371747221926298610519/1943052660454110375334840000,0
0,1
0,7634754275388388816335513139/12630070260384625310574650000
0,0
4
4 4 1 0 3
4 5 2 1 4
4 7 4 3 6
4 8 5 4 7
18449065146157019867985872419325948683763/281247000192836053753803675852203770312000,-666768578673667496290951668559605065221393/2109390575055085048119671659692204314850000
18449065146157019867985872419325948683763/281247000192836053753803675852203770312000,56155222141921768578121842900422302/707116442778451406099877596534934375
18449065146157019867985872419325948683763/281247000192836053753803675852203770312000,-9631217893596654802264133277776776709317/18342526739609435201040623127758298390000
1108883108091728880801496720980111578239/3152993275704440064504525514038158860000,-666768578673667496290951668559605065221393/2109390575055085048119671659692204314850000
1108883108091728880801496720980111578239/3152993275704440064504525514038158860000,56155222141921768578121842900422302/707116442778451406099877596534934375
1108883108091728880801496720980111578239/3152993275704440064504525514038158860000,-9631217893596654802264133277776776709317/18342526739609435201040623127758298390000
-10595481752275564379880861736180164899/29252074989374082515528849442743720000,-666768578673667496290951668559605065221393/2109390575055085048119671659692204314850000
-10595481752275564379880861736180164899/29252074989374082515528849442743720000,56155222141921768578121842900422302/707116442778451406099877596534934375
-10595481752275564379880861736180164899/29252074989374082515528849442743720000,-9631217893596654802264133277776776709317/18342526739609435201040623127758298390000
