12
1,1
1,67438760858714831/103601400626435000
1,0
864751063359/1100541550000,1
864751063359/1100541550000,67438760858714831/103601400626435000
864751063359/1100541550000,0
864751063359/2201083100000,1
864751063359/2201083100000,67438760858714831/103601400626435000
864751063359/2201083100000,0
0,1
0,67438760858714831/103601400626435000
0,0
6
4 4 1 0 3
4 5 2 1 4
4 7 4 3 6
4 8 5 4 7
4 10 7 6 9
4 11 8 7 10
146852740783/550270775000,15226562804455281/51800700313217500
146852740783/550270775000,66615765376630731/103601400626435000
146852740783/550270775000,-187447/23596450
14419/274000,15226562804455281/51800700313217500
14419/274000,66615765376630731/103601400626435000
14419/274000,-187447/23596450
980581053209/2201083100000,15226562804455281/51800700313217500
980581053209/2201083100000,66615765376630731/103601400626435000
980581053209/2201083100000,-187447/23596450
14419/274000,15226562804455281/51800700313217500
14419/274000,66615765376630731/103601400626435000
14419/274000,-187447/23596450
