16
1,1
1,2282683935933/2560481267500
1,2282683935933/5120962535000
1,0
1479876418313/1790973450500,1
1479876418313/1790973450500,2282683935933/2560481267500
1479876418313/1790973450500,2282683935933/5120962535000
1479876418313/1790973450500,0
1479876418313/3581946901000,1
1479876418313/3581946901000,2282683935933/2560481267500
1479876418313/3581946901000,2282683935933/5120962535000
1479876418313/3581946901000,0
0,1
0,2282683935933/2560481267500
0,2282683935933/5120962535000
0,0
9
4 5 1 0 4
4 6 2 1 5
4 7 3 2 6
4 9 5 4 8
4 10 6 5 9
4 11 7 6 10
4 13 9 8 12
4 14 10 9 13
4 15 11 10 14
19953872529/137767188500,120777316447/1575680780000
19953872529/137767188500,-1134388763/35624087200
19953872529/137767188500,8478462205007/20483850140000
19953872529/137767188500,-1134388763/35624087200
-76419/2647450,120777316447/1575680780000
-76419/2647450,-1134388763/35624087200
-76419/2647450,8478462205007/20483850140000
-76419/2647450,-1134388763/35624087200
1376483039693/3581946901000,120777316447/1575680780000
1376483039693/3581946901000,-1134388763/35624087200
1376483039693/3581946901000,8478462205007/20483850140000
1376483039693/3581946901000,-1134388763/35624087200
-76419/2647450,120777316447/1575680780000
-76419/2647450,-1134388763/35624087200
-76419/2647450,8478462205007/20483850140000
-76419/2647450,-1134388763/35624087200
