12
1,1
1,504100882394107/519166527280000
1,504100882394107/1038333054560000
1,0
2087411/2272500,1
2087411/2272500,504100882394107/519166527280000
2087411/2272500,504100882394107/1038333054560000
2087411/2272500,0
0,1
0,504100882394107/519166527280000
0,504100882394107/1038333054560000
0,0
6
4 5 1 0 4
4 6 2 1 5
4 7 3 2 6
4 9 5 4 8
4 10 6 5 9
4 11 7 6 10
2087411/2272500,34877997673629/1038333054560000
2087411/2272500,4746707901843/1038333054560000
2087411/2272500,138595811/282812800
2087411/2272500,4746707901843/1038333054560000
1,34877997673629/1038333054560000
1,4746707901843/1038333054560000
1,138595811/282812800
1,4746707901843/1038333054560000
185089/2272500,34877997673629/1038333054560000
185089/2272500,4746707901843/1038333054560000
185089/2272500,138595811/282812800
185089/2272500,4746707901843/1038333054560000
