28
1,1
1,77/80
1,77/100
1,231/400
1,77/200
1,77/400
1,0
77/100,1
77/100,77/80
77/100,77/100
77/100,231/400
77/100,77/200
77/100,77/400
77/100,0
77/200,1
77/200,77/80
77/200,77/100
77/200,231/400
77/200,77/200
77/200,77/400
77/200,0
0,1
0,77/80
0,77/100
0,231/400
0,77/200
0,77/400
0,0
18
4 8 1 0 7
4 9 2 1 8
4 10 3 2 9
4 11 4 3 10
4 12 5 4 11
4 13 6 5 12
4 15 8 7 14
4 16 9 8 15
4 17 10 9 16
4 18 11 10 17
4 19 12 11 18
4 20 13 12 19
4 22 15 14 21
4 23 16 15 22
4 24 17 16 23
4 25 18 17 24
4 26 19 18 25
4 27 20 19 26
169/200,31/200
169/200,77/400
169/200,0
169/200,77/400
169/200,0
169/200,77/400
169/200,0
123/200,31/200
123/200,77/400
123/200,0
123/200,77/400
123/200,0
123/200,77/400
123/200,0
1,31/200
1,77/400
1,0
1,77/400
1,0
1,77/400
1,0
123/200,31/200
123/200,77/400
123/200,0
123/200,77/400
123/200,0
123/200,77/400
123/200,0
