9
1,1
1,1546842839382674140097/2833071317848307477000
1,0
1874687217077450784449/2833071317848307477000,1
1874687217077450784449/2833071317848307477000,1546842839382674140097/2833071317848307477000
1874687217077450784449/2833071317848307477000,0
0,1
0,1546842839382674140097/2833071317848307477000
0,0
4
4 4 1 0 3
4 5 2 1 4
4 7 4 3 6
4 8 5 4 7
9292424824595803449305371142479/2833071317848307477000,11459995620907844875991613122047/2833071317848307477000
9292424824595803449305371142479/2833071317848307477000,229199912443881467089144929179/56661426356966149540
9292424824595803449305371142479/2833071317848307477000,11459995620647230515074572318853/2833071317848307477000
929242482555418755007622783503/283307131784830747700,11459995620907844875991613122047/2833071317848307477000
929242482555418755007622783503/283307131784830747700,229199912443881467089144929179/56661426356966149540
929242482555418755007622783503/283307131784830747700,11459995620647230515074572318853/2833071317848307477000
9292424823679500332998777050581/2833071317848307477000,11459995620907844875991613122047/2833071317848307477000
9292424823679500332998777050581/2833071317848307477000,229199912443881467089144929179/56661426356966149540
9292424823679500332998777050581/2833071317848307477000,11459995620647230515074572318853/2833071317848307477000
