12
1,1
1,3744691978707467467659/7082678294620768692500
1,0
6538262265131670446709/7082678294620768692500,1
6538262265131670446709/7082678294620768692500,3744691978707467467659/7082678294620768692500
6538262265131670446709/7082678294620768692500,0
6538262265131670446709/14165356589241537385000,1
6538262265131670446709/14165356589241537385000,3744691978707467467659/7082678294620768692500
6538262265131670446709/14165356589241537385000,0
0,1
0,3744691978707467467659/7082678294620768692500
0,0
6
4 4 1 0 3
4 5 2 1 4
4 7 4 3 6
4 8 5 4 7
4 10 7 6 9
4 11 8 7 10
23231062059413253128321538583091/7082678294620768692500,28649989050894664635833608829343/7082678294620768692500
23231062059413253128321538583091/7082678294620768692500,7162497263558162737936727513546/1770669573655192173125
23231062059413253128321538583091/7082678294620768692500,1145999562019518358921577703461/283307131784830747700
232310620588688370988324403373/70826782946207686925,28649989050894664635833608829343/7082678294620768692500
232310620588688370988324403373/70826782946207686925,7162497263558162737936727513546/1770669573655192173125
232310620588688370988324403373/70826782946207686925,1145999562019518358921577703461/283307131784830747700
46462124124275936462796551121309/14165356589241537385000,28649989050894664635833608829343/7082678294620768692500
46462124124275936462796551121309/14165356589241537385000,7162497263558162737936727513546/1770669573655192173125
46462124124275936462796551121309/14165356589241537385000,1145999562019518358921577703461/283307131784830747700
232310620588688370988324403373/70826782946207686925,28649989050894664635833608829343/7082678294620768692500
232310620588688370988324403373/70826782946207686925,7162497263558162737936727513546/1770669573655192173125
232310620588688370988324403373/70826782946207686925,1145999562019518358921577703461/283307131784830747700
