12
1,1
1,1647/2150
1,1647/4300
1,0
2929881738382439571/4181071507678951700,1
2929881738382439571/4181071507678951700,1647/2150
2929881738382439571/4181071507678951700,1647/4300
2929881738382439571/4181071507678951700,0
0,1
0,1647/2150
0,1647/4300
0,0
6
4 5 1 0 4
4 6 2 1 5
4 7 3 2 6
4 9 5 4 8
4 10 6 5 9
4 11 7 6 10
860138406135600823/1045267876919737925,3339/4300
860138406135600823/1045267876919737925,2333/4300
860138406135600823/1045267876919737925,199/215
860138406135600823/1045267876919737925,2333/4300
4691743393838915421/4181071507678951700,3339/4300
4691743393838915421/4181071507678951700,2333/4300
4691743393838915421/4181071507678951700,199/215
4691743393838915421/4181071507678951700,2333/4300
35237233109129517/83621430153579034,3339/4300
35237233109129517/83621430153579034,2333/4300
35237233109129517/83621430153579034,199/215
35237233109129517/83621430153579034,2333/4300
