9
1,1
1,3015570559692035755636159897431/4229383483515876013330288601200
1,0
9795300899441507634543163137/12043100800407331213406925500,1
9795300899441507634543163137/12043100800407331213406925500,3015570559692035755636159897431/4229383483515876013330288601200
9795300899441507634543163137/12043100800407331213406925500,0
0,1
0,3015570559692035755636159897431/4229383483515876013330288601200
0,0
4
4 4 1 0 3
4 5 2 1 4
4 7 4 3 6
4 8 5 4 7
3594960755247529590766457637/6021550400203665606703462750,2303438915074984613293309968331/4229383483515876013330288601200
3594960755247529590766457637/6021550400203665606703462750,382298667279535288427/459701989854786799444
3594960755247529590766457637/6021550400203665606703462750,501681279206789115351278774669/4229383483515876013330288601200
9437721411460882760396677637/12043100800407331213406925500,2303438915074984613293309968331/4229383483515876013330288601200
9437721411460882760396677637/12043100800407331213406925500,382298667279535288427/459701989854786799444
9437721411460882760396677637/12043100800407331213406925500,501681279206789115351278774669/4229383483515876013330288601200
-12409/417929,2303438915074984613293309968331/4229383483515876013330288601200
-12409/417929,382298667279535288427/459701989854786799444
-12409/417929,501681279206789115351278774669/4229383483515876013330288601200
