9
1,1
1,10564061197629733454023494658401/11348908470846169654011730552000
1,0
34044364190408679410256429/61761282424684554224901050,1
34044364190408679410256429/61761282424684554224901050,10564061197629733454023494658401/11348908470846169654011730552000
34044364190408679410256429/61761282424684554224901050,0
0,1
0,10564061197629733454023494658401/11348908470846169654011730552000
0,0
4
4 4 1 0 3
4 5 2 1 4
4 7 4 3 6
4 8 5 4 7
20677075936581683402731133/61761282424684554224901050,3933727868176358684391118956601/5674454235423084827005865276000
20677075936581683402731133/61761282424684554224901050,8652303009569153568770473806801/11348908470846169654011730552000
20677075936581683402731133/61761282424684554224901050,-3228181796146349643/19163689194857407460
24196997085428779108687877/30880641212342277112450525,3933727868176358684391118956601/5674454235423084827005865276000
24196997085428779108687877/30880641212342277112450525,8652303009569153568770473806801/11348908470846169654011730552000
24196997085428779108687877/30880641212342277112450525,-3228181796146349643/19163689194857407460
1162781914462331483/5004651849230259382,3933727868176358684391118956601/5674454235423084827005865276000
1162781914462331483/5004651849230259382,8652303009569153568770473806801/11348908470846169654011730552000
1162781914462331483/5004651849230259382,-3228181796146349643/19163689194857407460
