12
1,1
1,56729282363/57813124000
1,56729282363/115626248000
1,0
70013393500537897/124254101829000000,1
70013393500537897/124254101829000000,56729282363/57813124000
70013393500537897/124254101829000000,56729282363/115626248000
70013393500537897/124254101829000000,0
0,1
0,56729282363/57813124000
0,56729282363/115626248000
0,0
6
4 5 1 0 4
4 6 2 1 5
4 7 3 2 6
4 9 5 4 8
4 10 6 5 9
4 11 7 6 10
-1133607658473201/41418033943000000,7544814677/57813124000
-1133607658473201/41418033943000000,52341/468350
-1133607658473201/41418033943000000,69651228443/115626248000
-1133607658473201/41418033943000000,52341/468350
80389751/196474800,7544814677/57813124000
80389751/196474800,52341/468350
80389751/196474800,69651228443/115626248000
80389751/196474800,52341/468350
-19173508147495397/124254101829000000,7544814677/57813124000
-19173508147495397/124254101829000000,52341/468350
-19173508147495397/124254101829000000,69651228443/115626248000
-19173508147495397/124254101829000000,52341/468350
