9
1,1
1,55438460753354347612/70826782946207686925
1,0
61292824640761073404/70826782946207686925,1
61292824640761073404/70826782946207686925,55438460753354347612/70826782946207686925
61292824640761073404/70826782946207686925,0
0,1
0,55438460753354347612/70826782946207686925
0,0
4
4 4 1 0 3
4 5 2 1 4
4 7 4 3 6
4 8 5 4 7
232310620641910828295490544704/70826782946207686925,286499890544048358216677423399/70826782946207686925
232310620641910828295490544704/70826782946207686925,286499890559436680409530762712/70826782946207686925
232310620641910828295490544704/70826782946207686925,11459995620159928786247056604/2833071317848307477
9292424826057791464037486329/2833071317848307477,286499890544048358216677423399/70826782946207686925
9292424826057791464037486329/2833071317848307477,286499890559436680409530762712/70826782946207686925
9292424826057791464037486329/2833071317848307477,11459995620159928786247056604/2833071317848307477
232310620590151961960176084821/70826782946207686925,286499890544048358216677423399/70826782946207686925
232310620590151961960176084821/70826782946207686925,286499890559436680409530762712/70826782946207686925
232310620590151961960176084821/70826782946207686925,11459995620159928786247056604/2833071317848307477
