9
1,1
1,4336912333776369811863/7082678294620768692500
1,0
1914421791050231033109/3541339147310384346250,1
1914421791050231033109/3541339147310384346250,4336912333776369811863/7082678294620768692500
1914421791050231033109/3541339147310384346250,0
0,1
0,4336912333776369811863/7082678294620768692500
0,0
4
4 4 1 0 3
4 5 2 1 4
4 7 4 3 6
4 8 5 4 7
5807765514624240435283560380334/1770669573655192173125,14324994525263688683348965496613/3541339147310384346250
5807765514624240435283560380334/1770669573655192173125,28649989053273143327542329873863/7082678294620768692500
5807765514624240435283560380334/1770669573655192173125,57299978097872461987531920124/14165356589241537385
11615531030875398226827274073809/3541339147310384346250,14324994525263688683348965496613/3541339147310384346250
11615531030875398226827274073809/3541339147310384346250,28649989053273143327542329873863/7082678294620768692500
11615531030875398226827274073809/3541339147310384346250,57299978097872461987531920124/14165356589241537385
232310620579219528715540860814/70826782946207686925,14324994525263688683348965496613/3541339147310384346250
232310620579219528715540860814/70826782946207686925,28649989053273143327542329873863/7082678294620768692500
232310620579219528715540860814/70826782946207686925,57299978097872461987531920124/14165356589241537385
