9
1,1
1,809592500178382145850301474352780624590603647/876262913730479223003305562407513236693803920
1,0
809592500178382145850301474352780624590603647/876262913730479223003305562407513236693803920,1
809592500178382145850301474352780624590603647/876262913730479223003305562407513236693803920,809592500178382145850301474352780624590603647/876262913730479223003305562407513236693803920
809592500178382145850301474352780624590603647/876262913730479223003305562407513236693803920,0
0,1
0,809592500178382145850301474352780624590603647/876262913730479223003305562407513236693803920
0,0
4
4 4 1 0 3
4 5 2 1 4
4 7 4 3 6
4 8 5 4 7
69966711256786185322738851109167317130074360130737470737639196461/219065728432619805750826390601878309173450980,1475499149372879336177292256327541806285592881397299160163132809977/876262913730479223003305562407513236693803920
69966711256786185322738851109167317130074360130737470737639196461/219065728432619805750826390601878309173450980,147549914937287933617735892674109390336274588548535389277523601025/87626291373047922300330556240751323669380392
69966711256786185322738851109167317130074360130737470737639196461/219065728432619805750826390601878309173450980,1475499149372879336176549334240915521216895584011001112150645406603/876262913730479223003305562407513236693803920
279866845027144741291022074850221365597450444611004615562659986117/876262913730479223003305562407513236693803920,1475499149372879336177292256327541806285592881397299160163132809977/876262913730479223003305562407513236693803920
279866845027144741291022074850221365597450444611004615562659986117/876262913730479223003305562407513236693803920,147549914937287933617735892674109390336274588548535389277523601025/87626291373047922300330556240751323669380392
279866845027144741291022074850221365597450444611004615562659986117/876262913730479223003305562407513236693803920,1475499149372879336176549334240915521216895584011001112150645406603/876262913730479223003305562407513236693803920
27986684502714474129021248235004298345160014313665183493806938247/87626291373047922300330556240751323669380392,1475499149372879336177292256327541806285592881397299160163132809977/876262913730479223003305562407513236693803920
27986684502714474129021248235004298345160014313665183493806938247/87626291373047922300330556240751323669380392,147549914937287933617735892674109390336274588548535389277523601025/87626291373047922300330556240751323669380392
27986684502714474129021248235004298345160014313665183493806938247/87626291373047922300330556240751323669380392,1475499149372879336176549334240915521216895584011001112150645406603/876262913730479223003305562407513236693803920
