12
1,1
1,1622134784188091653/1734157777604889000
1,1622134784188091653/3468315555209778000
1,0
5774772461276107/9789749529942000,1
5774772461276107/9789749529942000,1622134784188091653/1734157777604889000
5774772461276107/9789749529942000,1622134784188091653/3468315555209778000
5774772461276107/9789749529942000,0
0,1
0,1622134784188091653/1734157777604889000
0,1622134784188091653/3468315555209778000
0,0
6
4 5 1 0 4
4 6 2 1 5
4 7 3 2 6
4 9 5 4 8
4 10 6 5 9
4 11 7 6 10
7358671741082407/9789749529942000,-891850375084742903/1734157777604889000
7358671741082407/9789749529942000,-132659/229164
7358671741082407/9789749529942000,-385611952814988847/3468315555209778000
7358671741082407/9789749529942000,-132659/229164
17398881459/14975905660,-891850375084742903/1734157777604889000
17398881459/14975905660,-132659/229164
17398881459/14975905660,-385611952814988847/3468315555209778000
17398881459/14975905660,-132659/229164
5598876348472193/9789749529942000,-891850375084742903/1734157777604889000
5598876348472193/9789749529942000,-132659/229164
5598876348472193/9789749529942000,-385611952814988847/3468315555209778000
5598876348472193/9789749529942000,-132659/229164
