28
1,1
1,79/80
1,79/100
1,237/400
1,79/200
1,79/400
1,0
79/100,1
79/100,79/80
79/100,79/100
79/100,237/400
79/100,79/200
79/100,79/400
79/100,0
79/200,1
79/200,79/80
79/200,79/100
79/200,237/400
79/200,79/200
79/200,79/400
79/200,0
0,1
0,79/80
0,79/100
0,237/400
0,79/200
0,79/400
0,0
18
4 8 1 0 7
4 9 2 1 8
4 10 3 2 9
4 11 4 3 10
4 12 5 4 11
4 13 6 5 12
4 15 8 7 14
4 16 9 8 15
4 17 10 9 16
4 18 11 10 17
4 19 12 11 18
4 20 13 12 19
4 22 15 14 21
4 23 16 15 22
4 24 17 16 23
4 25 18 17 24
4 26 19 18 25
4 27 20 19 26
21/100,79/80
21/100,1
21/100,321/400
21/100,1
21/100,321/400
21/100,1
21/100,321/400
0,79/80
0,1
0,321/400
0,1
0,321/400
0,1
0,321/400
79/200,79/80
79/200,1
79/200,321/400
79/200,1
79/200,321/400
79/200,1
79/200,321/400
0,79/80
0,1
0,321/400
0,1
0,321/400
0,1
0,321/400
