24
1,1
1,83/100
1,249/400
1,83/200
1,83/400
1,0
83/100,1
83/100,83/100
83/100,249/400
83/100,83/200
83/100,83/400
83/100,0
83/200,1
83/200,83/100
83/200,249/400
83/200,83/200
83/200,83/400
83/200,0
0,1
0,83/100
0,249/400
0,83/200
0,83/400
0,0
15
4 7 1 0 6
4 8 2 1 7
4 9 3 2 8
4 10 4 3 9
4 11 5 4 10
4 13 7 6 12
4 14 8 7 13
4 15 9 8 14
4 16 10 9 15
4 17 11 10 16
4 19 13 12 18
4 20 14 13 19
4 21 15 14 20
4 22 16 15 21
4 23 17 16 22
21/50,57/80
21/50,217/400
21/50,3/4
21/50,217/400
21/50,3/4
21/50,217/400
1/4,57/80
1/4,217/400
1/4,3/4
1/4,217/400
1/4,3/4
1/4,217/400
133/200,57/80
133/200,217/400
133/200,3/4
133/200,217/400
133/200,3/4
133/200,217/400
1/4,57/80
1/4,217/400
1/4,3/4
1/4,217/400
1/4,3/4
1/4,217/400
