16
1,1
1,16251489/17091250
1,16251489/34182500
1,0
174395767/205095000,1
174395767/205095000,16251489/17091250
174395767/205095000,16251489/34182500
174395767/205095000,0
174395767/410190000,1
174395767/410190000,16251489/17091250
174395767/410190000,16251489/34182500
174395767/410190000,0
0,1
0,16251489/17091250
0,16251489/34182500
0,0
9
4 5 1 0 4
4 6 2 1 5
4 7 3 2 6
4 9 5 4 8
4 10 6 5 9
4 11 7 6 10
4 13 9 8 12
4 14 10 9 13
4 15 11 10 14
193842983/205095000,127668/8545625
193842983/205095000,-23377/683650
193842983/205095000,1371149/3107500
193842983/205095000,-23377/683650
35/44,127668/8545625
35/44,-23377/683650
35/44,1371149/3107500
35/44,-23377/683650
500683267/410190000,127668/8545625
500683267/410190000,-23377/683650
500683267/410190000,1371149/3107500
500683267/410190000,-23377/683650
35/44,127668/8545625
35/44,-23377/683650
35/44,1371149/3107500
35/44,-23377/683650
