15
1,1
1,330357402/341965625
1,220238268/341965625
1,110119134/341965625
1,0
1101633/1965625,1
1101633/1965625,330357402/341965625
1101633/1965625,220238268/341965625
1101633/1965625,110119134/341965625
1101633/1965625,0
0,1
0,330357402/341965625
0,220238268/341965625
0,110119134/341965625
0,0
8
4 6 1 0 5
4 7 2 1 6
4 8 3 2 7
4 9 4 3 8
4 11 6 5 10
4 12 7 6 11
4 13 8 7 12
4 14 9 8 13
2764707/7862500,410624072/744278125
2764707/7862500,46047/78625
2764707/7862500,3335705517/12652728125
2764707/7862500,46047/78625
2764707/7862500,3335705517/12652728125
248827/314500,410624072/744278125
248827/314500,46047/78625
248827/314500,3335705517/12652728125
248827/314500,46047/78625
248827/314500,3335705517/12652728125
1814143/7862500,410624072/744278125
1814143/7862500,46047/78625
1814143/7862500,3335705517/12652728125
1814143/7862500,46047/78625
1814143/7862500,3335705517/12652728125
