12
1,1
1,6718597566942828919/6991553128276955680
1,6718597566942828919/13983106256553911360
1,0
11547496323/13611953125,1
11547496323/13611953125,6718597566942828919/6991553128276955680
11547496323/13611953125,6718597566942828919/13983106256553911360
11547496323/13611953125,0
0,1
0,6718597566942828919/6991553128276955680
0,6718597566942828919/13983106256553911360
0,0
6
4 5 1 0 4
4 6 2 1 5
4 7 3 2 6
4 9 5 4 8
4 10 6 5 9
4 11 7 6 10
-17879004394289/37514542812500,17376004541265931547/31461989077246300560
-17879004394289/37514542812500,24119400169/46993942944
-17879004394289/37514542812500,125058196163534904761/125847956308985202240
-17879004394289/37514542812500,24119400169/46993942944
-12189361447977/37514542812500,17376004541265931547/31461989077246300560
-12189361447977/37514542812500,24119400169/46993942944
-12189361447977/37514542812500,125058196163534904761/125847956308985202240
-12189361447977/37514542812500,24119400169/46993942944
-8802852262833/7502908562500,17376004541265931547/31461989077246300560
-8802852262833/7502908562500,24119400169/46993942944
-8802852262833/7502908562500,125058196163534904761/125847956308985202240
-8802852262833/7502908562500,24119400169/46993942944
