12
1,1
1,9100269/10841000
1,0
4723353/5420500,1
4723353/5420500,9100269/10841000
4723353/5420500,0
4723353/10841000,1
4723353/10841000,9100269/10841000
4723353/10841000,0
0,1
0,9100269/10841000
0,0
6
4 4 1 0 3
4 5 2 1 4
4 7 4 3 6
4 8 5 4 7
4 10 7 6 9
4 11 8 7 10
10855291/16261500,26771707/32523000
10855291/16261500,8647/8790
10855291/16261500,4693093/32523000
175277/325230,26771707/32523000
175277/325230,8647/8790
175277/325230,4693093/32523000
31697759/32523000,26771707/32523000
31697759/32523000,8647/8790
31697759/32523000,4693093/32523000
175277/325230,26771707/32523000
175277/325230,8647/8790
175277/325230,4693093/32523000
