15
1,1
1,4072721926313628951/7027805156662082000
1,0
6814219964796789237/7027805156662082000,1
6814219964796789237/7027805156662082000,4072721926313628951/7027805156662082000
6814219964796789237/7027805156662082000,0
2271406654932263079/3513902578331041000,1
2271406654932263079/3513902578331041000,4072721926313628951/7027805156662082000
2271406654932263079/3513902578331041000,0
2271406654932263079/7027805156662082000,1
2271406654932263079/7027805156662082000,4072721926313628951/7027805156662082000
2271406654932263079/7027805156662082000,0
0,1
0,4072721926313628951/7027805156662082000
0,0
8
4 4 1 0 3
4 5 2 1 4
4 7 4 3 6
4 8 5 4 7
4 10 7 6 9
4 11 8 7 10
4 13 10 9 12
4 14 11 10 13
52161316448754219839/43923782229138012500,377279076184446091567/175695128916552050000
52161316448754219839/43923782229138012500,279180790187597412/108722233240440625
52161316448754219839/43923782229138012500,26872162214255130309/13515009916657850000
213984895591649198431/175695128916552050000,377279076184446091567/175695128916552050000
213984895591649198431/175695128916552050000,279180790187597412/108722233240440625
213984895591649198431/175695128916552050000,26872162214255130309/13515009916657850000
9824983076146413841/10980945557284503125,377279076184446091567/175695128916552050000
9824983076146413841/10980945557284503125,279180790187597412/108722233240440625
9824983076146413841/10980945557284503125,26872162214255130309/13515009916657850000
213984895591649198431/175695128916552050000,377279076184446091567/175695128916552050000
213984895591649198431/175695128916552050000,279180790187597412/108722233240440625
213984895591649198431/175695128916552050000,26872162214255130309/13515009916657850000
9824983076146413841/10980945557284503125,377279076184446091567/175695128916552050000
9824983076146413841/10980945557284503125,279180790187597412/108722233240440625
9824983076146413841/10980945557284503125,26872162214255130309/13515009916657850000
