100
1,1
1,71/75
1,497/600
1,71/100
1,71/120
1,71/150
1,71/200
1,71/300
1,71/600
1,0
71/75,1
71/75,71/75
71/75,497/600
71/75,71/100
71/75,71/120
71/75,71/150
71/75,71/200
71/75,71/300
71/75,71/600
71/75,0
497/600,1
497/600,71/75
497/600,497/600
497/600,71/100
497/600,71/120
497/600,71/150
497/600,71/200
497/600,71/300
497/600,71/600
497/600,0
71/100,1
71/100,71/75
71/100,497/600
71/100,71/100
71/100,71/120
71/100,71/150
71/100,71/200
71/100,71/300
71/100,71/600
71/100,0
71/120,1
71/120,71/75
71/120,497/600
71/120,71/100
71/120,71/120
71/120,71/150
71/120,71/200
71/120,71/300
71/120,71/600
71/120,0
71/150,1
71/150,71/75
71/150,497/600
71/150,71/100
71/150,71/120
71/150,71/150
71/150,71/200
71/150,71/300
71/150,71/600
71/150,0
71/200,1
71/200,71/75
71/200,497/600
71/200,71/100
71/200,71/120
71/200,71/150
71/200,71/200
71/200,71/300
71/200,71/600
71/200,0
71/300,1
71/300,71/75
71/300,497/600
71/300,71/100
71/300,71/120
71/300,71/150
71/300,71/200
71/300,71/300
71/300,71/600
71/300,0
71/600,1
71/600,71/75
71/600,497/600
71/600,71/100
71/600,71/120
71/600,71/150
71/600,71/200
71/600,71/300
71/600,71/600
71/600,0
0,1
0,71/75
0,497/600
0,71/100
0,71/120
0,71/150
0,71/200
0,71/300
0,71/600
0,0
81
4 11 1 0 10
4 12 2 1 11
4 13 3 2 12
4 14 4 3 13
4 15 5 4 14
4 16 6 5 15
4 17 7 6 16
4 18 8 7 17
4 19 9 8 18
4 21 11 10 20
4 22 12 11 21
4 23 13 12 22
4 24 14 13 23
4 25 15 14 24
4 26 16 15 25
4 27 17 16 26
4 28 18 17 27
4 29 19 18 28
4 31 21 20 30
4 32 22 21 31
4 33 23 22 32
4 34 24 23 33
4 35 25 24 34
4 36 26 25 35
4 37 27 26 36
4 38 28 27 37
4 39 29 28 38
4 41 31 30 40
4 42 32 31 41
4 43 33 32 42
4 44 34 33 43
4 45 35 34 44
4 46 36 35 45
4 47 37 36 46
4 48 38 37 47
4 49 39 38 48
4 51 41 40 50
4 52 42 41 51
4 53 43 42 52
4 54 44 43 53
4 55 45 44 54
4 56 46 45 55
4 57 47 46 56
4 58 48 47 57
4 59 49 48 58
4 61 51 50 60
4 62 52 51 61
4 63 53 52 62
4 64 54 53 63
4 65 55 54 64
4 66 56 55 65
4 67 57 56 66
4 68 58 57 67
4 69 59 58 68
4 71 61 60 70
4 72 62 61 71
4 73 63 62 72
4 74 64 63 73
4 75 65 64 74
4 76 66 65 75
4 77 67 66 76
4 78 68 67 77
4 79 69 68 78
4 81 71 70 80
4 82 72 71 81
4 83 73 72 82
4 84 74 73 83
4 85 75 74 84
4 86 76 75 85
4 87 77 76 86
4 88 78 77 87
4 89 79 78 88
4 91 81 80 90
4 92 82 81 91
4 93 83 82 92
4 94 84 83 93
4 95 85 84 94
4 96 86 85 95
4 97 87 86 96
4 98 88 87 97
4 99 89 88 98
4/75,41/300
4/75,1/12
4/75,121/600
4/75,1/12
4/75,121/600
4/75,1/12
4/75,121/600
4/75,1/12
4/75,121/600
4/75,1/12
0,41/300
0,1/12
0,121/600
0,1/12
0,121/600
0,1/12
0,121/600
0,1/12
0,121/600
0,1/12
71/600,41/300
71/600,1/12
71/600,121/600
71/600,1/12
71/600,121/600
71/600,1/12
71/600,121/600
71/600,1/12
71/600,121/600
71/600,1/12
0,41/300
0,1/12
0,121/600
0,1/12
0,121/600
0,1/12
0,121/600
0,1/12
0,121/600
0,1/12
71/600,41/300
71/600,1/12
71/600,121/600
71/600,1/12
71/600,121/600
71/600,1/12
71/600,121/600
71/600,1/12
71/600,121/600
71/600,1/12
0,41/300
0,1/12
0,121/600
0,1/12
0,121/600
0,1/12
0,121/600
0,1/12
0,121/600
0,1/12
71/600,41/300
71/600,1/12
71/600,121/600
71/600,1/12
71/600,121/600
71/600,1/12
71/600,121/600
71/600,1/12
71/600,121/600
71/600,1/12
0,41/300
0,1/12
0,121/600
0,1/12
0,121/600
0,1/12
0,121/600
0,1/12
0,121/600
0,1/12
71/600,41/300
71/600,1/12
71/600,121/600
71/600,1/12
71/600,121/600
71/600,1/12
71/600,121/600
71/600,1/12
71/600,121/600
71/600,1/12
0,41/300
0,1/12
0,121/600
0,1/12
0,121/600
0,1/12
0,121/600
0,1/12
0,121/600
0,1/12
