9
1,1
1,33402633/50000000
1,0
421041907/837600000,1
421041907/837600000,33402633/50000000
421041907/837600000,0
0,1
0,33402633/50000000
0,0
4
4 4 1 0 3
4 5 2 1 4
4 7 4 3 6
4 8 5 4 7
-1907765711/1675200000,69257841/100000000
-1907765711/1675200000,4098103/4000000
-1907765711/1675200000,35647309/100000000
-123169/192000,69257841/100000000
-123169/192000,4098103/4000000
-123169/192000,35647309/100000000
-638911113/558400000,69257841/100000000
-638911113/558400000,4098103/4000000
-638911113/558400000,35647309/100000000
