12
1,1
1,71160417699/104783348800
1,0
588291591/800384000,1
588291591/800384000,71160417699/104783348800
588291591/800384000,0
588291591/1600768000,1
588291591/1600768000,71160417699/104783348800
588291591/1600768000,0
0,1
0,71160417699/104783348800
0,0
6
4 4 1 0 3
4 5 2 1 4
4 7 4 3 6
4 8 5 4 7
4 10 7 6 9
4 11 8 7 10
1080351159/800384000,75168573839/52391674400
1080351159/800384000,183960078779/104783348800
1080351159/800384000,2819991527/2619583720
3473035/3201536,75168573839/52391674400
3473035/3201536,183960078779/104783348800
3473035/3201536,2819991527/2619583720
2324809091/1600768000,75168573839/52391674400
2324809091/1600768000,183960078779/104783348800
2324809091/1600768000,2819991527/2619583720
3473035/3201536,75168573839/52391674400
3473035/3201536,183960078779/104783348800
3473035/3201536,2819991527/2619583720
