12
1,1
1,747549/784000
1,747549/1568000
1,0
40281219/51008500,1
40281219/51008500,747549/784000
40281219/51008500,747549/1568000
40281219/51008500,0
0,1
0,747549/784000
0,747549/1568000
0,0
6
4 5 1 0 4
4 6 2 1 5
4 7 3 2 6
4 9 5 4 8
4 10 6 5 9
4 11 7 6 10
103516263/102017000,-65347/1568000
103516263/102017000,-138249/1568000
103516263/102017000,6093/15680
103516263/102017000,-138249/1568000
49/40,-65347/1568000
49/40,-138249/1568000
49/40,6093/15680
49/40,-138249/1568000
44408387/102017000,-65347/1568000
44408387/102017000,-138249/1568000
44408387/102017000,6093/15680
44408387/102017000,-138249/1568000
