9
1,1
1,24548943039/32857191925
1,0
24548943039/32857191925,1
24548943039/32857191925,24548943039/32857191925
24548943039/32857191925,0
0,1
0,24548943039/32857191925
0,0
4
4 4 1 0 3
4 5 2 1 4
4 7 4 3 6
4 8 5 4 7
63465777329301568664/2344787787343775,-48392088611699919799/1683668228620850
63465777329301568664/2344787787343775,-48391662880410503387/1683668228620850
63465777329301568664/2344787787343775,-1935716832693988313/67346729144834
63466370230866820282/2344787787343775,-48392088611699919799/1683668228620850
63466370230866820282/2344787787343775,-48391662880410503387/1683668228620850
63466370230866820282/2344787787343775,-1935716832693988313/67346729144834
2538584733785789125/93791511493751,-48392088611699919799/1683668228620850
2538584733785789125/93791511493751,-48391662880410503387/1683668228620850
2538584733785789125/93791511493751,-1935716832693988313/67346729144834
