9
1,1
1,689875632/898548829
1,0
689875632/898548829,1
689875632/898548829,689875632/898548829
689875632/898548829,0
0,1
0,689875632/898548829
0,0
4
4 4 1 0 3
4 5 2 1 4
4 7 4 3 6
4 8 5 4 7
75369588940734677/123318638389618,17916113045621821/70426460119362
75369588940734677/123318638389618,17932468433456287/70426460119362
75369588940734677/123318638389618,17878397361171391/70426460119362
75398227667637351/123318638389618,17916113045621821/70426460119362
75398227667637351/123318638389618,17932468433456287/70426460119362
75398227667637351/123318638389618,17878397361171391/70426460119362
75303547756150407/123318638389618,17916113045621821/70426460119362
75303547756150407/123318638389618,17932468433456287/70426460119362
75303547756150407/123318638389618,17878397361171391/70426460119362
