9
1,1
1,184896830431/239585502050
1,0
184896830431/239585502050,1
184896830431/239585502050,184896830431/239585502050
184896830431/239585502050,0
0,1
0,184896830431/239585502050
0,0
4
4 4 1 0 3
4 5 2 1 4
4 7 4 3 6
4 8 5 4 7
42002964617991159457/1089754656074425,16440308966053883417/600640853639350
42002964617991159457/1089754656074425,328808921411072645/12012817072787
42002964617991159457/1089754656074425,16439982534199741733/600640853639350
84006426738828036957/2179509312148850,16440308966053883417/600640853639350
84006426738828036957/2179509312148850,328808921411072645/12012817072787
84006426738828036957/2179509312148850,16439982534199741733/600640853639350
1680094894647232123/43590186242977,16440308966053883417/600640853639350
1680094894647232123/43590186242977,328808921411072645/12012817072787
1680094894647232123/43590186242977,16439982534199741733/600640853639350
