9
1,1
1,62274711/83242900
1,0
62274711/83242900,1
62274711/83242900,62274711/83242900
62274711/83242900,0
0,1
0,62274711/83242900
0,0
4
4 4 1 0 3
4 5 2 1 4
4 7 4 3 6
4 8 5 4 7
-980031568478541/303740855665,218745909322279/107258476650
-980031568478541/303740855665,33657373359047/16501304100
-980031568478541/303740855665,109346342934341/53629238325
-19599101174042167/6074817113300,218745909322279/107258476650
-19599101174042167/6074817113300,33657373359047/16501304100
-19599101174042167/6074817113300,109346342934341/53629238325
-9801822897813407/3037408556650,218745909322279/107258476650
-9801822897813407/3037408556650,33657373359047/16501304100
-9801822897813407/3037408556650,109346342934341/53629238325
