9
1,1
1,52350182577/69553496125
1,0
52350182577/69553496125,1
52350182577/69553496125,52350182577/69553496125
52350182577/69553496125,0
0,1
0,52350182577/69553496125
0,0
4
4 4 1 0 3
4 5 2 1 4
4 7 4 3 6
4 8 5 4 7
148197923619646343/4312316759750,-51973102295523056691/12022043591221750
148197923619646343/4312316759750,-51970128771589539083/12022043591221750
148197923619646343/4312316759750,-2079167091649889729/480881743648870
148198990225086319/4312316759750,-51973102295523056691/12022043591221750
148198990225086319/4312316759750,-51970128771589539083/12022043591221750
148198990225086319/4312316759750,-2079167091649889729/480881743648870
29639148902753309/862463351950,-51973102295523056691/12022043591221750
29639148902753309/862463351950,-51970128771589539083/12022043591221750
29639148902753309/862463351950,-2079167091649889729/480881743648870
