9
1,1
1,1218274563/1624144660
1,0
1218274563/1624144660,1
1218274563/1624144660,1218274563/1624144660
1218274563/1624144660,0
0,1
0,1218274563/1624144660
0,0
4
4 4 1 0 3
4 5 2 1 4
4 7 4 3 6
4 8 5 4 7
46102280636704613/4754683492150,-170644299156178611/36190815458780
46102280636704613/4754683492150,-8531762757640358/1809540772939
46102280636704613/4754683492150,-170662401964894489/36190815458780
92206937642827161/9509366984300,-170644299156178611/36190815458780
92206937642827161/9509366984300,-8531762757640358/1809540772939
92206937642827161/9509366984300,-170662401964894489/36190815458780
23049951161315199/2377341746075,-170644299156178611/36190815458780
23049951161315199/2377341746075,-8531762757640358/1809540772939
23049951161315199/2377341746075,-170662401964894489/36190815458780
