9
1,1
1,54101751779/70410879125
1,0
54101751779/70410879125,1
54101751779/70410879125,54101751779/70410879125
54101751779/70410879125,0
0,1
0,54101751779/70410879125
0,0
4
4 4 1 0 3
4 5 2 1 4
4 7 4 3 6
4 8 5 4 7
-1431994252641457594/2421359722229625,-4343911557182252161/376064505406625
-1431994252641457594/2421359722229625,-173752978005323887/15042580216265
-1431994252641457594/2421359722229625,-4344113407589348814/376064505406625
-11451467184489248/19370877777837,-4343911557182252161/376064505406625
-11451467184489248/19370877777837,-173752978005323887/15042580216265
-11451467184489248/19370877777837,-4344113407589348814/376064505406625
-1433293903203084031/2421359722229625,-4343911557182252161/376064505406625
-1433293903203084031/2421359722229625,-173752978005323887/15042580216265
-1433293903203084031/2421359722229625,-4344113407589348814/376064505406625
