20
1,1
1,91/100
1,91/200
1,0
399/400,1
399/400,91/100
399/400,91/200
399/400,0
133/200,1
133/200,91/100
133/200,91/200
133/200,0
133/400,1
133/400,91/100
133/400,91/200
133/400,0
0,1
0,91/100
0,91/200
0,0
12
4 5 1 0 4
4 6 2 1 5
4 7 3 2 6
4 9 5 4 8
4 10 6 5 9
4 11 7 6 10
4 13 9 8 12
4 14 10 9 13
4 15 11 10 14
4 17 13 12 16
4 18 14 13 17
4 19 15 14 18
33/100,9/100
33/100,0
33/100,91/200
33/100,0
133/400,9/100
133/400,0
133/400,91/200
133/400,0
0,9/100
0,0
0,91/200
0,0
133/400,9/100
133/400,0
133/400,91/200
133/400,0
0,9/100
0,0
0,91/200
0,0
