20
1,1
1,1463/1600
1,1463/2400
1,1463/4800
1,0
77/100,1
77/100,1463/1600
77/100,1463/2400
77/100,1463/4800
77/100,0
77/200,1
77/200,1463/1600
77/200,1463/2400
77/200,1463/4800
77/200,0
0,1
0,1463/1600
0,1463/2400
0,1463/4800
0,0
12
4 6 1 0 5
4 7 2 1 6
4 8 3 2 7
4 9 4 3 8
4 11 6 5 10
4 12 7 6 11
4 13 8 7 12
4 14 9 8 13
4 16 11 10 15
4 17 12 11 16
4 18 13 12 17
4 19 14 13 18
69/200,263/1200
69/200,1463/4800
69/200,0
69/200,1463/4800
69/200,0
23/200,263/1200
23/200,1463/4800
23/200,0
23/200,1463/4800
23/200,0
1/2,263/1200
1/2,1463/4800
1/2,0
1/2,1463/4800
1/2,0
23/200,263/1200
23/200,1463/4800
23/200,0
23/200,1463/4800
23/200,0
