9
1,1
1,64422010179/86776538900
1,0
64422010179/86776538900,1
64422010179/86776538900,64422010179/86776538900
64422010179/86776538900,0
0,1
0,64422010179/86776538900
0,0
4
4 4 1 0 3
4 5 2 1 4
4 7 4 3 6
4 8 5 4 7
-39567266566988307631/1425781922396450,-61078848679955509/17528860857800
-39567266566988307631/1425781922396450,-61074333065153867/17528860857800
-39567266566988307631/1425781922396450,-2443493852448401/701154434312
-79133798541808314481/2851563844792900,-61078848679955509/17528860857800
-79133798541808314481/2851563844792900,-61074333065153867/17528860857800
-79133798541808314481/2851563844792900,-2443493852448401/701154434312
-791359155134848066/28515638447929,-61078848679955509/17528860857800
-791359155134848066/28515638447929,-61074333065153867/17528860857800
-791359155134848066/28515638447929,-2443493852448401/701154434312
