9
1,1
1,41530271926/55507293425
1,0
41530271926/55507293425,1
41530271926/55507293425,41530271926/55507293425
41530271926/55507293425,0
0,1
0,41530271926/55507293425
0,0
4
4 4 1 0 3
4 5 2 1 4
4 7 4 3 6
4 8 5 4 7
4084477602424530617/2156236320387550,107351466728811639/3485858027090
4084477602424530617/2156236320387550,536761722428808881/17429290135450
4084477602424530617/2156236320387550,536748681923424117/17429290135450
99634647653699531/52591129765550,107351466728811639/3485858027090
99634647653699531/52591129765550,536761722428808881/17429290135450
99634647653699531/52591129765550,536748681923424117/17429290135450
163336290754337735/86249452815502,107351466728811639/3485858027090
163336290754337735/86249452815502,536761722428808881/17429290135450
163336290754337735/86249452815502,536748681923424117/17429290135450
