9
1,1
1,46326819/58957865
1,0
46326819/58957865,1
46326819/58957865,46326819/58957865
46326819/58957865,0
0,1
0,46326819/58957865
0,0
4
4 4 1 0 3
4 5 2 1 4
4 7 4 3 6
4 8 5 4 7
29984833955594899/2685118045695,-5651916466335428/2906563786635
29984833955594899/2685118045695,-5651293768398674/2906563786635
29984833955594899/2685118045695,-1130715526849711/581312757327
29985409211322877/2685118045695,-5651916466335428/2906563786635
29985409211322877/2685118045695,-5651293768398674/2906563786635
29985409211322877/2685118045695,-1130715526849711/581312757327
5996659869801032/537023609139,-5651916466335428/2906563786635
5996659869801032/537023609139,-5651293768398674/2906563786635
5996659869801032/537023609139,-1130715526849711/581312757327
