9
1,1
1,8157954939/11181282292
1,0
8157954939/11181282292,1
8157954939/11181282292,8157954939/11181282292
8157954939/11181282292,0
0,1
0,8157954939/11181282292
0,0
4
4 4 1 0 3
4 5 2 1 4
4 7 4 3 6
4 8 5 4 7
270952928388482309/12931152970698,-5840857943125203/517083990234686
270952928388482309/12931152970698,-11402085316044083/1034167980469372
270952928388482309/12931152970698,-3039155681576783/258541995117343
541912849733132107/25862305941396,-5840857943125203/517083990234686
541912849733132107/25862305941396,-11402085316044083/1034167980469372
541912849733132107/25862305941396,-3039155681576783/258541995117343
135473495095839550/6465576485349,-5840857943125203/517083990234686
135473495095839550/6465576485349,-11402085316044083/1034167980469372
135473495095839550/6465576485349,-3039155681576783/258541995117343
