9
1,1
1,57663020637/75994231625
1,0
57663020637/75994231625,1
57663020637/75994231625,57663020637/75994231625
57663020637/75994231625,0
0,1
0,57663020637/75994231625
0,0
4
4 4 1 0 3
4 5 2 1 4
4 7 4 3 6
4 8 5 4 7
4758097189755440838/718069494624625,74821359036868828413/5891376812496500
4758097189755440838/718069494624625,598582241165355697/47131014499972
4758097189755440838/718069494624625,74818309877657599337/5891376812496500
190330816054722658/28722779784985,74821359036868828413/5891376812496500
190330816054722658/28722779784985,598582241165355697/47131014499972
190330816054722658/28722779784985,74818309877657599337/5891376812496500
4757725543486067437/718069494624625,74821359036868828413/5891376812496500
4757725543486067437/718069494624625,598582241165355697/47131014499972
4757725543486067437/718069494624625,74818309877657599337/5891376812496500
