20
1,1
1,207417/248000
1,69139/124000
1,69139/248000
1,0
19483171/22200000,1
19483171/22200000,207417/248000
19483171/22200000,69139/124000
19483171/22200000,69139/248000
19483171/22200000,0
19483171/44400000,1
19483171/44400000,207417/248000
19483171/44400000,69139/124000
19483171/44400000,69139/248000
19483171/44400000,0
0,1
0,207417/248000
0,69139/124000
0,69139/248000
0,0
12
4 6 1 0 5
4 7 2 1 6
4 8 3 2 7
4 9 4 3 8
4 11 6 5 10
4 12 7 6 11
4 13 8 7 12
4 14 9 8 13
4 16 11 10 15
4 17 12 11 16
4 18 13 12 17
4 19 14 13 18
19179979/22200000,4039/62000
19179979/22200000,56739/248000
19179979/22200000,-1/20
19179979/22200000,56739/248000
19179979/22200000,-1/20
8899/12000,4039/62000
8899/12000,56739/248000
8899/12000,-1/20
8899/12000,56739/248000
8899/12000,-1/20
52409471/44400000,4039/62000
52409471/44400000,56739/248000
52409471/44400000,-1/20
52409471/44400000,56739/248000
52409471/44400000,-1/20
8899/12000,4039/62000
8899/12000,56739/248000
8899/12000,-1/20
8899/12000,56739/248000
8899/12000,-1/20
