16
1,1
1,1001/1200
1,1001/2400
1,0
1001/1200,1
1001/1200,1001/1200
1001/1200,1001/2400
1001/1200,0
1001/2400,1
1001/2400,1001/1200
1001/2400,1001/2400
1001/2400,0
0,1
0,1001/1200
0,1001/2400
0,0
9
4 5 1 0 4
4 6 2 1 5
4 7 3 2 6
4 9 5 4 8
4 10 6 5 9
4 11 7 6 10
4 13 9 8 12
4 14 10 9 13
4 15 11 10 14
497/2400,497/2400
497/2400,33/800
497/2400,11/24
497/2400,33/800
33/800,497/2400
33/800,33/800
33/800,11/24
33/800,33/800
11/24,497/2400
11/24,33/800
11/24,11/24
11/24,33/800
33/800,497/2400
33/800,33/800
33/800,11/24
33/800,33/800
