12
1,1
1,15327/17500
1,15327/35000
1,0
38103/62500,1
38103/62500,15327/17500
38103/62500,15327/35000
38103/62500,0
0,1
0,15327/17500
0,15327/35000
0,0
6
4 5 1 0 4
4 6 2 1 5
4 7 3 2 6
4 9 5 4 8
4 10 6 5 9
4 11 7 6 10
600623/1000000,85067/70000
600623/1000000,611/560
600623/1000000,107029/70000
600623/1000000,611/560
39639/40000,85067/70000
39639/40000,611/560
39639/40000,107029/70000
39639/40000,611/560
381327/1000000,85067/70000
381327/1000000,611/560
381327/1000000,107029/70000
381327/1000000,611/560
