9
1,1
1,77064914023067/103630529316840
1,0
3765325229103/4636413042944,1
3765325229103/4636413042944,77064914023067/103630529316840
3765325229103/4636413042944,0
0,1
0,77064914023067/103630529316840
0,0
4
4 4 1 0 3
4 5 2 1 4
4 7 4 3 6
4 8 5 4 7
891531725753/2318206521472,142832187450227/103630529316840
891531725753/2318206521472,1436061400/878522629
891531725753/2318206521472,92332888720933/103630529316840
2654151265347/4636413042944,142832187450227/103630529316840
2654151265347/4636413042944,1436061400/878522629
2654151265347/4636413042944,92332888720933/103630529316840
-7071/29504,142832187450227/103630529316840
-7071/29504,1436061400/878522629
-7071/29504,92332888720933/103630529316840
