9
1,1
1,2275264711801/2897415242475
1,0
337680194918408577/379137515672803750,1
337680194918408577/379137515672803750,2275264711801/2897415242475
337680194918408577/379137515672803750,0
0,1
0,2275264711801/2897415242475
0,0
4
4 4 1 0 3
4 5 2 1 4
4 7 4 3 6
4 8 5 4 7
2193240121475742179/379137515672803750,7410871949192/965805080825
2193240121475742179/379137515672803750,914190655130/115896609699
2193240121475742179/379137515672803750,20579501666449/2897415242475
1117348721115068676/189568757836401875,7410871949192/965805080825
1117348721115068676/189568757836401875,914190655130/115896609699
1117348721115068676/189568757836401875,20579501666449/2897415242475
75880689892469151/15165500626912150,7410871949192/965805080825
75880689892469151/15165500626912150,914190655130/115896609699
75880689892469151/15165500626912150,20579501666449/2897415242475
