9
1,1
1,37654255662070832/44088204555126375
1,0
1210569875536544/1458388445843875,1
1210569875536544/1458388445843875,37654255662070832/44088204555126375
1210569875536544/1458388445843875,0
0,1
0,37654255662070832/44088204555126375
0,0
4
4 4 1 0 3
4 5 2 1 4
4 7 4 3 6
4 8 5 4 7
8922344459404308/1458388445843875,4668246128724559286/573146659216642875
8922344459404308/1458388445843875,2418263340628133/291677689168775
8922344459404308/1458388445843875,4262382140727360529/573146659216642875
9170163029711639/1458388445843875,4668246128724559286/573146659216642875
9170163029711639/1458388445843875,2418263340628133/291677689168775
9170163029711639/1458388445843875,4262382140727360529/573146659216642875
1591918630835019/291677689168775,4668246128724559286/573146659216642875
1591918630835019/291677689168775,2418263340628133/291677689168775
1591918630835019/291677689168775,4262382140727360529/573146659216642875
