9
1,1
1,14353883803245968227038/15891741283604253134375
1,0
20777612465126067/25885645357634375,1
20777612465126067/25885645357634375,14353883803245968227038/15891741283604253134375
20777612465126067/25885645357634375,0
0,1
0,14353883803245968227038/15891741283604253134375
0,0
4
4 4 1 0 3
4 5 2 1 4
4 7 4 3 6
4 8 5 4 7
149170413438992567/25885645357634375,457828259935136714703879/63566965134417012537500
149170413438992567/25885645357634375,463979689856569854333227/63566965134417012537500
149170413438992567/25885645357634375,26489672426490443/4141703257221500
149/25,457828259935136714703879/63566965134417012537500
149/25,463979689856569854333227/63566965134417012537500
149/25,26489672426490443/4141703257221500
133500833866374808/25885645357634375,457828259935136714703879/63566965134417012537500
133500833866374808/25885645357634375,463979689856569854333227/63566965134417012537500
133500833866374808/25885645357634375,26489672426490443/4141703257221500
