9
1,1
1,510376371467494437893/669399225862782467750
1,0
3152737831056822567/5090488409602908500,1
3152737831056822567/5090488409602908500,510376371467494437893/669399225862782467750
3152737831056822567/5090488409602908500,0
0,1
0,510376371467494437893/669399225862782467750
0,0
4
4 4 1 0 3
4 5 2 1 4
4 7 4 3 6
4 8 5 4 7
30068545624294057867/5090488409602908500,5374146637064418186743/669399225862782467750
30068545624294057867/5090488409602908500,420773345358152564/50904884096029085
30068545624294057867/5090488409602908500,5022793119992211778707/669399225862782467750
320062962028401438/50904884096029085,5374146637064418186743/669399225862782467750
320062962028401438/50904884096029085,420773345358152564/50904884096029085
320062962028401438/50904884096029085,5022793119992211778707/669399225862782467750
28853558371783321233/5090488409602908500,5374146637064418186743/669399225862782467750
28853558371783321233/5090488409602908500,420773345358152564/50904884096029085
28853558371783321233/5090488409602908500,5022793119992211778707/669399225862782467750
