9
1,1
1,3215492830449979/3448911890782000
1,0
143472194348703/160414506548000,1
143472194348703/160414506548000,3215492830449979/3448911890782000
143472194348703/160414506548000,0
0,1
0,3215492830449979/3448911890782000
0,0
4
4 4 1 0 3
4 5 2 1 4
4 7 4 3 6
4 8 5 4 7
1011751906415903/160414506548000,28752897084214129/3448911890782000
1011751906415903/160414506548000,579726322890923/68978237815640
1011751906415903/160414506548000,25770823314096171/3448911890782000
1285867773269/200518133185,28752897084214129/3448911890782000
1285867773269/200518133185,579726322890923/68978237815640
1285867773269/200518133185,25770823314096171/3448911890782000
885222024266497/160414506548000,28752897084214129/3448911890782000
885222024266497/160414506548000,579726322890923/68978237815640
885222024266497/160414506548000,25770823314096171/3448911890782000
