9
1,1
1,14277577214830613068/17754926074905471875
1,0
17523158777083656/20717533342946875,1
17523158777083656/20717533342946875,14277577214830613068/17754926074905471875
17523158777083656/20717533342946875,0
0,1
0,14277577214830613068/17754926074905471875
0,0
4
4 4 1 0 3
4 5 2 1 4
4 7 4 3 6
4 8 5 4 7
128522546134934682/20717533342946875,144349603709177921953/17754926074905471875
128522546134934682/20717533342946875,34498705383722936/4143506668589375
128522546134934682/20717533342946875,133549375354422167692/17754926074905471875
131716920700797901/20717533342946875,144349603709177921953/17754926074905471875
131716920700797901/20717533342946875,34498705383722936/4143506668589375
131716920700797901/20717533342946875,133549375354422167692/17754926074905471875
22838752384742849/4143506668589375,144349603709177921953/17754926074905471875
22838752384742849/4143506668589375,34498705383722936/4143506668589375
22838752384742849/4143506668589375,133549375354422167692/17754926074905471875
