9
1,1
1,63037619103888129207/64664009469596736220
1,0
80111000803035267/91204526755425580,1
80111000803035267/91204526755425580,63037619103888129207/64664009469596736220
80111000803035267/91204526755425580,0
0,1
0,63037619103888129207/64664009469596736220
0,0
4
4 4 1 0 3
4 5 2 1 4
4 7 4 3 6
4 8 5 4 7
39442703476725101/6514609053958970,10230174489243494559/1220075650369749740
39442703476725101/6514609053958970,38351596494754148/4560226337771279
39442703476725101/6514609053958970,480788019191725689433/64664009469596736220
563291374626541727/91204526755425580,10230174489243494559/1220075650369749740
563291374626541727/91204526755425580,38351596494754148/4560226337771279
563291374626541727/91204526755425580,480788019191725689433/64664009469596736220
24159018691175323/4560226337771279,10230174489243494559/1220075650369749740
24159018691175323/4560226337771279,38351596494754148/4560226337771279
24159018691175323/4560226337771279,480788019191725689433/64664009469596736220
