9
1,1
1,68568930599429822007/84342366340201500700
1,0
2159550501248779893/2720721494845209700,1
2159550501248779893/2720721494845209700,68568930599429822007/84342366340201500700
2159550501248779893/2720721494845209700,0
0,1
0,68568930599429822007/84342366340201500700
0,0
4
4 4 1 0 3
4 5 2 1 4
4 7 4 3 6
4 8 5 4 7
16887841666624570493/2720721494845209700,690437598557906602107/84342366340201500700
16887841666624570493/2720721494845209700,227810011064089768/27207214948452097
16887841666624570493/2720721494845209700,637642103699248458793/84342366340201500700
19826170503603/3091377678497,690437598557906602107/84342366340201500700
19826170503603/3091377678497,227810011064089768/27207214948452097
19826170503603/3091377678497,637642103699248458793/84342366340201500700
15289462158972220407/2720721494845209700,690437598557906602107/84342366340201500700
15289462158972220407/2720721494845209700,227810011064089768/27207214948452097
15289462158972220407/2720721494845209700,637642103699248458793/84342366340201500700
