9
1,1
1,437282095753855291/540418061815360000
1,0
163559414613500307/270209030907680000,1
163559414613500307/270209030907680000,437282095753855291/540418061815360000
163559414613500307/270209030907680000,0
0,1
0,437282095753855291/540418061815360000
0,0
4
4 4 1 0 3
4 5 2 1 4
4 7 4 3 6
4 8 5 4 7
735331844798818157/135104515453840000,4227813925093009191/540418061815360000
735331844798818157/135104515453840000,43309498911545139/5404180618153600
735331844798818157/135104515453840000,3893667795400658609/540418061815360000
1577313305891816007/270209030907680000,4227813925093009191/540418061815360000
1577313305891816007/270209030907680000,43309498911545139/5404180618153600
1577313305891816007/270209030907680000,3893667795400658609/540418061815360000
14137538912783157/2702090309076800,4227813925093009191/540418061815360000
14137538912783157/2702090309076800,43309498911545139/5404180618153600
14137538912783157/2702090309076800,3893667795400658609/540418061815360000
