9
1,1
1,3478989785841/4946675307200
1,0
798309757386669621/1179191555101765700,1
798309757386669621/1179191555101765700,3478989785841/4946675307200
798309757386669621/1179191555101765700,0
0,1
0,3478989785841/4946675307200
0,0
4
4 4 1 0 3
4 5 2 1 4
4 7 4 3 6
4 8 5 4 7
6587842302290645621/1179191555101765700,18830363937691/2473337653600
6587842302290645621/1179191555101765700,39128413396741/4946675307200
6587842302290645621/1179191555101765700,990149/137392
1637/277,18830363937691/2473337653600
1637/277,39128413396741/4946675307200
1637/277,990149/137392
6170414342619072079/1179191555101765700,18830363937691/2473337653600
6170414342619072079/1179191555101765700,39128413396741/4946675307200
6170414342619072079/1179191555101765700,990149/137392
