9
1,1
1,259384796726/282972741375
1,0
1730563663735352512/1889682460191411375,1
1730563663735352512/1889682460191411375,259384796726/282972741375
1730563663735352512/1889682460191411375,0
0,1
0,259384796726/282972741375
0,0
4
4 4 1 0 3
4 5 2 1 4
4 7 4 3 6
4 8 5 4 7
10765137543705134899/1889682460191411375,2235351075202/282972741375
10765137543705134899/1889682460191411375,2258939019851/282972741375
10765137543705134899/1889682460191411375,119045/16847
3641418780053731254/629894153397137125,2235351075202/282972741375
3641418780053731254/629894153397137125,2258939019851/282972741375
3641418780053731254/629894153397137125,119045/16847
4326443612435690/889262334207723,2235351075202/282972741375
4326443612435690/889262334207723,2258939019851/282972741375
4326443612435690/889262334207723,119045/16847
