9
1,1
1,625426203691/647960713050
1,0
211696752806052647/243008559468208865,1
211696752806052647/243008559468208865,625426203691/647960713050
211696752806052647/243008559468208865,0
0,1
0,625426203691/647960713050
0,0
4
4 4 1 0 3
4 5 2 1 4
4 7 4 3 6
4 8 5 4 7
1402165650875030907/243008559468208865,2618788898641/323980356525
1402165650875030907/243008559468208865,5260112306641/647960713050
1402165650875030907/243008559468208865,209439/29281
525/89,2618788898641/323980356525
525/89,5260112306641/647960713050
525/89,209439/29281
1221780704731134478/243008559468208865,2618788898641/323980356525
1221780704731134478/243008559468208865,5260112306641/647960713050
1221780704731134478/243008559468208865,209439/29281
