9
1,1
1,5738677022494659589/6664639588239890725
1,0
58979419049805051/67234699503050600,1
58979419049805051/67234699503050600,5738677022494659589/6664639588239890725
58979419049805051/67234699503050600,0
0,1
0,5738677022494659589/6664639588239890725
0,0
4
4 4 1 0 3
4 5 2 1 4
4 7 4 3 6
4 8 5 4 7
431580537983875131/67234699503050600,55370975337651272359/6664639588239890725
431580537983875131/67234699503050600,14198471097956243/1680867487576265
431580537983875131/67234699503050600,50558260880901843906/6664639588239890725
30459544213097/4656142624865,55370975337651272359/6664639588239890725
30459544213097/4656142624865,14198471097956243/1680867487576265
30459544213097/4656142624865,50558260880901843906/6664639588239890725
380856399387315629/67234699503050600,55370975337651272359/6664639588239890725
380856399387315629/67234699503050600,14198471097956243/1680867487576265
380856399387315629/67234699503050600,50558260880901843906/6664639588239890725
