9
1,1
1,2405339699732531/2776803945832800
1,0
999731901738674466820026541/1909786281284459173580577000,1
999731901738674466820026541/1909786281284459173580577000,2405339699732531/2776803945832800
999731901738674466820026541/1909786281284459173580577000,0
0,1
0,2405339699732531/2776803945832800
0,0
4
4 4 1 0 3
4 5 2 1 4
4 7 4 3 6
4 8 5 4 7
-45695309948410804863144435427/148963329940187815539285006000,214141137095429/490024225735200
-45695309948410804863144435427/148963329940187815539285006000,340935737/597320568
-45695309948410804863144435427/148963329940187815539285006000,-189325156174961/640800910576800
41694131309529071/245597430657689136,214141137095429/490024225735200
41694131309529071/245597430657689136,340935737/597320568
41694131309529071/245597430657689136,-189325156174961/640800910576800
-52690156679456206147783569823/148963329940187815539285006000,214141137095429/490024225735200
-52690156679456206147783569823/148963329940187815539285006000,340935737/597320568
-52690156679456206147783569823/148963329940187815539285006000,-189325156174961/640800910576800
