16
1,1
1,42981/58000
1,42981/116000
1,0
19297/24000,1
19297/24000,42981/58000
19297/24000,42981/116000
19297/24000,0
19297/48000,1
19297/48000,42981/58000
19297/48000,42981/116000
19297/48000,0
0,1
0,42981/58000
0,42981/116000
0,0
9
4 5 1 0 4
4 6 2 1 5
4 7 3 2 6
4 9 5 4 8
4 10 6 5 9
4 11 7 6 10
4 13 9 8 12
4 14 10 9 13
4 15 11 10 14
229223089/434928000,15019/58000
229223089/434928000,0
229223089/434928000,42981/116000
229223089/434928000,0
47998441/144976000,15019/58000
47998441/144976000,0
47998441/144976000,42981/116000
47998441/144976000,0
498196/679575,15019/58000
498196/679575,0
498196/679575,42981/116000
498196/679575,0
47998441/144976000,15019/58000
47998441/144976000,0
47998441/144976000,42981/116000
47998441/144976000,0
