20
1,1
1,22703/22750
1,22703/34125
1,22703/68250
1,0
1260785549/1282408260,1
1260785549/1282408260,22703/22750
1260785549/1282408260,22703/34125
1260785549/1282408260,22703/68250
1260785549/1282408260,0
1260785549/2564816520,1
1260785549/2564816520,22703/22750
1260785549/2564816520,22703/34125
1260785549/2564816520,22703/68250
1260785549/2564816520,0
0,1
0,22703/22750
0,22703/34125
0,22703/68250
0,0
12
4 6 1 0 5
4 7 2 1 6
4 8 3 2 7
4 9 4 3 8
4 11 6 5 10
4 12 7 6 11
4 13 8 7 12
4 14 9 8 13
4 16 11 10 15
4 17 12 11 16
4 18 13 12 17
4 19 14 13 18
-584803/18320118,43259/68250
-584803/18320118,124/195
-584803/18320118,6899/22750
-584803/18320118,124/195
-584803/18320118,6899/22750
-62558921/1282408260,43259/68250
-62558921/1282408260,124/195
-62558921/1282408260,6899/22750
-62558921/1282408260,124/195
-62558921/1282408260,6899/22750
6323/14280,43259/68250
6323/14280,124/195
6323/14280,6899/22750
6323/14280,124/195
6323/14280,6899/22750
-62558921/1282408260,43259/68250
-62558921/1282408260,124/195
-62558921/1282408260,6899/22750
-62558921/1282408260,124/195
-62558921/1282408260,6899/22750
