25
1,1
1,273/320
1,91/160
1,91/320
1,0
273/320,1
273/320,273/320
273/320,91/160
273/320,91/320
273/320,0
91/160,1
91/160,273/320
91/160,91/160
91/160,91/320
91/160,0
91/320,1
91/320,273/320
91/320,91/160
91/320,91/320
91/320,0
0,1
0,273/320
0,91/160
0,91/320
0,0
16
4 6 1 0 5
4 7 2 1 6
4 8 3 2 7
4 9 4 3 8
4 11 6 5 10
4 12 7 6 11
4 13 8 7 12
4 14 9 8 13
4 16 11 10 15
4 17 12 11 16
4 18 13 12 17
4 19 14 13 18
4 21 16 15 20
4 22 17 16 21
4 23 18 17 22
4 24 19 18 23
53/320,53/320
53/320,5/16
53/320,9/320
53/320,5/16
53/320,9/320
5/16,53/320
5/16,5/16
5/16,9/320
5/16,5/16
5/16,9/320
9/320,53/320
9/320,5/16
9/320,9/320
9/320,5/16
9/320,9/320
5/16,53/320
5/16,5/16
5/16,9/320
5/16,5/16
5/16,9/320
9/320,53/320
9/320,5/16
9/320,9/320
9/320,5/16
9/320,9/320
