16
1,1
1,339700747408506/376206557835875
1,169850373704253/376206557835875
1,0
44659879/53467960,1
44659879/53467960,339700747408506/376206557835875
44659879/53467960,169850373704253/376206557835875
44659879/53467960,0
44659879/106935920,1
44659879/106935920,339700747408506/376206557835875
44659879/106935920,169850373704253/376206557835875
44659879/106935920,0
0,1
0,339700747408506/376206557835875
0,169850373704253/376206557835875
0,0
9
4 5 1 0 4
4 6 2 1 5
4 7 3 2 6
4 9 5 4 8
4 10 6 5 9
4 11 7 6 10
4 13 9 8 12
4 14 10 9 13
4 15 11 10 14
4435994399/481211640,785231189609669/376206557835875
4435994399/481211640,580733652/291796985
4435994399/481211640,918575752886553/376206557835875
4435994399/481211640,580733652/291796985
156773/17316,785231189609669/376206557835875
156773/17316,580733652/291796985
156773/17316,918575752886553/376206557835875
156773/17316,580733652/291796985
9115382251/962423280,785231189609669/376206557835875
9115382251/962423280,580733652/291796985
9115382251/962423280,918575752886553/376206557835875
9115382251/962423280,580733652/291796985
156773/17316,785231189609669/376206557835875
156773/17316,580733652/291796985
156773/17316,918575752886553/376206557835875
156773/17316,580733652/291796985
