12
1,1
1,14093761285689411089779/14717487508981006106400
1,14093761285689411089779/29434975017962012212800
1,0
702553674167117/997963439564700,1
702553674167117/997963439564700,14093761285689411089779/14717487508981006106400
702553674167117/997963439564700,14093761285689411089779/29434975017962012212800
702553674167117/997963439564700,0
0,1
0,14093761285689411089779/14717487508981006106400
0,14093761285689411089779/29434975017962012212800
0,0
6
4 5 1 0 4
4 6 2 1 5
4 7 3 2 6
4 9 5 4 8
4 10 6 5 9
4 11 7 6 10
-137324043496783/997963439564700,-15916885229911400908811/88304925053886036638400
-137324043496783/997963439564700,-19659242569660971008537/88304925053886036638400
-137324043496783/997963439564700,16062283957/62698974111
-137324043496783/997963439564700,-19659242569660971008537/88304925053886036638400
7012288/44267167,-15916885229911400908811/88304925053886036638400
7012288/44267167,-19659242569660971008537/88304925053886036638400
7012288/44267167,16062283957/62698974111
7012288/44267167,-19659242569660971008537/88304925053886036638400
-781159185461/1431798335100,-15916885229911400908811/88304925053886036638400
-781159185461/1431798335100,-19659242569660971008537/88304925053886036638400
-781159185461/1431798335100,16062283957/62698974111
-781159185461/1431798335100,-19659242569660971008537/88304925053886036638400
