9
1,1
1,4899195107121479/6425701469242932
1,0
33654679967593559/47964875634204624,1
33654679967593559/47964875634204624,4899195107121479/6425701469242932
33654679967593559/47964875634204624,0
0,1
0,4899195107121479/6425701469242932
0,0
4
4 4 1 0 3
4 5 2 1 4
4 7 4 3 6
4 8 5 4 7
27295278295649789/23982437817102312,-1639008834677365/6425701469242932
27295278295649789/23982437817102312,-726028502/41467910047
27295278295649789/23982437817102312,-5011697579677391/6425701469242932
68900752257910643/47964875634204624,-1639008834677365/6425701469242932
68900752257910643/47964875634204624,-726028502/41467910047
68900752257910643/47964875634204624,-5011697579677391/6425701469242932
3387742434671/4610234105556,-1639008834677365/6425701469242932
3387742434671/4610234105556,-726028502/41467910047
3387742434671/4610234105556,-5011697579677391/6425701469242932
