16
1,1
1,892185277014/1057445459863
1,446092638507/1057445459863
1,0
284041237/352238250,1
284041237/352238250,892185277014/1057445459863
284041237/352238250,446092638507/1057445459863
284041237/352238250,0
284041237/704476500,1
284041237/704476500,892185277014/1057445459863
284041237/704476500,446092638507/1057445459863
284041237/704476500,0
0,1
0,892185277014/1057445459863
0,446092638507/1057445459863
0,0
9
4 5 1 0 4
4 6 2 1 5
4 7 3 2 6
4 9 5 4 8
4 10 6 5 9
4 11 7 6 10
4 13 9 8 12
4 14 10 9 13
4 15 11 10 14
106033451/704476500,5772703055497/5287227299315
106033451/704476500,95914412/102523265
106033451/704476500,7176865333787/5287227299315
106033451/704476500,95914412/102523265
-437/10140,5772703055497/5287227299315
-437/10140,95914412/102523265
-437/10140,7176865333787/5287227299315
-437/10140,95914412/102523265
126840331/352238250,5772703055497/5287227299315
126840331/352238250,95914412/102523265
126840331/352238250,7176865333787/5287227299315
126840331/352238250,95914412/102523265
-437/10140,5772703055497/5287227299315
-437/10140,95914412/102523265
-437/10140,7176865333787/5287227299315
-437/10140,95914412/102523265
