16
1,1
1,33007697/40255800
1,33007697/80511600
1,0
59108549089/66589764475,1
59108549089/66589764475,33007697/40255800
59108549089/66589764475,33007697/80511600
59108549089/66589764475,0
59108549089/133179528950,1
59108549089/133179528950,33007697/40255800
59108549089/133179528950,33007697/80511600
59108549089/133179528950,0
0,1
0,33007697/40255800
0,33007697/80511600
0,0
9
4 5 1 0 4
4 6 2 1 5
4 7 3 2 6
4 9 5 4 8
4 10 6 5 9
4 11 7 6 10
4 13 9 8 12
4 14 10 9 13
4 15 11 10 14
20694697336/66589764475,9685903/40255800
20694697336/66589764475,4063/67093
20694697336/66589764475,37883297/80511600
20694697336/66589764475,4063/67093
133234/671437,9685903/40255800
133234/671437,4063/67093
133234/671437,37883297/80511600
133234/671437,4063/67093
85535512989/133179528950,9685903/40255800
85535512989/133179528950,4063/67093
85535512989/133179528950,37883297/80511600
85535512989/133179528950,4063/67093
133234/671437,9685903/40255800
133234/671437,4063/67093
133234/671437,37883297/80511600
133234/671437,4063/67093
