12
1,1
1,392585781943304657167747/409981200134620792608125
1,392585781943304657167747/819962400269241585216250
1,0
196365394305973728263982976516780483/355831294364616182367379037782911250,1
196365394305973728263982976516780483/355831294364616182367379037782911250,392585781943304657167747/409981200134620792608125
196365394305973728263982976516780483/355831294364616182367379037782911250,392585781943304657167747/819962400269241585216250
196365394305973728263982976516780483/355831294364616182367379037782911250,0
0,1
0,392585781943304657167747/409981200134620792608125
0,392585781943304657167747/819962400269241585216250
0,0
6
4 5 1 0 4
4 6 2 1 5
4 7 3 2 6
4 9 5 4 8
4 10 6 5 9
4 11 7 6 10
3715330905189550233519929965875939/18727962861295588545651528304363750,68586429579960908072576/1229943600403862377824375
3715330905189550233519929965875939/18727962861295588545651528304363750,16400175006012501751442/1229943600403862377824375
3715330905189550233519929965875939/18727962861295588545651528304363750,57304506312044448521/116444364535276911510
3715330905189550233519929965875939/18727962861295588545651528304363750,16400175006012501751442/1229943600403862377824375
115028593628621954270137365308886804/177915647182308091183689518891455625,68586429579960908072576/1229943600403862377824375
115028593628621954270137365308886804/177915647182308091183689518891455625,16400175006012501751442/1229943600403862377824375
115028593628621954270137365308886804/177915647182308091183689518891455625,57304506312044448521/116444364535276911510
115028593628621954270137365308886804/177915647182308091183689518891455625,16400175006012501751442/1229943600403862377824375
57061/602642,68586429579960908072576/1229943600403862377824375
57061/602642,16400175006012501751442/1229943600403862377824375
57061/602642,57304506312044448521/116444364535276911510
57061/602642,16400175006012501751442/1229943600403862377824375
