12
1,1
1,276040319731451972/443952842208573645
1,0
105619353649823992/147984280736191215,1
105619353649823992/147984280736191215,276040319731451972/443952842208573645
105619353649823992/147984280736191215,0
52809676824911996/147984280736191215,1
52809676824911996/147984280736191215,276040319731451972/443952842208573645
52809676824911996/147984280736191215,0
0,1
0,276040319731451972/443952842208573645
0,0
6
4 4 1 0 3
4 5 2 1 4
4 7 4 3 6
4 8 5 4 7
4 10 7 6 9
4 11 8 7 10
157786490056894339631/110988210552143411250,-47467054405771585729/55494105276071705625
157786490056894339631/110988210552143411250,-26477989096131376604/55494105276071705625
157786490056894339631/110988210552143411250,-6775892118062541456/6166011697341300625
126012794742118922381/110988210552143411250,-47467054405771585729/55494105276071705625
126012794742118922381/110988210552143411250,-26477989096131376604/55494105276071705625
126012794742118922381/110988210552143411250,-6775892118062541456/6166011697341300625
165620052360802919381/110988210552143411250,-47467054405771585729/55494105276071705625
165620052360802919381/110988210552143411250,-26477989096131376604/55494105276071705625
165620052360802919381/110988210552143411250,-6775892118062541456/6166011697341300625
126012794742118922381/110988210552143411250,-47467054405771585729/55494105276071705625
126012794742118922381/110988210552143411250,-26477989096131376604/55494105276071705625
126012794742118922381/110988210552143411250,-6775892118062541456/6166011697341300625
