12
1,1
1,44580887427290434792445654/46383000584397323590910985
1,22290443713645217396222827/46383000584397323590910985
1,0
20349/38480,1
20349/38480,44580887427290434792445654/46383000584397323590910985
20349/38480,22290443713645217396222827/46383000584397323590910985
20349/38480,0
0,1
0,44580887427290434792445654/46383000584397323590910985
0,22290443713645217396222827/46383000584397323590910985
0,0
6
4 5 1 0 4
4 6 2 1 5
4 7 3 2 6
4 9 5 4 8
4 10 6 5 9
4 11 7 6 10
-57/1480,-415172950602087238350813238/788511009934754501045486745
-57/1480,-78593/139009
-57/1480,-66871331140935652188935806/788511009934754501045486745
-57/1480,-78593/139009
16649/38480,-415172950602087238350813238/788511009934754501045486745
16649/38480,-78593/139009
16649/38480,-66871331140935652188935806/788511009934754501045486745
16649/38480,-78593/139009
-5/52,-415172950602087238350813238/788511009934754501045486745
-5/52,-78593/139009
-5/52,-66871331140935652188935806/788511009934754501045486745
-5/52,-78593/139009
