9
1,1
1,1645512634452934053/2352059485502905100
1,0
44556677910157739219/66799323245024481800,1
44556677910157739219/66799323245024481800,1645512634452934053/2352059485502905100
44556677910157739219/66799323245024481800,0
0,1
0,1645512634452934053/2352059485502905100
0,0
4
4 4 1 0 3
4 5 2 1 4
4 7 4 3 6
4 8 5 4 7
832507866510656097253/1903780712483197731300,1071933300053445543/2352059485502905100
832507866510656097253/1903780712483197731300,177848015110341659/235205948550290510
832507866510656097253/1903780712483197731300,132967516650482537/2352059485502905100
2932846517108716521623/3807561424966395462600,1071933300053445543/2352059485502905100
2932846517108716521623/3807561424966395462600,177848015110341659/235205948550290510
2932846517108716521623/3807561424966395462600,132967516650482537/2352059485502905100
50519033022991/489306927030690,1071933300053445543/2352059485502905100
50519033022991/489306927030690,177848015110341659/235205948550290510
50519033022991/489306927030690,132967516650482537/2352059485502905100
