15
1,1
1,272711/527800
1,0
2069793/2085200,1
2069793/2085200,272711/527800
2069793/2085200,0
689931/1042600,1
689931/1042600,272711/527800
689931/1042600,0
689931/2085200,1
689931/2085200,272711/527800
689931/2085200,0
0,1
0,272711/527800
0,0
8
4 4 1 0 3
4 5 2 1 4
4 7 4 3 6
4 8 5 4 7
4 10 7 6 9
4 11 8 7 10
4 13 10 9 12
4 14 11 10 13
1652647/6255600,-68039/527800
1652647/6255600,129/364
1652647/6255600,-85661/527800
424717/1563900,-68039/527800
424717/1563900,129/364
424717/1563900,-85661/527800
-37/624,-68039/527800
-37/624,129/364
-37/624,-85661/527800
424717/1563900,-68039/527800
424717/1563900,129/364
424717/1563900,-85661/527800
-37/624,-68039/527800
-37/624,129/364
-37/624,-85661/527800
