9
1,1
1,548968310232681530840716237/826916283651016375563890000
1,0
468769241955114049/669368748976730400,1
468769241955114049/669368748976730400,548968310232681530840716237/826916283651016375563890000
468769241955114049/669368748976730400,0
0,1
0,548968310232681530840716237/826916283651016375563890000
0,0
4
4 4 1 0 3
4 5 2 1 4
4 7 4 3 6
4 8 5 4 7
532390914082620679/334684374488365200,221391059774062114475075131/1240374425476524563345835000
532390914082620679/334684374488365200,1276626039803128763119671551/2480748850953049126691670000
532390914082620679/334684374488365200,-605362891651861/4055735649000750
1265381335186857709/669368748976730400,221391059774062114475075131/1240374425476524563345835000
1265381335186857709/669368748976730400,1276626039803128763119671551/2480748850953049126691670000
1265381335186857709/669368748976730400,-605362891651861/4055735649000750
457823042087209/384694683319960,221391059774062114475075131/1240374425476524563345835000
457823042087209/384694683319960,1276626039803128763119671551/2480748850953049126691670000
457823042087209/384694683319960,-605362891651861/4055735649000750
