9
1,1
1,15368346747/28059558100
1,0
2946436884109/3801650736300,1
2946436884109/3801650736300,15368346747/28059558100
2946436884109/3801650736300,0
0,1
0,15368346747/28059558100
0,0
4
4 4 1 0 3
4 5 2 1 4
4 7 4 3 6
4 8 5 4 7
661343676303/1267216912100,-69273100088/119253121925
661343676303/1267216912100,-61341807351/477012487700
661343676303/1267216912100,-5870859/8680846
3847/5151,-69273100088/119253121925
3847/5151,-61341807351/477012487700
3847/5151,-5870859/8680846
-107192003009/3801650736300,-69273100088/119253121925
-107192003009/3801650736300,-61341807351/477012487700
-107192003009/3801650736300,-5870859/8680846
