36
1,1
1,83/100
1,249/400
1,83/200
1,83/400
1,0
83/100,1
83/100,83/100
83/100,249/400
83/100,83/200
83/100,83/400
83/100,0
249/400,1
249/400,83/100
249/400,249/400
249/400,83/200
249/400,83/400
249/400,0
83/200,1
83/200,83/100
83/200,249/400
83/200,83/200
83/200,83/400
83/200,0
83/400,1
83/400,83/100
83/400,249/400
83/400,83/200
83/400,83/400
83/400,0
0,1
0,83/100
0,249/400
0,83/200
0,83/400
0,0
25
4 7 1 0 6
4 8 2 1 7
4 9 3 2 8
4 10 4 3 9
4 11 5 4 10
4 13 7 6 12
4 14 8 7 13
4 15 9 8 14
4 16 10 9 15
4 17 11 10 16
4 19 13 12 18
4 20 14 13 19
4 21 15 14 20
4 22 16 15 21
4 23 17 16 22
4 25 19 18 24
4 26 20 19 25
4 27 21 20 26
4 28 22 21 27
4 29 23 22 28
4 31 25 24 30
4 32 26 25 31
4 33 27 26 32
4 34 28 27 33
4 35 29 28 34
17/100,11/40
17/100,21/200
17/100,5/16
17/100,21/200
17/100,5/16
17/100,21/200
0,11/40
0,21/200
0,5/16
0,21/200
0,5/16
0,21/200
83/400,11/40
83/400,21/200
83/400,5/16
83/400,21/200
83/400,5/16
83/400,21/200
0,11/40
0,21/200
0,5/16
0,21/200
0,5/16
0,21/200
83/400,11/40
83/400,21/200
83/400,5/16
83/400,21/200
83/400,5/16
83/400,21/200
0,11/40
0,21/200
0,5/16
0,21/200
0,5/16
0,21/200
