12
1,1
1,6137745922357/7912617472320
1,0
45733671549/66635925950,1
45733671549/66635925950,6137745922357/7912617472320
45733671549/66635925950,0
45733671549/133271851900,1
45733671549/133271851900,6137745922357/7912617472320
45733671549/133271851900,0
0,1
0,6137745922357/7912617472320
0,0
6
4 4 1 0 3
4 5 2 1 4
4 7 4 3 6
4 8 5 4 7
4 10 7 6 9
4 11 8 7 10
135722437033/199907777850,20344065499619/23737852416960
135722437033/199907777850,583379094307/539496645840
135722437033/199907777850,7255442382437/23737852416960
2701/7395,20344065499619/23737852416960
2701/7395,583379094307/539496645840
2701/7395,7255442382437/23737852416960
9766633183/13786743300,20344065499619/23737852416960
9766633183/13786743300,583379094307/539496645840
9766633183/13786743300,7255442382437/23737852416960
2701/7395,20344065499619/23737852416960
2701/7395,583379094307/539496645840
2701/7395,7255442382437/23737852416960
