20
1,1
1,273/320
1,91/160
1,91/320
1,0
273/400,1
273/400,273/320
273/400,91/160
273/400,91/320
273/400,0
273/800,1
273/800,273/320
273/800,91/160
273/800,91/320
273/800,0
0,1
0,273/320
0,91/160
0,91/320
0,0
12
4 6 1 0 5
4 7 2 1 6
4 8 3 2 7
4 9 4 3 8
4 11 6 5 10
4 12 7 6 11
4 13 8 7 12
4 14 9 8 13
4 16 11 10 15
4 17 12 11 16
4 18 13 12 17
4 19 14 13 18
127/400,11/80
127/400,91/320
127/400,0
127/400,91/320
127/400,0
0,11/80
0,91/320
0,0
0,91/320
0,0
273/800,11/80
273/800,91/320
273/800,0
273/800,91/320
273/800,0
0,11/80
0,91/320
0,0
0,91/320
0,0
