12
1,1
1,4373496/6270875
1,2186748/6270875
1,0
265239357543/465842281450,1
265239357543/465842281450,4373496/6270875
265239357543/465842281450,2186748/6270875
265239357543/465842281450,0
0,1
0,4373496/6270875
0,2186748/6270875
0,0
6
4 5 1 0 4
4 6 2 1 5
4 7 3 2 6
4 9 5 4 8
4 10 6 5 9
4 11 7 6 10
40636340268/232921140725,39673423/75250500
40636340268/232921140725,10403/46308
40636340268/232921140725,43145851/75250500
40636340268/232921140725,10403/46308
281875604443/465842281450,39673423/75250500
281875604443/465842281450,10403/46308
281875604443/465842281450,43145851/75250500
281875604443/465842281450,10403/46308
9118/255319,39673423/75250500
9118/255319,10403/46308
9118/255319,43145851/75250500
9118/255319,10403/46308
