12
1,1
1,9597753329/10285884375
1,9597753329/20571768750
1,0
930887161573/1563454425000,1
930887161573/1563454425000,9597753329/10285884375
930887161573/1563454425000,9597753329/20571768750
930887161573/1563454425000,0
0,1
0,9597753329/10285884375
0,9597753329/20571768750
0,0
6
4 5 1 0 4
4 6 2 1 5
4 7 3 2 6
4 9 5 4 8
4 10 6 5 9
4 11 7 6 10
-1832756271/5011071875,895148542/791221875
-1832756271/5011071875,512/481
-1832756271/5011071875,31495353329/20571768750
-1832756271/5011071875,512/481
42611/1096680,895148542/791221875
42611/1096680,512/481
42611/1096680,31495353329/20571768750
42611/1096680,512/481
-435069927349/781727212500,895148542/791221875
-435069927349/781727212500,512/481
-435069927349/781727212500,31495353329/20571768750
-435069927349/781727212500,512/481
