12
1,1
1,56158/64725
1,28079/64725
1,0
15201446/21421875,1
15201446/21421875,56158/64725
15201446/21421875,28079/64725
15201446/21421875,0
0,1
0,56158/64725
0,28079/64725
0,0
6
4 5 1 0 4
4 6 2 1 5
4 7 3 2 6
4 9 5 4 8
4 10 6 5 9
4 11 7 6 10
2906403/14281250,211309/129450
2906403/14281250,3/2
2906403/14281250,250333/129450
2906403/14281250,3/2
21160067/42843750,211309/129450
21160067/42843750,3/2
21160067/42843750,250333/129450
21160067/42843750,3/2
-809/3750,211309/129450
-809/3750,3/2
-809/3750,250333/129450
-809/3750,3/2
