9
1,1
1,134988945683369/221778173500000
1,0
9075775436869628037/17694617763098705000,1
9075775436869628037/17694617763098705000,134988945683369/221778173500000
9075775436869628037/17694617763098705000,0
0,1
0,134988945683369/221778173500000
0,0
4
4 4 1 0 3
4 5 2 1 4
4 7 4 3 6
4 8 5 4 7
-61506609385201167839/192428968173698416875,1618729246238707/665334520500000
-61506609385201167839/192428968173698416875,9395484648443/3326672602500
-61506609385201167839/192428968173698416875,1474130092638493/665334520500000
257786407300320353069/1539431745389587335000,1618729246238707/665334520500000
257786407300320353069/1539431745389587335000,9395484648443/3326672602500
257786407300320353069/1539431745389587335000,1474130092638493/665334520500000
-5789940726263879/16760280298199100,1618729246238707/665334520500000
-5789940726263879/16760280298199100,9395484648443/3326672602500
-5789940726263879/16760280298199100,1474130092638493/665334520500000
