12
1,1
1,6130569605225773/7138352189942610
1,0
1029329550071/1355527838600,1
1029329550071/1355527838600,6130569605225773/7138352189942610
1029329550071/1355527838600,0
1029329550071/2711055677200,1
1029329550071/2711055677200,6130569605225773/7138352189942610
1029329550071/2711055677200,0
0,1
0,6130569605225773/7138352189942610
0,0
6
4 4 1 0 3
4 5 2 1 4
4 7 4 3 6
4 8 5 4 7
4 10 7 6 9
4 11 8 7 10
351705342949/312814116600,743281894489666/509882299281615
351705342949/312814116600,11413729107572161/7138352189942610
351705342949/312814116600,97765494/132096055
740943215/838470828,743281894489666/509882299281615
740943215/838470828,11413729107572161/7138352189942610
740943215/838470828,97765494/132096055
10275137835713/8133167031600,743281894489666/509882299281615
10275137835713/8133167031600,11413729107572161/7138352189942610
10275137835713/8133167031600,97765494/132096055
740943215/838470828,743281894489666/509882299281615
740943215/838470828,11413729107572161/7138352189942610
740943215/838470828,97765494/132096055
