12
1,1
1,48388148793/70992255880
1,0
661167/789610,1
661167/789610,48388148793/70992255880
661167/789610,0
661167/1579220,1
661167/1579220,48388148793/70992255880
661167/1579220,0
0,1
0,48388148793/70992255880
0,0
6
4 4 1 0 3
4 5 2 1 4
4 7 4 3 6
4 8 5 4 7
4 10 7 6 9
4 11 8 7 10
918053/789610,37330117/3736434520
918053/789610,13794899/42007252
918053/789610,-25074769483/70992255880
1,37330117/3736434520
1,13794899/42007252
1,-25074769483/70992255880
2240387/1579220,37330117/3736434520
2240387/1579220,13794899/42007252
2240387/1579220,-25074769483/70992255880
1,37330117/3736434520
1,13794899/42007252
1,-25074769483/70992255880
