16
1,1
1,5828387108697379/6532568948019036
1,5828387108697379/13065137896038072
1,0
979461239877/1135646711875,1
979461239877/1135646711875,5828387108697379/6532568948019036
979461239877/1135646711875,5828387108697379/13065137896038072
979461239877/1135646711875,0
979461239877/2271293423750,1
979461239877/2271293423750,5828387108697379/6532568948019036
979461239877/2271293423750,5828387108697379/13065137896038072
979461239877/2271293423750,0
0,1
0,5828387108697379/6532568948019036
0,5828387108697379/13065137896038072
0,0
9
4 5 1 0 4
4 6 2 1 5
4 7 3 2 6
4 9 5 4 8
4 10 6 5 9
4 11 7 6 10
4 13 9 8 12
4 14 10 9 13
4 15 11 10 14
983294834698/1135646711875,4882466582817659/19597706844057108
983294834698/1135646711875,14893204/105372189
983294834698/1135646711875,23025003455797513/39195413688114216
983294834698/1135646711875,14893204/105372189
1549692/2127775,4882466582817659/19597706844057108
1549692/2127775,14893204/105372189
1549692/2127775,23025003455797513/39195413688114216
1549692/2127775,14893204/105372189
2633679965277/2271293423750,4882466582817659/19597706844057108
2633679965277/2271293423750,14893204/105372189
2633679965277/2271293423750,23025003455797513/39195413688114216
2633679965277/2271293423750,14893204/105372189
1549692/2127775,4882466582817659/19597706844057108
1549692/2127775,14893204/105372189
1549692/2127775,23025003455797513/39195413688114216
1549692/2127775,14893204/105372189
