12
1,1
1,24644210187034889/25019659553964000
1,0
1553740149156092147/1620154916348884000,1
1553740149156092147/1620154916348884000,24644210187034889/25019659553964000
1553740149156092147/1620154916348884000,0
1553740149156092147/3240309832697768000,1
1553740149156092147/3240309832697768000,24644210187034889/25019659553964000
1553740149156092147/3240309832697768000,0
0,1
0,24644210187034889/25019659553964000
0,0
6
4 4 1 0 3
4 5 2 1 4
4 7 4 3 6
4 8 5 4 7
4 10 7 6 9
4 11 8 7 10
-69982452886499397/1620154916348884000,17835074246868889/12509829776982000
-69982452886499397/1620154916348884000,12015199286888963/8339886517988000
-69982452886499397/1620154916348884000,1914088/4200351
-99943007935/1187144104304,17835074246868889/12509829776982000
-99943007935/1187144104304,12015199286888963/8339886517988000
-99943007935/1187144104304,1914088/4200351
1280945708997509647/3240309832697768000,17835074246868889/12509829776982000
1280945708997509647/3240309832697768000,12015199286888963/8339886517988000
1280945708997509647/3240309832697768000,1914088/4200351
-99943007935/1187144104304,17835074246868889/12509829776982000
-99943007935/1187144104304,12015199286888963/8339886517988000
-99943007935/1187144104304,1914088/4200351
