12
1,1
1,17199/31450
1,0
20939373/22716250,1
20939373/22716250,17199/31450
20939373/22716250,0
20939373/45432500,1
20939373/45432500,17199/31450
20939373/45432500,0
0,1
0,17199/31450
0,0
6
4 4 1 0 3
4 5 2 1 4
4 7 4 3 6
4 8 5 4 7
4 10 7 6 9
4 11 8 7 10
961727/22716250,1474/15725
961727/22716250,17199/31450
961727/22716250,0
-959/26725,1474/15725
-959/26725,17199/31450
-959/26725,0
19309073/45432500,1474/15725
19309073/45432500,17199/31450
19309073/45432500,0
-959/26725,1474/15725
-959/26725,17199/31450
-959/26725,0
