12
1,1
1,115752001437950742838432/120397945695372162766375
1,57876000718975371419216/120397945695372162766375
1,0
2835/5032,1
2835/5032,115752001437950742838432/120397945695372162766375
2835/5032,57876000718975371419216/120397945695372162766375
2835/5032,0
0,1
0,115752001437950742838432/120397945695372162766375
0,57876000718975371419216/120397945695372162766375
0,0
6
4 5 1 0 4
4 6 2 1 5
4 7 3 2 6
4 9 5 4 8
4 10 6 5 9
4 11 7 6 10
15019/125800,-59660723208106770537862/120397945695372162766375
15019/125800,-227/425
15019/125800,-6430666746552819046589/120397945695372162766375
15019/125800,-227/425
8743/15725,-59660723208106770537862/120397945695372162766375
8743/15725,-227/425
8743/15725,-6430666746552819046589/120397945695372162766375
8743/15725,-227/425
-931/125800,-59660723208106770537862/120397945695372162766375
-931/125800,-227/425
-931/125800,-6430666746552819046589/120397945695372162766375
-931/125800,-227/425
