12
1,1
1,2247742353504392331862752/2337960108270598974649375
1,1123871176752196165931376/2337960108270598974649375
1,0
2835/5032,1
2835/5032,2247742353504392331862752/2337960108270598974649375
2835/5032,1123871176752196165931376/2337960108270598974649375
2835/5032,0
0,1
0,2247742353504392331862752/2337960108270598974649375
0,1123871176752196165931376/2337960108270598974649375
0,0
6
4 5 1 0 4
4 6 2 1 5
4 7 3 2 6
4 9 5 4 8
4 10 6 5 9
4 11 7 6 10
893/15725,-1158527997180677986026102/2337960108270598974649375
893/15725,-227/425
893/15725,-124874575194688462881349/2337960108270598974649375
893/15725,-227/425
62069/125800,-1158527997180677986026102/2337960108270598974649375
62069/125800,-227/425
62069/125800,-124874575194688462881349/2337960108270598974649375
62069/125800,-227/425
-7/100,-1158527997180677986026102/2337960108270598974649375
-7/100,-227/425
-7/100,-124874575194688462881349/2337960108270598974649375
-7/100,-227/425
