12
1,1
1,1323/2516
1,0
4824828922827064917622807/4931275859504405885212550,1
4824828922827064917622807/4931275859504405885212550,1323/2516
4824828922827064917622807/4931275859504405885212550,0
4824828922827064917622807/9862551719008811770425100,1
4824828922827064917622807/9862551719008811770425100,1323/2516
4824828922827064917622807/9862551719008811770425100,0
0,1
0,1323/2516
0,0
6
4 4 1 0 3
4 5 2 1 4
4 7 4 3 6
4 8 5 4 7
4 10 7 6 9
4 11 8 7 10
-46438691304755852727213999/83831689611574900048613350,-4633/12580
-46438691304755852727213999/83831689611574900048613350,9/85
-46438691304755852727213999/83831689611574900048613350,-5283/12580
-523109/908905,-4633/12580
-523109/908905,9/85
-523109/908905,-5283/12580
-14474486768481194752891541/167663379223149800097226700,-4633/12580
-14474486768481194752891541/167663379223149800097226700,9/85
-14474486768481194752891541/167663379223149800097226700,-5283/12580
-523109/908905,-4633/12580
-523109/908905,9/85
-523109/908905,-5283/12580
