9
1,1
1,23004709/45432500
1,0
10078636879088245458029/18525801548311163978060,1
10078636879088245458029/18525801548311163978060,23004709/45432500
10078636879088245458029/18525801548311163978060,0
0,1
0,23004709/45432500
0,0
4
4 4 1 0 3
4 5 2 1 4
4 7 4 3 6
4 8 5 4 7
13141302363161481345073/92629007741555819890300,-13931191/45432500
13141302363161481345073/92629007741555819890300,4998/26725
13141302363161481345073/92629007741555819890300,-14508109/45432500
553/925,-13931191/45432500
553/925,4998/26725
553/925,-14508109/45432500
4983941313834846655083/92629007741555819890300,-13931191/45432500
4983941313834846655083/92629007741555819890300,4998/26725
4983941313834846655083/92629007741555819890300,-14508109/45432500
