12
1,1
1,5256088868495778615898501641/10306366546364208300094229500
1,0
6162501/6681250,1
6162501/6681250,5256088868495778615898501641/10306366546364208300094229500
6162501/6681250,0
6162501/13362500,1
6162501/13362500,5256088868495778615898501641/10306366546364208300094229500
6162501/13362500,0
0,1
0,5256088868495778615898501641/10306366546364208300094229500
0,0
6
4 4 1 0 3
4 5 2 1 4
4 7 4 3 6
4 8 5 4 7
4 10 7 6 9
4 11 8 7 10
-2452503/13362500,1282359513090339732551593441/10306366546364208300094229500
-2452503/13362500,32851/53465
-2452503/13362500,63326371909587694167577627/606256855668482841182013500
-3490001/13362500,1282359513090339732551593441/10306366546364208300094229500
-3490001/13362500,32851/53465
-3490001/13362500,63326371909587694167577627/606256855668482841182013500
1/5,1282359513090339732551593441/10306366546364208300094229500
1/5,32851/53465
1/5,63326371909587694167577627/606256855668482841182013500
-3490001/13362500,1282359513090339732551593441/10306366546364208300094229500
-3490001/13362500,32851/53465
-3490001/13362500,63326371909587694167577627/606256855668482841182013500
