12
1,1
1,62858376/64808125
1,31429188/64808125
1,0
4489844932555770951460515453/8644174347721258916357227825,1
4489844932555770951460515453/8644174347721258916357227825,62858376/64808125
4489844932555770951460515453/8644174347721258916357227825,31429188/64808125
4489844932555770951460515453/8644174347721258916357227825,0
0,1
0,62858376/64808125
0,31429188/64808125
0,0
6
4 5 1 0 4
4 6 2 1 5
4 7 3 2 6
4 9 5 4 8
4 10 6 5 9
4 11 7 6 10
-294678704338090563217733232/508480843983603465668072225,-17453189/64808125
-294678704338090563217733232/508480843983603465668072225,-19402938/64808125
-294678704338090563217733232/508480843983603465668072225,18/97
-294678704338090563217733232/508480843983603465668072225,-19402938/64808125
-855208558582051609804752572/8644174347721258916357227825,-17453189/64808125
-855208558582051609804752572/8644174347721258916357227825,-19402938/64808125
-855208558582051609804752572/8644174347721258916357227825,18/97
-855208558582051609804752572/8644174347721258916357227825,-19402938/64808125
-641357/1037221,-17453189/64808125
-641357/1037221,-19402938/64808125
-641357/1037221,18/97
-641357/1037221,-19402938/64808125
