9
1,1
1,3662193547258443228963616449/6903786203306168239297570000
1,0
1129869/2138000,1
1129869/2138000,3662193547258443228963616449/6903786203306168239297570000
1129869/2138000,0
0,1
0,3662193547258443228963616449/6903786203306168239297570000
0,0
4
4 4 1 0 3
4 5 2 1 4
4 7 4 3 6
4 8 5 4 7
-687431/2138000,56930894962604629477620497/406105070782715778782210000
-687431/2138000,32599/53465
-687431/2138000,547224323153560482489885551/6903786203306168239297570000
3/20,56930894962604629477620497/406105070782715778782210000
3/20,32599/53465
3/20,547224323153560482489885551/6903786203306168239297570000
-809169/2138000,56930894962604629477620497/406105070782715778782210000
-809169/2138000,32599/53465
-809169/2138000,547224323153560482489885551/6903786203306168239297570000
