9
1,1
1,7948187271031/11840697509940
1,0
20446455812/35455484025,1
20446455812/35455484025,7948187271031/11840697509940
20446455812/35455484025,0
0,1
0,7948187271031/11840697509940
0,0
4
4 4 1 0 3
4 5 2 1 4
4 7 4 3 6
4 8 5 4 7
13687803694/35455484025,82096146911/263126611332
13687803694/35455484025,5625196/8779185
13687803694/35455484025,-361350421127/11840697509940
28696831907/35455484025,82096146911/263126611332
28696831907/35455484025,5625196/8779185
28696831907/35455484025,-361350421127/11840697509940
17607/75665,82096146911/263126611332
17607/75665,5625196/8779185
17607/75665,-361350421127/11840697509940
