12
1,1
1,7350417067229/7448795728360
1,7350417067229/14897591456720
1,0
167842554441/225261632960,1
167842554441/225261632960,7350417067229/7448795728360
167842554441/225261632960,7350417067229/14897591456720
167842554441/225261632960,0
0,1
0,7350417067229/7448795728360
0,7350417067229/14897591456720
0,0
6
4 5 1 0 4
4 6 2 1 5
4 7 3 2 6
4 9 5 4 8
4 10 6 5 9
4 11 7 6 10
68436810131/112630816480,7337680970399/22346387185080
68436810131/112630816480,1023923377/3248965860
68436810131/112630816480,36136341175699/44692774370160
68436810131/112630816480,1023923377/3248965860
194292698781/225261632960,7337680970399/22346387185080
194292698781/225261632960,1023923377/3248965860
194292698781/225261632960,36136341175699/44692774370160
194292698781/225261632960,1023923377/3248965860
6852369/58357936,7337680970399/22346387185080
6852369/58357936,1023923377/3248965860
6852369/58357936,36136341175699/44692774370160
6852369/58357936,1023923377/3248965860
