12
1,1
1,2156359818612388600245662/2387239267438937348246775
1,1078179909306194300122831/2387239267438937348246775
1,0
81081/145928,1
81081/145928,2156359818612388600245662/2387239267438937348246775
81081/145928,1078179909306194300122831/2387239267438937348246775
81081/145928,0
0,1
0,2156359818612388600245662/2387239267438937348246775
0,1078179909306194300122831/2387239267438937348246775
0,0
6
4 5 1 0 4
4 6 2 1 5
4 7 3 2 6
4 9 5 4 8
4 10 6 5 9
4 11 7 6 10
7473/91205,-7625704144316809969096907/21485153406950436134220975
7473/91205,-9703619183755748701106924/21485153406950436134220975
7473/91205,-17/252766510670005130990835
7473/91205,-9703619183755748701106924/21485153406950436134220975
384019/729640,-7625704144316809969096907/21485153406950436134220975
384019/729640,-9703619183755748701106924/21485153406950436134220975
384019/729640,-17/252766510670005130990835
384019/729640,-9703619183755748701106924/21485153406950436134220975
-17/580,-7625704144316809969096907/21485153406950436134220975
-17/580,-9703619183755748701106924/21485153406950436134220975
-17/580,-17/252766510670005130990835
-17/580,-9703619183755748701106924/21485153406950436134220975
