9
1,1
1,28370015567871/51995983624000
1,0
197647692213/248041913600,1
197647692213/248041913600,28370015567871/51995983624000
197647692213/248041913600,0
0,1
0,28370015567871/51995983624000
0,0
4
4 4 1 0 3
4 5 2 1 4
4 7 4 3 6
4 8 5 4 7
131053883563/124020956800,10453319119527/88699030888000
131053883563/124020956800,327722093/572708240
131053883563/124020956800,3086849783957/115991040392000
24038614501/19080147200,10453319119527/88699030888000
24038614501/19080147200,327722093/572708240
24038614501/19080147200,3086849783957/115991040392000
1028239/2220608,10453319119527/88699030888000
1028239/2220608,327722093/572708240
1028239/2220608,3086849783957/115991040392000
