12
1,1
1,18922024434768678211307663/37709756572680750886919500
1,0
143227883/147655625,1
143227883/147655625,18922024434768678211307663/37709756572680750886919500
143227883/147655625,0
143227883/295311250,1
143227883/295311250,18922024434768678211307663/37709756572680750886919500
143227883/295311250,0
0,1
0,18922024434768678211307663/37709756572680750886919500
0,0
6
4 4 1 0 3
4 5 2 1 4
4 7 4 3 6
4 8 5 4 7
4 10 7 6 9
4 11 8 7 10
-2529949/8685625,-10934030848530231075951337/18854878286340375443459750
-2529949/8685625,-3080329559148389476290837/37709756572680750886919500
-2529949/8685625,-367/629
-71/221,-10934030848530231075951337/18854878286340375443459750
-71/221,-3080329559148389476290837/37709756572680750886919500
-71/221,-367/629
48354133/295311250,-10934030848530231075951337/18854878286340375443459750
48354133/295311250,-3080329559148389476290837/37709756572680750886919500
48354133/295311250,-367/629
-71/221,-10934030848530231075951337/18854878286340375443459750
-71/221,-3080329559148389476290837/37709756572680750886919500
-71/221,-367/629
