16
1,1
1,383769734611524179978309563/384639517041343659046578900
1,383769734611524179978309563/769279034082687318093157800
1,0
34911/36346,1
34911/36346,383769734611524179978309563/384639517041343659046578900
34911/36346,383769734611524179978309563/769279034082687318093157800
34911/36346,0
34911/72692,1
34911/72692,383769734611524179978309563/384639517041343659046578900
34911/72692,383769734611524179978309563/769279034082687318093157800
34911/72692,0
0,1
0,383769734611524179978309563/384639517041343659046578900
0,383769734611524179978309563/769279034082687318093157800
0,0
9
4 5 1 0 4
4 6 2 1 5
4 7 3 2 6
4 9 5 4 8
4 10 6 5 9
4 11 7 6 10
4 13 9 8 12
4 14 10 9 13
4 15 11 10 14
-810193/3089410,-3822911044808310655623693131/6538871789702842203791841300
-810193/3089410,-533441/908905
-810193/3089410,-1151309203834572539937281149/13077743579405684407583682600
-810193/3089410,-533441/908905
-436/1445,-3822911044808310655623693131/6538871789702842203791841300
-436/1445,-533441/908905
-436/1445,-1151309203834572539937281149/13077743579405684407583682600
-436/1445,-533441/908905
1103099/6178820,-3822911044808310655623693131/6538871789702842203791841300
1103099/6178820,-533441/908905
1103099/6178820,-1151309203834572539937281149/13077743579405684407583682600
1103099/6178820,-533441/908905
-436/1445,-3822911044808310655623693131/6538871789702842203791841300
-436/1445,-533441/908905
-436/1445,-1151309203834572539937281149/13077743579405684407583682600
-436/1445,-533441/908905
