10
1,1
1,0
5956533203245602624528651/6303136722468730893247750,1
5956533203245602624528651/6303136722468730893247750,0
1985511067748534208176217/3151568361234365446623875,1
1985511067748534208176217/3151568361234365446623875,0
1985511067748534208176217/6303136722468730893247750,1
1985511067748534208176217/6303136722468730893247750,0
0,1
0,0
4
4 3 1 0 2
4 5 3 2 4
4 7 5 4 6
4 9 7 6 8
524332203794805466095351/6303136722468730893247750,74151/63194
524332203794805466095351/6303136722468730893247750,10957/63194
1736380037/12566531015,74151/63194
1736380037/12566531015,10957/63194
-1114575344730600473361767/6303136722468730893247750,74151/63194
-1114575344730600473361767/6303136722468730893247750,10957/63194
1736380037/12566531015,74151/63194
1736380037/12566531015,10957/63194
-1114575344730600473361767/6303136722468730893247750,74151/63194
-1114575344730600473361767/6303136722468730893247750,10957/63194
