12
1,1
1,908331950162/915633973125
1,454165975081/915633973125
1,0
73341541/145622500,1
73341541/145622500,908331950162/915633973125
73341541/145622500,454165975081/915633973125
73341541/145622500,0
0,1
0,908331950162/915633973125
0,454165975081/915633973125
0,0
6
4 5 1 0 4
4 6 2 1 5
4 7 3 2 6
4 9 5 4 8
4 10 6 5 9
4 11 7 6 10
51719041/145622500,-55015118341/1220845297500
51719041/145622500,-5035/94932
51719041/145622500,180267828161/406948432500
51719041/145622500,-5035/94932
1600/1879,-55015118341/1220845297500
1600/1879,-5035/94932
1600/1879,180267828161/406948432500
1600/1879,-5035/94932
50658459/145622500,-55015118341/1220845297500
50658459/145622500,-5035/94932
50658459/145622500,180267828161/406948432500
50658459/145622500,-5035/94932
