12
1,1
1,1651709723223080428801837339/2653008629054234413956093750
1,0
986125830495254714628/1244744422525848359375,1
986125830495254714628/1244744422525848359375,1651709723223080428801837339/2653008629054234413956093750
986125830495254714628/1244744422525848359375,0
493062915247627357314/1244744422525848359375,1
493062915247627357314/1244744422525848359375,1651709723223080428801837339/2653008629054234413956093750
493062915247627357314/1244744422525848359375,0
0,1
0,1651709723223080428801837339/2653008629054234413956093750
0,0
6
4 4 1 0 3
4 5 2 1 4
4 7 4 3 6
4 8 5 4 7
4 10 7 6 9
4 11 8 7 10
814913595772984583983/1244744422525848359375,1498661089068987115541212339/2653008629054234413956093750
814913595772984583983/1244744422525848359375,5031/5339
814913595772984583983/1244744422525848359375,848250271677060671893631411/2653008629054234413956093750
556295003742390939236/1244744422525848359375,1498661089068987115541212339/2653008629054234413956093750
556295003742390939236/1244744422525848359375,5031/5339
556295003742390939236/1244744422525848359375,848250271677060671893631411/2653008629054234413956093750
41974316759600731862/49789776901033934375,1498661089068987115541212339/2653008629054234413956093750
41974316759600731862/49789776901033934375,5031/5339
41974316759600731862/49789776901033934375,848250271677060671893631411/2653008629054234413956093750
556295003742390939236/1244744422525848359375,1498661089068987115541212339/2653008629054234413956093750
556295003742390939236/1244744422525848359375,5031/5339
556295003742390939236/1244744422525848359375,848250271677060671893631411/2653008629054234413956093750
