9
1,1
1,7688218365829877372181299113219/14148701325580827978290495539375
1,0
143480399322301807507/221328087540398191600,1
143480399322301807507/221328087540398191600,7688218365829877372181299113219/14148701325580827978290495539375
143480399322301807507/221328087540398191600,0
0,1
0,7688218365829877372181299113219/14148701325580827978290495539375
0,0
4
4 4 1 0 3
4 5 2 1 4
4 7 4 3 6
4 8 5 4 7
324919590611797112717/663984262621194574800,8423932693845819484815474193003/169784415906969935739485946472500
324919590611797112717/663984262621194574800,1517993279142666241464587/2998631963299061706568692
324919590611797112717/663984262621194574800,-217548006175906955449991656957/5854635031274825370327101602500
139615663816521566249/165996065655298643700,8423932693845819484815474193003/169784415906969935739485946472500
139615663816521566249/165996065655298643700,1517993279142666241464587/2998631963299061706568692
139615663816521566249/165996065655298643700,-217548006175906955449991656957/5854635031274825370327101602500
224395631/1163829648,8423932693845819484815474193003/169784415906969935739485946472500
224395631/1163829648,1517993279142666241464587/2998631963299061706568692
224395631/1163829648,-217548006175906955449991656957/5854635031274825370327101602500
