9
1,1
1,9814152641933/16563443633750
1,0
98376029/190932950,1
98376029/190932950,9814152641933/16563443633750
98376029/190932950,0
0,1
0,9814152641933/16563443633750
0,0
4
4 4 1 0 3
4 5 2 1 4
4 7 4 3 6
4 8 5 4 7
66387179/190932950,-6007082283067/16563443633750
66387179/190932950,6229/139009
66387179/190932950,-9071943933183/16563443633750
3178882/3818659,-6007082283067/16563443633750
3178882/3818659,6229/139009
3178882/3818659,-9071943933183/16563443633750
60568071/190932950,-6007082283067/16563443633750
60568071/190932950,6229/139009
60568071/190932950,-9071943933183/16563443633750
