9
1,1
1,119657305236966/227503769910625
1,0
1995779/3475225,1
1995779/3475225,119657305236966/227503769910625
1995779/3475225,0
0,1
0,119657305236966/227503769910625
0,0
4
4 4 1 0 3
4 5 2 1 4
4 7 4 3 6
4 8 5 4 7
2135033/3475225,69839539400091/227503769910625
2135033/3475225,2982466/3818659
2135033/3475225,262573297904/1029428823125
3614479/3475225,69839539400091/227503769910625
3614479/3475225,2982466/3818659
3614479/3475225,262573297904/1029428823125
64748/139009,69839539400091/227503769910625
64748/139009,2982466/3818659
64748/139009,262573297904/1029428823125
