9
1,1
1,54079686711939351732582618081/90472639494233594352845301250
1,0
10784204070420283778287856108655873/19613601602371026431730349177312000,1
10784204070420283778287856108655873/19613601602371026431730349177312000,54079686711939351732582618081/90472639494233594352845301250
10784204070420283778287856108655873/19613601602371026431730349177312000,0
0,1
0,54079686711939351732582618081/90472639494233594352845301250
0,0
4
4 4 1 0 3
4 5 2 1 4
4 7 4 3 6
4 8 5 4 7
7202547577810707810569888729431873/19613601602371026431730349177312000,90160839828322334240703303737/180945278988467188705690602500
7202547577810707810569888729431873/19613601602371026431730349177312000,61426996320372203/68212009757004100
7202547577810707810569888729431873/19613601602371026431730349177312000,54787371969032116016063433913/180945278988467188705690602500
13239125175697674609738769/16196844798448680403294556,90160839828322334240703303737/180945278988467188705690602500
13239125175697674609738769/16196844798448680403294556,61426996320372203/68212009757004100
13239125175697674609738769/16196844798448680403294556,54787371969032116016063433913/180945278988467188705690602500
180956587563488506404293989290763/676331089736931945921736178528000,90160839828322334240703303737/180945278988467188705690602500
180956587563488506404293989290763/676331089736931945921736178528000,61426996320372203/68212009757004100
180956587563488506404293989290763/676331089736931945921736178528000,54787371969032116016063433913/180945278988467188705690602500
