9
1,1
1,8028473969297024732922923/13195663419689411508178480
1,0
11106836109367231/17227941926970000,1
11106836109367231/17227941926970000,8028473969297024732922923/13195663419689411508178480
11106836109367231/17227941926970000,0
0,1
0,8028473969297024732922923/13195663419689411508178480
0,0
4
4 4 1 0 3
4 5 2 1 4
4 7 4 3 6
4 8 5 4 7
2492865145882231/8613970963485000,4196180356268510124744419/19793495129534117262267720
2492865145882231/8613970963485000,23893929063714180575255509/39586990259068234524535440
2492865145882231/8613970963485000,-38745349/8009760156
11106836109367231/17227941926970000,4196180356268510124744419/19793495129534117262267720
11106836109367231/17227941926970000,23893929063714180575255509/39586990259068234524535440
11106836109367231/17227941926970000,-38745349/8009760156
0,4196180356268510124744419/19793495129534117262267720
0,23893929063714180575255509/39586990259068234524535440
0,-38745349/8009760156
