30
1,1
1,3951507/4095200
1,1317169/2047600
1,1317169/4095200
1,0
61848241/65523200,1
61848241/65523200,3951507/4095200
61848241/65523200,1317169/2047600
61848241/65523200,1317169/4095200
61848241/65523200,0
185544723/262092800,1
185544723/262092800,3951507/4095200
185544723/262092800,1317169/2047600
185544723/262092800,1317169/4095200
185544723/262092800,0
61848241/131046400,1
61848241/131046400,3951507/4095200
61848241/131046400,1317169/2047600
61848241/131046400,1317169/4095200
61848241/131046400,0
61848241/262092800,1
61848241/262092800,3951507/4095200
61848241/262092800,1317169/2047600
61848241/262092800,1317169/4095200
61848241/262092800,0
0,1
0,3951507/4095200
0,1317169/2047600
0,1317169/4095200
0,0
20
4 6 1 0 5
4 7 2 1 6
4 8 3 2 7
4 9 4 3 8
4 11 6 5 10
4 12 7 6 11
4 13 8 7 12
4 14 9 8 13
4 16 11 10 15
4 17 12 11 16
4 18 13 12 17
4 19 14 13 18
4 21 16 15 20
4 22 17 16 21
4 23 18 17 22
4 24 19 18 23
4 26 21 20 25
4 27 22 21 26
4 28 23 22 27
4 29 24 23 28
15090329/52418560,293369/1023800
15090329/52418560,1317169/4095200
15090329/52418560,0
15090329/52418560,1317169/4095200
15090329/52418560,0
60751809/262092800,293369/1023800
60751809/262092800,1317169/4095200
60751809/262092800,0
60751809/262092800,1317169/4095200
60751809/262092800,0
479/1024,293369/1023800
479/1024,1317169/4095200
479/1024,0
479/1024,1317169/4095200
479/1024,0
60751809/262092800,293369/1023800
60751809/262092800,1317169/4095200
60751809/262092800,0
60751809/262092800,1317169/4095200
60751809/262092800,0
479/1024,293369/1023800
479/1024,1317169/4095200
479/1024,0
479/1024,1317169/4095200
479/1024,0
60751809/262092800,293369/1023800
60751809/262092800,1317169/4095200
60751809/262092800,0
60751809/262092800,1317169/4095200
60751809/262092800,0
