25
1,1
1,23847811779/27239513600
1,7949270593/13619756800
1,7949270593/27239513600
1,0
28600766931/38132815040,1
28600766931/38132815040,23847811779/27239513600
28600766931/38132815040,7949270593/13619756800
28600766931/38132815040,7949270593/27239513600
28600766931/38132815040,0
9533588977/19066407520,1
9533588977/19066407520,23847811779/27239513600
9533588977/19066407520,7949270593/13619756800
9533588977/19066407520,7949270593/27239513600
9533588977/19066407520,0
9533588977/38132815040,1
9533588977/38132815040,23847811779/27239513600
9533588977/38132815040,7949270593/13619756800
9533588977/38132815040,7949270593/27239513600
9533588977/38132815040,0
0,1
0,23847811779/27239513600
0,7949270593/13619756800
0,7949270593/27239513600
0,0
16
4 6 1 0 5
4 7 2 1 6
4 8 3 2 7
4 9 4 3 8
4 11 6 5 10
4 12 7 6 11
4 13 8 7 12
4 14 9 8 13
4 16 11 10 15
4 17 12 11 16
4 18 13 12 17
4 19 14 13 18
4 21 16 15 20
4 22 17 16 21
4 23 18 17 22
4 24 19 18 23
17065528919/66732426320,28364363/916714400
17065528919/66732426320,29641700251/190676595200
17065528919/66732426320,-497193/3645824
17065528919/66732426320,29641700251/190676595200
17065528919/66732426320,-497193/3645824
5868976193/11605639360,28364363/916714400
5868976193/11605639360,29641700251/190676595200
5868976193/11605639360,-497193/3645824
5868976193/11605639360,29641700251/190676595200
5868976193/11605639360,-497193/3645824
12885/50393,28364363/916714400
12885/50393,29641700251/190676595200
12885/50393,-497193/3645824
12885/50393,29641700251/190676595200
12885/50393,-497193/3645824
5868976193/11605639360,28364363/916714400
5868976193/11605639360,29641700251/190676595200
5868976193/11605639360,-497193/3645824
5868976193/11605639360,29641700251/190676595200
5868976193/11605639360,-497193/3645824
12885/50393,28364363/916714400
12885/50393,29641700251/190676595200
12885/50393,-497193/3645824
12885/50393,29641700251/190676595200
12885/50393,-497193/3645824
