9
1,1
1,2702149417810895629431708555449969/4916705362881067408848582169066875
1,0
9263806832919656054220484099819/12630047275330913784699907928675,1
9263806832919656054220484099819/12630047275330913784699907928675,2702149417810895629431708555449969/4916705362881067408848582169066875
9263806832919656054220484099819/12630047275330913784699907928675,0
0,1
0,2702149417810895629431708555449969/4916705362881067408848582169066875
0,0
4
4 4 1 0 3
4 5 2 1 4
4 7 4 3 6
4 8 5 4 7
-48470134092596784099107953044639/239970898231287361909298250644825,3929683786892751914686935524569913/4916705362881067408848582169066875
-48470134092596784099107953044639/239970898231287361909298250644825,2048079910654307898034603046062273/1638901787627022469616194056355625
-48470134092596784099107953044639/239970898231287361909298250644825,506518138/723513975
443570320228491785/6872480847411193369,3929683786892751914686935524569913/4916705362881067408848582169066875
443570320228491785/6872480847411193369,2048079910654307898034603046062273/1638901787627022469616194056355625
443570320228491785/6872480847411193369,506518138/723513975
-160523895512256352250188098192936/239970898231287361909298250644825,3929683786892751914686935524569913/4916705362881067408848582169066875
-160523895512256352250188098192936/239970898231287361909298250644825,2048079910654307898034603046062273/1638901787627022469616194056355625
-160523895512256352250188098192936/239970898231287361909298250644825,506518138/723513975
