9
1,1
1,229297323658439637444242/316179424355416967589975
1,0
160227227975486/259161508147525,1
160227227975486/259161508147525,229297323658439637444242/316179424355416967589975
160227227975486/259161508147525,0
0,1
0,229297323658439637444242/316179424355416967589975
0,0
4
4 4 1 0 3
4 5 2 1 4
4 7 4 3 6
4 8 5 4 7
-46981415540364/259161508147525,-49938074625104681291516/316179424355416967589975
-46981415540364/259161508147525,36944026071872648854217/316179424355416967589975
-46981415540364/259161508147525,-5656755312739303/9298253063202297
20167/100601,-49938074625104681291516/316179424355416967589975
20167/100601,36944026071872648854217/316179424355416967589975
20167/100601,-5656755312739303/9298253063202297
-108274363343811/259161508147525,-49938074625104681291516/316179424355416967589975
-108274363343811/259161508147525,36944026071872648854217/316179424355416967589975
-108274363343811/259161508147525,-5656755312739303/9298253063202297
