16
1,1
1,139782/200245
1,69891/200245
1,0
697308/1001225,1
697308/1001225,139782/200245
697308/1001225,69891/200245
697308/1001225,0
348654/1001225,1
348654/1001225,139782/200245
348654/1001225,69891/200245
348654/1001225,0
0,1
0,139782/200245
0,69891/200245
0,0
9
4 5 1 0 4
4 6 2 1 5
4 7 3 2 6
4 9 5 4 8
4 10 6 5 9
4 11 7 6 10
4 13 9 8 12
4 14 10 9 13
4 15 11 10 14
405751/2002450,510557/1201470
405751/2002450,147779/1201470
405751/2002450,113425/240294
405751/2002450,147779/1201470
-202083/2002450,510557/1201470
-202083/2002450,147779/1201470
-202083/2002450,113425/240294
-202083/2002450,147779/1201470
19809/80098,510557/1201470
19809/80098,147779/1201470
19809/80098,113425/240294
19809/80098,147779/1201470
-202083/2002450,510557/1201470
-202083/2002450,147779/1201470
-202083/2002450,113425/240294
-202083/2002450,147779/1201470
