20
1,1
1,5264451/7732600
1,5264451/15465200
1,0
76781637/77326000,1
76781637/77326000,5264451/7732600
76781637/77326000,5264451/15465200
76781637/77326000,0
25593879/38663000,1
25593879/38663000,5264451/7732600
25593879/38663000,5264451/15465200
25593879/38663000,0
25593879/77326000,1
25593879/77326000,5264451/7732600
25593879/77326000,5264451/15465200
25593879/77326000,0
0,1
0,5264451/7732600
0,5264451/15465200
0,0
12
4 5 1 0 4
4 6 2 1 5
4 7 3 2 6
4 9 5 4 8
4 10 6 5 9
4 11 7 6 10
4 13 9 8 12
4 14 10 9 13
4 15 11 10 14
4 17 13 12 16
4 18 14 13 17
4 19 15 14 18
166723/840500,5035067/15465200
166723/840500,2409/377200
166723/840500,268161/773260
166723/840500,2409/377200
15882879/77326000,5035067/15465200
15882879/77326000,2409/377200
15882879/77326000,268161/773260
15882879/77326000,2409/377200
-9711/77326,5035067/15465200
-9711/77326,2409/377200
-9711/77326,268161/773260
-9711/77326,2409/377200
15882879/77326000,5035067/15465200
15882879/77326000,2409/377200
15882879/77326000,268161/773260
15882879/77326000,2409/377200
-9711/77326,5035067/15465200
-9711/77326,2409/377200
-9711/77326,268161/773260
-9711/77326,2409/377200
