16
1,1
1,164188/209235
1,82094/209235
1,0
31517/41847,1
31517/41847,164188/209235
31517/41847,82094/209235
31517/41847,0
31517/83694,1
31517/83694,164188/209235
31517/83694,82094/209235
31517/83694,0
0,1
0,164188/209235
0,82094/209235
0,0
9
4 5 1 0 4
4 6 2 1 5
4 7 3 2 6
4 9 5 4 8
4 10 6 5 9
4 11 7 6 10
4 13 9 8 12
4 14 10 9 13
4 15 11 10 14
15224/69745,82903/418470
15224/69745,-2397/139490
15224/69745,156997/418470
15224/69745,-2397/139490
-5978/209235,82903/418470
-5978/209235,-2397/139490
-5978/209235,156997/418470
-5978/209235,-2397/139490
48543/139490,82903/418470
48543/139490,-2397/139490
48543/139490,156997/418470
48543/139490,-2397/139490
-5978/209235,82903/418470
-5978/209235,-2397/139490
-5978/209235,156997/418470
-5978/209235,-2397/139490
