25
1,1
1,1894623/2319650
1,631541/1159825
1,631541/2319650
1,0
109269/136450,1
109269/136450,1894623/2319650
109269/136450,631541/1159825
109269/136450,631541/2319650
109269/136450,0
36423/68225,1
36423/68225,1894623/2319650
36423/68225,631541/1159825
36423/68225,631541/2319650
36423/68225,0
36423/136450,1
36423/136450,1894623/2319650
36423/136450,631541/1159825
36423/136450,631541/2319650
36423/136450,0
0,1
0,1894623/2319650
0,631541/1159825
0,631541/2319650
0,0
16
4 6 1 0 5
4 7 2 1 6
4 8 3 2 7
4 9 4 3 8
4 11 6 5 10
4 12 7 6 11
4 13 8 7 12
4 14 9 8 13
4 16 11 10 15
4 17 12 11 16
4 18 13 12 17
4 19 14 13 18
4 21 16 15 20
4 22 17 16 21
4 23 18 17 22
4 24 19 18 23
867/136450,139539/2319650
867/136450,282283/1159825
867/136450,-2679/92786
867/136450,282283/1159825
867/136450,-2679/92786
14024/68225,139539/2319650
14024/68225,282283/1159825
14024/68225,-2679/92786
14024/68225,282283/1159825
14024/68225,-2679/92786
-335/5458,139539/2319650
-335/5458,282283/1159825
-335/5458,-2679/92786
-335/5458,282283/1159825
-335/5458,-2679/92786
14024/68225,139539/2319650
14024/68225,282283/1159825
14024/68225,-2679/92786
14024/68225,282283/1159825
14024/68225,-2679/92786
-335/5458,139539/2319650
-335/5458,282283/1159825
-335/5458,-2679/92786
-335/5458,282283/1159825
-335/5458,-2679/92786
