16
1,1
1,153418/204711
1,76709/204711
1,0
15119731/20471100,1
15119731/20471100,153418/204711
15119731/20471100,76709/204711
15119731/20471100,0
15119731/40942200,1
15119731/40942200,153418/204711
15119731/40942200,76709/204711
15119731/40942200,0
0,1
0,153418/204711
0,76709/204711
0,0
9
4 5 1 0 4
4 6 2 1 5
4 7 3 2 6
4 9 5 4 8
4 10 6 5 9
4 11 7 6 10
4 13 9 8 12
4 14 10 9 13
4 15 11 10 14
270383/1411800,137173/409422
270383/1411800,11529/136474
270383/1411800,188005/409422
270383/1411800,11529/136474
-953877/13647400,137173/409422
-953877/13647400,11529/136474
-953877/13647400,188005/409422
-953877/13647400,11529/136474
122581/409422,137173/409422
122581/409422,11529/136474
122581/409422,188005/409422
122581/409422,11529/136474
-953877/13647400,137173/409422
-953877/13647400,11529/136474
-953877/13647400,188005/409422
-953877/13647400,11529/136474
