25
1,1
1,10691631/13593625
1,7127754/13593625
1,3563877/13593625
1,0
86355123/108749000,1
86355123/108749000,10691631/13593625
86355123/108749000,7127754/13593625
86355123/108749000,3563877/13593625
86355123/108749000,0
28785041/54374500,1
28785041/54374500,10691631/13593625
28785041/54374500,7127754/13593625
28785041/54374500,3563877/13593625
28785041/54374500,0
28785041/108749000,1
28785041/108749000,10691631/13593625
28785041/108749000,7127754/13593625
28785041/108749000,3563877/13593625
28785041/108749000,0
0,1
0,10691631/13593625
0,7127754/13593625
0,3563877/13593625
0,0
16
4 6 1 0 5
4 7 2 1 6
4 8 3 2 7
4 9 4 3 8
4 11 6 5 10
4 12 7 6 11
4 13 8 7 12
4 14 9 8 13
4 16 11 10 15
4 17 12 11 16
4 18 13 12 17
4 19 14 13 18
4 21 16 15 20
4 22 17 16 21
4 23 18 17 22
4 24 19 18 23
-2272142/13593625,597891/27187250
-2272142/13593625,6401879/27187250
-2272142/13593625,-5807/217498
-2272142/13593625,6401879/27187250
-2272142/13593625,-5807/217498
4216741/108749000,597891/27187250
4216741/108749000,6401879/27187250
4216741/108749000,-5807/217498
4216741/108749000,6401879/27187250
4216741/108749000,-5807/217498
-245683/1087490,597891/27187250
-245683/1087490,6401879/27187250
-245683/1087490,-5807/217498
-245683/1087490,6401879/27187250
-245683/1087490,-5807/217498
4216741/108749000,597891/27187250
4216741/108749000,6401879/27187250
4216741/108749000,-5807/217498
4216741/108749000,6401879/27187250
4216741/108749000,-5807/217498
-245683/1087490,597891/27187250
-245683/1087490,6401879/27187250
-245683/1087490,-5807/217498
-245683/1087490,6401879/27187250
-245683/1087490,-5807/217498
