9
1,1
1,191377274576038520644794856854658959663/351551922842629729201749410544060974375
1,0
179448828009850189517608095739267/236300219502612423599346201587625,1
179448828009850189517608095739267/236300219502612423599346201587625,191377274576038520644794856854658959663/351551922842629729201749410544060974375
179448828009850189517608095739267/236300219502612423599346201587625,0
0,1
0,191377274576038520644794856854658959663/351551922842629729201749410544060974375
0,0
4
4 4 1 0 3
4 5 2 1 4
4 7 4 3 6
4 8 5 4 7
-36122838497486146321036274257358/236300219502612423599346201587625,374903471177900524684748047959623719951/351551922842629729201749410544060974375
-36122838497486146321036274257358/236300219502612423599346201587625,535078119444491733241702601649025734663/351551922842629729201749410544060974375
-36122838497486146321036274257358/236300219502612423599346201587625,58660132440/60000092119
18593674662056/211963150780727,374903471177900524684748047959623719951/351551922842629729201749410544060974375
18593674662056/211963150780727,535078119444491733241702601649025734663/351551922842629729201749410544060974375
18593674662056/211963150780727,58660132440/60000092119
-158720275014574101756906264148267/236300219502612423599346201587625,374903471177900524684748047959623719951/351551922842629729201749410544060974375
-158720275014574101756906264148267/236300219502612423599346201587625,535078119444491733241702601649025734663/351551922842629729201749410544060974375
-158720275014574101756906264148267/236300219502612423599346201587625,58660132440/60000092119
