16
1,1
1,1171058/1724775
1,585529/1724775
1,0
35903/53070,1
35903/53070,1171058/1724775
35903/53070,585529/1724775
35903/53070,0
35903/106140,1
35903/106140,1171058/1724775
35903/106140,585529/1724775
35903/106140,0
0,1
0,1171058/1724775
0,585529/1724775
0,0
9
4 5 1 0 4
4 6 2 1 5
4 7 3 2 6
4 9 5 4 8
4 10 6 5 9
4 11 7 6 10
4 13 9 8 12
4 14 10 9 13
4 15 11 10 14
109887/459940,1564361/3449550
109887/459940,152309/1149850
109887/459940,325597/689910
109887/459940,152309/1149850
-116681/1379820,1564361/3449550
-116681/1379820,152309/1149850
-116681/1379820,325597/689910
-116681/1379820,152309/1149850
58343/229970,1564361/3449550
58343/229970,152309/1149850
58343/229970,325597/689910
58343/229970,152309/1149850
-116681/1379820,1564361/3449550
-116681/1379820,152309/1149850
-116681/1379820,325597/689910
-116681/1379820,152309/1149850
