16
1,1
1,1869/2600
1,1869/5200
1,0
1513/2080,1
1513/2080,1869/2600
1513/2080,1869/5200
1513/2080,0
1513/4160,1
1513/4160,1869/2600
1513/4160,1869/5200
1513/4160,0
0,1
0,1869/2600
0,1869/5200
0,0
9
4 5 1 0 4
4 6 2 1 5
4 7 3 2 6
4 9 5 4 8
4 10 6 5 9
4 11 7 6 10
4 13 9 8 12
4 14 10 9 13
4 15 11 10 14
667/2080,-2/325
667/2080,-747/2600
667/2080,15/208
667/2080,-747/2600
5/104,-2/325
5/104,-747/2600
5/104,15/208
5/104,-747/2600
1713/4160,-2/325
1713/4160,-747/2600
1713/4160,15/208
1713/4160,-747/2600
5/104,-2/325
5/104,-747/2600
5/104,15/208
5/104,-747/2600
