256
1,1
1,48853/49905
1,90727/99810
1,13958/16635
1,76769/99810
1,6979/9981
1,6979/11090
1,27916/49905
1,48853/99810
1,6979/16635
1,6979/19962
1,13958/49905
1,6979/33270
1,6979/49905
1,6979/99810
1,0
48853/49905,1
48853/49905,48853/49905
48853/49905,90727/99810
48853/49905,13958/16635
48853/49905,76769/99810
48853/49905,6979/9981
48853/49905,6979/11090
48853/49905,27916/49905
48853/49905,48853/99810
48853/49905,6979/16635
48853/49905,6979/19962
48853/49905,13958/49905
48853/49905,6979/33270
48853/49905,6979/49905
48853/49905,6979/99810
48853/49905,0
90727/99810,1
90727/99810,48853/49905
90727/99810,90727/99810
90727/99810,13958/16635
90727/99810,76769/99810
90727/99810,6979/9981
90727/99810,6979/11090
90727/99810,27916/49905
90727/99810,48853/99810
90727/99810,6979/16635
90727/99810,6979/19962
90727/99810,13958/49905
90727/99810,6979/33270
90727/99810,6979/49905
90727/99810,6979/99810
90727/99810,0
13958/16635,1
13958/16635,48853/49905
13958/16635,90727/99810
13958/16635,13958/16635
13958/16635,76769/99810
13958/16635,6979/9981
13958/16635,6979/11090
13958/16635,27916/49905
13958/16635,48853/99810
13958/16635,6979/16635
13958/16635,6979/19962
13958/16635,13958/49905
13958/16635,6979/33270
13958/16635,6979/49905
13958/16635,6979/99810
13958/16635,0
76769/99810,1
76769/99810,48853/49905
76769/99810,90727/99810
76769/99810,13958/16635
76769/99810,76769/99810
76769/99810,6979/9981
76769/99810,6979/11090
76769/99810,27916/49905
76769/99810,48853/99810
76769/99810,6979/16635
76769/99810,6979/19962
76769/99810,13958/49905
76769/99810,6979/33270
76769/99810,6979/49905
76769/99810,6979/99810
76769/99810,0
6979/9981,1
6979/9981,48853/49905
6979/9981,90727/99810
6979/9981,13958/16635
6979/9981,76769/99810
6979/9981,6979/9981
6979/9981,6979/11090
6979/9981,27916/49905
6979/9981,48853/99810
6979/9981,6979/16635
6979/9981,6979/19962
6979/9981,13958/49905
6979/9981,6979/33270
6979/9981,6979/49905
6979/9981,6979/99810
6979/9981,0
6979/11090,1
6979/11090,48853/49905
6979/11090,90727/99810
6979/11090,13958/16635
6979/11090,76769/99810
6979/11090,6979/9981
6979/11090,6979/11090
6979/11090,27916/49905
6979/11090,48853/99810
6979/11090,6979/16635
6979/11090,6979/19962
6979/11090,13958/49905
6979/11090,6979/33270
6979/11090,6979/49905
6979/11090,6979/99810
6979/11090,0
27916/49905,1
27916/49905,48853/49905
27916/49905,90727/99810
27916/49905,13958/16635
27916/49905,76769/99810
27916/49905,6979/9981
27916/49905,6979/11090
27916/49905,27916/49905
27916/49905,48853/99810
27916/49905,6979/16635
27916/49905,6979/19962
27916/49905,13958/49905
27916/49905,6979/33270
27916/49905,6979/49905
27916/49905,6979/99810
27916/49905,0
48853/99810,1
48853/99810,48853/49905
48853/99810,90727/99810
48853/99810,13958/16635
48853/99810,76769/99810
48853/99810,6979/9981
48853/99810,6979/11090
48853/99810,27916/49905
48853/99810,48853/99810
48853/99810,6979/16635
48853/99810,6979/19962
48853/99810,13958/49905
48853/99810,6979/33270
48853/99810,6979/49905
48853/99810,6979/99810
48853/99810,0
6979/16635,1
6979/16635,48853/49905
6979/16635,90727/99810
6979/16635,13958/16635
6979/16635,76769/99810
6979/16635,6979/9981
6979/16635,6979/11090
6979/16635,27916/49905
6979/16635,48853/99810
6979/16635,6979/16635
6979/16635,6979/19962
6979/16635,13958/49905
6979/16635,6979/33270
6979/16635,6979/49905
6979/16635,6979/99810
6979/16635,0
6979/19962,1
6979/19962,48853/49905
6979/19962,90727/99810
6979/19962,13958/16635
6979/19962,76769/99810
6979/19962,6979/9981
6979/19962,6979/11090
6979/19962,27916/49905
6979/19962,48853/99810
6979/19962,6979/16635
6979/19962,6979/19962
6979/19962,13958/49905
6979/19962,6979/33270
6979/19962,6979/49905
6979/19962,6979/99810
6979/19962,0
13958/49905,1
13958/49905,48853/49905
13958/49905,90727/99810
13958/49905,13958/16635
13958/49905,76769/99810
13958/49905,6979/9981
13958/49905,6979/11090
13958/49905,27916/49905
13958/49905,48853/99810
13958/49905,6979/16635
13958/49905,6979/19962
13958/49905,13958/49905
13958/49905,6979/33270
13958/49905,6979/49905
13958/49905,6979/99810
13958/49905,0
6979/33270,1
6979/33270,48853/49905
6979/33270,90727/99810
6979/33270,13958/16635
6979/33270,76769/99810
6979/33270,6979/9981
6979/33270,6979/11090
6979/33270,27916/49905
6979/33270,48853/99810
6979/33270,6979/16635
6979/33270,6979/19962
6979/33270,13958/49905
6979/33270,6979/33270
6979/33270,6979/49905
6979/33270,6979/99810
6979/33270,0
6979/49905,1
6979/49905,48853/49905
6979/49905,90727/99810
6979/49905,13958/16635
6979/49905,76769/99810
6979/49905,6979/9981
6979/49905,6979/11090
6979/49905,27916/49905
6979/49905,48853/99810
6979/49905,6979/16635
6979/49905,6979/19962
6979/49905,13958/49905
6979/49905,6979/33270
6979/49905,6979/49905
6979/49905,6979/99810
6979/49905,0
6979/99810,1
6979/99810,48853/49905
6979/99810,90727/99810
6979/99810,13958/16635
6979/99810,76769/99810
6979/99810,6979/9981
6979/99810,6979/11090
6979/99810,27916/49905
6979/99810,48853/99810
6979/99810,6979/16635
6979/99810,6979/19962
6979/99810,13958/49905
6979/99810,6979/33270
6979/99810,6979/49905
6979/99810,6979/99810
6979/99810,0
0,1
0,48853/49905
0,90727/99810
0,13958/16635
0,76769/99810
0,6979/9981
0,6979/11090
0,27916/49905
0,48853/99810
0,6979/16635
0,6979/19962
0,13958/49905
0,6979/33270
0,6979/49905
0,6979/99810
0,0
225
4 17 1 0 16
4 18 2 1 17
4 19 3 2 18
4 20 4 3 19
4 21 5 4 20
4 22 6 5 21
4 23 7 6 22
4 24 8 7 23
4 25 9 8 24
4 26 10 9 25
4 27 11 10 26
4 28 12 11 27
4 29 13 12 28
4 30 14 13 29
4 31 15 14 30
4 33 17 16 32
4 34 18 17 33
4 35 19 18 34
4 36 20 19 35
4 37 21 20 36
4 38 22 21 37
4 39 23 22 38
4 40 24 23 39
4 41 25 24 40
4 42 26 25 41
4 43 27 26 42
4 44 28 27 43
4 45 29 28 44
4 46 30 29 45
4 47 31 30 46
4 49 33 32 48
4 50 34 33 49
4 51 35 34 50
4 52 36 35 51
4 53 37 36 52
4 54 38 37 53
4 55 39 38 54
4 56 40 39 55
4 57 41 40 56
4 58 42 41 57
4 59 43 42 58
4 60 44 43 59
4 61 45 44 60
4 62 46 45 61
4 63 47 46 62
4 65 49 48 64
4 66 50 49 65
4 67 51 50 66
4 68 52 51 67
4 69 53 52 68
4 70 54 53 69
4 71 55 54 70
4 72 56 55 71
4 73 57 56 72
4 74 58 57 73
4 75 59 58 74
4 76 60 59 75
4 77 61 60 76
4 78 62 61 77
4 79 63 62 78
4 81 65 64 80
4 82 66 65 81
4 83 67 66 82
4 84 68 67 83
4 85 69 68 84
4 86 70 69 85
4 87 71 70 86
4 88 72 71 87
4 89 73 72 88
4 90 74 73 89
4 91 75 74 90
4 92 76 75 91
4 93 77 76 92
4 94 78 77 93
4 95 79 78 94
4 97 81 80 96
4 98 82 81 97
4 99 83 82 98
4 100 84 83 99
4 101 85 84 100
4 102 86 85 101
4 103 87 86 102
4 104 88 87 103
4 105 89 88 104
4 106 90 89 105
4 107 91 90 106
4 108 92 91 107
4 109 93 92 108
4 110 94 93 109
4 111 95 94 110
4 113 97 96 112
4 114 98 97 113
4 115 99 98 114
4 116 100 99 115
4 117 101 100 116
4 118 102 101 117
4 119 103 102 118
4 120 104 103 119
4 121 105 104 120
4 122 106 105 121
4 123 107 106 122
4 124 108 107 123
4 125 109 108 124
4 126 110 109 125
4 127 111 110 126
4 129 113 112 128
4 130 114 113 129
4 131 115 114 130
4 132 116 115 131
4 133 117 116 132
4 134 118 117 133
4 135 119 118 134
4 136 120 119 135
4 137 121 120 136
4 138 122 121 137
4 139 123 122 138
4 140 124 123 139
4 141 125 124 140
4 142 126 125 141
4 143 127 126 142
4 145 129 128 144
4 146 130 129 145
4 147 131 130 146
4 148 132 131 147
4 149 133 132 148
4 150 134 133 149
4 151 135 134 150
4 152 136 135 151
4 153 137 136 152
4 154 138 137 153
4 155 139 138 154
4 156 140 139 155
4 157 141 140 156
4 158 142 141 157
4 159 143 142 158
4 161 145 144 160
4 162 146 145 161
4 163 147 146 162
4 164 148 147 163
4 165 149 148 164
4 166 150 149 165
4 167 151 150 166
4 168 152 151 167
4 169 153 152 168
4 170 154 153 169
4 171 155 154 170
4 172 156 155 171
4 173 157 156 172
4 174 158 157 173
4 175 159 158 174
4 177 161 160 176
4 178 162 161 177
4 179 163 162 178
4 180 164 163 179
4 181 165 164 180
4 182 166 165 181
4 183 167 166 182
4 184 168 167 183
4 185 169 168 184
4 186 170 169 185
4 187 171 170 186
4 188 172 171 187
4 189 173 172 188
4 190 174 173 189
4 191 175 174 190
4 193 177 176 192
4 194 178 177 193
4 195 179 178 194
4 196 180 179 195
4 197 181 180 196
4 198 182 181 197
4 199 183 182 198
4 200 184 183 199
4 201 185 184 200
4 202 186 185 201
4 203 187 186 202
4 204 188 187 203
4 205 189 188 204
4 206 190 189 205
4 207 191 190 206
4 209 193 192 208
4 210 194 193 209
4 211 195 194 210
4 212 196 195 211
4 213 197 196 212
4 214 198 197 213
4 215 199 198 214
4 216 200 199 215
4 217 201 200 216
4 218 202 201 217
4 219 203 202 218
4 220 204 203 219
4 221 205 204 220
4 222 206 205 221
4 223 207 206 222
4 225 209 208 224
4 226 210 209 225
4 227 211 210 226
4 228 212 211 227
4 229 213 212 228
4 230 214 213 229
4 231 215 214 230
4 232 216 215 231
4 233 217 216 232
4 234 218 217 233
4 235 219 218 234
4 236 220 219 235
4 237 221 220 236
4 238 222 221 237
4 239 223 222 238
4 241 225 224 240
4 242 226 225 241
4 243 227 226 242
4 244 228 227 243
4 245 229 228 244
4 246 230 229 245
4 247 231 230 246
4 248 232 231 247
4 249 233 232 248
4 250 234 233 249
4 251 235 234 250
4 252 236 235 251
4 253 237 236 252
4 254 238 237 253
4 255 239 238 254
1052/49905,1052/49905
1052/49905,0
1052/49905,6979/99810
1052/49905,0
1052/49905,6979/99810
1052/49905,0
1052/49905,6979/99810
1052/49905,0
1052/49905,6979/99810
1052/49905,0
1052/49905,6979/99810
1052/49905,0
1052/49905,6979/99810
1052/49905,0
1052/49905,6979/99810
1052/49905,0
0,1052/49905
0,0
0,6979/99810
0,0
0,6979/99810
0,0
0,6979/99810
0,0
0,6979/99810
0,0
0,6979/99810
0,0
0,6979/99810
0,0
0,6979/99810
0,0
6979/99810,1052/49905
6979/99810,0
6979/99810,6979/99810
6979/99810,0
6979/99810,6979/99810
6979/99810,0
6979/99810,6979/99810
6979/99810,0
6979/99810,6979/99810
6979/99810,0
6979/99810,6979/99810
6979/99810,0
6979/99810,6979/99810
6979/99810,0
6979/99810,6979/99810
6979/99810,0
0,1052/49905
0,0
0,6979/99810
0,0
0,6979/99810
0,0
0,6979/99810
0,0
0,6979/99810
0,0
0,6979/99810
0,0
0,6979/99810
0,0
0,6979/99810
0,0
6979/99810,1052/49905
6979/99810,0
6979/99810,6979/99810
6979/99810,0
6979/99810,6979/99810
6979/99810,0
6979/99810,6979/99810
6979/99810,0
6979/99810,6979/99810
6979/99810,0
6979/99810,6979/99810
6979/99810,0
6979/99810,6979/99810
6979/99810,0
6979/99810,6979/99810
6979/99810,0
0,1052/49905
0,0
0,6979/99810
0,0
0,6979/99810
0,0
0,6979/99810
0,0
0,6979/99810
0,0
0,6979/99810
0,0
0,6979/99810
0,0
0,6979/99810
0,0
6979/99810,1052/49905
6979/99810,0
6979/99810,6979/99810
6979/99810,0
6979/99810,6979/99810
6979/99810,0
6979/99810,6979/99810
6979/99810,0
6979/99810,6979/99810
6979/99810,0
6979/99810,6979/99810
6979/99810,0
6979/99810,6979/99810
6979/99810,0
6979/99810,6979/99810
6979/99810,0
0,1052/49905
0,0
0,6979/99810
0,0
0,6979/99810
0,0
0,6979/99810
0,0
0,6979/99810
0,0
0,6979/99810
0,0
0,6979/99810
0,0
0,6979/99810
0,0
6979/99810,1052/49905
6979/99810,0
6979/99810,6979/99810
6979/99810,0
6979/99810,6979/99810
6979/99810,0
6979/99810,6979/99810
6979/99810,0
6979/99810,6979/99810
6979/99810,0
6979/99810,6979/99810
6979/99810,0
6979/99810,6979/99810
6979/99810,0
6979/99810,6979/99810
6979/99810,0
0,1052/49905
0,0
0,6979/99810
0,0
0,6979/99810
0,0
0,6979/99810
0,0
0,6979/99810
0,0
0,6979/99810
0,0
0,6979/99810
0,0
0,6979/99810
0,0
6979/99810,1052/49905
6979/99810,0
6979/99810,6979/99810
6979/99810,0
6979/99810,6979/99810
6979/99810,0
6979/99810,6979/99810
6979/99810,0
6979/99810,6979/99810
6979/99810,0
6979/99810,6979/99810
6979/99810,0
6979/99810,6979/99810
6979/99810,0
6979/99810,6979/99810
6979/99810,0
0,1052/49905
0,0
0,6979/99810
0,0
0,6979/99810
0,0
0,6979/99810
0,0
0,6979/99810
0,0
0,6979/99810
0,0
0,6979/99810
0,0
0,6979/99810
0,0
6979/99810,1052/49905
6979/99810,0
6979/99810,6979/99810
6979/99810,0
6979/99810,6979/99810
6979/99810,0
6979/99810,6979/99810
6979/99810,0
6979/99810,6979/99810
6979/99810,0
6979/99810,6979/99810
6979/99810,0
6979/99810,6979/99810
6979/99810,0
6979/99810,6979/99810
6979/99810,0
0,1052/49905
0,0
0,6979/99810
0,0
0,6979/99810
0,0
0,6979/99810
0,0
0,6979/99810
0,0
0,6979/99810
0,0
0,6979/99810
0,0
0,6979/99810
0,0
6979/99810,1052/49905
6979/99810,0
6979/99810,6979/99810
6979/99810,0
6979/99810,6979/99810
6979/99810,0
6979/99810,6979/99810
6979/99810,0
6979/99810,6979/99810
6979/99810,0
6979/99810,6979/99810
6979/99810,0
6979/99810,6979/99810
6979/99810,0
6979/99810,6979/99810
6979/99810,0
0,1052/49905
0,0
0,6979/99810
0,0
0,6979/99810
0,0
0,6979/99810
0,0
0,6979/99810
0,0
0,6979/99810
0,0
0,6979/99810
0,0
0,6979/99810
0,0
