12
1,1
1,223987298710246283/247084504090723950
1,0
71247801521698848919/71400861950492459250,1
71247801521698848919/71400861950492459250,223987298710246283/247084504090723950
71247801521698848919/71400861950492459250,0
71247801521698848919/142801723900984918500,1
71247801521698848919/142801723900984918500,223987298710246283/247084504090723950
71247801521698848919/142801723900984918500,0
0,1
0,223987298710246283/247084504090723950
0,0
6
4 4 1 0 3
4 5 2 1 4
4 7 4 3 6
4 8 5 4 7
4 10 7 6 9
4 11 8 7 10
17568890095443681883/142801723900984918500,636694179391885759/741253512272171850
17568890095443681883/142801723900984918500,113447732/119115045
17568890095443681883/142801723900984918500,34023899402579911/741253512272171850
5754256412618820407/47600574633661639500,636694179391885759/741253512272171850
5754256412618820407/47600574633661639500,113447732/119115045
5754256412618820407/47600574633661639500,34023899402579911/741253512272171850
7111561999/11473695225,636694179391885759/741253512272171850
7111561999/11473695225,113447732/119115045
7111561999/11473695225,34023899402579911/741253512272171850
5754256412618820407/47600574633661639500,636694179391885759/741253512272171850
5754256412618820407/47600574633661639500,113447732/119115045
5754256412618820407/47600574633661639500,34023899402579911/741253512272171850
