16
1,1
1,688/975
1,344/975
1,0
4687/5850,1
4687/5850,688/975
4687/5850,344/975
4687/5850,0
4687/11700,1
4687/11700,688/975
4687/11700,344/975
4687/11700,0
0,1
0,688/975
0,344/975
0,0
9
4 5 1 0 4
4 6 2 1 5
4 7 3 2 6
4 9 5 4 8
4 10 6 5 9
4 11 7 6 10
4 13 9 8 12
4 14 10 9 13
4 15 11 10 14
769/2925,79/2925
769/2925,-782/2925
769/2925,10/117
769/2925,-782/2925
5/78,79/2925
5/78,-782/2925
5/78,10/117
5/78,-782/2925
5437/11700,79/2925
5437/11700,-782/2925
5437/11700,10/117
5437/11700,-782/2925
5/78,79/2925
5/78,-782/2925
5/78,10/117
5/78,-782/2925
