25
1,1
1,15088023099/16117598000
1,5029341033/8058799000
1,5029341033/16117598000
1,0
4759290361/5018165440,1
4759290361/5018165440,15088023099/16117598000
4759290361/5018165440,5029341033/8058799000
4759290361/5018165440,5029341033/16117598000
4759290361/5018165440,0
4759290361/7527248160,1
4759290361/7527248160,15088023099/16117598000
4759290361/7527248160,5029341033/8058799000
4759290361/7527248160,5029341033/16117598000
4759290361/7527248160,0
4759290361/15054496320,1
4759290361/15054496320,15088023099/16117598000
4759290361/15054496320,5029341033/8058799000
4759290361/15054496320,5029341033/16117598000
4759290361/15054496320,0
0,1
0,15088023099/16117598000
0,5029341033/8058799000
0,5029341033/16117598000
0,0
16
4 6 1 0 5
4 7 2 1 6
4 8 3 2 7
4 9 4 3 8
4 11 6 5 10
4 12 7 6 11
4 13 8 7 12
4 14 9 8 13
4 16 11 10 15
4 17 12 11 16
4 18 13 12 17
4 19 14 13 18
4 21 16 15 20
4 22 17 16 21
4 23 18 17 22
4 24 19 18 23
1127139115387/1339850172480,-746975308189/1075849666500
1127139115387/1339850172480,-2713004734189/4303398666000
1127139115387/1339850172480,-7216795/7657293
1127139115387/1339850172480,-2713004734189/4303398666000
1127139115387/1339850172480,-7216795/7657293
535891/600216,-746975308189/1075849666500
535891/600216,-2713004734189/4303398666000
535891/600216,-7216795/7657293
535891/600216,-2713004734189/4303398666000
535891/600216,-7216795/7657293
772681919351/1339850172480,-746975308189/1075849666500
772681919351/1339850172480,-2713004734189/4303398666000
772681919351/1339850172480,-7216795/7657293
772681919351/1339850172480,-2713004734189/4303398666000
772681919351/1339850172480,-7216795/7657293
535891/600216,-746975308189/1075849666500
535891/600216,-2713004734189/4303398666000
535891/600216,-7216795/7657293
535891/600216,-2713004734189/4303398666000
535891/600216,-7216795/7657293
772681919351/1339850172480,-746975308189/1075849666500
772681919351/1339850172480,-2713004734189/4303398666000
772681919351/1339850172480,-7216795/7657293
772681919351/1339850172480,-2713004734189/4303398666000
772681919351/1339850172480,-7216795/7657293
