16
1,1
1,629/800
1,629/1600
1,0
37/50,1
37/50,629/800
37/50,629/1600
37/50,0
37/100,1
37/100,629/800
37/100,629/1600
37/100,0
0,1
0,629/800
0,629/1600
0,0
9
4 5 1 0 4
4 6 2 1 5
4 7 3 2 6
4 9 5 4 8
4 10 6 5 9
4 11 7 6 10
4 13 9 8 12
4 14 10 9 13
4 15 11 10 14
-63/800,563/1600
-63/800,221/1600
-63/800,17/32
-63/800,221/1600
-271/800,563/1600
-271/800,221/1600
-271/800,17/32
-271/800,221/1600
1/32,563/1600
1/32,221/1600
1/32,17/32
1/32,221/1600
-271/800,563/1600
-271/800,221/1600
-271/800,17/32
-271/800,221/1600
