25
1,1
1,856947/996200
1,285649/498100
1,285649/996200
1,0
798161/879000,1
798161/879000,856947/996200
798161/879000,285649/498100
798161/879000,285649/996200
798161/879000,0
798161/1318500,1
798161/1318500,856947/996200
798161/1318500,285649/498100
798161/1318500,285649/996200
798161/1318500,0
798161/2637000,1
798161/2637000,856947/996200
798161/2637000,285649/498100
798161/2637000,285649/996200
798161/2637000,0
0,1
0,856947/996200
0,285649/498100
0,285649/996200
0,0
16
4 6 1 0 5
4 7 2 1 6
4 8 3 2 7
4 9 4 3 8
4 11 6 5 10
4 12 7 6 11
4 13 8 7 12
4 14 9 8 13
4 16 11 10 15
4 17 12 11 16
4 18 13 12 17
4 19 14 13 18
4 21 16 15 20
4 22 17 16 21
4 23 18 17 22
4 24 19 18 23
47131/109875,446591/2988600
47131/109875,59/204
47131/109875,7403/2988600
47131/109875,59/204
47131/109875,7403/2988600
152629/293000,446591/2988600
152629/293000,59/204
152629/293000,7403/2988600
152629/293000,59/204
152629/293000,7403/2988600
1151/5274,446591/2988600
1151/5274,59/204
1151/5274,7403/2988600
1151/5274,59/204
1151/5274,7403/2988600
152629/293000,446591/2988600
152629/293000,59/204
152629/293000,7403/2988600
152629/293000,59/204
152629/293000,7403/2988600
1151/5274,446591/2988600
1151/5274,59/204
1151/5274,7403/2988600
1151/5274,59/204
1151/5274,7403/2988600
