16
1,1
1,1287/1600
1,1287/3200
1,0
39/50,1
39/50,1287/1600
39/50,1287/3200
39/50,0
39/100,1
39/100,1287/1600
39/100,1287/3200
39/100,0
0,1
0,1287/1600
0,1287/3200
0,0
9
4 5 1 0 4
4 6 2 1 5
4 7 3 2 6
4 9 5 4 8
4 10 6 5 9
4 11 7 6 10
4 13 9 8 12
4 14 10 9 13
4 15 11 10 14
-247/1600,989/3200
-247/1600,363/3200
-247/1600,33/64
-247/1600,363/3200
-599/1600,989/3200
-599/1600,363/3200
-599/1600,33/64
-599/1600,363/3200
1/64,989/3200
1/64,363/3200
1/64,33/64
1/64,363/3200
-599/1600,989/3200
-599/1600,363/3200
-599/1600,33/64
-599/1600,363/3200
