9
1,1
1,11933077481/12736968600
1,0
14743773681/23351109100,1
14743773681/23351109100,11933077481/12736968600
14743773681/23351109100,0
0,1
0,11933077481/12736968600
0,0
4
4 4 1 0 3
4 5 2 1 4
4 7 4 3 6
4 8 5 4 7
-31097882933/81728881850,-75412901533/44579390100
-31097882933/81728881850,-145198565233/89158780200
-31097882933/81728881850,-381216846/148597967
-1944417933/163457763700,-75412901533/44579390100
-1944417933/163457763700,-145198565233/89158780200
-1944417933/163457763700,-381216846/148597967
-95591667/148597967,-75412901533/44579390100
-95591667/148597967,-145198565233/89158780200
-95591667/148597967,-381216846/148597967
