16
1,1
1,1552/2125
1,776/2125
1,0
1552/2125,1
1552/2125,1552/2125
1552/2125,776/2125
1552/2125,0
776/2125,1
776/2125,1552/2125
776/2125,776/2125
776/2125,0
0,1
0,1552/2125
0,776/2125
0,0
9
4 5 1 0 4
4 6 2 1 5
4 7 3 2 6
4 9 5 4 8
4 10 6 5 9
4 11 7 6 10
4 13 9 8 12
4 14 10 9 13
4 15 11 10 14
23190622/2125,52277698/2125
23190622/2125,24601
23190622/2125,52277901/2125
23190622/2125,24601
23190049/2125,52277698/2125
23190049/2125,24601
23190049/2125,52277901/2125
23190049/2125,24601
927633/85,52277698/2125
927633/85,24601
927633/85,52277901/2125
927633/85,24601
23190049/2125,52277698/2125
23190049/2125,24601
23190049/2125,52277901/2125
23190049/2125,24601
