12
1,1
1,10688562374413/18938006028625
1,0
15650736089472/18938006028625,1
15650736089472/18938006028625,10688562374413/18938006028625
15650736089472/18938006028625,0
7825368044736/18938006028625,1
7825368044736/18938006028625,10688562374413/18938006028625
7825368044736/18938006028625,0
0,1
0,10688562374413/18938006028625
0,0
6
4 4 1 0 3
4 5 2 1 4
4 7 4 3 6
4 8 5 4 7
4 10 7 6 9
4 11 8 7 10
2279736715783/891200283700,1266628637661/75752024114500
2279736715783/891200283700,34264403254509/75752024114500
2279736715783/891200283700,-8489846243143/75752024114500
180628541084943/75752024114500,1266628637661/75752024114500
180628541084943/75752024114500,34264403254509/75752024114500
180628541084943/75752024114500,-8489846243143/75752024114500
211930013263887/75752024114500,1266628637661/75752024114500
211930013263887/75752024114500,34264403254509/75752024114500
211930013263887/75752024114500,-8489846243143/75752024114500
180628541084943/75752024114500,1266628637661/75752024114500
180628541084943/75752024114500,34264403254509/75752024114500
180628541084943/75752024114500,-8489846243143/75752024114500
