12
1,1
1,10297833/13940000
1,10297833/27880000
1,0
254608767/406640000,1
254608767/406640000,10297833/13940000
254608767/406640000,10297833/27880000
254608767/406640000,0
0,1
0,10297833/13940000
0,10297833/27880000
0,0
6
4 5 1 0 4
4 6 2 1 5
4 7 3 2 6
4 9 5 4 8
4 10 6 5 9
4 11 7 6 10
1660862071/5286320000,3642167/13940000
1660862071/5286320000,0
1660862071/5286320000,10297833/27880000
1660862071/5286320000,0
36372681/52863200,3642167/13940000
36372681/52863200,0
36372681/52863200,10297833/27880000
36372681/52863200,0
327354129/5286320000,3642167/13940000
327354129/5286320000,0
327354129/5286320000,10297833/27880000
327354129/5286320000,0
