16
1,1
1,518/675
1,259/675
1,0
518/675,1
518/675,518/675
518/675,259/675
518/675,0
259/675,1
259/675,518/675
259/675,259/675
259/675,0
0,1
0,518/675
0,259/675
0,0
9
4 5 1 0 4
4 6 2 1 5
4 7 3 2 6
4 9 5 4 8
4 10 6 5 9
4 11 7 6 10
4 13 9 8 12
4 14 10 9 13
4 15 11 10 14
-27105692265176/25,-243951230386606/225
-27105692265176/25,-29274147646399/27
-27105692265176/25,-81317076795524/75
-27105692265176/25,-29274147646399/27
-731853691159909/675,-243951230386606/225
-731853691159909/675,-29274147646399/27
-731853691159909/675,-81317076795524/75
-731853691159909/675,-29274147646399/27
-9758049215462/9,-243951230386606/225
-9758049215462/9,-29274147646399/27
-9758049215462/9,-81317076795524/75
-9758049215462/9,-29274147646399/27
-731853691159909/675,-243951230386606/225
-731853691159909/675,-29274147646399/27
-731853691159909/675,-81317076795524/75
-731853691159909/675,-29274147646399/27
