16
1,1
1,219/290
1,219/580
1,0
219/290,1
219/290,219/290
219/290,219/580
219/290,0
219/580,1
219/580,219/290
219/580,219/580
219/580,0
0,1
0,219/290
0,219/580
0,0
9
4 5 1 0 4
4 6 2 1 5
4 7 3 2 6
4 9 5 4 8
4 10 6 5 9
4 11 7 6 10
4 13 9 8 12
4 14 10 9 13
4 15 11 10 14
-127858377/580,-63929219/290
-127858377/580,-6392929/29
-127858377/580,-4408909/20
-127858377/580,-6392929/29
-127858519/580,-63929219/290
-127858519/580,-6392929/29
-127858519/580,-4408909/20
-127858519/580,-6392929/29
-6392915/29,-63929219/290
-6392915/29,-6392929/29
-6392915/29,-4408909/20
-6392915/29,-6392929/29
-127858519/580,-63929219/290
-127858519/580,-6392929/29
-127858519/580,-4408909/20
-127858519/580,-6392929/29
