16
1,1
1,576/775
1,288/775
1,0
576/775,1
576/775,576/775
576/775,288/775
576/775,0
288/775,1
288/775,576/775
288/775,288/775
288/775,0
0,1
0,576/775
0,288/775
0,0
9
4 5 1 0 4
4 6 2 1 5
4 7 3 2 6
4 9 5 4 8
4 10 6 5 9
4 11 7 6 10
4 13 9 8 12
4 14 10 9 13
4 15 11 10 14
-11187314/775,-11187401/775
-11187314/775,-447504/31
-11187314/775,-11187312/775
-11187314/775,-447504/31
-11187513/775,-11187401/775
-11187513/775,-447504/31
-11187513/775,-11187312/775
-11187513/775,-447504/31
-447489/31,-11187401/775
-447489/31,-447504/31
-447489/31,-11187312/775
-447489/31,-447504/31
-11187513/775,-11187401/775
-11187513/775,-447504/31
-11187513/775,-11187312/775
-11187513/775,-447504/31
