9
1,1
1,17/28
1,0
17/28,1
17/28,17/28
17/28,0
0,1
0,17/28
0,0
4
4 4 1 0 3
4 5 2 1 4
4 7 4 3 6
4 8 5 4 7
50144318423892676698647481629402785227487/14,18146521682930052606900610613295722837251/14
50144318423892676698647481629402785227487/14,36293043365860105213801221226591445674513/28
50144318423892676698647481629402785227487/14,9073260841465026303450305306647861418624/7
100288636847785353397294963258805570454985/28,18146521682930052606900610613295722837251/14
100288636847785353397294963258805570454985/28,36293043365860105213801221226591445674513/28
100288636847785353397294963258805570454985/28,9073260841465026303450305306647861418624/7
25072159211946338349323740814701392613742/7,18146521682930052606900610613295722837251/14
25072159211946338349323740814701392613742/7,36293043365860105213801221226591445674513/28
25072159211946338349323740814701392613742/7,9073260841465026303450305306647861418624/7
