9
1,1
1,243/250
1,0
243/400,1
243/400,243/250
243/400,0
0,1
0,243/250
0,0
4
4 4 1 0 3
4 5 2 1 4
4 7 4 3 6
4 8 5 4 7
716347406055609667123535451848611217535443/200,324045030052322367980368046665995050665293/250
716347406055609667123535451848611217535443/200,6480900601046447359607360933319901013306/5
716347406055609667123535451848611217535443/200,324045030052322367980368046665995050665057/250
1432694812111219334247070903697222435071043/400,324045030052322367980368046665995050665293/250
1432694812111219334247070903697222435071043/400,6480900601046447359607360933319901013306/5
1432694812111219334247070903697222435071043/400,324045030052322367980368046665995050665057/250
3581737030278048335617677259243056087677,324045030052322367980368046665995050665293/250
3581737030278048335617677259243056087677,6480900601046447359607360933319901013306/5
3581737030278048335617677259243056087677,324045030052322367980368046665995050665057/250
