12
1,1
1,259341377001/263753915744
1,0
5797225971/6663592595,1
5797225971/6663592595,259341377001/263753915744
5797225971/6663592595,0
5797225971/13327185190,1
5797225971/13327185190,259341377001/263753915744
5797225971/13327185190,0
0,1
0,259341377001/263753915744
0,0
6
4 4 1 0 3
4 5 2 1 4
4 7 4 3 6
4 8 5 4 7
4 10 7 6 9
4 11 8 7 10
1980133451/3998155557,5669534473157/5934463104240
1980133451/3998155557,11537633189749/11868926208480
1980133451/3998155557,-1360372/121647735
2701/7395,5669534473157/5934463104240
2701/7395,11537633189749/11868926208480
2701/7395,-1360372/121647735
31994812679/39981555570,5669534473157/5934463104240
31994812679/39981555570,11537633189749/11868926208480
31994812679/39981555570,-1360372/121647735
2701/7395,5669534473157/5934463104240
2701/7395,11537633189749/11868926208480
2701/7395,-1360372/121647735
