16
1,1
1,1207/1600
1,1207/3200
1,0
71/100,1
71/100,1207/1600
71/100,1207/3200
71/100,0
71/200,1
71/200,1207/1600
71/200,1207/3200
71/200,0
0,1
0,1207/1600
0,1207/3200
0,0
9
4 5 1 0 4
4 6 2 1 5
4 7 3 2 6
4 9 5 4 8
4 10 6 5 9
4 11 7 6 10
4 13 9 8 12
4 14 10 9 13
4 15 11 10 14
-627/800,-321/3200
-627/800,-1107/3200
-627/800,1/32
-627/800,-1107/3200
-859/800,-321/3200
-859/800,-1107/3200
-859/800,1/32
-859/800,-1107/3200
-23/32,-321/3200
-23/32,-1107/3200
-23/32,1/32
-23/32,-1107/3200
-859/800,-321/3200
-859/800,-1107/3200
-859/800,1/32
-859/800,-1107/3200
