18
1,1
1,1377/1600
1,4131/6400
1,1377/3200
1,1377/6400
1,0
5751/10000,1
5751/10000,1377/1600
5751/10000,4131/6400
5751/10000,1377/3200
5751/10000,1377/6400
5751/10000,0
0,1
0,1377/1600
0,4131/6400
0,1377/3200
0,1377/6400
0,0
10
4 7 1 0 6
4 8 2 1 7
4 9 3 2 8
4 10 4 3 9
4 11 5 4 10
4 13 7 6 12
4 14 8 7 13
4 15 9 8 14
4 16 10 9 15
4 17 11 10 16
163/2500,543/1280
163/2500,1823/6400
163/2500,1/2
163/2500,1823/6400
163/2500,1/2
163/2500,1823/6400
4901/10000,543/1280
4901/10000,1823/6400
4901/10000,1/2
4901/10000,1823/6400
4901/10000,1/2
4901/10000,1823/6400
-17/200,543/1280
-17/200,1823/6400
-17/200,1/2
-17/200,1823/6400
-17/200,1/2
-17/200,1823/6400
