25
1,1
1,3591/4000
1,1197/2000
1,1197/4000
1,0
147/160,1
147/160,3591/4000
147/160,1197/2000
147/160,1197/4000
147/160,0
49/80,1
49/80,3591/4000
49/80,1197/2000
49/80,1197/4000
49/80,0
49/160,1
49/160,3591/4000
49/160,1197/2000
49/160,1197/4000
49/160,0
0,1
0,3591/4000
0,1197/2000
0,1197/4000
0,0
16
4 6 1 0 5
4 7 2 1 6
4 8 3 2 7
4 9 4 3 8
4 11 6 5 10
4 12 7 6 11
4 13 8 7 12
4 14 9 8 13
4 16 11 10 15
4 17 12 11 16
4 18 13 12 17
4 19 14 13 18
4 21 16 15 20
4 22 17 16 21
4 23 18 17 22
4 24 19 18 23
37/160,1801/4000
37/160,221/400
37/160,1013/4000
37/160,221/400
37/160,1013/4000
5/16,1801/4000
5/16,221/400
5/16,1013/4000
5/16,221/400
5/16,1013/4000
1/160,1801/4000
1/160,221/400
1/160,1013/4000
1/160,221/400
1/160,1013/4000
5/16,1801/4000
5/16,221/400
5/16,1013/4000
5/16,221/400
5/16,1013/4000
1/160,1801/4000
1/160,221/400
1/160,1013/4000
1/160,221/400
1/160,1013/4000
