20
1,1
1,33867/39250
1,11289/19625
1,11289/39250
1,0
1977563/2512000,1
1977563/2512000,33867/39250
1977563/2512000,11289/19625
1977563/2512000,11289/39250
1977563/2512000,0
1977563/5024000,1
1977563/5024000,33867/39250
1977563/5024000,11289/19625
1977563/5024000,11289/39250
1977563/5024000,0
0,1
0,33867/39250
0,11289/19625
0,11289/39250
0,0
12
4 6 1 0 5
4 7 2 1 6
4 8 3 2 7
4 9 4 3 8
4 11 6 5 10
4 12 7 6 11
4 13 8 7 12
4 14 9 8 13
4 16 11 10 15
4 17 12 11 16
4 18 13 12 17
4 19 14 13 18
-516189/5024000,61693/157000
-516189/5024000,3329/6280
-516189/5024000,38069/157000
-516189/5024000,3329/6280
-516189/5024000,38069/157000
-1585063/5024000,61693/157000
-1585063/5024000,3329/6280
-1585063/5024000,38069/157000
-1585063/5024000,3329/6280
-1585063/5024000,38069/157000
5/64,61693/157000
5/64,3329/6280
5/64,38069/157000
5/64,3329/6280
5/64,38069/157000
-1585063/5024000,61693/157000
-1585063/5024000,3329/6280
-1585063/5024000,38069/157000
-1585063/5024000,3329/6280
-1585063/5024000,38069/157000
