20
1,1
1,81/100
1,27/50
1,27/100
1,0
1207989/1442500,1
1207989/1442500,81/100
1207989/1442500,27/50
1207989/1442500,27/100
1207989/1442500,0
1207989/2885000,1
1207989/2885000,81/100
1207989/2885000,27/50
1207989/2885000,27/100
1207989/2885000,0
0,1
0,81/100
0,27/50
0,27/100
0,0
12
4 6 1 0 5
4 7 2 1 6
4 8 3 2 7
4 9 4 3 8
4 11 6 5 10
4 12 7 6 11
4 13 8 7 12
4 14 9 8 13
4 16 11 10 15
4 17 12 11 16
4 18 13 12 17
4 19 14 13 18
-1146159/5770000,31/100
-1146159/5770000,1/2
-1146159/5770000,23/100
-1146159/5770000,1/2
-1146159/5770000,23/100
-2084203/5770000,31/100
-2084203/5770000,1/2
-2084203/5770000,23/100
-2084203/5770000,1/2
-2084203/5770000,23/100
23/400,31/100
23/400,1/2
23/400,23/100
23/400,1/2
23/400,23/100
-2084203/5770000,31/100
-2084203/5770000,1/2
-2084203/5770000,23/100
-2084203/5770000,1/2
-2084203/5770000,23/100
