16
1,1
1,51221/64100
1,51221/128200
1,0
46621/64100,1
46621/64100,51221/64100
46621/64100,51221/128200
46621/64100,0
46621/128200,1
46621/128200,51221/64100
46621/128200,51221/128200
46621/128200,0
0,1
0,51221/64100
0,51221/128200
0,0
9
4 5 1 0 4
4 6 2 1 5
4 7 3 2 6
4 9 5 4 8
4 10 6 5 9
4 11 7 6 10
4 13 9 8 12
4 14 10 9 13
4 15 11 10 14
81571695669729/64100,-6099024831619/64100
81571695669729/64100,-3049512422249/32050
81571695669729/64100,-487921985511/5128
81571695669729/64100,-3049512422249/32050
1631433913045/1282,-6099024831619/64100
1631433913045/1282,-3049512422249/32050
1631433913045/1282,-487921985511/5128
1631433913045/1282,-3049512422249/32050
163143391351121/128200,-6099024831619/64100
163143391351121/128200,-3049512422249/32050
163143391351121/128200,-487921985511/5128
163143391351121/128200,-3049512422249/32050
1631433913045/1282,-6099024831619/64100
1631433913045/1282,-3049512422249/32050
1631433913045/1282,-487921985511/5128
1631433913045/1282,-3049512422249/32050
