16
1,1
1,169533/207400
1,169533/414800
1,0
280371/414800,1
280371/414800,169533/207400
280371/414800,169533/414800
280371/414800,0
280371/829600,1
280371/829600,169533/207400
280371/829600,169533/414800
280371/829600,0
0,1
0,169533/207400
0,169533/414800
0,0
9
4 5 1 0 4
4 6 2 1 5
4 7 3 2 6
4 9 5 4 8
4 10 6 5 9
4 11 7 6 10
4 13 9 8 12
4 14 10 9 13
4 15 11 10 14
1699703469158487/829600,-395110932844449/414800
1699703469158487/829600,-395110932920183/414800
1699703469158487/829600,-7902218655013/8296
1699703469158487/829600,-395110932920183/414800
1699703468889629/829600,-395110932844449/414800
1699703468889629/829600,-395110932920183/414800
1699703468889629/829600,-7902218655013/8296
1699703468889629/829600,-395110932920183/414800
249956392525/122,-395110932844449/414800
249956392525/122,-395110932920183/414800
249956392525/122,-7902218655013/8296
249956392525/122,-395110932920183/414800
1699703468889629/829600,-395110932844449/414800
1699703468889629/829600,-395110932920183/414800
1699703468889629/829600,-7902218655013/8296
1699703468889629/829600,-395110932920183/414800
