16
1,1
1,81/100
1,81/200
1,0
27/40,1
27/40,81/100
27/40,81/200
27/40,0
27/80,1
27/80,81/100
27/80,81/200
27/80,0
0,1
0,81/100
0,81/200
0,0
9
4 5 1 0 4
4 6 2 1 5
4 7 3 2 6
4 9 5 4 8
4 10 6 5 9
4 11 7 6 10
4 13 9 8 12
4 14 10 9 13
4 15 11 10 14
69449570551/80,73416547811/100
69449570551/80,18354136948/25
69449570551/80,29366619133/40
69449570551/80,18354136948/25
13889914105/16,73416547811/100
13889914105/16,18354136948/25
13889914105/16,29366619133/40
13889914105/16,18354136948/25
8681196319/10,73416547811/100
8681196319/10,18354136948/25
8681196319/10,29366619133/40
8681196319/10,18354136948/25
13889914105/16,73416547811/100
13889914105/16,18354136948/25
13889914105/16,29366619133/40
13889914105/16,18354136948/25
