16
1,1
1,666393/835600
1,666393/1671200
1,0
600873/835600,1
600873/835600,666393/835600
600873/835600,666393/1671200
600873/835600,0
600873/1671200,1
600873/1671200,666393/835600
600873/1671200,666393/1671200
600873/1671200,0
0,1
0,666393/835600
0,666393/1671200
0,0
9
4 5 1 0 4
4 6 2 1 5
4 7 3 2 6
4 9 5 4 8
4 10 6 5 9
4 11 7 6 10
4 13 9 8 12
4 14 10 9 13
4 15 11 10 14
1596654465044127/835600,1337957933727321/1671200
1596654465044127/835600,1337957933388907/1671200
1596654465044127/835600,13379579340553/16712
1596654465044127/835600,1337957933388907/1671200
7983272324047/4178,1337957933727321/1671200
7983272324047/4178,1337957933388907/1671200
7983272324047/4178,13379579340553/16712
7983272324047/4178,1337957933388907/1671200
3193308930219673/1671200,1337957933727321/1671200
3193308930219673/1671200,1337957933388907/1671200
3193308930219673/1671200,13379579340553/16712
3193308930219673/1671200,1337957933388907/1671200
7983272324047/4178,1337957933727321/1671200
7983272324047/4178,1337957933388907/1671200
7983272324047/4178,13379579340553/16712
7983272324047/4178,1337957933388907/1671200
