16
1,1
1,11293/13700
1,11293/27400
1,0
9269/13700,1
9269/13700,11293/13700
9269/13700,11293/27400
9269/13700,0
9269/27400,1
9269/27400,11293/13700
9269/27400,11293/27400
9269/27400,0
0,1
0,11293/13700
0,11293/27400
0,0
9
4 5 1 0 4
4 6 2 1 5
4 7 3 2 6
4 9 5 4 8
4 10 6 5 9
4 11 7 6 10
4 13 9 8 12
4 14 10 9 13
4 15 11 10 14
25096212001881/13700,2628288135173/13700
25096212001881/13700,1314144066383/6850
25096212001881/13700,210263051073/1096
25096212001881/13700,1314144066383/6850
501924239949/274,2628288135173/13700
501924239949/274,1314144066383/6850
501924239949/274,210263051073/1096
501924239949/274,1314144066383/6850
50192424004169/27400,2628288135173/13700
50192424004169/27400,1314144066383/6850
50192424004169/27400,210263051073/1096
50192424004169/27400,1314144066383/6850
501924239949/274,2628288135173/13700
501924239949/274,1314144066383/6850
501924239949/274,210263051073/1096
501924239949/274,1314144066383/6850
