16
1,1
1,39071/50000
1,39071/100000
1,0
7031/10000,1
7031/10000,39071/50000
7031/10000,39071/100000
7031/10000,0
7031/20000,1
7031/20000,39071/50000
7031/20000,39071/100000
7031/20000,0
0,1
0,39071/50000
0,39071/100000
0,0
9
4 5 1 0 4
4 6 2 1 5
4 7 3 2 6
4 9 5 4 8
4 10 6 5 9
4 11 7 6 10
4 13 9 8 12
4 14 10 9 13
4 15 11 10 14
60878847239447/20000,-45700832613113/100000
60878847239447/20000,-45700832634971/100000
60878847239447/20000,-457008325959/1000
60878847239447/20000,-45700832634971/100000
60878847233509/20000,-45700832613113/100000
60878847233509/20000,-45700832634971/100000
60878847233509/20000,-457008325959/1000
60878847233509/20000,-45700832634971/100000
3043942362027/1000,-45700832613113/100000
3043942362027/1000,-45700832634971/100000
3043942362027/1000,-457008325959/1000
3043942362027/1000,-45700832634971/100000
60878847233509/20000,-45700832613113/100000
60878847233509/20000,-45700832634971/100000
60878847233509/20000,-457008325959/1000
60878847233509/20000,-45700832634971/100000
