16
1,1
1,819/1000
1,819/2000
1,0
273/400,1
273/400,819/1000
273/400,819/2000
273/400,0
273/800,1
273/800,819/1000
273/800,819/2000
273/800,0
0,1
0,819/1000
0,819/2000
0,0
9
4 5 1 0 4
4 6 2 1 5
4 7 3 2 6
4 9 5 4 8
4 10 6 5 9
4 11 7 6 10
4 13 9 8 12
4 14 10 9 13
4 15 11 10 14
1561291756381/800,323325317793/2000
1561291756381/800,323325317431/2000
1561291756381/800,1293301273/8
1561291756381/800,323325317431/2000
1561291756127/800,323325317793/2000
1561291756127/800,323325317431/2000
1561291756127/800,1293301273/8
1561291756127/800,323325317431/2000
3903229391/2,323325317793/2000
3903229391/2,323325317431/2000
3903229391/2,1293301273/8
3903229391/2,323325317431/2000
1561291756127/800,323325317793/2000
1561291756127/800,323325317431/2000
1561291756127/800,1293301273/8
1561291756127/800,323325317431/2000
