9
1,1
1,203947744374455327/224387219725668200
1,0
203947744374455327/224387219725668200,1
203947744374455327/224387219725668200,203947744374455327/224387219725668200
203947744374455327/224387219725668200,0
0,1
0,203947744374455327/224387219725668200
0,0
4
4 4 1 0 3
4 5 2 1 4
4 7 4 3 6
4 8 5 4 7
-12112562002286237/28048402465708525,5231733545916488/28048402465708525
-12112562002286237/28048402465708525,62293343718544777/224387219725668200
-12112562002286237/28048402465708525,-2833088013118211/4487744394513364
-76461020667077023/224387219725668200,5231733545916488/28048402465708525
-76461020667077023/224387219725668200,62293343718544777/224387219725668200
-76461020667077023/224387219725668200,-2833088013118211/4487744394513364
-5608175300830647/4487744394513364,5231733545916488/28048402465708525
-5608175300830647/4487744394513364,62293343718544777/224387219725668200
-5608175300830647/4487744394513364,-2833088013118211/4487744394513364
