9
1,1
1,23921646801027177/27147584318288200
1,0
23921646801027177/27147584318288200,1
23921646801027177/27147584318288200,23921646801027177/27147584318288200
23921646801027177/27147584318288200,0
0,1
0,23921646801027177/27147584318288200
0,0
4
4 4 1 0 3
4 5 2 1 4
4 7 4 3 6
4 8 5 4 7
-782928550266537/3393448039786025,2609338996404463/3393448039786025
-782928550266537/3393448039786025,24100649488496727/27147584318288200
-782928550266537/3393448039786025,3580053749391/542951686365764
-3037490884871273/27147584318288200,2609338996404463/3393448039786025
-3037490884871273/27147584318288200,24100649488496727/27147584318288200
-3037490884871273/27147584318288200,3580053749391/542951686365764
-539182753717969/542951686365764,2609338996404463/3393448039786025
-539182753717969/542951686365764,24100649488496727/27147584318288200
-539182753717969/542951686365764,3580053749391/542951686365764
