9
1,1
1,211573661970540203/222974700965251300
1,0
211573661970540203/222974700965251300,1
211573661970540203/222974700965251300,211573661970540203/222974700965251300
211573661970540203/222974700965251300,0
0,1
0,211573661970540203/222974700965251300
0,0
4
4 4 1 0 3
4 5 2 1 4
4 7 4 3 6
4 8 5 4 7
3787157886733931/222974700965251300,125579160329299289/111487350482625650
3787157886733931/222974700965251300,10502374386132387/8918988038610052
3787157886733931/222974700965251300,12746424420692368/55743675241312825
3797049220361257/55743675241312825,125579160329299289/111487350482625650
3797049220361257/55743675241312825,10502374386132387/8918988038610052
3797049220361257/55743675241312825,12746424420692368/55743675241312825
-7855418603563807/8918988038610052,125579160329299289/111487350482625650
-7855418603563807/8918988038610052,10502374386132387/8918988038610052
-7855418603563807/8918988038610052,12746424420692368/55743675241312825
