9
1,1
1,82351481485121429391/95069322960706618000
1,0
82351481485121429391/95069322960706618000,1
82351481485121429391/95069322960706618000,82351481485121429391/95069322960706618000
82351481485121429391/95069322960706618000,0
0,1
0,82351481485121429391/95069322960706618000
0,0
4
4 4 1 0 3
4 5 2 1 4
4 7 4 3 6
4 8 5 4 7
-2104666881077932148/5941832685044163625,3594808350241753252/5941832685044163625
-2104666881077932148/5941832685044163625,70234775079453240641/95069322960706618000
-2104666881077932148/5941832685044163625,-48466825622672755/380277291842826472
-20956828621661725759/95069322960706618000,3594808350241753252/5941832685044163625
-20956828621661725759/95069322960706618000,70234775079453240641/95069322960706618000
-20956828621661725759/95069322960706618000,-48466825622672755/380277291842826472
-2066166202135663103/1901386459214132360,3594808350241753252/5941832685044163625
-2066166202135663103/1901386459214132360,70234775079453240641/95069322960706618000
-2066166202135663103/1901386459214132360,-48466825622672755/380277291842826472
