9
1,1
1,23702703935530692429/27561686553868202000
1,0
23702703935530692429/27561686553868202000,1
23702703935530692429/27561686553868202000,23702703935530692429/27561686553868202000
23702703935530692429/27561686553868202000,0
0,1
0,23702703935530692429/27561686553868202000
0,0
4
4 4 1 0 3
4 5 2 1 4
4 7 4 3 6
4 8 5 4 7
-2985378461348967073/6890421638467050500,3321881197878898527/6890421638467050500
-2985378461348967073/6890421638467050500,17146507409853103679/27561686553868202000
-2985378461348967073/6890421638467050500,-26224786102710355/110246746215472808
-8082531227058358721/27561686553868202000,3321881197878898527/6890421638467050500
-8082531227058358721/27561686553868202000,17146507409853103679/27561686553868202000
-8082531227058358721/27561686553868202000,-26224786102710355/110246746215472808
-635704703251781023/551233731077364040,3321881197878898527/6890421638467050500
-635704703251781023/551233731077364040,17146507409853103679/27561686553868202000
-635704703251781023/551233731077364040,-26224786102710355/110246746215472808
