9
1,1
1,21229127103807486937/23328938026712011700
1,0
21229127103807486937/23328938026712011700,1
21229127103807486937/23328938026712011700,21229127103807486937/23328938026712011700
21229127103807486937/23328938026712011700,0
0,1
0,21229127103807486937/23328938026712011700
0,0
4
4 4 1 0 3
4 5 2 1 4
4 7 4 3 6
4 8 5 4 7
-5679356581739647463/23328938026712011700,2145345793277968187/11664469013356005850
-5679356581739647463/23328938026712011700,6390502509460461137/23328938026712011700
-5679356581739647463/23328938026712011700,-8728602702557074/13722904721595301
-35795456588351227/233289380267120117,2145345793277968187/11664469013356005850
-35795456588351227/233289380267120117,6390502509460461137/23328938026712011700
-35795456588351227/233289380267120117,-8728602702557074/13722904721595301
-24808672762642609637/23328938026712011700,2145345793277968187/11664469013356005850
-24808672762642609637/23328938026712011700,6390502509460461137/23328938026712011700
-24808672762642609637/23328938026712011700,-8728602702557074/13722904721595301
