9
1,1
1,1559239503849319/2624099120843200
1,0
158483813/164569200,1
158483813/164569200,1559239503849319/2624099120843200
158483813/164569200,0
0,1
0,1559239503849319/2624099120843200
0,0
4
4 4 1 0 3
4 5 2 1 4
4 7 4 3 6
4 8 5 4 7
23149321/27428200,245763440890031/302780667789600
23149321/27428200,9584428314122449/7872297362529600
23149321/27428200,813149473/1304612400
144981313/164569200,245763440890031/302780667789600
144981313/164569200,9584428314122449/7872297362529600
144981313/164569200,813149473/1304612400
-135025/1645692,245763440890031/302780667789600
-135025/1645692,9584428314122449/7872297362529600
-135025/1645692,813149473/1304612400
