9
1,1
1,250229606291/458977713000
1,0
231698999/427371750,1
231698999/427371750,250229606291/458977713000
231698999/427371750,0
0,1
0,250229606291/458977713000
0,0
4
4 4 1 0 3
4 5 2 1 4
4 7 4 3 6
4 8 5 4 7
101737999/427371750,5568650241/8999563000
101737999/427371750,5311/4947
101737999/427371750,242519662709/458977713000
119/171,5568650241/8999563000
119/171,5311/4947
119/171,242519662709/458977713000
21903917/142457250,5568650241/8999563000
21903917/142457250,5311/4947
21903917/142457250,242519662709/458977713000
