12
1,1
1,28007579967/38476064125
1,0
64485934883/76952128250,1
64485934883/76952128250,28007579967/38476064125
64485934883/76952128250,0
64485934883/153904256500,1
64485934883/153904256500,28007579967/38476064125
64485934883/153904256500,0
0,1
0,28007579967/38476064125
0,0
6
4 4 1 0 3
4 5 2 1 4
4 7 4 3 6
4 8 5 4 7
4 10 7 6 9
4 11 8 7 10
-760691311847/461712769500,104082657376/115428192375
-760691311847/461712769500,5419524394/4617127695
-760691311847/461712769500,51465369949/115428192375
-835488472049/461712769500,104082657376/115428192375
-835488472049/461712769500,5419524394/4617127695
-835488472049/461712769500,51465369949/115428192375
-173521802/124787235,104082657376/115428192375
-173521802/124787235,5419524394/4617127695
-173521802/124787235,51465369949/115428192375
-835488472049/461712769500,104082657376/115428192375
-835488472049/461712769500,5419524394/4617127695
-835488472049/461712769500,51465369949/115428192375
