25
1,1
1,4731/5120
1,1577/2560
1,1577/5120
1,0
4959/5120,1
4959/5120,4731/5120
4959/5120,1577/2560
4959/5120,1577/5120
4959/5120,0
1653/2560,1
1653/2560,4731/5120
1653/2560,1577/2560
1653/2560,1577/5120
1653/2560,0
1653/5120,1
1653/5120,4731/5120
1653/5120,1577/2560
1653/5120,1577/5120
1653/5120,0
0,1
0,4731/5120
0,1577/2560
0,1577/5120
0,0
16
4 6 1 0 5
4 7 2 1 6
4 8 3 2 7
4 9 4 3 8
4 11 6 5 10
4 12 7 6 11
4 13 8 7 12
4 14 9 8 13
4 16 11 10 15
4 17 12 11 16
4 18 13 12 17
4 19 14 13 18
4 21 16 15 20
4 22 17 16 21
4 23 18 17 22
4 24 19 18 23
43/80,197/1280
43/80,1177/5120
43/80,-5/64
43/80,1177/5120
43/80,-5/64
2913/5120,197/1280
2913/5120,1177/5120
2913/5120,-5/64
2913/5120,1177/5120
2913/5120,-5/64
63/256,197/1280
63/256,1177/5120
63/256,-5/64
63/256,1177/5120
63/256,-5/64
2913/5120,197/1280
2913/5120,1177/5120
2913/5120,-5/64
2913/5120,1177/5120
2913/5120,-5/64
63/256,197/1280
63/256,1177/5120
63/256,-5/64
63/256,1177/5120
63/256,-5/64
