12
1,1
1,105839653155747/114889527477250
1,105839653155747/229779054954500
1,0
96806811816453/114889527477250,1
96806811816453/114889527477250,105839653155747/114889527477250
96806811816453/114889527477250,105839653155747/229779054954500
96806811816453/114889527477250,0
0,1
0,105839653155747/114889527477250
0,105839653155747/229779054954500
0,0
6
4 5 1 0 4
4 6 2 1 5
4 7 3 2 6
4 9 5 4 8
4 10 6 5 9
4 11 7 6 10
-4756750894469783/4480691571612750,1883734914464051/8961383143225500
-4756750894469783/4480691571612750,1177844717386817/8961383143225500
-4756750894469783/4480691571612750,106111823809219/179227662864510
-4756750894469783/4480691571612750,1177844717386817/8961383143225500
-2190013504702/2421995444115,1883734914464051/8961383143225500
-2190013504702/2421995444115,1177844717386817/8961383143225500
-2190013504702/2421995444115,106111823809219/179227662864510
-2190013504702/2421995444115,1177844717386817/8961383143225500
-7826990644540367/4480691571612750,1883734914464051/8961383143225500
-7826990644540367/4480691571612750,1177844717386817/8961383143225500
-7826990644540367/4480691571612750,106111823809219/179227662864510
-7826990644540367/4480691571612750,1177844717386817/8961383143225500
