30
1,1
1,1533/2000
1,511/1000
1,511/2000
1,0
588/625,1
588/625,1533/2000
588/625,511/1000
588/625,511/2000
588/625,0
441/625,1
441/625,1533/2000
441/625,511/1000
441/625,511/2000
441/625,0
294/625,1
294/625,1533/2000
294/625,511/1000
294/625,511/2000
294/625,0
147/625,1
147/625,1533/2000
147/625,511/1000
147/625,511/2000
147/625,0
0,1
0,1533/2000
0,511/1000
0,511/2000
0,0
20
4 6 1 0 5
4 7 2 1 6
4 8 3 2 7
4 9 4 3 8
4 11 6 5 10
4 12 7 6 11
4 13 8 7 12
4 14 9 8 13
4 16 11 10 15
4 17 12 11 16
4 18 13 12 17
4 19 14 13 18
4 21 16 15 20
4 22 17 16 21
4 23 18 17 22
4 24 19 18 23
4 26 21 20 25
4 27 22 21 26
4 28 23 22 27
4 29 24 23 28
4117/10000,217/500
4117/10000,267/400
4117/10000,103/250
4117/10000,267/400
4117/10000,103/250
141/400,217/500
141/400,267/400
141/400,103/250
141/400,267/400
141/400,103/250
5877/10000,217/500
5877/10000,267/400
5877/10000,103/250
5877/10000,267/400
5877/10000,103/250
141/400,217/500
141/400,267/400
141/400,103/250
141/400,267/400
141/400,103/250
5877/10000,217/500
5877/10000,267/400
5877/10000,103/250
5877/10000,267/400
5877/10000,103/250
141/400,217/500
141/400,267/400
141/400,103/250
141/400,267/400
141/400,103/250
