12
1,1
1,26293669/44220000
1,0
199607147/218336250,1
199607147/218336250,26293669/44220000
199607147/218336250,0
199607147/436672500,1
199607147/436672500,26293669/44220000
199607147/436672500,0
0,1
0,26293669/44220000
0,0
6
4 4 1 0 3
4 5 2 1 4
4 7 4 3 6
4 8 5 4 7
4 10 7 6 9
4 11 8 7 10
16740671/39697500,1483511/5527500
16740671/39697500,9931473/14740000
16740671/39697500,19/240
74273/221100,1483511/5527500
74273/221100,9931473/14740000
74273/221100,19/240
173148161/218336250,1483511/5527500
173148161/218336250,9931473/14740000
173148161/218336250,19/240
74273/221100,1483511/5527500
74273/221100,9931473/14740000
74273/221100,19/240
