9
1,1
1,135299039316/167780352125
1,0
118386229311/134224281700,1
118386229311/134224281700,135299039316/167780352125
118386229311/134224281700,0
0,1
0,135299039316/167780352125
0,0
4
4 4 1 0 3
4 5 2 1 4
4 7 4 3 6
4 8 5 4 7
8861876243/67112140850,-132067393368/167780352125
8861876243/67112140850,-99586080559/167780352125
8861876243/67112140850,-1879080959/1342242817
1342472195/5368971268,-132067393368/167780352125
1342472195/5368971268,-99586080559/167780352125
1342472195/5368971268,-1879080959/1342242817
-21206106109/33556070425,-132067393368/167780352125
-21206106109/33556070425,-99586080559/167780352125
-21206106109/33556070425,-1879080959/1342242817
