16
1,1
1,369/520
1,369/1040
1,0
369/520,1
369/520,369/520
369/520,369/1040
369/520,0
369/1040,1
369/1040,369/520
369/1040,369/1040
369/1040,0
0,1
0,369/520
0,369/1040
0,0
9
4 5 1 0 4
4 6 2 1 5
4 7 3 2 6
4 9 5 4 8
4 10 6 5 9
4 11 7 6 10
4 13 9 8 12
4 14 10 9 13
4 15 11 10 14
-31/260,207/520
-31/260,7/65
-31/260,37/80
-31/260,7/65
-213/520,207/520
-213/520,7/65
-213/520,37/80
-213/520,7/65
-57/1040,207/520
-57/1040,7/65
-57/1040,37/80
-57/1040,7/65
-213/520,207/520
-213/520,7/65
-213/520,37/80
-213/520,7/65
