9
1,1
1,12912154277656470717/13672995319918805000
1,0
234130645929381/326227743517000,1
234130645929381/326227743517000,12912154277656470717/13672995319918805000
234130645929381/326227743517000,0
0,1
0,12912154277656470717/13672995319918805000
0,0
4
4 4 1 0 3
4 5 2 1 4
4 7 4 3 6
4 8 5 4 7
273960711802881/326227743517000,659165526866840401/804293842348165000
273960711802881/326227743517000,9671/11050
273960711802881/326227743517000,-72730713742911509/1051768870762985000
2309512993/2058219202,659165526866840401/804293842348165000
2309512993/2058219202,9671/11050
2309512993/2058219202,-72730713742911509/1051768870762985000
10148243343163/25094441809000,659165526866840401/804293842348165000
10148243343163/25094441809000,9671/11050
10148243343163/25094441809000,-72730713742911509/1051768870762985000
