9
1,1
1,449745324857433/520246307668750
1,0
4147361763922121/7799839159344375,1
4147361763922121/7799839159344375,449745324857433/520246307668750
4147361763922121/7799839159344375,0
0,1
0,449745324857433/520246307668750
0,0
4
4 4 1 0 3
4 5 2 1 4
4 7 4 3 6
4 8 5 4 7
200321051590303961/319793405533119375,284559426221308/260123153834375
200321051590303961/319793405533119375,639619835253933/520246307668750
200321051590303961/319793405533119375,1542/4225
15761671057/14398379385,284559426221308/260123153834375
15761671057/14398379385,639619835253933/520246307668750
15761671057/14398379385,1542/4225
60010264160603138/106597801844373125,284559426221308/260123153834375
60010264160603138/106597801844373125,639619835253933/520246307668750
60010264160603138/106597801844373125,1542/4225
