9
1,1
1,159260989553309467/163288629422018600
1,0
54537796148587505/89046419379216144,1
54537796148587505/89046419379216144,159260989553309467/163288629422018600
54537796148587505/89046419379216144,0
0,1
0,159260989553309467/163288629422018600
0,0
4
4 4 1 0 3
4 5 2 1 4
4 7 4 3 6
4 8 5 4 7
58138712318955449/89046419379216144,159260989553309467/163288629422018600
58138712318955449/89046419379216144,1
58138712318955449/89046419379216144,4027639868709133/163288629422018600
3388203/3256514,159260989553309467/163288629422018600
3388203/3256514,1
3388203/3256514,4027639868709133/163288629422018600
38109539400996583/89046419379216144,159260989553309467/163288629422018600
38109539400996583/89046419379216144,1
38109539400996583/89046419379216144,4027639868709133/163288629422018600
