9
1,1
1,6467651/6512500
1,0
3731564567224807/5047747518992500,1
3731564567224807/5047747518992500,6467651/6512500
3731564567224807/5047747518992500,0
0,1
0,6467651/6512500
0,0
4
4 4 1 0 3
4 5 2 1 4
4 7 4 3 6
4 8 5 4 7
2163115353331057/2523873759496250,2374201/3256250
2163115353331057/2523873759496250,4793251/6512500
2163115353331057/2523873759496250,-16744/65125
806059094061401/721106788427500,2374201/3256250
806059094061401/721106788427500,4793251/6512500
806059094061401/721106788427500,-16744/65125
1467062642/3875429957,2374201/3256250
1467062642/3875429957,4793251/6512500
1467062642/3875429957,-16744/65125
