9
1,1
1,14719559510145523/22493970382267900
1,0
10953241156521601/11211603967903250,1
10953241156521601/11211603967903250,14719559510145523/22493970382267900
10953241156521601/11211603967903250,0
0,1
0,14719559510145523/22493970382267900
0,0
4
4 4 1 0 3
4 5 2 1 4
4 7 4 3 6
4 8 5 4 7
5695775067448851/5605801983951625,2810436066065573/11246985191133950
5695775067448851/5605801983951625,787957823779619/1323174728368700
5695775067448851/5605801983951625,-23056920/391641529
11649912946279351/11211603967903250,2810436066065573/11246985191133950
11649912946279351/11211603967903250,787957823779619/1323174728368700
11649912946279351/11211603967903250,-23056920/391641529
333/5359,2810436066065573/11246985191133950
333/5359,787957823779619/1323174728368700
333/5359,-23056920/391641529
