12
1,1
1,31473099833342756055809139/32301612918745998270277790
1,31473099833342756055809139/64603225837491996540555580
1,0
35690955154627917101573/43074483433008626931930,1
35690955154627917101573/43074483433008626931930,31473099833342756055809139/32301612918745998270277790
35690955154627917101573/43074483433008626931930,31473099833342756055809139/64603225837491996540555580
35690955154627917101573/43074483433008626931930,0
0,1
0,31473099833342756055809139/32301612918745998270277790
0,31473099833342756055809139/64603225837491996540555580
0,0
6
4 5 1 0 4
4 6 2 1 5
4 7 3 2 6
4 9 5 4 8
4 10 6 5 9
4 11 7 6 10
50951132714457019756873/43074483433008626931930,-1670366702954454265415197/64603225837491996540555580
50951132714457019756873/43074483433008626931930,-3327392873760938694352499/64603225837491996540555580
50951132714457019756873/43074483433008626931930,182572264860032/419060614656179
50951132714457019756873/43074483433008626931930,-3327392873760938694352499/64603225837491996540555580
542399/400509,-1670366702954454265415197/64603225837491996540555580
542399/400509,-3327392873760938694352499/64603225837491996540555580
542399/400509,182572264860032/419060614656179
542399/400509,-3327392873760938694352499/64603225837491996540555580
7547901946069937495219/14358161144336208977310,-1670366702954454265415197/64603225837491996540555580
7547901946069937495219/14358161144336208977310,-3327392873760938694352499/64603225837491996540555580
7547901946069937495219/14358161144336208977310,182572264860032/419060614656179
7547901946069937495219/14358161144336208977310,-3327392873760938694352499/64603225837491996540555580
