9
1,1
1,116882090198631/157310871594400
1,0
25408074757617/32595139443860,1
25408074757617/32595139443860,116882090198631/157310871594400
25408074757617/32595139443860,0
0,1
0,116882090198631/157310871594400
0,0
4
4 4 1 0 3
4 5 2 1 4
4 7 4 3 6
4 8 5 4 7
124581708669203/146678127497370,222904890045193/471932614783200
124581708669203/146678127497370,11675/16008
124581708669203/146678127497370,-6455036363393/471932614783200
16518263132347/15439802894460,222904890045193/471932614783200
16518263132347/15439802894460,11675/16008
16518263132347/15439802894460,-6455036363393/471932614783200
28846/99351,222904890045193/471932614783200
28846/99351,11675/16008
28846/99351,-6455036363393/471932614783200
