25
1,1
1,7553/8700
1,7553/13050
1,7553/26100
1,0
7553/8700,1
7553/8700,7553/8700
7553/8700,7553/13050
7553/8700,7553/26100
7553/8700,0
7553/13050,1
7553/13050,7553/8700
7553/13050,7553/13050
7553/13050,7553/26100
7553/13050,0
7553/26100,1
7553/26100,7553/8700
7553/26100,7553/13050
7553/26100,7553/26100
7553/26100,0
0,1
0,7553/8700
0,7553/13050
0,7553/26100
0,0
16
4 6 1 0 5
4 7 2 1 6
4 8 3 2 7
4 9 4 3 8
4 11 6 5 10
4 12 7 6 11
4 13 8 7 12
4 14 9 8 13
4 16 11 10 15
4 17 12 11 16
4 18 13 12 17
4 19 14 13 18
4 21 16 15 20
4 22 17 16 21
4 23 18 17 22
4 24 19 18 23
6481/13050,5531/13050
6481/13050,14503/26100
6481/13050,139/522
6481/13050,14503/26100
6481/13050,139/522
16403/26100,5531/13050
16403/26100,14503/26100
16403/26100,139/522
16403/26100,14503/26100
16403/26100,139/522
59/174,5531/13050
59/174,14503/26100
59/174,139/522
59/174,14503/26100
59/174,139/522
16403/26100,5531/13050
16403/26100,14503/26100
16403/26100,139/522
16403/26100,14503/26100
16403/26100,139/522
59/174,5531/13050
59/174,14503/26100
59/174,139/522
59/174,14503/26100
59/174,139/522
