9
1,1
1,41/50
1,0
1271/2500,1
1271/2500,41/50
1271/2500,0
0,1
0,41/50
0,0
4
4 4 1 0 3
4 5 2 1 4
4 7 4 3 6
4 8 5 4 7
504508316722482816818684453523/625,21/200
504508316722482816818684453523/625,57/200
504508316722482816818684453523/625,-107/200
2018033266889931267274737815321/2500,21/200
2018033266889931267274737815321/2500,57/200
2018033266889931267274737815321/2500,-107/200
40360665337798625345494756281/50,21/200
40360665337798625345494756281/50,57/200
40360665337798625345494756281/50,-107/200
