12
1,1
1,4641/5050
1,4641/10100
1,0
797347213/1442397000,1
797347213/1442397000,4641/5050
797347213/1442397000,4641/10100
797347213/1442397000,0
0,1
0,4641/5050
0,4641/10100
0,0
6
4 5 1 0 4
4 6 2 1 5
4 7 3 2 6
4 9 5 4 8
4 10 6 5 9
4 11 7 6 10
90084716/540898875,-41/5050
90084716/540898875,-9/101
90084716/540898875,3741/10100
90084716/540898875,-9/101
2655827089/4327191000,-41/5050
2655827089/4327191000,-9/101
2655827089/4327191000,3741/10100
2655827089/4327191000,-9/101
48401/793980,-41/5050
48401/793980,-9/101
48401/793980,3741/10100
48401/793980,-9/101
