9
1,1
1,223342477443639/305870209401250
1,0
26880212278485305351014/32326377143374942517425,1
26880212278485305351014/32326377143374942517425,223342477443639/305870209401250
26880212278485305351014/32326377143374942517425,0
0,1
0,223342477443639/305870209401250
0,0
4
4 4 1 0 3
4 5 2 1 4
4 7 4 3 6
4 8 5 4 7
28579420297749989860189/32326377143374942517425,70407372743014/152935104700625
28579420297749989860189/32326377143374942517425,223342477443639/305870209401250
28579420297749989860189/32326377143374942517425,0
1361023406505585081064/1293055085734997700697,70407372743014/152935104700625
1361023406505585081064/1293055085734997700697,223342477443639/305870209401250
1361023406505585081064/1293055085734997700697,0
7145372884154321675586/32326377143374942517425,70407372743014/152935104700625
7145372884154321675586/32326377143374942517425,223342477443639/305870209401250
7145372884154321675586/32326377143374942517425,0
