12
1,1
1,225629724279/300090535000
1,225629724279/600181070000
1,0
1517325150281/1898932335000,1
1517325150281/1898932335000,225629724279/300090535000
1517325150281/1898932335000,225629724279/600181070000
1517325150281/1898932335000,0
0,1
0,225629724279/300090535000
0,225629724279/600181070000
0,0
6
4 5 1 0 4
4 6 2 1 5
4 7 3 2 6
4 9 5 4 8
4 10 6 5 9
4 11 7 6 10
515172473381/949466167500,224447158213/600181070000
515172473381/949466167500,75525536771/600181070000
515172473381/949466167500,174517/347800
515172473381/949466167500,75525536771/600181070000
1411952131481/1898932335000,224447158213/600181070000
1411952131481/1898932335000,75525536771/600181070000
1411952131481/1898932335000,174517/347800
1411952131481/1898932335000,75525536771/600181070000
-2898/52225,224447158213/600181070000
-2898/52225,75525536771/600181070000
-2898/52225,174517/347800
-2898/52225,75525536771/600181070000
