16
1,1
1,9466579/11349750
1,9466579/22699500
1,0
100970711297/109123140000,1
100970711297/109123140000,9466579/11349750
100970711297/109123140000,9466579/22699500
100970711297/109123140000,0
100970711297/218246280000,1
100970711297/218246280000,9466579/11349750
100970711297/218246280000,9466579/22699500
100970711297/218246280000,0
0,1
0,9466579/11349750
0,9466579/22699500
0,0
9
4 5 1 0 4
4 6 2 1 5
4 7 3 2 6
4 9 5 4 8
4 10 6 5 9
4 11 7 6 10
4 13 9 8 12
4 14 10 9 13
4 15 11 10 14
27133644803/109123140000,4136213/22699500
27133644803/109123140000,369871/22699500
27133644803/109123140000,13/30
27133644803/109123140000,369871/22699500
4279/24600,4136213/22699500
4279/24600,369871/22699500
4279/24600,13/30
4279/24600,369871/22699500
138933143497/218246280000,4136213/22699500
138933143497/218246280000,369871/22699500
138933143497/218246280000,13/30
138933143497/218246280000,369871/22699500
4279/24600,4136213/22699500
4279/24600,369871/22699500
4279/24600,13/30
4279/24600,369871/22699500
