9
1,1
1,18172151542347/28446280476250
1,0
36372295082795596/62887005759625125,1
36372295082795596/62887005759625125,18172151542347/28446280476250
36372295082795596/62887005759625125,0
0,1
0,18172151542347/28446280476250
0,0
4
4 4 1 0 3
4 5 2 1 4
4 7 4 3 6
4 8 5 4 7
78569390629939553/251548023038500500,34368298849151/113785121905000
78569390629939553/251548023038500500,75464814584763/113785121905000
78569390629939553/251548023038500500,137391/5631080
184628233337257669/251548023038500500,34368298849151/113785121905000
184628233337257669/251548023038500500,75464814584763/113785121905000
184628233337257669/251548023038500500,137391/5631080
70226531/451348300,34368298849151/113785121905000
70226531/451348300,75464814584763/113785121905000
70226531/451348300,137391/5631080
