9
1,1
1,648422621/1150249750
1,0
362461339160437/387804569947500,1
362461339160437/387804569947500,648422621/1150249750
362461339160437/387804569947500,0
0,1
0,648422621/1150249750
0,0
4
4 4 1 0 3
4 5 2 1 4
4 7 4 3 6
4 8 5 4 7
74849490146581/96951142486875,342230521/1150249750
74849490146581/96951142486875,5199/7085
74849490146581/96951142486875,195635029/1150249750
108247063791129/129268189982500,342230521/1150249750
108247063791129/129268189982500,5199/7085
108247063791129/129268189982500,195635029/1150249750
-387071809/3979523550,342230521/1150249750
-387071809/3979523550,5199/7085
-387071809/3979523550,195635029/1150249750
