9
1,1
1,29833425403/43632532000
1,0
159642606427/250001850000,1
159642606427/250001850000,29833425403/43632532000
159642606427/250001850000,0
0,1
0,29833425403/43632532000
0,0
4
4 4 1 0 3
4 5 2 1 4
4 7 4 3 6
4 8 5 4 7
8608736809/41666975000,11678342697/21816266000
8608736809/41666975000,37155791991/43632532000
8608736809/41666975000,4005671/23869000
142011664427/250001850000,11678342697/21816266000
142011664427/250001850000,37155791991/43632532000
142011664427/250001850000,4005671/23869000
-1259353/17857275,11678342697/21816266000
-1259353/17857275,37155791991/43632532000
-1259353/17857275,4005671/23869000
