8
1,1
1,54510083462698767812/63339674570345121165
1,27255041731349383906/63339674570345121165
1,0
0,1
0,54510083462698767812/63339674570345121165
0,27255041731349383906/63339674570345121165
0,0
3
4 5 1 0 4
4 6 2 1 5
4 7 3 2 6
133170605939389712/140760751867622145,12834639847256162554/21113224856781707055
133170605939389712/140760751867622145,50494739/107780715
133170605939389712/140760751867622145,11092121382521/12341105419251
133170605939389712/140760751867622145,50494739/107780715
-7590145928232433/140760751867622145,12834639847256162554/21113224856781707055
-7590145928232433/140760751867622145,50494739/107780715
-7590145928232433/140760751867622145,11092121382521/12341105419251
-7590145928232433/140760751867622145,50494739/107780715
