20
1,1
1,473/500
1,473/750
1,473/1500
1,0
817/1200,1
817/1200,473/500
817/1200,473/750
817/1200,473/1500
817/1200,0
817/2400,1
817/2400,473/500
817/2400,473/750
817/2400,473/1500
817/2400,0
0,1
0,473/500
0,473/750
0,473/1500
0,0
12
4 6 1 0 5
4 7 2 1 6
4 8 3 2 7
4 9 4 3 8
4 11 6 5 10
4 12 7 6 11
4 13 8 7 12
4 14 9 8 13
4 16 11 10 15
4 17 12 11 16
4 18 13 12 17
4 19 14 13 18
203/300,98/375
203/300,473/1500
203/300,0
203/300,473/1500
203/300,0
143/400,98/375
143/400,473/1500
143/400,0
143/400,473/1500
143/400,0
67/96,98/375
67/96,473/1500
67/96,0
67/96,473/1500
67/96,0
143/400,98/375
143/400,473/1500
143/400,0
143/400,473/1500
143/400,0
