12
1,1
1,574249503/701374600
1,574249503/1402749200
1,0
1179801519/1753436500,1
1179801519/1753436500,574249503/701374600
1179801519/1753436500,574249503/1402749200
1179801519/1753436500,0
0,1
0,574249503/701374600
0,574249503/1402749200
0,0
6
4 5 1 0 4
4 6 2 1 5
4 7 3 2 6
4 9 5 4 8
4 10 6 5 9
4 11 7 6 10
402418969/876718250,147783947/701374600
402418969/876718250,413177/14027492
402418969/876718250,615567203/1402749200
402418969/876718250,413177/14027492
1378472919/1753436500,147783947/701374600
1378472919/1753436500,413177/14027492
1378472919/1753436500,615567203/1402749200
1378472919/1753436500,413177/14027492
1986714/17534365,147783947/701374600
1986714/17534365,413177/14027492
1986714/17534365,615567203/1402749200
1986714/17534365,413177/14027492
