16
1,1
1,1241/1650
1,1241/3300
1,0
1241/1650,1
1241/1650,1241/1650
1241/1650,1241/3300
1241/1650,0
1241/3300,1
1241/3300,1241/1650
1241/3300,1241/3300
1241/3300,0
0,1
0,1241/1650
0,1241/3300
0,0
9
4 5 1 0 4
4 6 2 1 5
4 7 3 2 6
4 9 5 4 8
4 10 6 5 9
4 11 7 6 10
4 13 9 8 12
4 14 10 9 13
4 15 11 10 14
-1043741/1100,-1565791/1650
-1043741/1100,-31324/33
-1043741/1100,-3131159/3300
-1043741/1100,-31324/33
-284731/300,-1565791/1650
-284731/300,-31324/33
-284731/300,-3131159/3300
-284731/300,-31324/33
-10436/11,-1565791/1650
-10436/11,-31324/33
-10436/11,-3131159/3300
-10436/11,-31324/33
-284731/300,-1565791/1650
-284731/300,-31324/33
-284731/300,-3131159/3300
-284731/300,-31324/33
