9
1,1
1,99/100
1,0
99/100,1
99/100,99/100
99/100,0
0,1
0,99/100
0,0
4
4 4 1 0 3
4 5 2 1 4
4 7 4 3 6
4 8 5 4 7
199999999999991425171/200,200000000000006111371/200
199999999999991425171/200,200000000000006111373/200
199999999999991425171/200,8000000000000244447/8
199999999999991425173/200,200000000000006111371/200
199999999999991425173/200,200000000000006111373/200
199999999999991425173/200,8000000000000244447/8
7999999999999656999/8,200000000000006111371/200
7999999999999656999/8,200000000000006111373/200
7999999999999656999/8,8000000000000244447/8
