9
1,1
1,1498814576/2812108975
1,0
4846062100430723/8349693427150400,1
4846062100430723/8349693427150400,1498814576/2812108975
4846062100430723/8349693427150400,0
0,1
0,1498814576/2812108975
0,0
4
4 4 1 0 3
4 5 2 1 4
4 7 4 3 6
4 8 5 4 7
1219957203411043/4174846713575200,-50074372/165418175
1219957203411043/4174846713575200,81/493
1219957203411043/4174846713575200,-1036784501/2812108975
5943545733541763/8349693427150400,-50074372/165418175
5943545733541763/8349693427150400,81/493
5943545733541763/8349693427150400,-1036784501/2812108975
49366464/375581765,-50074372/165418175
49366464/375581765,81/493
49366464/375581765,-1036784501/2812108975
