12
1,1
1,383106370805042133/540247036756519400
1,0
5959242741172421566/5974898209308189875,1
5959242741172421566/5974898209308189875,383106370805042133/540247036756519400
5959242741172421566/5974898209308189875,0
2979621370586210783/5974898209308189875,1
2979621370586210783/5974898209308189875,383106370805042133/540247036756519400
2979621370586210783/5974898209308189875,0
0,1
0,383106370805042133/540247036756519400
0,0
6
4 4 1 0 3
4 5 2 1 4
4 7 4 3 6
4 8 5 4 7
4 10 7 6 9
4 11 8 7 10
6716030381758628803/17924694627924569625,161378572924345199/810370555134779100
6716030381758628803/17924694627924569625,72198103973011109/147340100933596200
6716030381758628803/17924694627924569625,-93457886503159/426510818491989
6669063977351323876/17924694627924569625,161378572924345199/810370555134779100
6669063977351323876/17924694627924569625,72198103973011109/147340100933596200
6669063977351323876/17924694627924569625,-93457886503159/426510818491989
15892237/18251205,161378572924345199/810370555134779100
15892237/18251205,72198103973011109/147340100933596200
15892237/18251205,-93457886503159/426510818491989
6669063977351323876/17924694627924569625,161378572924345199/810370555134779100
6669063977351323876/17924694627924569625,72198103973011109/147340100933596200
6669063977351323876/17924694627924569625,-93457886503159/426510818491989
