9
1,1
1,4456763910346639/6107879928066700
1,0
4007390827190717/5769366371652240,1
4007390827190717/5769366371652240,4456763910346639/6107879928066700
4007390827190717/5769366371652240,0
0,1
0,4456763910346639/6107879928066700
0,0
4
4 4 1 0 3
4 5 2 1 4
4 7 4 3 6
4 8 5 4 7
1418205629074837/2884683185826120,2061828369851589/3053939964033350
1418205629074837/2884683185826120,5774772757423239/6107879928066700
1418205629074837/2884683185826120,31154/144373
1532795600870399/1923122123884080,2061828369851589/3053939964033350
1532795600870399/1923122123884080,5774772757423239/6107879928066700
1532795600870399/1923122123884080,31154/144373
2560516/24996033,2061828369851589/3053939964033350
2560516/24996033,5774772757423239/6107879928066700
2560516/24996033,31154/144373
