9
1,1
1,868215909211699192300517/1242562122344442109492100
1,0
226544800530682643/272053797854012200,1
226544800530682643/272053797854012200,868215909211699192300517/1242562122344442109492100
226544800530682643/272053797854012200,0
0,1
0,868215909211699192300517/1242562122344442109492100
0,0
4
4 4 1 0 3
4 5 2 1 4
4 7 4 3 6
4 8 5 4 7
766843891328244101/952188292489042700,225445635669592517512447/1242562122344442109492100
766843891328244101/952188292489042700,435689066263/902597679410
766843891328244101/952188292489042700,-268424060409363757596487/1242562122344442109492100
1852250763919795101/1904376584978085400,225445635669592517512447/1242562122344442109492100
1852250763919795101/1904376584978085400,435689066263/902597679410
1852250763919795101/1904376584978085400,-268424060409363757596487/1242562122344442109492100
385358924219/2754377473211,225445635669592517512447/1242562122344442109492100
385358924219/2754377473211,435689066263/902597679410
385358924219/2754377473211,-268424060409363757596487/1242562122344442109492100
