12
1,1
1,547556323430403/821431625147320
1,0
1060923/1152785,1
1060923/1152785,547556323430403/821431625147320
1060923/1152785,0
1060923/2305570,1
1060923/2305570,547556323430403/821431625147320
1060923/2305570,0
0,1
0,547556323430403/821431625147320
0,0
6
4 4 1 0 3
4 5 2 1 4
4 7 4 3 6
4 8 5 4 7
4 10 7 6 9
4 11 8 7 10
91862/1152785,352695392178163/821431625147320
91862/1152785,16079587/21080273
91862/1152785,79014370464677/821431625147320
0,352695392178163/821431625147320
0,16079587/21080273
0,79014370464677/821431625147320
1060923/2305570,352695392178163/821431625147320
1060923/2305570,16079587/21080273
1060923/2305570,79014370464677/821431625147320
0,352695392178163/821431625147320
0,16079587/21080273
0,79014370464677/821431625147320
