12
1,1
1,2044/2045
1,1022/2045
1,0
2537701/4393500,1
2537701/4393500,2044/2045
2537701/4393500,1022/2045
2537701/4393500,0
0,1
0,2044/2045
0,1022/2045
0,0
6
4 5 1 0 4
4 6 2 1 5
4 7 3 2 6
4 9 5 4 8
4 10 6 5 9
4 11 7 6 10
4744703/17574000,-254/2045
4744703/17574000,-51/409
4744703/17574000,767/2045
4744703/17574000,-51/409
12167899/17574000,-254/2045
12167899/17574000,-51/409
12167899/17574000,767/2045
12167899/17574000,-51/409
4637/40400,-254/2045
4637/40400,-51/409
4637/40400,767/2045
4637/40400,-51/409
