16
1,1
1,10413/14800
1,10413/29600
1,0
10413/14800,1
10413/14800,10413/14800
10413/14800,10413/29600
10413/14800,0
10413/29600,1
10413/29600,10413/14800
10413/29600,10413/29600
10413/29600,0
0,1
0,10413/14800
0,10413/29600
0,0
9
4 5 1 0 4
4 6 2 1 5
4 7 3 2 6
4 9 5 4 8
4 10 6 5 9
4 11 7 6 10
4 13 9 8 12
4 14 10 9 13
4 15 11 10 14
-24273/207200,175993/384800
-24273/207200,61931/384800
-24273/207200,1973/3848
-24273/207200,61931/384800
-85691/207200,175993/384800
-85691/207200,61931/384800
-85691/207200,1973/3848
-85691/207200,61931/384800
-16/259,175993/384800
-16/259,61931/384800
-16/259,1973/3848
-16/259,61931/384800
-85691/207200,175993/384800
-85691/207200,61931/384800
-85691/207200,1973/3848
-85691/207200,61931/384800
