9
1,1
1,29901461466787/40282411437500
1,0
17937524206600122499816272493311079723/21688357616115591889609587312031250000,1
17937524206600122499816272493311079723/21688357616115591889609587312031250000,29901461466787/40282411437500
17937524206600122499816272493311079723/21688357616115591889609587312031250000,0
0,1
0,29901461466787/40282411437500
0,0
4
4 4 1 0 3
4 5 2 1 4
4 7 4 3 6
4 8 5 4 7
16841514398818577341840277481275505823/21688357616115591889609587312031250000,417701569210893/261835674343750
16841514398818577341840277481275505823/21688357616115591889609587312031250000,194071097608211/104734269737500
16841514398818577341840277481275505823/21688357616115591889609587312031250000,552886396362/497786453125
3294942073/3470312500,417701569210893/261835674343750
3294942073/3470312500,194071097608211/104734269737500
3294942073/3470312500,552886396362/497786453125
2654823601733924231817319806684596377/21688357616115591889609587312031250000,417701569210893/261835674343750
2654823601733924231817319806684596377/21688357616115591889609587312031250000,194071097608211/104734269737500
2654823601733924231817319806684596377/21688357616115591889609587312031250000,552886396362/497786453125
