16
1,1
1,6417/8900
1,6417/17800
1,0
6417/8900,1
6417/8900,6417/8900
6417/8900,6417/17800
6417/8900,0
6417/17800,1
6417/17800,6417/8900
6417/17800,6417/17800
6417/17800,0
0,1
0,6417/8900
0,6417/17800
0,0
9
4 5 1 0 4
4 6 2 1 5
4 7 3 2 6
4 9 5 4 8
4 10 6 5 9
4 11 7 6 10
4 13 9 8 12
4 14 10 9 13
4 15 11 10 14
1687/8900,752187/2011400
1687/8900,191029/2011400
1687/8900,18323/40228
1687/8900,191029/2011400
-199/2225,752187/2011400
-199/2225,191029/2011400
-199/2225,18323/40228
-199/2225,191029/2011400
193/712,752187/2011400
193/712,191029/2011400
193/712,18323/40228
193/712,191029/2011400
-199/2225,752187/2011400
-199/2225,191029/2011400
-199/2225,18323/40228
-199/2225,191029/2011400
