9
1,1
1,535000937507163006/836176780321926875
1,0
30802214444744842/54270312456498125,1
30802214444744842/54270312456498125,535000937507163006/836176780321926875
30802214444744842/54270312456498125,0
0,1
0,535000937507163006/836176780321926875
0,0
4
4 4 1 0 3
4 5 2 1 4
4 7 4 3 6
4 8 5 4 7
-36215017091602816/54270312456498125,886548163461104881/836176780321926875
-36215017091602816/54270312456498125,2490/1753
-36215017091602816/54270312456498125,652723068768705744/836176780321926875
-12746919079849533/54270312456498125,886548163461104881/836176780321926875
-12746919079849533/54270312456498125,2490/1753
-12746919079849533/54270312456498125,652723068768705744/836176780321926875
-18287/22789,886548163461104881/836176780321926875
-18287/22789,2490/1753
-18287/22789,652723068768705744/836176780321926875
