12
1,1
1,8875619951161593294869029311775097/13857527610507793762597533029544000
1,0
6182668153045903/6621064321104000,1
6182668153045903/6621064321104000,8875619951161593294869029311775097/13857527610507793762597533029544000
6182668153045903/6621064321104000,0
6182668153045903/13242128642208000,1
6182668153045903/13242128642208000,8875619951161593294869029311775097/13857527610507793762597533029544000
6182668153045903/13242128642208000,0
0,1
0,8875619951161593294869029311775097/13857527610507793762597533029544000
0,0
6
4 4 1 0 3
4 5 2 1 4
4 7 4 3 6
4 8 5 4 7
4 10 7 6 9
4 11 8 7 10
3438565938558347/6621064321104000,781478824642771351787549929160131/1889662855978335513081481776756000
3438565938558347/6621064321104000,32138257120179571142511609594829591/41572582831523381287792599088632000
3438565938558347/6621064321104000,401814033200022769/3030891508950172560
29/64,781478824642771351787549929160131/1889662855978335513081481776756000
29/64,32138257120179571142511609594829591/41572582831523381287792599088632000
29/64,401814033200022769/3030891508950172560
12183007694046403/13242128642208000,781478824642771351787549929160131/1889662855978335513081481776756000
12183007694046403/13242128642208000,32138257120179571142511609594829591/41572582831523381287792599088632000
12183007694046403/13242128642208000,401814033200022769/3030891508950172560
29/64,781478824642771351787549929160131/1889662855978335513081481776756000
29/64,32138257120179571142511609594829591/41572582831523381287792599088632000
29/64,401814033200022769/3030891508950172560
