15
1,1
1,5551/9000
1,0
739248783/799100000,1
739248783/799100000,5551/9000
739248783/799100000,0
246416261/399550000,1
246416261/399550000,5551/9000
246416261/399550000,0
246416261/799100000,1
246416261/799100000,5551/9000
246416261/799100000,0
0,1
0,5551/9000
0,0
8
4 4 1 0 3
4 5 2 1 4
4 7 4 3 6
4 8 5 4 7
4 10 7 6 9
4 11 8 7 10
4 13 10 9 12
4 14 11 10 13
200238761/199775000,1051/4500
200238761/199775000,5551/9000
200238761/199775000,0
860806261/799100000,1051/4500
860806261/799100000,5551/9000
860806261/799100000,0
469/610,1051/4500
469/610,5551/9000
469/610,0
860806261/799100000,1051/4500
860806261/799100000,5551/9000
860806261/799100000,0
469/610,1051/4500
469/610,5551/9000
469/610,0
