9
1,1
1,57978519841/107817972000
1,0
1833780671881138093/3098466406306236000,1
1833780671881138093/3098466406306236000,57978519841/107817972000
1833780671881138093/3098466406306236000,0
0,1
0,57978519841/107817972000
0,0
4
4 4 1 0 3
4 5 2 1 4
4 7 4 3 6
4 8 5 4 7
63233212779704299/221319029021874000,36423405841/107817972000
63233212779704299/221319029021874000,75273/94082
63233212779704299/221319029021874000,28284338159/107817972000
2149950713340958093/3098466406306236000,36423405841/107817972000
2149950713340958093/3098466406306236000,75273/94082
2149950713340958093/3098466406306236000,28284338159/107817972000
5/49,36423405841/107817972000
5/49,75273/94082
5/49,28284338159/107817972000
