12
1,1
1,21985807768699651197457/22665239025360960390000
1,21985807768699651197457/45330478050721920780000
1,0
64946087941038234247/108196520050036432000,1
64946087941038234247/108196520050036432000,21985807768699651197457/22665239025360960390000
64946087941038234247/108196520050036432000,21985807768699651197457/45330478050721920780000
64946087941038234247/108196520050036432000,0
0,1
0,21985807768699651197457/22665239025360960390000
0,21985807768699651197457/45330478050721920780000
0,0
6
4 5 1 0 4
4 6 2 1 5
4 7 3 2 6
4 9 5 4 8
4 10 6 5 9
4 11 7 6 10
-7101764581611863553/54098260025018216000,-3308490364867081781041/7555079675120320130000
-7101764581611863553/54098260025018216000,-5302451175631277267833/11332619512680480195000
-7101764581611863553/54098260025018216000,10514984471/614236326560
-7101764581611863553/54098260025018216000,-5302451175631277267833/11332619512680480195000
29046902945774470647/108196520050036432000,-3308490364867081781041/7555079675120320130000
29046902945774470647/108196520050036432000,-5302451175631277267833/11332619512680480195000
29046902945774470647/108196520050036432000,10514984471/614236326560
29046902945774470647/108196520050036432000,-5302451175631277267833/11332619512680480195000
-4778657285989/14402390720680,-3308490364867081781041/7555079675120320130000
-4778657285989/14402390720680,-5302451175631277267833/11332619512680480195000
-4778657285989/14402390720680,10514984471/614236326560
-4778657285989/14402390720680,-5302451175631277267833/11332619512680480195000
