20
1,1
1,90795249/94000000
1,30265083/47000000
1,30265083/94000000
1,0
192213/250000,1
192213/250000,90795249/94000000
192213/250000,30265083/47000000
192213/250000,30265083/94000000
192213/250000,0
192213/500000,1
192213/500000,90795249/94000000
192213/500000,30265083/47000000
192213/500000,30265083/94000000
192213/500000,0
0,1
0,90795249/94000000
0,30265083/47000000
0,30265083/94000000
0,0
12
4 6 1 0 5
4 7 2 1 6
4 8 3 2 7
4 9 4 3 8
4 11 6 5 10
4 12 7 6 11
4 13 8 7 12
4 14 9 8 13
4 16 11 10 15
4 17 12 11 16
4 18 13 12 17
4 19 14 13 18
3995383/8500000,-116556089/399500000
3995383/8500000,-411743589/1598000000
3995383/8500000,-3705/6392
3995383/8500000,-411743589/1598000000
3995383/8500000,-3705/6392
3249/13600,-116556089/399500000
3249/13600,-411743589/1598000000
3249/13600,-3705/6392
3249/13600,-411743589/1598000000
3249/13600,-3705/6392
2649123/4250000,-116556089/399500000
2649123/4250000,-411743589/1598000000
2649123/4250000,-3705/6392
2649123/4250000,-411743589/1598000000
2649123/4250000,-3705/6392
3249/13600,-116556089/399500000
3249/13600,-411743589/1598000000
3249/13600,-3705/6392
3249/13600,-411743589/1598000000
3249/13600,-3705/6392
