20
1,1
1,5860698591/8369324600
1,5860698591/16738649200
1,0
47246535699/51485776160,1
47246535699/51485776160,5860698591/8369324600
47246535699/51485776160,5860698591/16738649200
47246535699/51485776160,0
15748845233/25742888080,1
15748845233/25742888080,5860698591/8369324600
15748845233/25742888080,5860698591/16738649200
15748845233/25742888080,0
15748845233/51485776160,1
15748845233/51485776160,5860698591/8369324600
15748845233/51485776160,5860698591/16738649200
15748845233/51485776160,0
0,1
0,5860698591/8369324600
0,5860698591/16738649200
0,0
12
4 5 1 0 4
4 6 2 1 5
4 7 3 2 6
4 9 5 4 8
4 10 6 5 9
4 11 7 6 10
4 13 9 8 12
4 14 10 9 13
4 15 11 10 14
4 17 13 12 16
4 18 14 13 17
4 19 15 14 18
10724406107/14710221760,23522368511/33477298400
10724406107/14710221760,18603951/46175584
10724406107/14710221760,25209261657/33477298400
10724406107/14710221760,18603951/46175584
83549323671/102971552320,23522368511/33477298400
83549323671/102971552320,18603951/46175584
83549323671/102971552320,25209261657/33477298400
83549323671/102971552320,18603951/46175584
50501/99904,23522368511/33477298400
50501/99904,18603951/46175584
50501/99904,25209261657/33477298400
50501/99904,18603951/46175584
83549323671/102971552320,23522368511/33477298400
83549323671/102971552320,18603951/46175584
83549323671/102971552320,25209261657/33477298400
83549323671/102971552320,18603951/46175584
50501/99904,23522368511/33477298400
50501/99904,18603951/46175584
50501/99904,25209261657/33477298400
50501/99904,18603951/46175584
