20
1,1
1,5362939185/5631435776
1,5362939185/11262871552
1,0
65739465/76734464,1
65739465/76734464,5362939185/5631435776
65739465/76734464,5362939185/11262871552
65739465/76734464,0
21913155/38367232,1
21913155/38367232,5362939185/5631435776
21913155/38367232,5362939185/11262871552
21913155/38367232,0
21913155/76734464,1
21913155/76734464,5362939185/5631435776
21913155/76734464,5362939185/11262871552
21913155/76734464,0
0,1
0,5362939185/5631435776
0,5362939185/11262871552
0,0
12
4 5 1 0 4
4 6 2 1 5
4 7 3 2 6
4 9 5 4 8
4 10 6 5 9
4 11 7 6 10
4 13 9 8 12
4 14 10 9 13
4 15 11 10 14
4 17 13 12 16
4 18 14 13 17
4 19 15 14 18
3392529/4795904,640656753/11262871552
3392529/4795904,103663571/11262871552
3392529/4795904,1362563/2807296
3392529/4795904,103663571/11262871552
65275463/76734464,640656753/11262871552
65275463/76734464,103663571/11262871552
65275463/76734464,1362563/2807296
65275463/76734464,103663571/11262871552
21989/38912,640656753/11262871552
21989/38912,103663571/11262871552
21989/38912,1362563/2807296
21989/38912,103663571/11262871552
65275463/76734464,640656753/11262871552
65275463/76734464,103663571/11262871552
65275463/76734464,1362563/2807296
65275463/76734464,103663571/11262871552
21989/38912,640656753/11262871552
21989/38912,103663571/11262871552
21989/38912,1362563/2807296
21989/38912,103663571/11262871552
