20
1,1
1,192159/246250
1,192159/492500
1,0
15917/18000,1
15917/18000,192159/246250
15917/18000,192159/492500
15917/18000,0
15917/27000,1
15917/27000,192159/246250
15917/27000,192159/492500
15917/27000,0
15917/54000,1
15917/54000,192159/246250
15917/54000,192159/492500
15917/54000,0
0,1
0,192159/246250
0,192159/492500
0,0
12
4 5 1 0 4
4 6 2 1 5
4 7 3 2 6
4 9 5 4 8
4 10 6 5 9
4 11 7 6 10
4 13 9 8 12
4 14 10 9 13
4 15 11 10 14
4 17 13 12 16
4 18 14 13 17
4 19 15 14 18
51961/108000,54091/246250
51961/108000,0
51961/108000,192159/492500
51961/108000,0
64459/108000,54091/246250
64459/108000,0
64459/108000,192159/492500
64459/108000,0
29/96,54091/246250
29/96,0
29/96,192159/492500
29/96,0
64459/108000,54091/246250
64459/108000,0
64459/108000,192159/492500
64459/108000,0
29/96,54091/246250
29/96,0
29/96,192159/492500
29/96,0
