12
1,1
1,51479415504203/95443711632480
1,0
73309294898/89328125385,1
73309294898/89328125385,51479415504203/95443711632480
73309294898/89328125385,0
36654647449/89328125385,1
36654647449/89328125385,51479415504203/95443711632480
36654647449/89328125385,0
0,1
0,51479415504203/95443711632480
0,0
6
4 4 1 0 3
4 5 2 1 4
4 7 4 3 6
4 8 5 4 7
4 10 7 6 9
4 11 8 7 10
628457914433/506192710515,1554505579499291/1622543097752160
628457914433/506192710515,95277260500/67158240801
628457914433/506192710515,475582850036183/540847699250720
63244604/59540409,1554505579499291/1622543097752160
63244604/59540409,95277260500/67158240801
63244604/59540409,475582850036183/540847699250720
745394210551/506192710515,1554505579499291/1622543097752160
745394210551/506192710515,95277260500/67158240801
745394210551/506192710515,475582850036183/540847699250720
63244604/59540409,1554505579499291/1622543097752160
63244604/59540409,95277260500/67158240801
63244604/59540409,475582850036183/540847699250720
