28
1,1
1,425/432
1,85/108
1,85/144
1,85/216
1,85/432
1,0
1225/1296,1
1225/1296,425/432
1225/1296,85/108
1225/1296,85/144
1225/1296,85/216
1225/1296,85/432
1225/1296,0
1225/2592,1
1225/2592,425/432
1225/2592,85/108
1225/2592,85/144
1225/2592,85/216
1225/2592,85/432
1225/2592,0
0,1
0,425/432
0,85/108
0,85/144
0,85/216
0,85/432
0,0
18
4 8 1 0 7
4 9 2 1 8
4 10 3 2 9
4 11 4 3 10
4 12 5 4 11
4 13 6 5 12
4 15 8 7 14
4 16 9 8 15
4 17 10 9 16
4 18 11 10 17
4 19 12 11 18
4 20 13 12 19
4 22 15 14 21
4 23 16 15 22
4 24 17 16 23
4 25 18 17 24
4 26 19 18 25
4 27 20 19 26
-389/1296,23/432
-389/1296,5/72
-389/1296,-55/432
-389/1296,5/72
-389/1296,-55/432
-389/1296,5/72
-389/1296,-55/432
-115/324,23/432
-115/324,5/72
-115/324,-55/432
-115/324,5/72
-115/324,-55/432
-115/324,5/72
-115/324,-55/432
305/2592,23/432
305/2592,5/72
305/2592,-55/432
305/2592,5/72
305/2592,-55/432
305/2592,5/72
305/2592,-55/432
-115/324,23/432
-115/324,5/72
-115/324,-55/432
-115/324,5/72
-115/324,-55/432
-115/324,5/72
-115/324,-55/432
