18
1,1
1,1932/2405
1,1449/2405
1,966/2405
1,483/2405
1,0
287/555,1
287/555,1932/2405
287/555,1449/2405
287/555,966/2405
287/555,483/2405
287/555,0
0,1
0,1932/2405
0,1449/2405
0,966/2405
0,483/2405
0,0
10
4 7 1 0 6
4 8 2 1 7
4 9 3 2 8
4 10 4 3 9
4 11 5 4 10
4 13 7 6 12
4 14 8 7 13
4 15 9 8 14
4 16 10 9 15
4 17 11 10 16
19/555,473/2405
19/555,0
19/555,483/2405
19/555,0
19/555,483/2405
19/555,0
287/555,473/2405
287/555,0
287/555,483/2405
287/555,0
287/555,483/2405
287/555,0
0,473/2405
0,0
0,483/2405
0,0
0,483/2405
0,0
