16
1,1
1,19/20
1,19/40
1,0
19/25,1
19/25,19/20
19/25,19/40
19/25,0
19/50,1
19/50,19/20
19/50,19/40
19/50,0
0,1
0,19/20
0,19/40
0,0
9
4 5 1 0 4
4 6 2 1 5
4 7 3 2 6
4 9 5 4 8
4 10 6 5 9
4 11 7 6 10
4 13 9 8 12
4 14 10 9 13
4 15 11 10 14
130497/93800,-740461/426680
130497/93800,-152359/85336
130497/93800,-279561/213340
130497/93800,-152359/85336
21597/18760,-740461/426680
21597/18760,-152359/85336
21597/18760,-279561/213340
21597/18760,-152359/85336
143629/93800,-740461/426680
143629/93800,-152359/85336
143629/93800,-279561/213340
143629/93800,-152359/85336
21597/18760,-740461/426680
21597/18760,-152359/85336
21597/18760,-279561/213340
21597/18760,-152359/85336
