20
1,1
1,1869/2000
1,623/1000
1,623/2000
1,0
82147/120000,1
82147/120000,1869/2000
82147/120000,623/1000
82147/120000,623/2000
82147/120000,0
82147/240000,1
82147/240000,1869/2000
82147/240000,623/1000
82147/240000,623/2000
82147/240000,0
0,1
0,1869/2000
0,623/1000
0,623/2000
0,0
12
4 6 1 0 5
4 7 2 1 6
4 8 3 2 7
4 9 4 3 8
4 11 6 5 10
4 12 7 6 11
4 13 8 7 12
4 14 9 8 13
4 16 11 10 15
4 17 12 11 16
4 18 13 12 17
4 19 14 13 18
186359/240000,1057/6000
186359/240000,29/120
186359/240000,-419/6000
186359/240000,29/120
186359/240000,-419/6000
110653/240000,1057/6000
110653/240000,29/120
110653/240000,-419/6000
110653/240000,29/120
110653/240000,-419/6000
241/300,1057/6000
241/300,29/120
241/300,-419/6000
241/300,29/120
241/300,-419/6000
110653/240000,1057/6000
110653/240000,29/120
110653/240000,-419/6000
110653/240000,29/120
110653/240000,-419/6000
