20
1,1
1,121/125
1,242/375
1,121/375
1,0
209/300,1
209/300,121/125
209/300,242/375
209/300,121/375
209/300,0
209/600,1
209/600,121/125
209/600,242/375
209/600,121/375
209/600,0
0,1
0,121/125
0,242/375
0,121/375
0,0
12
4 6 1 0 5
4 7 2 1 6
4 8 3 2 7
4 9 4 3 8
4 11 6 5 10
4 12 7 6 11
4 13 8 7 12
4 14 9 8 13
4 16 11 10 15
4 17 12 11 16
4 18 13 12 17
4 19 14 13 18
4850767/8013600,946/7125
4850767/8013600,1174/7125
4850767/8013600,-3/19
4850767/8013600,1174/7125
4850767/8013600,-3/19
96799/320544,946/7125
96799/320544,1174/7125
96799/320544,-3/19
96799/320544,1174/7125
96799/320544,-3/19
5211379/8013600,946/7125
5211379/8013600,1174/7125
5211379/8013600,-3/19
5211379/8013600,1174/7125
5211379/8013600,-3/19
96799/320544,946/7125
96799/320544,1174/7125
96799/320544,-3/19
96799/320544,1174/7125
96799/320544,-3/19
