20
1,1
1,26798043/31822750
1,26798043/63645500
1,0
241847523/299602000,1
241847523/299602000,26798043/31822750
241847523/299602000,26798043/63645500
241847523/299602000,0
80615841/149801000,1
80615841/149801000,26798043/31822750
80615841/149801000,26798043/63645500
80615841/149801000,0
80615841/299602000,1
80615841/299602000,26798043/31822750
80615841/299602000,26798043/63645500
80615841/299602000,0
0,1
0,26798043/31822750
0,26798043/63645500
0,0
12
4 5 1 0 4
4 6 2 1 5
4 7 3 2 6
4 9 5 4 8
4 10 6 5 9
4 11 7 6 10
4 13 9 8 12
4 14 10 9 13
4 15 11 10 14
4 17 13 12 16
4 18 14 13 17
4 19 15 14 18
92046523/299602000,12066471/63645500
92046523/299602000,2017057/63645500
92046523/299602000,288151/636455
92046523/299602000,2017057/63645500
1/2,12066471/63645500
1/2,2017057/63645500
1/2,288151/636455
1/2,2017057/63645500
69185159/299602000,12066471/63645500
69185159/299602000,2017057/63645500
69185159/299602000,288151/636455
69185159/299602000,2017057/63645500
1/2,12066471/63645500
1/2,2017057/63645500
1/2,288151/636455
1/2,2017057/63645500
69185159/299602000,12066471/63645500
69185159/299602000,2017057/63645500
69185159/299602000,288151/636455
69185159/299602000,2017057/63645500
