20
1,1
1,39593169/41504800
1,13197723/20752400
1,13197723/41504800
1,0
31075128841/38327088750,1
31075128841/38327088750,39593169/41504800
31075128841/38327088750,13197723/20752400
31075128841/38327088750,13197723/41504800
31075128841/38327088750,0
31075128841/76654177500,1
31075128841/76654177500,39593169/41504800
31075128841/76654177500,13197723/20752400
31075128841/76654177500,13197723/41504800
31075128841/76654177500,0
0,1
0,39593169/41504800
0,13197723/20752400
0,13197723/41504800
0,0
12
4 6 1 0 5
4 7 2 1 6
4 8 3 2 7
4 9 4 3 8
4 11 6 5 10
4 12 7 6 11
4 13 8 7 12
4 14 9 8 13
4 16 11 10 15
4 17 12 11 16
4 18 13 12 17
4 19 14 13 18
12199049559/25551392500,8453669/31128600
12199049559/25551392500,39549569/124514400
12199049559/25551392500,-109/311286
12199049559/25551392500,39549569/124514400
12199049559/25551392500,-109/311286
22093228859/76654177500,8453669/31128600
22093228859/76654177500,39549569/124514400
22093228859/76654177500,-109/311286
22093228859/76654177500,39549569/124514400
22093228859/76654177500,-109/311286
177227859/255513925,8453669/31128600
177227859/255513925,39549569/124514400
177227859/255513925,-109/311286
177227859/255513925,39549569/124514400
177227859/255513925,-109/311286
22093228859/76654177500,8453669/31128600
22093228859/76654177500,39549569/124514400
22093228859/76654177500,-109/311286
22093228859/76654177500,39549569/124514400
22093228859/76654177500,-109/311286
