16
1,1
1,307335385250841/400301432857300
1,307335385250841/800602865714600
1,0
121480103014911/160120573142920,1
121480103014911/160120573142920,307335385250841/400301432857300
121480103014911/160120573142920,307335385250841/800602865714600
121480103014911/160120573142920,0
121480103014911/320241146285840,1
121480103014911/320241146285840,307335385250841/400301432857300
121480103014911/320241146285840,307335385250841/800602865714600
121480103014911/320241146285840,0
0,1
0,307335385250841/400301432857300
0,307335385250841/800602865714600
0,0
9
4 5 1 0 4
4 6 2 1 5
4 7 3 2 6
4 9 5 4 8
4 10 6 5 9
4 11 7 6 10
4 13 9 8 12
4 14 10 9 13
4 15 11 10 14
-9591509704624737/8006028657146000,278798657232659/153962089560500
-9591509704624737/8006028657146000,789888076498068/500376791071625
-9591509704624737/8006028657146000,7855781538238749/4003014328573000
-9591509704624737/8006028657146000,789888076498068/500376791071625
-105720488174543/73449804194000,278798657232659/153962089560500
-105720488174543/73449804194000,789888076498068/500376791071625
-105720488174543/73449804194000,7855781538238749/4003014328573000
-105720488174543/73449804194000,789888076498068/500376791071625
-2121632658913103/2001507164286500,278798657232659/153962089560500
-2121632658913103/2001507164286500,789888076498068/500376791071625
-2121632658913103/2001507164286500,7855781538238749/4003014328573000
-2121632658913103/2001507164286500,789888076498068/500376791071625
-105720488174543/73449804194000,278798657232659/153962089560500
-105720488174543/73449804194000,789888076498068/500376791071625
-105720488174543/73449804194000,7855781538238749/4003014328573000
-105720488174543/73449804194000,789888076498068/500376791071625
