24
1,1
1,41146025896801788364203/41292998321789976498250
1,123438077690405365092609/165171993287159905993000
1,41146025896801788364203/82585996643579952996500
1,41146025896801788364203/165171993287159905993000
1,0
12282030061208525831749/16517199328715990599300,1
12282030061208525831749/16517199328715990599300,41146025896801788364203/41292998321789976498250
12282030061208525831749/16517199328715990599300,123438077690405365092609/165171993287159905993000
12282030061208525831749/16517199328715990599300,41146025896801788364203/82585996643579952996500
12282030061208525831749/16517199328715990599300,41146025896801788364203/165171993287159905993000
12282030061208525831749/16517199328715990599300,0
12282030061208525831749/33034398657431981198600,1
12282030061208525831749/33034398657431981198600,41146025896801788364203/41292998321789976498250
12282030061208525831749/33034398657431981198600,123438077690405365092609/165171993287159905993000
12282030061208525831749/33034398657431981198600,41146025896801788364203/82585996643579952996500
12282030061208525831749/33034398657431981198600,41146025896801788364203/165171993287159905993000
12282030061208525831749/33034398657431981198600,0
0,1
0,41146025896801788364203/41292998321789976498250
0,123438077690405365092609/165171993287159905993000
0,41146025896801788364203/82585996643579952996500
0,41146025896801788364203/165171993287159905993000
0,0
15
4 7 1 0 6
4 8 2 1 7
4 9 3 2 8
4 10 4 3 9
4 11 5 4 10
4 13 7 6 12
4 14 8 7 13
4 15 9 8 14
4 16 10 9 15
4 17 11 10 16
4 19 13 12 18
4 20 14 13 19
4 21 15 14 20
4 22 16 15 21
4 23 17 16 22
152850653094411230160213/82585996643579952996500,1536367282058354893757/20646499160894988249125
152850653094411230160213/82585996643579952996500,2925762139128521653467/41292998321789976498250
152850653094411230160213/82585996643579952996500,52849074453315874978071/165171993287159905993000
152850653094411230160213/82585996643579952996500,2925762139128521653467/41292998321789976498250
152850653094411230160213/82585996643579952996500,52849074453315874978071/165171993287159905993000
152850653094411230160213/82585996643579952996500,2925762139128521653467/41292998321789976498250
65837403378436953161229/41292998321789976498250,1536367282058354893757/20646499160894988249125
65837403378436953161229/41292998321789976498250,2925762139128521653467/41292998321789976498250
65837403378436953161229/41292998321789976498250,52849074453315874978071/165171993287159905993000
65837403378436953161229/41292998321789976498250,2925762139128521653467/41292998321789976498250
65837403378436953161229/41292998321789976498250,52849074453315874978071/165171993287159905993000
65837403378436953161229/41292998321789976498250,2925762139128521653467/41292998321789976498250
324759763819790441803661/165171993287159905993000,1536367282058354893757/20646499160894988249125
324759763819790441803661/165171993287159905993000,2925762139128521653467/41292998321789976498250
324759763819790441803661/165171993287159905993000,52849074453315874978071/165171993287159905993000
324759763819790441803661/165171993287159905993000,2925762139128521653467/41292998321789976498250
324759763819790441803661/165171993287159905993000,52849074453315874978071/165171993287159905993000
324759763819790441803661/165171993287159905993000,2925762139128521653467/41292998321789976498250
65837403378436953161229/41292998321789976498250,1536367282058354893757/20646499160894988249125
65837403378436953161229/41292998321789976498250,2925762139128521653467/41292998321789976498250
65837403378436953161229/41292998321789976498250,52849074453315874978071/165171993287159905993000
65837403378436953161229/41292998321789976498250,2925762139128521653467/41292998321789976498250
65837403378436953161229/41292998321789976498250,52849074453315874978071/165171993287159905993000
65837403378436953161229/41292998321789976498250,2925762139128521653467/41292998321789976498250
