24
1,1
1,2382/2405
1,397/481
1,1588/2405
1,1191/2405
1,794/2405
1,397/2405
1,0
36/65,1
36/65,2382/2405
36/65,397/481
36/65,1588/2405
36/65,1191/2405
36/65,794/2405
36/65,397/2405
36/65,0
0,1
0,2382/2405
0,397/481
0,1588/2405
0,1191/2405
0,794/2405
0,397/2405
0,0
14
4 9 1 0 8
4 10 2 1 9
4 11 3 2 10
4 12 4 3 11
4 13 5 4 12
4 14 6 5 13
4 15 7 6 14
4 17 9 8 16
4 18 10 9 17
4 19 11 10 18
4 20 12 11 19
4 21 13 12 20
4 22 14 13 21
4 23 15 14 22
7/65,23/2405
7/65,0
7/65,397/2405
7/65,0
7/65,397/2405
7/65,0
7/65,397/2405
7/65,0
36/65,23/2405
36/65,0
36/65,397/2405
36/65,0
36/65,397/2405
36/65,0
36/65,397/2405
36/65,0
0,23/2405
0,0
0,397/2405
0,0
0,397/2405
0,0
0,397/2405
0,0
