9
1,1
1,20034906711218665707/34583739256588099000
1,0
32124008924339577/36958310720372000,1
32124008924339577/36958310720372000,20034906711218665707/34583739256588099000
32124008924339577/36958310720372000,0
0,1
0,20034906711218665707/34583739256588099000
0,0
4
4 4 1 0 3
4 5 2 1 4
4 7 4 3 6
4 8 5 4 7
12931474549894729/36958310720372000,-19696885883219038493/34583739256588099000
12931474549894729/36958310720372000,-11012546/73980395
12931474549894729/36958310720372000,-25182960049068270907/34583739256588099000
1110361021620447/2309894420023250,-19696885883219038493/34583739256588099000
1110361021620447/2309894420023250,-11012546/73980395
1110361021620447/2309894420023250,-25182960049068270907/34583739256588099000
-8937507/23005280,-19696885883219038493/34583739256588099000
-8937507/23005280,-11012546/73980395
-8937507/23005280,-25182960049068270907/34583739256588099000
