12
1,1
1,8381508/16286425
1,0
13599774/16286425,1
13599774/16286425,8381508/16286425
13599774/16286425,0
6799887/16286425,1
6799887/16286425,8381508/16286425
6799887/16286425,0
0,1
0,8381508/16286425
0,0
6
4 4 1 0 3
4 5 2 1 4
4 7 4 3 6
4 8 5 4 7
4 10 7 6 9
4 11 8 7 10
17852366/81432125,179146063/162864250
17852366/81432125,258195233/162864250
17852366/81432125,174380153/162864250
4419111/81432125,179146063/162864250
4419111/81432125,258195233/162864250
4419111/81432125,174380153/162864250
38418546/81432125,179146063/162864250
38418546/81432125,258195233/162864250
38418546/81432125,174380153/162864250
4419111/81432125,179146063/162864250
4419111/81432125,258195233/162864250
4419111/81432125,174380153/162864250
