9
1,1
1,7645670522576361/8532039445767500
1,0
70505149986676057/127917362213247750,1
70505149986676057/127917362213247750,7645670522576361/8532039445767500
70505149986676057/127917362213247750,0
0,1
0,7645670522576361/8532039445767500
0,0
4
4 4 1 0 3
4 5 2 1 4
4 7 4 3 6
4 8 5 4 7
82616837694474857/127917362213247750,4936621784943911/4266019722883750
82616837694474857/127917362213247750,10759612493078961/8532039445767500
82616837694474857/127917362213247750,1542/4225
15761671057/14398379385,4936621784943911/4266019722883750
15761671057/14398379385,10759612493078961/8532039445767500
15761671057/14398379385,1542/4225
23174633311456831/42639120737749250,4936621784943911/4266019722883750
23174633311456831/42639120737749250,10759612493078961/8532039445767500
23174633311456831/42639120737749250,1542/4225
