9
1,1
1,761571490772204709718/1211591008176928606675
1,0
761571490772204709718/1211591008176928606675,1
761571490772204709718/1211591008176928606675,761571490772204709718/1211591008176928606675
761571490772204709718/1211591008176928606675,0
0,1
0,761571490772204709718/1211591008176928606675
0,0
4
4 4 1 0 3
4 5 2 1 4
4 7 4 3 6
4 8 5 4 7
-21400841098857174894401601815355495759971488991879/346168859479122459050,-34616885981402350529/346168859479122459050
-21400841098857174894401601815355495759971488991879/346168859479122459050,657720832939631340211/2423182016353857213350
-21400841098857174894401601815355495759971488991879/346168859479122459050,-34616885944191123169/96927280654154288534
-149805887692000224260811212706588431284990975149239/2423182016353857213350,-34616885981402350529/346168859479122459050
-149805887692000224260811212706588431284990975149239/2423182016353857213350,657720832939631340211/2423182016353857213350
-149805887692000224260811212706588431284990975149239/2423182016353857213350,-34616885944191123169/96927280654154288534
-5992235507680008970432448508324462970661415382747/96927280654154288534,-34616885981402350529/346168859479122459050
-5992235507680008970432448508324462970661415382747/96927280654154288534,657720832939631340211/2423182016353857213350
-5992235507680008970432448508324462970661415382747/96927280654154288534,-34616885944191123169/96927280654154288534
