18
1,1
1,39/40
1,117/160
1,39/80
1,39/160
1,0
39/50,1
39/50,39/40
39/50,117/160
39/50,39/80
39/50,39/160
39/50,0
0,1
0,39/40
0,117/160
0,39/80
0,39/160
0,0
10
4 7 1 0 6
4 8 2 1 7
4 9 3 2 8
4 10 4 3 9
4 11 5 4 10
4 13 7 6 12
4 14 8 7 13
4 15 9 8 14
4 16 10 9 15
4 17 11 10 16
-19/200,11/224
-19/200,27/1120
-19/200,15/56
-19/200,27/1120
-19/200,15/56
-19/200,27/1120
1/8,11/224
1/8,27/1120
1/8,15/56
1/8,27/1120
1/8,15/56
1/8,27/1120
-131/200,11/224
-131/200,27/1120
-131/200,15/56
-131/200,27/1120
-131/200,15/56
-131/200,27/1120
