18
1,1
1,69/70
1,207/280
1,69/140
1,69/280
1,0
138/175,1
138/175,69/70
138/175,207/280
138/175,69/140
138/175,69/280
138/175,0
0,1
0,69/70
0,207/280
0,69/140
0,69/280
0,0
10
4 7 1 0 6
4 8 2 1 7
4 9 3 2 8
4 10 4 3 9
4 11 5 4 10
4 13 7 6 12
4 14 8 7 13
4 15 9 8 14
4 16 10 9 15
4 17 11 10 16
-121/1400,1/28
-121/1400,3/140
-121/1400,15/56
-121/1400,3/140
-121/1400,15/56
-121/1400,3/140
1/8,1/28
1/8,3/140
1/8,15/56
1/8,3/140
1/8,15/56
1/8,3/140
-929/1400,1/28
-929/1400,3/140
-929/1400,15/56
-929/1400,3/140
-929/1400,15/56
-929/1400,3/140
