12
1,1
1,576261516892853906928/718563291486028105325
1,288130758446426953464/718563291486028105325
1,0
33272049802960240491716607/48529292510039851072741100,1
33272049802960240491716607/48529292510039851072741100,576261516892853906928/718563291486028105325
33272049802960240491716607/48529292510039851072741100,288130758446426953464/718563291486028105325
33272049802960240491716607/48529292510039851072741100,0
0,1
0,576261516892853906928/718563291486028105325
0,288130758446426953464/718563291486028105325
0,0
6
4 5 1 0 4
4 6 2 1 5
4 7 3 2 6
4 9 5 4 8
4 10 6 5 9
4 11 7 6 10
1339727128938840192213287978799/3431190832983602610321550363850,12123270075645062794911404/17931155181029078168769225
1339727128938840192213287978799/3431190832983602610321550363850,145728190166275115895320131/304829638077494328869076825
1339727128938840192213287978799/3431190832983602610321550363850,249264473158304004205369/283562454025576119878211
1339727128938840192213287978799/3431190832983602610321550363850,145728190166275115895320131/304829638077494328869076825
4836935177357686877857506439249/6862381665967205220643100727700,12123270075645062794911404/17931155181029078168769225
4836935177357686877857506439249/6862381665967205220643100727700,145728190166275115895320131/304829638077494328869076825
4836935177357686877857506439249/6862381665967205220643100727700,249264473158304004205369/283562454025576119878211
4836935177357686877857506439249/6862381665967205220643100727700,145728190166275115895320131/304829638077494328869076825
16421988640749263149132/853519442042661810256477,12123270075645062794911404/17931155181029078168769225
16421988640749263149132/853519442042661810256477,145728190166275115895320131/304829638077494328869076825
16421988640749263149132/853519442042661810256477,249264473158304004205369/283562454025576119878211
16421988640749263149132/853519442042661810256477,145728190166275115895320131/304829638077494328869076825
