9
1,1
1,652401775759/1027693078300
1,0
652401775759/1027693078300,1
652401775759/1027693078300,652401775759/1027693078300
652401775759/1027693078300,0
0,1
0,652401775759/1027693078300
0,0
4
4 4 1 0 3
4 5 2 1 4
4 7 4 3 6
4 8 5 4 7
-22351844583/256923269575,-22351844583/256923269575
-22351844583/256923269575,285883924209/1027693078300
-22351844583/256923269575,-7330357031/20553861566
285883924209/1027693078300,-22351844583/256923269575
285883924209/1027693078300,285883924209/1027693078300
285883924209/1027693078300,-7330357031/20553861566
-7330357031/20553861566,-22351844583/256923269575
-7330357031/20553861566,285883924209/1027693078300
-7330357031/20553861566,-7330357031/20553861566
