9
1,1
1,1021024919851/1614946265900
1,0
1021024919851/1614946265900,1
1021024919851/1614946265900,1021024919851/1614946265900
1021024919851/1614946265900,0
0,1
0,1021024919851/1614946265900
0,0
4
4 4 1 0 3
4 5 2 1 4
4 7 4 3 6
4 8 5 4 7
-43374830057/403736566475,6681547981/1614946265900
-43374830057/403736566475,60060289403/161494626590
-43374830057/403736566475,-420422025821/1614946265900
420422025821/1614946265900,6681547981/1614946265900
420422025821/1614946265900,60060289403/161494626590
420422025821/1614946265900,-420422025821/1614946265900
-60060289403/161494626590,6681547981/1614946265900
-60060289403/161494626590,60060289403/161494626590
-60060289403/161494626590,-420422025821/1614946265900
