9
1,1
1,124960590473/205538615660
1,0
124960590473/205538615660,1
124960590473/205538615660,124960590473/205538615660
124960590473/205538615660,0
0,1
0,124960590473/205538615660
0,0
4
4 4 1 0 3
4 5 2 1 4
4 7 4 3 6
4 8 5 4 7
-7071795497/205538615660,-7071795497/205538615660
-7071795497/205538615660,7350622969/20553861566
-7071795497/205538615660,-7350622969/29362659380
7350622969/20553861566,-7071795497/205538615660
7350622969/20553861566,7350622969/20553861566
7350622969/20553861566,-7350622969/29362659380
-7350622969/29362659380,-7071795497/205538615660
-7350622969/29362659380,7350622969/20553861566
-7350622969/29362659380,-7350622969/29362659380
