9
1,1
1,4414426969/7340664845
1,0
1174478400/1468132969,1
1174478400/1468132969,4414426969/7340664845
1174478400/1468132969,0
0,1
0,4414426969/7340664845
0,0
4
4 4 1 0 3
4 5 2 1 4
4 7 4 3 6
4 8 5 4 7
587204231/1468132969,-4293530721/29362659380
587204231/1468132969,7411420783/29362659380
587204231/1468132969,-10246287093/29362659380
880858800/1468132969,-4293530721/29362659380
880858800/1468132969,7411420783/29362659380
880858800/1468132969,-10246287093/29362659380
-293619600/1468132969,-4293530721/29362659380
-293619600/1468132969,7411420783/29362659380
-293619600/1468132969,-10246287093/29362659380
