25
1,1
1,304388990858043/360713206741000
1,101462996952681/180356603370500
1,101462996952681/360713206741000
1,0
304388990858043/360713206741000,1
304388990858043/360713206741000,304388990858043/360713206741000
304388990858043/360713206741000,101462996952681/180356603370500
304388990858043/360713206741000,101462996952681/360713206741000
304388990858043/360713206741000,0
101462996952681/180356603370500,1
101462996952681/180356603370500,304388990858043/360713206741000
101462996952681/180356603370500,101462996952681/180356603370500
101462996952681/180356603370500,101462996952681/360713206741000
101462996952681/180356603370500,0
101462996952681/360713206741000,1
101462996952681/360713206741000,304388990858043/360713206741000
101462996952681/360713206741000,101462996952681/180356603370500
101462996952681/360713206741000,101462996952681/360713206741000
101462996952681/360713206741000,0
0,1
0,304388990858043/360713206741000
0,101462996952681/180356603370500
0,101462996952681/360713206741000
0,0
16
4 6 1 0 5
4 7 2 1 6
4 8 3 2 7
4 9 4 3 8
4 11 6 5 10
4 12 7 6 11
4 13 8 7 12
4 14 9 8 13
4 16 11 10 15
4 17 12 11 16
4 18 13 12 17
4 19 14 13 18
4 21 16 15 20
4 22 17 16 21
4 23 18 17 22
4 24 19 18 23
78749179355971/90178301685250,22518424315197/180356603370500
78749179355971/90178301685250,101361064513351/360713206741000
78749179355971/90178301685250,-105084989/371869285300
78749179355971/90178301685250,101361064513351/360713206741000
78749179355971/90178301685250,-105084989/371869285300
371320933306841/360713206741000,22518424315197/180356603370500
371320933306841/360713206741000,101361064513351/360713206741000
371320933306841/360713206741000,-105084989/371869285300
371320933306841/360713206741000,101361064513351/360713206741000
371320933306841/360713206741000,-105084989/371869285300
6746448408854/9017830168525,22518424315197/180356603370500
6746448408854/9017830168525,101361064513351/360713206741000
6746448408854/9017830168525,-105084989/371869285300
6746448408854/9017830168525,101361064513351/360713206741000
6746448408854/9017830168525,-105084989/371869285300
371320933306841/360713206741000,22518424315197/180356603370500
371320933306841/360713206741000,101361064513351/360713206741000
371320933306841/360713206741000,-105084989/371869285300
371320933306841/360713206741000,101361064513351/360713206741000
371320933306841/360713206741000,-105084989/371869285300
6746448408854/9017830168525,22518424315197/180356603370500
6746448408854/9017830168525,101361064513351/360713206741000
6746448408854/9017830168525,-105084989/371869285300
6746448408854/9017830168525,101361064513351/360713206741000
6746448408854/9017830168525,-105084989/371869285300
