25
1,1
1,70364431/90797800
1,70364431/136196700
1,70364431/272393400
1,0
70364431/90797800,1
70364431/90797800,70364431/90797800
70364431/90797800,70364431/136196700
70364431/90797800,70364431/272393400
70364431/90797800,0
70364431/136196700,1
70364431/136196700,70364431/90797800
70364431/136196700,70364431/136196700
70364431/136196700,70364431/272393400
70364431/136196700,0
70364431/272393400,1
70364431/272393400,70364431/90797800
70364431/272393400,70364431/136196700
70364431/272393400,70364431/272393400
70364431/272393400,0
0,1
0,70364431/90797800
0,70364431/136196700
0,70364431/272393400
0,0
16
4 6 1 0 5
4 7 2 1 6
4 8 3 2 7
4 9 4 3 8
4 11 6 5 10
4 12 7 6 11
4 13 8 7 12
4 14 9 8 13
4 16 11 10 15
4 17 12 11 16
4 18 13 12 17
4 19 14 13 18
4 21 16 15 20
4 22 17 16 21
4 23 18 17 22
4 24 19 18 23
16618961/1089573600,29431993/34049175
16618961/1089573600,296756051/272393400
16618961/1089573600,11319581/13619670
16618961/1089573600,296756051/272393400
16618961/1089573600,11319581/13619670
261819389/1089573600,29431993/34049175
261819389/1089573600,296756051/272393400
261819389/1089573600,11319581/13619670
261819389/1089573600,296756051/272393400
261819389/1089573600,11319581/13619670
-3927667/217914720,29431993/34049175
-3927667/217914720,296756051/272393400
-3927667/217914720,11319581/13619670
-3927667/217914720,296756051/272393400
-3927667/217914720,11319581/13619670
261819389/1089573600,29431993/34049175
261819389/1089573600,296756051/272393400
261819389/1089573600,11319581/13619670
261819389/1089573600,296756051/272393400
261819389/1089573600,11319581/13619670
-3927667/217914720,29431993/34049175
-3927667/217914720,296756051/272393400
-3927667/217914720,11319581/13619670
-3927667/217914720,296756051/272393400
-3927667/217914720,11319581/13619670
