12
1,1
1,6182563/8077000
1,6182563/16154000
1,0
7660497/11307800,1
7660497/11307800,6182563/8077000
7660497/11307800,6182563/16154000
7660497/11307800,0
0,1
0,6182563/8077000
0,6182563/16154000
0,0
6
4 5 1 0 4
4 6 2 1 5
4 7 3 2 6
4 9 5 4 8
4 10 6 5 9
4 11 7 6 10
978971/1615400,2452511/16154000
978971/1615400,-1336363/16154000
978971/1615400,3/10
978971/1615400,-1336363/16154000
13/14,2452511/16154000
13/14,-1336363/16154000
13/14,3/10
13/14,-1336363/16154000
2839603/11307800,2452511/16154000
2839603/11307800,-1336363/16154000
2839603/11307800,3/10
2839603/11307800,-1336363/16154000
