15
1,1
1,7263878513041646150442766/8619423677768762902481725
1,14527757026083292300885532/25858271033306288707445175
1,7263878513041646150442766/25858271033306288707445175
1,0
372694024899270142780462254086/423282860669622816441400640175,1
372694024899270142780462254086/423282860669622816441400640175,7263878513041646150442766/8619423677768762902481725
372694024899270142780462254086/423282860669622816441400640175,14527757026083292300885532/25858271033306288707445175
372694024899270142780462254086/423282860669622816441400640175,7263878513041646150442766/25858271033306288707445175
372694024899270142780462254086/423282860669622816441400640175,0
0,1
0,7263878513041646150442766/8619423677768762902481725
0,14527757026083292300885532/25858271033306288707445175
0,7263878513041646150442766/25858271033306288707445175
0,0
8
4 6 1 0 5
4 7 2 1 6
4 8 3 2 7
4 9 4 3 8
4 11 6 5 10
4 12 7 6 11
4 13 8 7 12
4 14 9 8 13
-6662198177759431616650104596034164/2159165872275745986667584665532675,2297389272990535079155954327/18843291505842196956668262525
-6662198177759431616650104596034164/2159165872275745986667584665532675,36825632566752813210543869866/131903040540895378696677837675
-6662198177759431616650104596034164/2159165872275745986667584665532675,-1490570282087060/864558542519337869
-6662198177759431616650104596034164/2159165872275745986667584665532675,36825632566752813210543869866/131903040540895378696677837675
-6662198177759431616650104596034164/2159165872275745986667584665532675,-1490570282087060/864558542519337869
-88797093596324837909081/29938058589598505645301,2297389272990535079155954327/18843291505842196956668262525
-88797093596324837909081/29938058589598505645301,36825632566752813210543869866/131903040540895378696677837675
-88797093596324837909081/29938058589598505645301,-1490570282087060/864558542519337869
-88797093596324837909081/29938058589598505645301,36825632566752813210543869866/131903040540895378696677837675
-88797093596324837909081/29938058589598505645301,-1490570282087060/864558542519337869
-2768418915835346542209598615562287/719721957425248662222528221844225,2297389272990535079155954327/18843291505842196956668262525
-2768418915835346542209598615562287/719721957425248662222528221844225,36825632566752813210543869866/131903040540895378696677837675
-2768418915835346542209598615562287/719721957425248662222528221844225,-1490570282087060/864558542519337869
-2768418915835346542209598615562287/719721957425248662222528221844225,36825632566752813210543869866/131903040540895378696677837675
-2768418915835346542209598615562287/719721957425248662222528221844225,-1490570282087060/864558542519337869
