9
1,1
1,7414305238675147189/12302166929373668850
1,0
174171883639864793299630129/249377960110283098238331800,1
174171883639864793299630129/249377960110283098238331800,7414305238675147189/12302166929373668850
174171883639864793299630129/249377960110283098238331800,0
0,1
0,7414305238675147189/12302166929373668850
0,0
4
4 4 1 0 3
4 5 2 1 4
4 7 4 3 6
4 8 5 4 7
48802535670380502954780377/62344490027570774559582950,13034504691296398339/12302166929373668850
48802535670380502954780377/62344490027570774559582950,119482442546632800/82014446195824459
48802535670380502954780377/62344490027570774559582950,10508061143319772811/12302166929373668850
270416219151940316757823179/249377960110283098238331800,13034504691296398339/12302166929373668850
270416219151940316757823179/249377960110283098238331800,119482442546632800/82014446195824459
270416219151940316757823179/249377960110283098238331800,10508061143319772811/12302166929373668850
947174522475061/2454216645857836,13034504691296398339/12302166929373668850
947174522475061/2454216645857836,119482442546632800/82014446195824459
947174522475061/2454216645857836,10508061143319772811/12302166929373668850
