20
1,1
1,1978/2405
1,989/2405
1,0
12/13,1
12/13,1978/2405
12/13,989/2405
12/13,0
8/13,1
8/13,1978/2405
8/13,989/2405
8/13,0
4/13,1
4/13,1978/2405
4/13,989/2405
4/13,0
0,1
0,1978/2405
0,989/2405
0,0
12
4 5 1 0 4
4 6 2 1 5
4 7 3 2 6
4 9 5 4 8
4 10 6 5 9
4 11 7 6 10
4 13 9 8 12
4 14 10 9 13
4 15 11 10 14
4 17 13 12 16
4 18 14 13 17
4 19 15 14 18
33/91,5956/16835
33/91,2967/16835
33/91,1978/3367
33/91,2967/16835
40/91,5956/16835
40/91,2967/16835
40/91,1978/3367
40/91,2967/16835
12/91,5956/16835
12/91,2967/16835
12/91,1978/3367
12/91,2967/16835
40/91,5956/16835
40/91,2967/16835
40/91,1978/3367
40/91,2967/16835
12/91,5956/16835
12/91,2967/16835
12/91,1978/3367
12/91,2967/16835
