16
1,1
1,41306546785818/45226742540525
1,20653273392909/45226742540525
1,0
66852003107/69652158240,1
66852003107/69652158240,41306546785818/45226742540525
66852003107/69652158240,20653273392909/45226742540525
66852003107/69652158240,0
66852003107/139304316480,1
66852003107/139304316480,41306546785818/45226742540525
66852003107/139304316480,20653273392909/45226742540525
66852003107/139304316480,0
0,1
0,41306546785818/45226742540525
0,20653273392909/45226742540525
0,0
9
4 5 1 0 4
4 6 2 1 5
4 7 3 2 6
4 9 5 4 8
4 10 6 5 9
4 11 7 6 10
4 13 9 8 12
4 14 10 9 13
4 15 11 10 14
12881555467/49751541600,32864682401519/135680227621575
12881555467/49751541600,1692796594/10883149725
12881555467/49751541600,3322556612645/5427209104863
12881555467/49751541600,1692796594/10883149725
19042528151/87065197800,32864682401519/135680227621575
19042528151/87065197800,1692796594/10883149725
19042528151/87065197800,3322556612645/5427209104863
19042528151/87065197800,1692796594/10883149725
486600240743/696521582400,32864682401519/135680227621575
486600240743/696521582400,1692796594/10883149725
486600240743/696521582400,3322556612645/5427209104863
486600240743/696521582400,1692796594/10883149725
19042528151/87065197800,32864682401519/135680227621575
19042528151/87065197800,1692796594/10883149725
19042528151/87065197800,3322556612645/5427209104863
19042528151/87065197800,1692796594/10883149725
