9
1,1
1,19051436509660689783361721835633/27247334976132882016216281250000
1,0
1508225088353303709/2652485000400312500,1
1508225088353303709/2652485000400312500,19051436509660689783361721835633/27247334976132882016216281250000
1508225088353303709/2652485000400312500,0
0,1
0,19051436509660689783361721835633/27247334976132882016216281250000
0,0
4
4 4 1 0 3
4 5 2 1 4
4 7 4 3 6
4 8 5 4 7
31391388076469355959/68964610010408125000,11164622994835038753387209871787/20435501232099661512162210937500
31391388076469355959/68964610010408125000,69246187378756731712112517730249/81742004928398646048648843750000
31391388076469355959/68964610010408125000,287559520803202434293159387/1943924017322203235401875000
6954906260469/7844709925000,11164622994835038753387209871787/20435501232099661512162210937500
6954906260469/7844709925000,69246187378756731712112517730249/81742004928398646048648843750000
6954906260469/7844709925000,287559520803202434293159387/1943924017322203235401875000
21928293492505688091/68964610010408125000,11164622994835038753387209871787/20435501232099661512162210937500
21928293492505688091/68964610010408125000,69246187378756731712112517730249/81742004928398646048648843750000
21928293492505688091/68964610010408125000,287559520803202434293159387/1943924017322203235401875000
