12
1,1
1,178828008284577770527819891/193272729669663085609632000
1,178828008284577770527819891/386545459339326171219264000
1,0
1312811457455580272951/2565179190081990480000,1
1312811457455580272951/2565179190081990480000,178828008284577770527819891/193272729669663085609632000
1312811457455580272951/2565179190081990480000,178828008284577770527819891/386545459339326171219264000
1312811457455580272951/2565179190081990480000,0
0,1
0,178828008284577770527819891/193272729669663085609632000
0,178828008284577770527819891/386545459339326171219264000
0,0
6
4 5 1 0 4
4 6 2 1 5
4 7 3 2 6
4 9 5 4 8
4 10 6 5 9
4 11 7 6 10
21656493305426009978471/65412069347090757240000,1131432098548560859219852927/3285636404384272455363744000
21656493305426009978471/65412069347090757240000,1522116554986444162936507/5645423375230708686192000
21656493305426009978471/65412069347090757240000,962363962168408620926206459/1314254561753708982145497600
21656493305426009978471/65412069347090757240000,1522116554986444162936507/5645423375230708686192000
107183740974798940516441/130824138694181514480000,1131432098548560859219852927/3285636404384272455363744000
107183740974798940516441/130824138694181514480000,1522116554986444162936507/5645423375230708686192000
107183740974798940516441/130824138694181514480000,962363962168408620926206459/1314254561753708982145497600
107183740974798940516441/130824138694181514480000,1522116554986444162936507/5645423375230708686192000
6256222074091/20344459572000,1131432098548560859219852927/3285636404384272455363744000
6256222074091/20344459572000,1522116554986444162936507/5645423375230708686192000
6256222074091/20344459572000,962363962168408620926206459/1314254561753708982145497600
6256222074091/20344459572000,1522116554986444162936507/5645423375230708686192000
