9
1,1
1,89654385586763442163/113966923435299772500
1,0
767818606762231/1107507264743750,1
767818606762231/1107507264743750,89654385586763442163/113966923435299772500
767818606762231/1107507264743750,0
0,1
0,89654385586763442163/113966923435299772500
0,0
4
4 4 1 0 3
4 5 2 1 4
4 7 4 3 6
4 8 5 4 7
261382734799106/553753632371875,5199460446321163221/37988974478433257500
261382734799106/553753632371875,594424/1697397
261382734799106/553753632371875,-49743466399263622163/113966923435299772500
862454127579731/1107507264743750,5199460446321163221/37988974478433257500
862454127579731/1107507264743750,594424/1697397
862454127579731/1107507264743750,-49743466399263622163/113966923435299772500
130142/1523035,5199460446321163221/37988974478433257500
130142/1523035,594424/1697397
130142/1523035,-49743466399263622163/113966923435299772500
