20
1,1
1,161951/194250
1,161951/388500
1,0
3479/3700,1
3479/3700,161951/194250
3479/3700,161951/388500
3479/3700,0
3479/5550,1
3479/5550,161951/194250
3479/5550,161951/388500
3479/5550,0
3479/11100,1
3479/11100,161951/194250
3479/11100,161951/388500
3479/11100,0
0,1
0,161951/194250
0,161951/388500
0,0
12
4 5 1 0 4
4 6 2 1 5
4 7 3 2 6
4 9 5 4 8
4 10 6 5 9
4 11 7 6 10
4 13 9 8 12
4 14 10 9 13
4 15 11 10 14
4 17 13 12 16
4 18 14 13 17
4 19 15 14 18
4237/11100,32299/194250
4237/11100,0
4237/11100,161951/388500
4237/11100,0
49/111,32299/194250
49/111,0
49/111,161951/388500
49/111,0
1421/11100,32299/194250
1421/11100,0
1421/11100,161951/388500
1421/11100,0
49/111,32299/194250
49/111,0
49/111,161951/388500
49/111,0
1421/11100,32299/194250
1421/11100,0
1421/11100,161951/388500
1421/11100,0
