21
1,1
1,87/88
1,87/110
1,261/440
1,87/220
1,87/440
1,0
8/11,1
8/11,87/88
8/11,87/110
8/11,261/440
8/11,87/220
8/11,87/440
8/11,0
0,1
0,87/88
0,87/110
0,261/440
0,87/220
0,87/440
0,0
12
4 8 1 0 7
4 9 2 1 8
4 10 3 2 9
4 11 4 3 10
4 12 5 4 11
4 13 6 5 12
4 15 8 7 14
4 16 9 8 15
4 17 10 9 16
4 18 11 10 17
4 19 12 11 18
4 20 13 12 19
5/11,41/220
5/11,87/440
5/11,0
5/11,87/440
5/11,0
5/11,87/440
5/11,0
8/11,41/220
8/11,87/440
8/11,0
8/11,87/440
8/11,0
8/11,87/440
8/11,0
0,41/220
0,87/440
0,0
0,87/440
0,0
0,87/440
0,0
