18
1,1
1,9376/10175
1,7032/10175
1,4688/10175
1,2344/10175
1,0
28/55,1
28/55,9376/10175
28/55,7032/10175
28/55,4688/10175
28/55,2344/10175
28/55,0
0,1
0,9376/10175
0,7032/10175
0,4688/10175
0,2344/10175
0,0
10
4 7 1 0 6
4 8 2 1 7
4 9 3 2 8
4 10 4 3 9
4 11 5 4 10
4 13 7 6 12
4 14 8 7 13
4 15 9 8 14
4 16 10 9 15
4 17 11 10 16
1/55,799/10175
1/55,0
1/55,2344/10175
1/55,0
1/55,2344/10175
1/55,0
28/55,799/10175
28/55,0
28/55,2344/10175
28/55,0
28/55,2344/10175
28/55,0
0,799/10175
0,0
0,2344/10175
0,0
0,2344/10175
0,0
