18
1,1
1,85271/94050
1,85271/125400
1,85271/188100
1,85271/376200
1,0
497/990,1
497/990,85271/94050
497/990,85271/125400
497/990,85271/188100
497/990,85271/376200
497/990,0
0,1
0,85271/94050
0,85271/125400
0,85271/188100
0,85271/376200
0,0
10
4 7 1 0 6
4 8 2 1 7
4 9 3 2 8
4 10 4 3 9
4 11 5 4 10
4 13 7 6 12
4 14 8 7 13
4 15 9 8 14
4 16 10 9 15
4 17 11 10 16
23/110,8779/94050
23/110,0
23/110,85271/376200
23/110,0
23/110,85271/376200
23/110,0
70/99,8779/94050
70/99,0
70/99,85271/376200
70/99,0
70/99,85271/376200
70/99,0
203/990,8779/94050
203/990,0
203/990,85271/376200
203/990,0
203/990,85271/376200
203/990,0
