9
1,1
1,187775429998698/244271695376875
1,0
3813626359719/6363791663125,1
3813626359719/6363791663125,187775429998698/244271695376875
3813626359719/6363791663125,0
0,1
0,187775429998698/244271695376875
0,0
4
4 4 1 0 3
4 5 2 1 4
4 7 4 3 6
4 8 5 4 7
5493075947963/12727583326250,-105278892698854/244271695376875
5493075947963/12727583326250,-48782627320677/244271695376875
5493075947963/12727583326250,-758502789/783235897
423736262191/509103333050,-105278892698854/244271695376875
423736262191/509103333050,-48782627320677/244271695376875
423736262191/509103333050,-758502789/783235897
2966153835337/12727583326250,-105278892698854/244271695376875
2966153835337/12727583326250,-48782627320677/244271695376875
2966153835337/12727583326250,-758502789/783235897
