12
1,1
1,135732/148625
1,67866/148625
1,0
423586/743125,1
423586/743125,135732/148625
423586/743125,67866/148625
423586/743125,0
0,1
0,135732/148625
0,67866/148625
0,0
6
4 5 1 0 4
4 6 2 1 5
4 7 3 2 6
4 9 5 4 8
4 10 6 5 9
4 11 7 6 10
1307919/1486250,-52853/594500
1307919/1486250,-4177/23780
1307919/1486250,167039/594500
1307919/1486250,-4177/23780
1946997/1486250,-52853/594500
1946997/1486250,-4177/23780
1946997/1486250,167039/594500
1946997/1486250,-4177/23780
37/50,-52853/594500
37/50,-4177/23780
37/50,167039/594500
37/50,-4177/23780
