12
1,1
1,1029301/1189000
1,1029301/2378000
1,0
13486577/24969000,1
13486577/24969000,1029301/1189000
13486577/24969000,1029301/2378000
13486577/24969000,0
0,1
0,1029301/1189000
0,1029301/2378000
0,0
6
4 5 1 0 4
4 6 2 1 5
4 7 3 2 6
4 9 5 4 8
4 10 6 5 9
4 11 7 6 10
35833207/43695750,3497/2378000
35833207/43695750,-315901/2378000
35833207/43695750,3/10
35833207/43695750,-315901/2378000
223709789/174783000,3497/2378000
223709789/174783000,-315901/2378000
223709789/174783000,3/10
223709789/174783000,-315901/2378000
145/196,3497/2378000
145/196,-315901/2378000
145/196,3/10
145/196,-315901/2378000
