12
1,1
1,1051923/1189000
1,1051923/2378000
1,0
31826491/57666500,1
31826491/57666500,1051923/1189000
31826491/57666500,1051923/2378000
31826491/57666500,0
0,1
0,1051923/1189000
0,1051923/2378000
0,0
6
4 5 1 0 4
4 6 2 1 5
4 7 3 2 6
4 9 5 4 8
4 10 6 5 9
4 11 7 6 10
48641857/57666500,-64369/2378000
48641857/57666500,-338523/2378000
48641857/57666500,3/10
48641857/57666500,-338523/2378000
37240933/28833250,-64369/2378000
37240933/28833250,-338523/2378000
37240933/28833250,3/10
37240933/28833250,-338523/2378000
287/388,-64369/2378000
287/388,-338523/2378000
287/388,3/10
287/388,-338523/2378000
