15
1,1
1,43813/65600
1,0
739893/788800,1
739893/788800,43813/65600
739893/788800,0
246631/394400,1
246631/394400,43813/65600
246631/394400,0
246631/788800,1
246631/788800,43813/65600
246631/788800,0
0,1
0,43813/65600
0,0
8
4 4 1 0 3
4 5 2 1 4
4 7 4 3 6
4 8 5 4 7
4 10 7 6 9
4 11 8 7 10
4 13 10 9 12
4 14 11 10 13
-48907/788800,67913/65600
-48907/788800,897/656
-48907/788800,45887/65600
0,67913/65600
0,897/656
0,45887/65600
-246631/788800,67913/65600
-246631/788800,897/656
-246631/788800,45887/65600
0,67913/65600
0,897/656
0,45887/65600
-246631/788800,67913/65600
-246631/788800,897/656
-246631/788800,45887/65600
