16
1,1
1,117/125
1,117/250
1,0
9243/10000,1
9243/10000,117/125
9243/10000,117/250
9243/10000,0
9243/20000,1
9243/20000,117/125
9243/20000,117/250
9243/20000,0
0,1
0,117/125
0,117/250
0,0
9
4 5 1 0 4
4 6 2 1 5
4 7 3 2 6
4 9 5 4 8
4 10 6 5 9
4 11 7 6 10
4 13 9 8 12
4 14 10 9 13
4 15 11 10 14
1321/20000,421/1000
1321/20000,357/1000
1321/20000,33/40
1321/20000,357/1000
-193/20000,421/1000
-193/20000,357/1000
-193/20000,33/40
-193/20000,357/1000
181/400,421/1000
181/400,357/1000
181/400,33/40
181/400,357/1000
-193/20000,421/1000
-193/20000,357/1000
-193/20000,33/40
-193/20000,357/1000
