9
1,1
1,119128729243619492397/193178884417616902400
1,0
284585069769/537594707200,1
284585069769/537594707200,119128729243619492397/193178884417616902400
284585069769/537594707200,0
0,1
0,119128729243619492397/193178884417616902400
0,0
4
4 4 1 0 3
4 5 2 1 4
4 7 4 3 6
4 8 5 4 7
186472199369/537594707200,-8350992274326441253/96589442208808451200
186472199369/537594707200,57348170625344527497/193178884417616902400
186472199369/537594707200,-78371887122003/245057572520128
1024911/1253719,-8350992274326441253/96589442208808451200
1024911/1253719,57348170625344527497/193178884417616902400
1024911/1253719,-78371887122003/245057572520128
154896767031/537594707200,-8350992274326441253/96589442208808451200
154896767031/537594707200,57348170625344527497/193178884417616902400
154896767031/537594707200,-78371887122003/245057572520128
