20
1,1
1,32589/32800
1,10863/16400
1,10863/32800
1,0
38837/49200,1
38837/49200,32589/32800
38837/49200,10863/16400
38837/49200,10863/32800
38837/49200,0
38837/98400,1
38837/98400,32589/32800
38837/98400,10863/16400
38837/98400,10863/32800
38837/98400,0
0,1
0,32589/32800
0,10863/16400
0,10863/32800
0,0
12
4 6 1 0 5
4 7 2 1 6
4 8 3 2 7
4 9 4 3 8
4 11 6 5 10
4 12 7 6 11
4 13 8 7 12
4 14 9 8 13
4 16 11 10 15
4 17 12 11 16
4 18 13 12 17
4 19 14 13 18
-9911/98400,19189/32800
-9911/98400,97/164
-9911/98400,8537/32800
-9911/98400,97/164
-9911/98400,8537/32800
-30637/98400,19189/32800
-30637/98400,97/164
-30637/98400,8537/32800
-30637/98400,97/164
-30637/98400,8537/32800
1/12,19189/32800
1/12,97/164
1/12,8537/32800
1/12,97/164
1/12,8537/32800
-30637/98400,19189/32800
-30637/98400,97/164
-30637/98400,8537/32800
-30637/98400,97/164
-30637/98400,8537/32800
