12
1,1
1,456506806959/820409732000
1,0
36711230373/48259396000,1
36711230373/48259396000,456506806959/820409732000
36711230373/48259396000,0
36711230373/96518792000,1
36711230373/96518792000,456506806959/820409732000
36711230373/96518792000,0
0,1
0,456506806959/820409732000
0,0
6
4 4 1 0 3
4 5 2 1 4
4 7 4 3 6
4 8 5 4 7
4 10 7 6 9
4 11 8 7 10
37204422981333/47583764456000,-18635334541/820409732000
37204422981333/47583764456000,973/2312
37204422981333/47583764456000,-111239216459/820409732000
25817931673111/47583764456000,-18635334541/820409732000
25817931673111/47583764456000,973/2312
25817931673111/47583764456000,-111239216459/820409732000
2289587/2480776,-18635334541/820409732000
2289587/2480776,973/2312
2289587/2480776,-111239216459/820409732000
25817931673111/47583764456000,-18635334541/820409732000
25817931673111/47583764456000,973/2312
25817931673111/47583764456000,-111239216459/820409732000
