8
1,1
1,898404086/1294261969
1,449202043/1294261969
1,0
0,1
0,898404086/1294261969
0,449202043/1294261969
0,0
3
4 5 1 0 4
4 6 2 1 5
4 7 3 2 6
22080478321602/17231863840565,179725299/398234452
22080478321602/17231863840565,68454305/470640716
22080478321602/17231863840565,2549805527/5177047876
22080478321602/17231863840565,68454305/470640716
4848614481037/17231863840565,179725299/398234452
4848614481037/17231863840565,68454305/470640716
4848614481037/17231863840565,2549805527/5177047876
4848614481037/17231863840565,68454305/470640716
