14
1,1
1,0
90983/91310,1
90983/91310,0
181966/228275,1
181966/228275,0
272949/456550,1
272949/456550,0
90983/228275,1
90983/228275,0
90983/456550,1
90983/456550,0
0,1
0,0
6
4 3 1 0 2
4 5 3 2 4
4 7 5 4 6
4 9 7 6 8
4 11 9 8 10
4 13 11 10 12
10341/3970,1088097/456550
10341/3970,631547/456550
23817/9131,1088097/456550
23817/9131,631547/456550
1099867/456550,1088097/456550
1099867/456550,631547/456550
23817/9131,1088097/456550
23817/9131,631547/456550
1099867/456550,1088097/456550
1099867/456550,631547/456550
23817/9131,1088097/456550
23817/9131,631547/456550
1099867/456550,1088097/456550
1099867/456550,631547/456550
