12
1,1
1,138611949/175343650
1,138611949/350687300
1,0
284779677/438359125,1
284779677/438359125,138611949/175343650
284779677/438359125,138611949/350687300
284779677/438359125,0
0,1
0,138611949/175343650
0,138611949/350687300
0,0
6
4 5 1 0 4
4 6 2 1 5
4 7 3 2 6
4 9 5 4 8
4 10 6 5 9
4 11 7 6 10
180868079/438359125,83792827/350687300
180868079/438359125,413177/14027492
180868079/438359125,74470687/175343650
180868079/438359125,413177/14027492
334447527/438359125,83792827/350687300
334447527/438359125,413177/14027492
334447527/438359125,74470687/175343650
334447527/438359125,413177/14027492
1986714/17534365,83792827/350687300
1986714/17534365,413177/14027492
1986714/17534365,74470687/175343650
1986714/17534365,413177/14027492
