20
1,1
1,31047/31250
1,10349/15625
1,10349/31250
1,0
3002/3125,1
3002/3125,31047/31250
3002/3125,10349/15625
3002/3125,10349/31250
3002/3125,0
1501/3125,1
1501/3125,31047/31250
1501/3125,10349/15625
1501/3125,10349/31250
1501/3125,0
0,1
0,31047/31250
0,10349/15625
0,10349/31250
0,0
12
4 6 1 0 5
4 7 2 1 6
4 8 3 2 7
4 9 4 3 8
4 11 6 5 10
4 12 7 6 11
4 13 8 7 12
4 14 9 8 13
4 16 11 10 15
4 17 12 11 16
4 18 13 12 17
4 19 14 13 18
1247/3125,-1802/15625
1247/3125,-3401/31250
1247/3125,-11/25
1247/3125,-3401/31250
1247/3125,-11/25
1124/3125,-1802/15625
1124/3125,-3401/31250
1124/3125,-11/25
1124/3125,-3401/31250
1124/3125,-11/25
21/25,-1802/15625
21/25,-3401/31250
21/25,-11/25
21/25,-3401/31250
21/25,-11/25
1124/3125,-1802/15625
1124/3125,-3401/31250
1124/3125,-11/25
1124/3125,-3401/31250
1124/3125,-11/25
