70
1,1
1,0
9801/9850,1
9801/9850,0
4752/4925,1
4752/4925,0
9207/9850,1
9207/9850,0
891/985,1
891/985,0
8613/9850,1
8613/9850,0
4158/4925,1
4158/4925,0
8019/9850,1
8019/9850,0
3861/4925,1
3861/4925,0
297/394,1
297/394,0
3564/4925,1
3564/4925,0
6831/9850,1
6831/9850,0
3267/4925,1
3267/4925,0
6237/9850,1
6237/9850,0
594/985,1
594/985,0
5643/9850,1
5643/9850,0
2673/4925,1
2673/4925,0
5049/9850,1
5049/9850,0
2376/4925,1
2376/4925,0
891/1970,1
891/1970,0
2079/4925,1
2079/4925,0
3861/9850,1
3861/9850,0
1782/4925,1
1782/4925,0
3267/9850,1
3267/9850,0
297/985,1
297/985,0
2673/9850,1
2673/9850,0
1188/4925,1
1188/4925,0
2079/9850,1
2079/9850,0
891/4925,1
891/4925,0
297/1970,1
297/1970,0
594/4925,1
594/4925,0
891/9850,1
891/9850,0
297/4925,1
297/4925,0
297/9850,1
297/9850,0
0,1
0,0
34
4 3 1 0 2
4 5 3 2 4
4 7 5 4 6
4 9 7 6 8
4 11 9 8 10
4 13 11 10 12
4 15 13 12 14
4 17 15 14 16
4 19 17 16 18
4 21 19 18 20
4 23 21 20 22
4 25 23 22 24
4 27 25 24 26
4 29 27 26 28
4 31 29 28 30
4 33 31 30 32
4 35 33 32 34
4 37 35 34 36
4 39 37 36 38
4 41 39 38 40
4 43 41 40 42
4 45 43 42 44
4 47 45 44 46
4 49 47 46 48
4 51 49 48 50
4 53 51 50 52
4 55 53 52 54
4 57 55 54 56
4 59 57 56 58
4 61 59 58 60
4 63 61 60 62
4 65 63 62 64
4 67 65 64 66
4 69 67 66 68
-279628492/4925,1389921643/98500
-279628492/4925,1389823143/98500
-111851387/1970,1389921643/98500
-111851387/1970,1389823143/98500
-279628616/4925,1389921643/98500
-279628616/4925,1389823143/98500
-111851387/1970,1389921643/98500
-111851387/1970,1389823143/98500
-279628616/4925,1389921643/98500
-279628616/4925,1389823143/98500
-111851387/1970,1389921643/98500
-111851387/1970,1389823143/98500
-279628616/4925,1389921643/98500
-279628616/4925,1389823143/98500
-111851387/1970,1389921643/98500
-111851387/1970,1389823143/98500
-279628616/4925,1389921643/98500
-279628616/4925,1389823143/98500
-111851387/1970,1389921643/98500
-111851387/1970,1389823143/98500
-279628616/4925,1389921643/98500
-279628616/4925,1389823143/98500
-111851387/1970,1389921643/98500
-111851387/1970,1389823143/98500
-279628616/4925,1389921643/98500
-279628616/4925,1389823143/98500
-111851387/1970,1389921643/98500
-111851387/1970,1389823143/98500
-279628616/4925,1389921643/98500
-279628616/4925,1389823143/98500
-111851387/1970,1389921643/98500
-111851387/1970,1389823143/98500
-279628616/4925,1389921643/98500
-279628616/4925,1389823143/98500
-111851387/1970,1389921643/98500
-111851387/1970,1389823143/98500
-279628616/4925,1389921643/98500
-279628616/4925,1389823143/98500
-111851387/1970,1389921643/98500
-111851387/1970,1389823143/98500
-279628616/4925,1389921643/98500
-279628616/4925,1389823143/98500
-111851387/1970,1389921643/98500
-111851387/1970,1389823143/98500
-279628616/4925,1389921643/98500
-279628616/4925,1389823143/98500
-111851387/1970,1389921643/98500
-111851387/1970,1389823143/98500
-279628616/4925,1389921643/98500
-279628616/4925,1389823143/98500
-111851387/1970,1389921643/98500
-111851387/1970,1389823143/98500
-279628616/4925,1389921643/98500
-279628616/4925,1389823143/98500
-111851387/1970,1389921643/98500
-111851387/1970,1389823143/98500
-279628616/4925,1389921643/98500
-279628616/4925,1389823143/98500
-111851387/1970,1389921643/98500
-111851387/1970,1389823143/98500
-279628616/4925,1389921643/98500
-279628616/4925,1389823143/98500
-111851387/1970,1389921643/98500
-111851387/1970,1389823143/98500
-279628616/4925,1389921643/98500
-279628616/4925,1389823143/98500
-111851387/1970,1389921643/98500
-111851387/1970,1389823143/98500
-279628616/4925,1389921643/98500
-279628616/4925,1389823143/98500
