16
1,1
1,161/225
1,161/450
1,0
161/225,1
161/225,161/225
161/225,161/450
161/225,0
161/450,1
161/450,161/225
161/450,161/450
161/450,0
0,1
0,161/225
0,161/450
0,0
9
4 5 1 0 4
4 6 2 1 5
4 7 3 2 6
4 9 5 4 8
4 10 6 5 9
4 11 7 6 10
4 13 9 8 12
4 14 10 9 13
4 15 11 10 14
-413/450,-236/225
-413/450,-4/3
-413/450,-439/450
-413/450,-4/3
-541/450,-236/225
-541/450,-4/3
-541/450,-439/450
-541/450,-4/3
-38/45,-236/225
-38/45,-4/3
-38/45,-439/450
-38/45,-4/3
-541/450,-236/225
-541/450,-4/3
-541/450,-439/450
-541/450,-4/3
