20
1,1
1,189/200
1,63/100
1,63/200
1,0
9/10,1
9/10,189/200
9/10,63/100
9/10,63/200
9/10,0
9/20,1
9/20,189/200
9/20,63/100
9/20,63/200
9/20,0
0,1
0,189/200
0,63/100
0,63/200
0,0
12
4 6 1 0 5
4 7 2 1 6
4 8 3 2 7
4 9 4 3 8
4 11 6 5 10
4 12 7 6 11
4 13 8 7 12
4 14 9 8 13
4 16 11 10 15
4 17 12 11 16
4 18 13 12 17
4 19 14 13 18
-3/20,-23/200
-3/20,-3/50
-3/20,-3/8
-3/20,-3/50
-3/20,-3/8
-1/4,-23/200
-1/4,-3/50
-1/4,-3/8
-1/4,-3/50
-1/4,-3/8
1/5,-23/200
1/5,-3/50
1/5,-3/8
1/5,-3/50
1/5,-3/8
-1/4,-23/200
-1/4,-3/50
-1/4,-3/8
-1/4,-3/50
-1/4,-3/8
