20
1,1
1,539/640
1,539/1280
1,0
5907/6400,1
5907/6400,539/640
5907/6400,539/1280
5907/6400,0
1969/3200,1
1969/3200,539/640
1969/3200,539/1280
1969/3200,0
1969/6400,1
1969/6400,539/640
1969/6400,539/1280
1969/6400,0
0,1
0,539/640
0,539/1280
0,0
12
4 5 1 0 4
4 6 2 1 5
4 7 3 2 6
4 9 5 4 8
4 10 6 5 9
4 11 7 6 10
4 13 9 8 12
4 14 10 9 13
4 15 11 10 14
4 17 13 12 16
4 18 14 13 17
4 19 15 14 18
447/800,291/2560
447/800,-113/2560
447/800,193/512
447/800,-113/2560
4069/6400,291/2560
4069/6400,-113/2560
4069/6400,193/512
4069/6400,-113/2560
21/64,291/2560
21/64,-113/2560
21/64,193/512
21/64,-113/2560
4069/6400,291/2560
4069/6400,-113/2560
4069/6400,193/512
4069/6400,-113/2560
21/64,291/2560
21/64,-113/2560
21/64,193/512
21/64,-113/2560
