30
1,1
1,63/80
1,21/40
1,21/80
1,0
119/120,1
119/120,63/80
119/120,21/40
119/120,21/80
119/120,0
119/160,1
119/160,63/80
119/160,21/40
119/160,21/80
119/160,0
119/240,1
119/240,63/80
119/240,21/40
119/240,21/80
119/240,0
119/480,1
119/480,63/80
119/480,21/40
119/480,21/80
119/480,0
0,1
0,63/80
0,21/40
0,21/80
0,0
20
4 6 1 0 5
4 7 2 1 6
4 8 3 2 7
4 9 4 3 8
4 11 6 5 10
4 12 7 6 11
4 13 8 7 12
4 14 9 8 13
4 16 11 10 15
4 17 12 11 16
4 18 13 12 17
4 19 14 13 18
4 21 16 15 20
4 22 17 16 21
4 23 18 17 22
4 24 19 18 23
4 26 21 20 25
4 27 22 21 26
4 28 23 22 27
4 29 24 23 28
247/240,-11/240
247/240,1/6
247/240,-23/240
247/240,1/6
247/240,-23/240
49/48,-11/240
49/48,1/6
49/48,-23/240
49/48,1/6
49/48,-23/240
203/160,-11/240
203/160,1/6
203/160,-23/240
203/160,1/6
203/160,-23/240
49/48,-11/240
49/48,1/6
49/48,-23/240
49/48,1/6
49/48,-23/240
203/160,-11/240
203/160,1/6
203/160,-23/240
203/160,1/6
203/160,-23/240
49/48,-11/240
49/48,1/6
49/48,-23/240
49/48,1/6
49/48,-23/240
