9
1,1
1,12069238415305627/13697848375385525
1,0
2527196603801/3405334645400,1
2527196603801/3405334645400,12069238415305627/13697848375385525
2527196603801/3405334645400,0
0,1
0,12069238415305627/13697848375385525
0,0
4
4 4 1 0 3
4 5 2 1 4
4 7 4 3 6
4 8 5 4 7
-2724482872567/3405334645400,18760460578836934/13697848375385525
-2724482872567/3405334645400,20389070538916832/13697848375385525
-2724482872567/3405334645400,7355230429/12109719245
-223853641/412867925,18760460578836934/13697848375385525
-223853641/412867925,20389070538916832/13697848375385525
-223853641/412867925,7355230429/12109719245
-4373541434769/3405334645400,18760460578836934/13697848375385525
-4373541434769/3405334645400,20389070538916832/13697848375385525
-4373541434769/3405334645400,7355230429/12109719245
