20
1,1
1,23163/26000
1,7721/13000
1,7721/26000
1,0
94969/117000,1
94969/117000,23163/26000
94969/117000,7721/13000
94969/117000,7721/26000
94969/117000,0
94969/234000,1
94969/234000,23163/26000
94969/234000,7721/13000
94969/234000,7721/26000
94969/234000,0
0,1
0,23163/26000
0,7721/13000
0,7721/26000
0,0
12
4 6 1 0 5
4 7 2 1 6
4 8 3 2 7
4 9 4 3 8
4 11 6 5 10
4 12 7 6 11
4 13 8 7 12
4 14 9 8 13
4 16 11 10 15
4 17 12 11 16
4 18 13 12 17
4 19 14 13 18
-37907/234000,11443/26000
-37907/234000,357/650
-37907/234000,6559/26000
-37907/234000,357/650
-37907/234000,6559/26000
-27323/78000,11443/26000
-27323/78000,357/650
-27323/78000,6559/26000
-27323/78000,357/650
-27323/78000,6559/26000
1/18,11443/26000
1/18,357/650
1/18,6559/26000
1/18,357/650
1/18,6559/26000
-27323/78000,11443/26000
-27323/78000,357/650
-27323/78000,6559/26000
-27323/78000,357/650
-27323/78000,6559/26000
