9
1,1
1,3496440999441577/5041159922214000
1,0
36329803591/50411275200,1
36329803591/50411275200,3496440999441577/5041159922214000
36329803591/50411275200,0
0,1
0,3496440999441577/5041159922214000
0,0
4
4 4 1 0 3
4 5 2 1 4
4 7 4 3 6
4 8 5 4 7
460539527/763807200,832468044991601/2520579961107000
460539527/763807200,2853026678005/4481031041968
460539527/763807200,-64/1125
44477080391/50411275200,832468044991601/2520579961107000
44477080391/50411275200,2853026678005/4481031041968
44477080391/50411275200,-64/1125
16/99,832468044991601/2520579961107000
16/99,2853026678005/4481031041968
16/99,-64/1125
