196
1,1
1,3231/3325
1,11847/13300
1,1077/1330
1,9693/13300
1,2154/3325
1,1077/1900
1,3231/6650
1,1077/2660
1,1077/3325
1,3231/13300
1,1077/6650
1,1077/13300
1,0
3231/3325,1
3231/3325,3231/3325
3231/3325,11847/13300
3231/3325,1077/1330
3231/3325,9693/13300
3231/3325,2154/3325
3231/3325,1077/1900
3231/3325,3231/6650
3231/3325,1077/2660
3231/3325,1077/3325
3231/3325,3231/13300
3231/3325,1077/6650
3231/3325,1077/13300
3231/3325,0
11847/13300,1
11847/13300,3231/3325
11847/13300,11847/13300
11847/13300,1077/1330
11847/13300,9693/13300
11847/13300,2154/3325
11847/13300,1077/1900
11847/13300,3231/6650
11847/13300,1077/2660
11847/13300,1077/3325
11847/13300,3231/13300
11847/13300,1077/6650
11847/13300,1077/13300
11847/13300,0
1077/1330,1
1077/1330,3231/3325
1077/1330,11847/13300
1077/1330,1077/1330
1077/1330,9693/13300
1077/1330,2154/3325
1077/1330,1077/1900
1077/1330,3231/6650
1077/1330,1077/2660
1077/1330,1077/3325
1077/1330,3231/13300
1077/1330,1077/6650
1077/1330,1077/13300
1077/1330,0
9693/13300,1
9693/13300,3231/3325
9693/13300,11847/13300
9693/13300,1077/1330
9693/13300,9693/13300
9693/13300,2154/3325
9693/13300,1077/1900
9693/13300,3231/6650
9693/13300,1077/2660
9693/13300,1077/3325
9693/13300,3231/13300
9693/13300,1077/6650
9693/13300,1077/13300
9693/13300,0
2154/3325,1
2154/3325,3231/3325
2154/3325,11847/13300
2154/3325,1077/1330
2154/3325,9693/13300
2154/3325,2154/3325
2154/3325,1077/1900
2154/3325,3231/6650
2154/3325,1077/2660
2154/3325,1077/3325
2154/3325,3231/13300
2154/3325,1077/6650
2154/3325,1077/13300
2154/3325,0
1077/1900,1
1077/1900,3231/3325
1077/1900,11847/13300
1077/1900,1077/1330
1077/1900,9693/13300
1077/1900,2154/3325
1077/1900,1077/1900
1077/1900,3231/6650
1077/1900,1077/2660
1077/1900,1077/3325
1077/1900,3231/13300
1077/1900,1077/6650
1077/1900,1077/13300
1077/1900,0
3231/6650,1
3231/6650,3231/3325
3231/6650,11847/13300
3231/6650,1077/1330
3231/6650,9693/13300
3231/6650,2154/3325
3231/6650,1077/1900
3231/6650,3231/6650
3231/6650,1077/2660
3231/6650,1077/3325
3231/6650,3231/13300
3231/6650,1077/6650
3231/6650,1077/13300
3231/6650,0
1077/2660,1
1077/2660,3231/3325
1077/2660,11847/13300
1077/2660,1077/1330
1077/2660,9693/13300
1077/2660,2154/3325
1077/2660,1077/1900
1077/2660,3231/6650
1077/2660,1077/2660
1077/2660,1077/3325
1077/2660,3231/13300
1077/2660,1077/6650
1077/2660,1077/13300
1077/2660,0
1077/3325,1
1077/3325,3231/3325
1077/3325,11847/13300
1077/3325,1077/1330
1077/3325,9693/13300
1077/3325,2154/3325
1077/3325,1077/1900
1077/3325,3231/6650
1077/3325,1077/2660
1077/3325,1077/3325
1077/3325,3231/13300
1077/3325,1077/6650
1077/3325,1077/13300
1077/3325,0
3231/13300,1
3231/13300,3231/3325
3231/13300,11847/13300
3231/13300,1077/1330
3231/13300,9693/13300
3231/13300,2154/3325
3231/13300,1077/1900
3231/13300,3231/6650
3231/13300,1077/2660
3231/13300,1077/3325
3231/13300,3231/13300
3231/13300,1077/6650
3231/13300,1077/13300
3231/13300,0
1077/6650,1
1077/6650,3231/3325
1077/6650,11847/13300
1077/6650,1077/1330
1077/6650,9693/13300
1077/6650,2154/3325
1077/6650,1077/1900
1077/6650,3231/6650
1077/6650,1077/2660
1077/6650,1077/3325
1077/6650,3231/13300
1077/6650,1077/6650
1077/6650,1077/13300
1077/6650,0
1077/13300,1
1077/13300,3231/3325
1077/13300,11847/13300
1077/13300,1077/1330
1077/13300,9693/13300
1077/13300,2154/3325
1077/13300,1077/1900
1077/13300,3231/6650
1077/13300,1077/2660
1077/13300,1077/3325
1077/13300,3231/13300
1077/13300,1077/6650
1077/13300,1077/13300
1077/13300,0
0,1
0,3231/3325
0,11847/13300
0,1077/1330
0,9693/13300
0,2154/3325
0,1077/1900
0,3231/6650
0,1077/2660
0,1077/3325
0,3231/13300
0,1077/6650
0,1077/13300
0,0
169
4 15 1 0 14
4 16 2 1 15
4 17 3 2 16
4 18 4 3 17
4 19 5 4 18
4 20 6 5 19
4 21 7 6 20
4 22 8 7 21
4 23 9 8 22
4 24 10 9 23
4 25 11 10 24
4 26 12 11 25
4 27 13 12 26
4 29 15 14 28
4 30 16 15 29
4 31 17 16 30
4 32 18 17 31
4 33 19 18 32
4 34 20 19 33
4 35 21 20 34
4 36 22 21 35
4 37 23 22 36
4 38 24 23 37
4 39 25 24 38
4 40 26 25 39
4 41 27 26 40
4 43 29 28 42
4 44 30 29 43
4 45 31 30 44
4 46 32 31 45
4 47 33 32 46
4 48 34 33 47
4 49 35 34 48
4 50 36 35 49
4 51 37 36 50
4 52 38 37 51
4 53 39 38 52
4 54 40 39 53
4 55 41 40 54
4 57 43 42 56
4 58 44 43 57
4 59 45 44 58
4 60 46 45 59
4 61 47 46 60
4 62 48 47 61
4 63 49 48 62
4 64 50 49 63
4 65 51 50 64
4 66 52 51 65
4 67 53 52 66
4 68 54 53 67
4 69 55 54 68
4 71 57 56 70
4 72 58 57 71
4 73 59 58 72
4 74 60 59 73
4 75 61 60 74
4 76 62 61 75
4 77 63 62 76
4 78 64 63 77
4 79 65 64 78
4 80 66 65 79
4 81 67 66 80
4 82 68 67 81
4 83 69 68 82
4 85 71 70 84
4 86 72 71 85
4 87 73 72 86
4 88 74 73 87
4 89 75 74 88
4 90 76 75 89
4 91 77 76 90
4 92 78 77 91
4 93 79 78 92
4 94 80 79 93
4 95 81 80 94
4 96 82 81 95
4 97 83 82 96
4 99 85 84 98
4 100 86 85 99
4 101 87 86 100
4 102 88 87 101
4 103 89 88 102
4 104 90 89 103
4 105 91 90 104
4 106 92 91 105
4 107 93 92 106
4 108 94 93 107
4 109 95 94 108
4 110 96 95 109
4 111 97 96 110
4 113 99 98 112
4 114 100 99 113
4 115 101 100 114
4 116 102 101 115
4 117 103 102 116
4 118 104 103 117
4 119 105 104 118
4 120 106 105 119
4 121 107 106 120
4 122 108 107 121
4 123 109 108 122
4 124 110 109 123
4 125 111 110 124
4 127 113 112 126
4 128 114 113 127
4 129 115 114 128
4 130 116 115 129
4 131 117 116 130
4 132 118 117 131
4 133 119 118 132
4 134 120 119 133
4 135 121 120 134
4 136 122 121 135
4 137 123 122 136
4 138 124 123 137
4 139 125 124 138
4 141 127 126 140
4 142 128 127 141
4 143 129 128 142
4 144 130 129 143
4 145 131 130 144
4 146 132 131 145
4 147 133 132 146
4 148 134 133 147
4 149 135 134 148
4 150 136 135 149
4 151 137 136 150
4 152 138 137 151
4 153 139 138 152
4 155 141 140 154
4 156 142 141 155
4 157 143 142 156
4 158 144 143 157
4 159 145 144 158
4 160 146 145 159
4 161 147 146 160
4 162 148 147 161
4 163 149 148 162
4 164 150 149 163
4 165 151 150 164
4 166 152 151 165
4 167 153 152 166
4 169 155 154 168
4 170 156 155 169
4 171 157 156 170
4 172 158 157 171
4 173 159 158 172
4 174 160 159 173
4 175 161 160 174
4 176 162 161 175
4 177 163 162 176
4 178 164 163 177
4 179 165 164 178
4 180 166 165 179
4 181 167 166 180
4 183 169 168 182
4 184 170 169 183
4 185 171 170 184
4 186 172 171 185
4 187 173 172 186
4 188 174 173 187
4 189 175 174 188
4 190 176 175 189
4 191 177 176 190
4 192 178 177 191
4 193 179 178 192
4 194 180 179 193
4 195 181 180 194
56527/970900,56527/970900
56527/970900,29079/970900
56527/970900,1077/9709
56527/970900,29079/970900
56527/970900,1077/9709
56527/970900,29079/970900
56527/970900,1077/9709
56527/970900,29079/970900
56527/970900,1077/9709
56527/970900,29079/970900
56527/970900,1077/9709
56527/970900,29079/970900
56527/970900,1077/9709
56527/970900,29079/970900
29079/970900,56527/970900
29079/970900,29079/970900
29079/970900,1077/9709
29079/970900,29079/970900
29079/970900,1077/9709
29079/970900,29079/970900
29079/970900,1077/9709
29079/970900,29079/970900
29079/970900,1077/9709
29079/970900,29079/970900
29079/970900,1077/9709
29079/970900,29079/970900
29079/970900,1077/9709
29079/970900,29079/970900
1077/9709,56527/970900
1077/9709,29079/970900
1077/9709,1077/9709
1077/9709,29079/970900
1077/9709,1077/9709
1077/9709,29079/970900
1077/9709,1077/9709
1077/9709,29079/970900
1077/9709,1077/9709
1077/9709,29079/970900
1077/9709,1077/9709
1077/9709,29079/970900
1077/9709,1077/9709
1077/9709,29079/970900
29079/970900,56527/970900
29079/970900,29079/970900
29079/970900,1077/9709
29079/970900,29079/970900
29079/970900,1077/9709
29079/970900,29079/970900
29079/970900,1077/9709
29079/970900,29079/970900
29079/970900,1077/9709
29079/970900,29079/970900
29079/970900,1077/9709
29079/970900,29079/970900
29079/970900,1077/9709
29079/970900,29079/970900
1077/9709,56527/970900
1077/9709,29079/970900
1077/9709,1077/9709
1077/9709,29079/970900
1077/9709,1077/9709
1077/9709,29079/970900
1077/9709,1077/9709
1077/9709,29079/970900
1077/9709,1077/9709
1077/9709,29079/970900
1077/9709,1077/9709
1077/9709,29079/970900
1077/9709,1077/9709
1077/9709,29079/970900
29079/970900,56527/970900
29079/970900,29079/970900
29079/970900,1077/9709
29079/970900,29079/970900
29079/970900,1077/9709
29079/970900,29079/970900
29079/970900,1077/9709
29079/970900,29079/970900
29079/970900,1077/9709
29079/970900,29079/970900
29079/970900,1077/9709
29079/970900,29079/970900
29079/970900,1077/9709
29079/970900,29079/970900
1077/9709,56527/970900
1077/9709,29079/970900
1077/9709,1077/9709
1077/9709,29079/970900
1077/9709,1077/9709
1077/9709,29079/970900
1077/9709,1077/9709
1077/9709,29079/970900
1077/9709,1077/9709
1077/9709,29079/970900
1077/9709,1077/9709
1077/9709,29079/970900
1077/9709,1077/9709
1077/9709,29079/970900
29079/970900,56527/970900
29079/970900,29079/970900
29079/970900,1077/9709
29079/970900,29079/970900
29079/970900,1077/9709
29079/970900,29079/970900
29079/970900,1077/9709
29079/970900,29079/970900
29079/970900,1077/9709
29079/970900,29079/970900
29079/970900,1077/9709
29079/970900,29079/970900
29079/970900,1077/9709
29079/970900,29079/970900
1077/9709,56527/970900
1077/9709,29079/970900
1077/9709,1077/9709
1077/9709,29079/970900
1077/9709,1077/9709
1077/9709,29079/970900
1077/9709,1077/9709
1077/9709,29079/970900
1077/9709,1077/9709
1077/9709,29079/970900
1077/9709,1077/9709
1077/9709,29079/970900
1077/9709,1077/9709
1077/9709,29079/970900
29079/970900,56527/970900
29079/970900,29079/970900
29079/970900,1077/9709
29079/970900,29079/970900
29079/970900,1077/9709
29079/970900,29079/970900
29079/970900,1077/9709
29079/970900,29079/970900
29079/970900,1077/9709
29079/970900,29079/970900
29079/970900,1077/9709
29079/970900,29079/970900
29079/970900,1077/9709
29079/970900,29079/970900
1077/9709,56527/970900
1077/9709,29079/970900
1077/9709,1077/9709
1077/9709,29079/970900
1077/9709,1077/9709
1077/9709,29079/970900
1077/9709,1077/9709
1077/9709,29079/970900
1077/9709,1077/9709
1077/9709,29079/970900
1077/9709,1077/9709
1077/9709,29079/970900
1077/9709,1077/9709
1077/9709,29079/970900
29079/970900,56527/970900
29079/970900,29079/970900
29079/970900,1077/9709
29079/970900,29079/970900
29079/970900,1077/9709
29079/970900,29079/970900
29079/970900,1077/9709
29079/970900,29079/970900
29079/970900,1077/9709
29079/970900,29079/970900
29079/970900,1077/9709
29079/970900,29079/970900
29079/970900,1077/9709
29079/970900,29079/970900
1077/9709,56527/970900
1077/9709,29079/970900
1077/9709,1077/9709
1077/9709,29079/970900
1077/9709,1077/9709
1077/9709,29079/970900
1077/9709,1077/9709
1077/9709,29079/970900
1077/9709,1077/9709
1077/9709,29079/970900
1077/9709,1077/9709
1077/9709,29079/970900
1077/9709,1077/9709
1077/9709,29079/970900
29079/970900,56527/970900
29079/970900,29079/970900
29079/970900,1077/9709
29079/970900,29079/970900
29079/970900,1077/9709
29079/970900,29079/970900
29079/970900,1077/9709
29079/970900,29079/970900
29079/970900,1077/9709
29079/970900,29079/970900
29079/970900,1077/9709
29079/970900,29079/970900
29079/970900,1077/9709
29079/970900,29079/970900
