9
1,1
1,4709876/9377625
1,0
1611891829935979864703/1740073531848481855000,1
1611891829935979864703/1740073531848481855000,4709876/9377625
1611891829935979864703/1740073531848481855000,0
0,1
0,4709876/9377625
0,0
4
4 4 1 0 3
4 5 2 1 4
4 7 4 3 6
4 8 5 4 7
74165631929768331703/870036765924240927500,269617/3125875
74165631929768331703/870036765924240927500,219064/375105
74165631929768331703/870036765924240927500,766724/9377625
276512965772038653703/1740073531848481855000,269617/3125875
276512965772038653703/1740073531848481855000,219064/375105
276512965772038653703/1740073531848481855000,766724/9377625
-312853/407665,269617/3125875
-312853/407665,219064/375105
-312853/407665,766724/9377625
