15
1,1
1,23729795529354210789942961/29942904690283731919387500
1,0
3727006170656748052202406533/4441149459612881543212282500,1
3727006170656748052202406533/4441149459612881543212282500,23729795529354210789942961/29942904690283731919387500
3727006170656748052202406533/4441149459612881543212282500,0
3727006170656748052202406533/6661724189419322314818423750,1
3727006170656748052202406533/6661724189419322314818423750,23729795529354210789942961/29942904690283731919387500
3727006170656748052202406533/6661724189419322314818423750,0
3727006170656748052202406533/13323448378838644629636847500,1
3727006170656748052202406533/13323448378838644629636847500,23729795529354210789942961/29942904690283731919387500
3727006170656748052202406533/13323448378838644629636847500,0
0,1
0,23729795529354210789942961/29942904690283731919387500
0,0
8
4 4 1 0 3
4 5 2 1 4
4 7 4 3 6
4 8 5 4 7
4 10 7 6 9
4 11 8 7 10
4 13 10 9 12
4 14 11 10 13
-3311332059426886501621797121/48852644055741696975335107500,-4013537451373630958139569/329371951593121051113262500
-3311332059426886501621797121/48852644055741696975335107500,25725473802456592046/131714008139099698125
-3311332059426886501621797121/48852644055741696975335107500,-65565695834681739074540737/109790650531040350371087500
11711969379099437885275357/125908876432323961276636875,-4013537451373630958139569/329371951593121051113262500
11711969379099437885275357/125908876432323961276636875,25725473802456592046/131714008139099698125
11711969379099437885275357/125908876432323961276636875,-65565695834681739074540737/109790650531040350371087500
-4204764724901598260549/22519882599814701733500,-4013537451373630958139569/329371951593121051113262500
-4204764724901598260549/22519882599814701733500,25725473802456592046/131714008139099698125
-4204764724901598260549/22519882599814701733500,-65565695834681739074540737/109790650531040350371087500
11711969379099437885275357/125908876432323961276636875,-4013537451373630958139569/329371951593121051113262500
11711969379099437885275357/125908876432323961276636875,25725473802456592046/131714008139099698125
11711969379099437885275357/125908876432323961276636875,-65565695834681739074540737/109790650531040350371087500
-4204764724901598260549/22519882599814701733500,-4013537451373630958139569/329371951593121051113262500
-4204764724901598260549/22519882599814701733500,25725473802456592046/131714008139099698125
-4204764724901598260549/22519882599814701733500,-65565695834681739074540737/109790650531040350371087500
