9
1,1
1,157837771/290324000
1,0
337847160749/473291470000,1
337847160749/473291470000,157837771/290324000
337847160749/473291470000,0
0,1
0,157837771/290324000
0,0
4
4 4 1 0 3
4 5 2 1 4
4 7 4 3 6
4 8 5 4 7
2329952422937/6152789110000,19789071/290324000
2329952422937/6152789110000,8413/16040
2329952422937/6152789110000,-5562471/290324000
444644396/668781425,19789071/290324000
444644396/668781425,8413/16040
444644396/668781425,-5562471/290324000
-301284646537/6152789110000,19789071/290324000
-301284646537/6152789110000,8413/16040
-301284646537/6152789110000,-5562471/290324000
