12
1,1
1,468318482706061/512142204928000
1,468318482706061/1024284409856000
1,0
1544485195271/2166865792000,1
1544485195271/2166865792000,468318482706061/512142204928000
1544485195271/2166865792000,468318482706061/1024284409856000
1544485195271/2166865792000,0
0,1
0,468318482706061/512142204928000
0,468318482706061/1024284409856000
0,0
6
4 5 1 0 4
4 6 2 1 5
4 7 3 2 6
4 9 5 4 8
4 10 6 5 9
4 11 7 6 10
732312342871/1083432896000,557235556690317/1024284409856000
732312342871/1083432896000,469588112246439/1024284409856000
732312342871/1083432896000,930145/1015808
732312342871/1083432896000,469588112246439/1024284409856000
2087005282471/2166865792000,557235556690317/1024284409856000
2087005282471/2166865792000,469588112246439/1024284409856000
2087005282471/2166865792000,930145/1015808
2087005282471/2166865792000,469588112246439/1024284409856000
392221/1566560,557235556690317/1024284409856000
392221/1566560,469588112246439/1024284409856000
392221/1566560,930145/1015808
392221/1566560,469588112246439/1024284409856000
