9
1,1
1,6633647199/9831531040
1,0
700859836941214131/1184583530684692000,1
700859836941214131/1184583530684692000,6633647199/9831531040
700859836941214131/1184583530684692000,0
0,1
0,6633647199/9831531040
0,0
4
4 4 1 0 3
4 5 2 1 4
4 7 4 3 6
4 8 5 4 7
2407138174745154899/2369167061369384000,12031030093/19663062080
2407138174745154899/2369167061369384000,3685359555/3932612416
2407138174745154899/2369167061369384000,5159503377/19663062080
3374585562232110637/2369167061369384000,12031030093/19663062080
3374585562232110637/2369167061369384000,3685359555/3932612416
3374585562232110637/2369167061369384000,5159503377/19663062080
459715067/552060736,12031030093/19663062080
459715067/552060736,3685359555/3932612416
459715067/552060736,5159503377/19663062080
