16
1,1
1,948/1175
1,474/1175
1,0
948/1175,1
948/1175,948/1175
948/1175,474/1175
948/1175,0
474/1175,1
474/1175,948/1175
474/1175,474/1175
474/1175,0
0,1
0,948/1175
0,474/1175
0,0
9
4 5 1 0 4
4 6 2 1 5
4 7 3 2 6
4 9 5 4 8
4 10 6 5 9
4 11 7 6 10
4 13 9 8 12
4 14 10 9 13
4 15 11 10 14
-397/1175,-498/1175
-397/1175,-29/47
-397/1175,-251/1175
-397/1175,-29/47
-624/1175,-498/1175
-624/1175,-29/47
-624/1175,-251/1175
-624/1175,-29/47
-6/47,-498/1175
-6/47,-29/47
-6/47,-251/1175
-6/47,-29/47
-624/1175,-498/1175
-624/1175,-29/47
-624/1175,-251/1175
-624/1175,-29/47
