9
1,1
1,26877777824911156/36557479215722125
1,0
29582641/34951825,1
29582641/34951825,26877777824911156/36557479215722125
29582641/34951825,0
0,1
0,26877777824911156/36557479215722125
0,0
4
4 4 1 0 3
4 5 2 1 4
4 7 4 3 6
4 8 5 4 7
30415216/34951825,-18234235979197713/73114958431444250
30415216/34951825,2996649051/194726568830
30415216/34951825,-52630388847398087/73114958431444250
2192/2141,-18234235979197713/73114958431444250
2192/2141,2996649051/194726568830
2192/2141,-52630388847398087/73114958431444250
6201759/34951825,-18234235979197713/73114958431444250
6201759/34951825,2996649051/194726568830
6201759/34951825,-52630388847398087/73114958431444250
