16
1,1
1,9159/10900
1,9159/21800
1,0
108341669/154256800,1
108341669/154256800,9159/10900
108341669/154256800,9159/21800
108341669/154256800,0
108341669/308513600,1
108341669/308513600,9159/10900
108341669/308513600,9159/21800
108341669/308513600,0
0,1
0,9159/10900
0,9159/21800
0,0
9
4 5 1 0 4
4 6 2 1 5
4 7 3 2 6
4 9 5 4 8
4 10 6 5 9
4 11 7 6 10
4 13 9 8 12
4 14 10 9 13
4 15 11 10 14
30625481/154256800,295031/1264400
30625481/154256800,3723/50576
30625481/154256800,624297/1264400
30625481/154256800,3723/50576
-5013/50576,295031/1264400
-5013/50576,3723/50576
-5013/50576,624297/1264400
-5013/50576,3723/50576
2681461/10638400,295031/1264400
2681461/10638400,3723/50576
2681461/10638400,624297/1264400
2681461/10638400,3723/50576
-5013/50576,295031/1264400
-5013/50576,3723/50576
-5013/50576,624297/1264400
-5013/50576,3723/50576
