20
1,1
1,391/500
1,391/1000
1,0
9177/10000,1
9177/10000,391/500
9177/10000,391/1000
9177/10000,0
3059/5000,1
3059/5000,391/500
3059/5000,391/1000
3059/5000,0
3059/10000,1
3059/10000,391/500
3059/10000,391/1000
3059/10000,0
0,1
0,391/500
0,391/1000
0,0
12
4 5 1 0 4
4 6 2 1 5
4 7 3 2 6
4 9 5 4 8
4 10 6 5 9
4 11 7 6 10
4 13 9 8 12
4 14 10 9 13
4 15 11 10 14
4 17 13 12 16
4 18 14 13 17
4 19 15 14 18
5291/80000,63/250
5291/80000,17/500
5291/80000,17/40
5291/80000,17/500
19/128,63/250
19/128,17/500
19/128,17/40
19/128,17/500
-12597/80000,63/250
-12597/80000,17/500
-12597/80000,17/40
-12597/80000,17/500
19/128,63/250
19/128,17/500
19/128,17/40
19/128,17/500
-12597/80000,63/250
-12597/80000,17/500
-12597/80000,17/40
-12597/80000,17/500
