119
1,1
1,135/136
1,63/68
1,117/136
1,27/34
1,99/136
1,45/68
1,81/136
1,9/17
1,63/136
1,27/68
1,45/136
1,9/34
1,27/136
1,9/68
1,9/136
1,0
74/79,1
74/79,135/136
74/79,63/68
74/79,117/136
74/79,27/34
74/79,99/136
74/79,45/68
74/79,81/136
74/79,9/17
74/79,63/136
74/79,27/68
74/79,45/136
74/79,9/34
74/79,27/136
74/79,9/68
74/79,9/136
74/79,0
296/395,1
296/395,135/136
296/395,63/68
296/395,117/136
296/395,27/34
296/395,99/136
296/395,45/68
296/395,81/136
296/395,9/17
296/395,63/136
296/395,27/68
296/395,45/136
296/395,9/34
296/395,27/136
296/395,9/68
296/395,9/136
296/395,0
222/395,1
222/395,135/136
222/395,63/68
222/395,117/136
222/395,27/34
222/395,99/136
222/395,45/68
222/395,81/136
222/395,9/17
222/395,63/136
222/395,27/68
222/395,45/136
222/395,9/34
222/395,27/136
222/395,9/68
222/395,9/136
222/395,0
148/395,1
148/395,135/136
148/395,63/68
148/395,117/136
148/395,27/34
148/395,99/136
148/395,45/68
148/395,81/136
148/395,9/17
148/395,63/136
148/395,27/68
148/395,45/136
148/395,9/34
148/395,27/136
148/395,9/68
148/395,9/136
148/395,0
74/395,1
74/395,135/136
74/395,63/68
74/395,117/136
74/395,27/34
74/395,99/136
74/395,45/68
74/395,81/136
74/395,9/17
74/395,63/136
74/395,27/68
74/395,45/136
74/395,9/34
74/395,27/136
74/395,9/68
74/395,9/136
74/395,0
0,1
0,135/136
0,63/68
0,117/136
0,27/34
0,99/136
0,45/68
0,81/136
0,9/17
0,63/136
0,27/68
0,45/136
0,9/34
0,27/136
0,9/68
0,9/136
0,0
96
4 18 1 0 17
4 19 2 1 18
4 20 3 2 19
4 21 4 3 20
4 22 5 4 21
4 23 6 5 22
4 24 7 6 23
4 25 8 7 24
4 26 9 8 25
4 27 10 9 26
4 28 11 10 27
4 29 12 11 28
4 30 13 12 29
4 31 14 13 30
4 32 15 14 31
4 33 16 15 32
4 35 18 17 34
4 36 19 18 35
4 37 20 19 36
4 38 21 20 37
4 39 22 21 38
4 40 23 22 39
4 41 24 23 40
4 42 25 24 41
4 43 26 25 42
4 44 27 26 43
4 45 28 27 44
4 46 29 28 45
4 47 30 29 46
4 48 31 30 47
4 49 32 31 48
4 50 33 32 49
4 52 35 34 51
4 53 36 35 52
4 54 37 36 53
4 55 38 37 54
4 56 39 38 55
4 57 40 39 56
4 58 41 40 57
4 59 42 41 58
4 60 43 42 59
4 61 44 43 60
4 62 45 44 61
4 63 46 45 62
4 64 47 46 63
4 65 48 47 64
4 66 49 48 65
4 67 50 49 66
4 69 52 51 68
4 70 53 52 69
4 71 54 53 70
4 72 55 54 71
4 73 56 55 72
4 74 57 56 73
4 75 58 57 74
4 76 59 58 75
4 77 60 59 76
4 78 61 60 77
4 79 62 61 78
4 80 63 62 79
4 81 64 63 80
4 82 65 64 81
4 83 66 65 82
4 84 67 66 83
4 86 69 68 85
4 87 70 69 86
4 88 71 70 87
4 89 72 71 88
4 90 73 72 89
4 91 74 73 90
4 92 75 74 91
4 93 76 75 92
4 94 77 76 93
4 95 78 77 94
4 96 79 78 95
4 97 80 79 96
4 98 81 80 97
4 99 82 81 98
4 100 83 82 99
4 101 84 83 100
4 103 86 85 102
4 104 87 86 103
4 105 88 87 104
4 106 89 88 105
4 107 90 89 106
4 108 91 90 107
4 109 92 91 108
4 110 93 92 109
4 111 94 93 110
4 112 95 94 111
4 113 96 95 112
4 114 97 96 113
4 115 98 97 114
4 116 99 98 115
4 117 100 99 116
4 118 101 100 117
907/1580,27/170
907/1580,113/680
907/1580,1/10
907/1580,113/680
907/1580,1/10
907/1580,113/680
907/1580,1/10
907/1580,113/680
907/1580,1/10
907/1580,113/680
907/1580,1/10
907/1580,113/680
907/1580,1/10
907/1580,113/680
907/1580,1/10
907/1580,113/680
907/1580,1/10
1007/1580,27/170
1007/1580,113/680
1007/1580,1/10
1007/1580,113/680
1007/1580,1/10
1007/1580,113/680
1007/1580,1/10
1007/1580,113/680
1007/1580,1/10
1007/1580,113/680
1007/1580,1/10
1007/1580,113/680
1007/1580,1/10
1007/1580,113/680
1007/1580,1/10
1007/1580,113/680
1007/1580,1/10
9/20,27/170
9/20,113/680
9/20,1/10
9/20,113/680
9/20,1/10
9/20,113/680
9/20,1/10
9/20,113/680
9/20,1/10
9/20,113/680
9/20,1/10
9/20,113/680
9/20,1/10
9/20,113/680
9/20,1/10
9/20,113/680
9/20,1/10
1007/1580,27/170
1007/1580,113/680
1007/1580,1/10
1007/1580,113/680
1007/1580,1/10
1007/1580,113/680
1007/1580,1/10
1007/1580,113/680
1007/1580,1/10
1007/1580,113/680
1007/1580,1/10
1007/1580,113/680
1007/1580,1/10
1007/1580,113/680
1007/1580,1/10
1007/1580,113/680
1007/1580,1/10
9/20,27/170
9/20,113/680
9/20,1/10
9/20,113/680
9/20,1/10
9/20,113/680
9/20,1/10
9/20,113/680
9/20,1/10
9/20,113/680
9/20,1/10
9/20,113/680
9/20,1/10
9/20,113/680
9/20,1/10
9/20,113/680
9/20,1/10
1007/1580,27/170
1007/1580,113/680
1007/1580,1/10
1007/1580,113/680
1007/1580,1/10
1007/1580,113/680
1007/1580,1/10
1007/1580,113/680
1007/1580,1/10
1007/1580,113/680
1007/1580,1/10
1007/1580,113/680
1007/1580,1/10
1007/1580,113/680
1007/1580,1/10
1007/1580,113/680
1007/1580,1/10
9/20,27/170
9/20,113/680
9/20,1/10
9/20,113/680
9/20,1/10
9/20,113/680
9/20,1/10
9/20,113/680
9/20,1/10
9/20,113/680
9/20,1/10
9/20,113/680
9/20,1/10
9/20,113/680
9/20,1/10
9/20,113/680
9/20,1/10
