42
1,1
1,45/52
1,9/13
1,27/52
1,9/26
1,9/52
1,0
49/53,1
49/53,45/52
49/53,9/13
49/53,27/52
49/53,9/26
49/53,9/52
49/53,0
147/212,1
147/212,45/52
147/212,9/13
147/212,27/52
147/212,9/26
147/212,9/52
147/212,0
49/106,1
49/106,45/52
49/106,9/13
49/106,27/52
49/106,9/26
49/106,9/52
49/106,0
49/212,1
49/212,45/52
49/212,9/13
49/212,27/52
49/212,9/26
49/212,9/52
49/212,0
0,1
0,45/52
0,9/13
0,27/52
0,9/26
0,9/52
0,0
30
4 8 1 0 7
4 9 2 1 8
4 10 3 2 9
4 11 4 3 10
4 12 5 4 11
4 13 6 5 12
4 15 8 7 14
4 16 9 8 15
4 17 10 9 16
4 18 11 10 17
4 19 12 11 18
4 20 13 12 19
4 22 15 14 21
4 23 16 15 22
4 24 17 16 23
4 25 18 17 24
4 26 19 18 25
4 27 20 19 26
4 29 22 21 28
4 30 23 22 29
4 31 24 23 30
4 32 25 24 31
4 33 26 25 32
4 34 27 26 33
4 36 29 28 35
4 37 30 29 36
4 38 31 30 37
4 39 32 31 38
4 40 33 32 39
4 41 34 33 40
557/1060,9/65
557/1060,71/260
557/1060,1/10
557/1060,71/260
557/1060,1/10
557/1060,71/260
557/1060,1/10
9/20,9/65
9/20,71/260
9/20,1/10
9/20,71/260
9/20,1/10
9/20,71/260
9/20,1/10
361/530,9/65
361/530,71/260
361/530,1/10
361/530,71/260
361/530,1/10
361/530,71/260
361/530,1/10
9/20,9/65
9/20,71/260
9/20,1/10
9/20,71/260
9/20,1/10
9/20,71/260
9/20,1/10
361/530,9/65
361/530,71/260
361/530,1/10
361/530,71/260
361/530,1/10
361/530,71/260
361/530,1/10
9/20,9/65
9/20,71/260
9/20,1/10
9/20,71/260
9/20,1/10
9/20,71/260
9/20,1/10
