12
1,1
1,204042697/266634550
1,204042697/533269100
1,0
8127/12500,1
8127/12500,204042697/266634550
8127/12500,204042697/533269100
8127/12500,0
0,1
0,204042697/266634550
0,204042697/533269100
0,0
6
4 5 1 0 4
4 6 2 1 5
4 7 3 2 6
4 9 5 4 8
4 10 6 5 9
4 11 7 6 10
-17173/12500,1394177847/533269100
-17173/12500,1268994141/533269100
-17173/12500,8093609/2930050
-17173/12500,1268994141/533269100
-128/125,1394177847/533269100
-128/125,1268994141/533269100
-128/125,8093609/2930050
-128/125,1268994141/533269100
-20927/12500,1394177847/533269100
-20927/12500,1268994141/533269100
-20927/12500,8093609/2930050
-20927/12500,1268994141/533269100
