35
1,1
1,15/16
1,3/4
1,9/16
1,3/8
1,3/16
1,0
15/16,1
15/16,15/16
15/16,3/4
15/16,9/16
15/16,3/8
15/16,3/16
15/16,0
5/8,1
5/8,15/16
5/8,3/4
5/8,9/16
5/8,3/8
5/8,3/16
5/8,0
5/16,1
5/16,15/16
5/16,3/4
5/16,9/16
5/16,3/8
5/16,3/16
5/16,0
0,1
0,15/16
0,3/4
0,9/16
0,3/8
0,3/16
0,0
24
4 8 1 0 7
4 9 2 1 8
4 10 3 2 9
4 11 4 3 10
4 12 5 4 11
4 13 6 5 12
4 15 8 7 14
4 16 9 8 15
4 17 10 9 16
4 18 11 10 17
4 19 12 11 18
4 20 13 12 19
4 22 15 14 21
4 23 16 15 22
4 24 17 16 23
4 25 18 17 24
4 26 19 18 25
4 27 20 19 26
4 29 22 21 28
4 30 23 22 29
4 31 24 23 30
4 32 25 24 31
4 33 26 25 32
4 34 27 26 33
1/8,1/8
1/8,3/16
1/8,0
1/8,3/16
1/8,0
1/8,3/16
1/8,0
3/16,1/8
3/16,3/16
3/16,0
3/16,3/16
3/16,0
3/16,3/16
3/16,0
-1/8,1/8
-1/8,3/16
-1/8,0
-1/8,3/16
-1/8,0
-1/8,3/16
-1/8,0
3/16,1/8
3/16,3/16
3/16,0
3/16,3/16
3/16,0
3/16,3/16
3/16,0
-1/8,1/8
-1/8,3/16
-1/8,0
-1/8,3/16
-1/8,0
-1/8,3/16
-1/8,0
