16
1,1
1,2573/2900
1,2573/5800
1,0
20501/29000,1
20501/29000,2573/2900
20501/29000,2573/5800
20501/29000,0
20501/58000,1
20501/58000,2573/2900
20501/58000,2573/5800
20501/58000,0
0,1
0,2573/2900
0,2573/5800
0,0
9
4 5 1 0 4
4 6 2 1 5
4 7 3 2 6
4 9 5 4 8
4 10 6 5 9
4 11 7 6 10
4 13 9 8 12
4 14 10 9 13
4 15 11 10 14
8499/29000,327/2900
8499/29000,0
8499/29000,2573/5800
8499/29000,0
0,327/2900
0,0
0,2573/5800
0,0
20501/58000,327/2900
20501/58000,0
20501/58000,2573/5800
20501/58000,0
0,327/2900
0,0
0,2573/5800
0,0
