20
1,1
1,20012887/23886250
1,20012887/47772500
1,0
7221977/7760000,1
7221977/7760000,20012887/23886250
7221977/7760000,20012887/47772500
7221977/7760000,0
7221977/11640000,1
7221977/11640000,20012887/23886250
7221977/11640000,20012887/47772500
7221977/11640000,0
7221977/23280000,1
7221977/23280000,20012887/23886250
7221977/23280000,20012887/47772500
7221977/23280000,0
0,1
0,20012887/23886250
0,20012887/47772500
0,0
12
4 5 1 0 4
4 6 2 1 5
4 7 3 2 6
4 9 5 4 8
4 10 6 5 9
4 11 7 6 10
4 13 9 8 12
4 14 10 9 13
4 15 11 10 14
4 17 13 12 16
4 18 14 13 17
4 19 15 14 18
5394701475487/9262128420000,-2077623634045969/9579356318385000
5394701475487/9262128420000,-147451756429/389009393640
5394701475487/9262128420000,381990723119297/9579356318385000
5394701475487/9262128420000,-147451756429/389009393640
24147485344687/37048513680000,-2077623634045969/9579356318385000
24147485344687/37048513680000,-147451756429/389009393640
24147485344687/37048513680000,381990723119297/9579356318385000
24147485344687/37048513680000,-147451756429/389009393640
7908879541/23155321050,-2077623634045969/9579356318385000
7908879541/23155321050,-147451756429/389009393640
7908879541/23155321050,381990723119297/9579356318385000
7908879541/23155321050,-147451756429/389009393640
24147485344687/37048513680000,-2077623634045969/9579356318385000
24147485344687/37048513680000,-147451756429/389009393640
24147485344687/37048513680000,381990723119297/9579356318385000
24147485344687/37048513680000,-147451756429/389009393640
7908879541/23155321050,-2077623634045969/9579356318385000
7908879541/23155321050,-147451756429/389009393640
7908879541/23155321050,381990723119297/9579356318385000
7908879541/23155321050,-147451756429/389009393640
