9
1,1
1,29486177/58064800
1,0
820485961819/1230557822000,1
820485961819/1230557822000,29486177/58064800
820485961819/1230557822000,0
0,1
0,29486177/58064800
0,0
4
4 4 1 0 3
4 5 2 1 4
4 7 4 3 6
4 8 5 4 7
408073828459/1230557822000,1876437/58064800
408073828459/1230557822000,8413/16040
408073828459/1230557822000,968883/58064800
444644396/668781425,1876437/58064800
444644396/668781425,8413/16040
444644396/668781425,968883/58064800
-2340273179/1230557822000,1876437/58064800
-2340273179/1230557822000,8413/16040
-2340273179/1230557822000,968883/58064800
