25
1,1
1,41460323471/43436530000
1,41460323471/65154795000
1,41460323471/130309590000
1,0
13679941957/16288698750,1
13679941957/16288698750,41460323471/43436530000
13679941957/16288698750,41460323471/65154795000
13679941957/16288698750,41460323471/130309590000
13679941957/16288698750,0
13679941957/24433048125,1
13679941957/24433048125,41460323471/43436530000
13679941957/24433048125,41460323471/65154795000
13679941957/24433048125,41460323471/130309590000
13679941957/24433048125,0
13679941957/48866096250,1
13679941957/48866096250,41460323471/43436530000
13679941957/48866096250,41460323471/65154795000
13679941957/48866096250,41460323471/130309590000
13679941957/48866096250,0
0,1
0,41460323471/43436530000
0,41460323471/65154795000
0,41460323471/130309590000
0,0
16
4 6 1 0 5
4 7 2 1 6
4 8 3 2 7
4 9 4 3 8
4 11 6 5 10
4 12 7 6 11
4 13 8 7 12
4 14 9 8 13
4 16 11 10 15
4 17 12 11 16
4 18 13 12 17
4 19 14 13 18
4 21 16 15 20
4 22 17 16 21
4 23 18 17 22
4 24 19 18 23
30281894189273971/90728190491439375,219183840295405771/1088738285897272500
30281894189273971/90728190491439375,1074870130138762021/4354953143589090000
30281894189273971/90728190491439375,-315468014963/4421272226994
30281894189273971/90728190491439375,1074870130138762021/4354953143589090000
30281894189273971/90728190491439375,-315468014963/4421272226994
89625383401433423/181456380982878750,219183840295405771/1088738285897272500
89625383401433423/181456380982878750,1074870130138762021/4354953143589090000
89625383401433423/181456380982878750,-315468014963/4421272226994
89625383401433423/181456380982878750,1074870130138762021/4354953143589090000
89625383401433423/181456380982878750,-315468014963/4421272226994
87596438612/409377058055,219183840295405771/1088738285897272500
87596438612/409377058055,1074870130138762021/4354953143589090000
87596438612/409377058055,-315468014963/4421272226994
87596438612/409377058055,1074870130138762021/4354953143589090000
87596438612/409377058055,-315468014963/4421272226994
89625383401433423/181456380982878750,219183840295405771/1088738285897272500
89625383401433423/181456380982878750,1074870130138762021/4354953143589090000
89625383401433423/181456380982878750,-315468014963/4421272226994
89625383401433423/181456380982878750,1074870130138762021/4354953143589090000
89625383401433423/181456380982878750,-315468014963/4421272226994
87596438612/409377058055,219183840295405771/1088738285897272500
87596438612/409377058055,1074870130138762021/4354953143589090000
87596438612/409377058055,-315468014963/4421272226994
87596438612/409377058055,1074870130138762021/4354953143589090000
87596438612/409377058055,-315468014963/4421272226994
