8
1,1
1,0
24058876585846199/25129852697733875,1
24058876585846199/25129852697733875,0
24058876585846199/50259705395467750,1
24058876585846199/50259705395467750,0
0,1
0,0
3
4 3 1 0 2
4 5 3 2 4
4 7 5 4 6
-61470821698186871/421408299085075750,7409622740764511779/7826154125865692500
-61470821698186871/421408299085075750,-416531385101180721/7826154125865692500
-1032593474467942691/5478307888105984750,7409622740764511779/7826154125865692500
-1032593474467942691/5478307888105984750,-416531385101180721/7826154125865692500
908470899079596/3130461650346277,7409622740764511779/7826154125865692500
908470899079596/3130461650346277,-416531385101180721/7826154125865692500
-1032593474467942691/5478307888105984750,7409622740764511779/7826154125865692500
-1032593474467942691/5478307888105984750,-416531385101180721/7826154125865692500
