9
1,1
1,2061805443013/3794281160000
1,0
204207896173793/274209653120000,1
204207896173793/274209653120000,2061805443013/3794281160000
204207896173793/274209653120000,0
0,1
0,2061805443013/3794281160000
0,0
4
4 4 1 0 3
4 5 2 1 4
4 7 4 3 6
4 8 5 4 7
34860800141393/137104826560000,2061805443013/3794281160000
34860800141393/137104826560000,1
34860800141393/137104826560000,1732475716987/3794281160000
139723357228993/274209653120000,2061805443013/3794281160000
139723357228993/274209653120000,1
139723357228993/274209653120000,1732475716987/3794281160000
-9971/42400,2061805443013/3794281160000
-9971/42400,1
-9971/42400,1732475716987/3794281160000
