20
1,1
1,49/50
1,49/100
1,0
49/50,1
49/50,49/50
49/50,49/100
49/50,0
49/75,1
49/75,49/50
49/75,49/100
49/75,0
49/150,1
49/150,49/50
49/150,49/100
49/150,0
0,1
0,49/50
0,49/100
0,0
12
4 5 1 0 4
4 6 2 1 5
4 7 3 2 6
4 9 5 4 8
4 10 6 5 9
4 11 7 6 10
4 13 9 8 12
4 14 10 9 13
4 15 11 10 14
4 17 13 12 16
4 18 14 13 17
4 19 15 14 18
12/25,59/300
12/25,53/300
12/25,2/3
12/25,53/300
1/2,59/300
1/2,53/300
1/2,2/3
1/2,53/300
13/75,59/300
13/75,53/300
13/75,2/3
13/75,53/300
1/2,59/300
1/2,53/300
1/2,2/3
1/2,53/300
13/75,59/300
13/75,53/300
13/75,2/3
13/75,53/300
