16
1,1
1,113117907/136303280
1,113117907/272606560
1,0
1340009/1425700,1
1340009/1425700,113117907/136303280
1340009/1425700,113117907/272606560
1340009/1425700,0
1340009/2851400,1
1340009/2851400,113117907/136303280
1340009/2851400,113117907/272606560
1340009/2851400,0
0,1
0,113117907/136303280
0,113117907/272606560
0,0
9
4 5 1 0 4
4 6 2 1 5
4 7 3 2 6
4 9 5 4 8
4 10 6 5 9
4 11 7 6 10
4 13 9 8 12
4 14 10 9 13
4 15 11 10 14
115829/356425,75227879/272606560
115829/356425,28857133/272606560
115829/356425,28624/54961
115829/356425,28857133/272606560
285/1076,75227879/272606560
285/1076,28857133/272606560
285/1076,28624/54961
285/1076,28857133/272606560
2095259/2851400,75227879/272606560
2095259/2851400,28857133/272606560
2095259/2851400,28624/54961
2095259/2851400,28857133/272606560
285/1076,75227879/272606560
285/1076,28857133/272606560
285/1076,28624/54961
285/1076,28857133/272606560
