25
1,1
1,87/100
1,29/50
1,29/100
1,0
609/800,1
609/800,87/100
609/800,29/50
609/800,29/100
609/800,0
203/400,1
203/400,87/100
203/400,29/50
203/400,29/100
203/400,0
203/800,1
203/800,87/100
203/800,29/50
203/800,29/100
203/800,0
0,1
0,87/100
0,29/50
0,29/100
0,0
16
4 6 1 0 5
4 7 2 1 6
4 8 3 2 7
4 9 4 3 8
4 11 6 5 10
4 12 7 6 11
4 13 8 7 12
4 14 9 8 13
4 16 11 10 15
4 17 12 11 16
4 18 13 12 17
4 19 14 13 18
4 21 16 15 20
4 22 17 16 21
4 23 18 17 22
4 24 19 18 23
109/600,271/600
109/600,349/600
109/600,7/24
109/600,349/600
109/600,7/24
1009/2400,271/600
1009/2400,349/600
1009/2400,7/24
1009/2400,349/600
1009/2400,7/24
1/6,271/600
1/6,349/600
1/6,7/24
1/6,349/600
1/6,7/24
1009/2400,271/600
1009/2400,349/600
1009/2400,7/24
1009/2400,349/600
1009/2400,7/24
1/6,271/600
1/6,349/600
1/6,7/24
1/6,349/600
1/6,7/24
