16
1,1
1,5715228193/6861655600
1,5715228193/13723311200
1,0
10125751/12402000,1
10125751/12402000,5715228193/6861655600
10125751/12402000,5715228193/13723311200
10125751/12402000,0
10125751/24804000,1
10125751/24804000,5715228193/6861655600
10125751/24804000,5715228193/13723311200
10125751/24804000,0
0,1
0,5715228193/6861655600
0,5715228193/13723311200
0,0
9
4 5 1 0 4
4 6 2 1 5
4 7 3 2 6
4 9 5 4 8
4 10 6 5 9
4 11 7 6 10
4 13 9 8 12
4 14 10 9 13
4 15 11 10 14
6410249/12402000,1244140857/6861655600
6410249/12402000,9/632
6410249/12402000,5910655093/13723311200
6410249/12402000,9/632
1/3,1244140857/6861655600
1/3,9/632
1/3,5910655093/13723311200
1/3,9/632
18393751/24804000,1244140857/6861655600
18393751/24804000,9/632
18393751/24804000,5910655093/13723311200
18393751/24804000,9/632
1/3,1244140857/6861655600
1/3,9/632
1/3,5910655093/13723311200
1/3,9/632
