9
1,1
1,4069162507080600933/6149419459701008500
1,0
806986000061/1173627878000,1
806986000061/1173627878000,4069162507080600933/6149419459701008500
806986000061/1173627878000,0
0,1
0,4069162507080600933/6149419459701008500
0,0
4
4 4 1 0 3
4 5 2 1 4
4 7 4 3 6
4 8 5 4 7
1829136623261/1173627878000,1619707544116492633/6149419459701008500
1829136623261/1173627878000,6600477802/10970134085
1829136623261/1173627878000,-369198010343700733/6149419459701008500
54350953/29050195,1619707544116492633/6149419459701008500
54350953/29050195,6600477802/10970134085
54350953/29050195,-369198010343700733/6149419459701008500
1388792501139/1173627878000,1619707544116492633/6149419459701008500
1388792501139/1173627878000,6600477802/10970134085
1388792501139/1173627878000,-369198010343700733/6149419459701008500
