9
1,1
1,828671056938896792635490897102015304965937/1144197285545240327686653817261396769526850
1,0
4037513780558437340512491720423112718658023/4111201737946797342737913135311418279914000,1
4037513780558437340512491720423112718658023/4111201737946797342737913135311418279914000,828671056938896792635490897102015304965937/1144197285545240327686653817261396769526850
4037513780558437340512491720423112718658023/4111201737946797342737913135311418279914000,0
0,1
0,828671056938896792635490897102015304965937/1144197285545240327686653817261396769526850
0,0
4
4 4 1 0 3
4 5 2 1 4
4 7 4 3 6
4 8 5 4 7
10130294205033615900631684463328511155280873/4625101955190147010580152277225345564903250,-332952600835621014813100672877168158688339/1716295928317860491529980725892095154290275
10130294205033615900631684463328511155280873/4625101955190147010580152277225345564903250,280673484147788575527287414723808076306061/3432591856635720983059961451784190308580550
10130294205033615900631684463328511155280873/4625101955190147010580152277225345564903250,-1275359478647165325898165/1985085829249259194450389
81705545256764167225082268440622839293550777/37000815641521176084641218217802764519226000,-332952600835621014813100672877168158688339/1716295928317860491529980725892095154290275
81705545256764167225082268440622839293550777/37000815641521176084641218217802764519226000,280673484147788575527287414723808076306061/3432591856635720983059961451784190308580550
81705545256764167225082268440622839293550777/37000815641521176084641218217802764519226000,-1275359478647165325898165/1985085829249259194450389
8667418745322088921/7068905834265397800,-332952600835621014813100672877168158688339/1716295928317860491529980725892095154290275
8667418745322088921/7068905834265397800,280673484147788575527287414723808076306061/3432591856635720983059961451784190308580550
8667418745322088921/7068905834265397800,-1275359478647165325898165/1985085829249259194450389
