15
1,1
1,8133917/8736250
1,8133917/13104375
1,8133917/26208750
1,0
2548216/4368125,1
2548216/4368125,8133917/8736250
2548216/4368125,8133917/13104375
2548216/4368125,8133917/26208750
2548216/4368125,0
0,1
0,8133917/8736250
0,8133917/13104375
0,8133917/26208750
0,0
8
4 6 1 0 5
4 7 2 1 6
4 8 3 2 7
4 9 4 3 8
4 11 6 5 10
4 12 7 6 11
4 13 8 7 12
4 14 9 8 13
-3292334/4368125,8649928/4368125
-3292334/4368125,17902189/8736250
-3292334/4368125,911453/524175
-3292334/4368125,17902189/8736250
-3292334/4368125,911453/524175
-58897/174725,8649928/4368125
-58897/174725,17902189/8736250
-58897/174725,911453/524175
-58897/174725,17902189/8736250
-58897/174725,911453/524175
-4020641/4368125,8649928/4368125
-4020641/4368125,17902189/8736250
-4020641/4368125,911453/524175
-4020641/4368125,17902189/8736250
-4020641/4368125,911453/524175
