20
1,1
1,130143/171760
1,43381/85880
1,43381/171760
1,0
172317/226000,1
172317/226000,130143/171760
172317/226000,43381/85880
172317/226000,43381/171760
172317/226000,0
172317/452000,1
172317/452000,130143/171760
172317/452000,43381/85880
172317/452000,43381/171760
172317/452000,0
0,1
0,130143/171760
0,43381/85880
0,43381/171760
0,0
12
4 6 1 0 5
4 7 2 1 6
4 8 3 2 7
4 9 4 3 8
4 11 6 5 10
4 12 7 6 11
4 13 8 7 12
4 14 9 8 13
4 16 11 10 15
4 17 12 11 16
4 18 13 12 17
4 19 14 13 18
-19751/452000,53383/171760
-19751/452000,125/226
-19751/452000,51619/171760
-19751/452000,125/226
-19751/452000,51619/171760
-127117/452000,53383/171760
-127117/452000,125/226
-127117/452000,51619/171760
-127117/452000,125/226
-127117/452000,51619/171760
1/10,53383/171760
1/10,125/226
1/10,51619/171760
1/10,125/226
1/10,51619/171760
-127117/452000,53383/171760
-127117/452000,125/226
-127117/452000,51619/171760
-127117/452000,125/226
-127117/452000,51619/171760
