16
1,1
1,77/100
1,77/200
1,0
77/100,1
77/100,77/100
77/100,77/200
77/100,0
77/200,1
77/200,77/100
77/200,77/200
77/200,0
0,1
0,77/100
0,77/200
0,0
9
4 5 1 0 4
4 6 2 1 5
4 7 3 2 6
4 9 5 4 8
4 10 6 5 9
4 11 7 6 10
4 13 9 8 12
4 14 10 9 13
4 15 11 10 14
1589/200,279/200
1589/200,233/200
1589/200,31/20
1589/200,233/200
1543/200,279/200
1543/200,233/200
1543/200,31/20
1543/200,233/200
81/10,279/200
81/10,233/200
81/10,31/20
81/10,233/200
1543/200,279/200
1543/200,233/200
1543/200,31/20
1543/200,233/200
