16
1,1
1,5117/6675
1,5117/13350
1,0
5117/6675,1
5117/6675,5117/6675
5117/6675,5117/13350
5117/6675,0
5117/13350,1
5117/13350,5117/6675
5117/13350,5117/13350
5117/13350,0
0,1
0,5117/6675
0,5117/13350
0,0
9
4 5 1 0 4
4 6 2 1 5
4 7 3 2 6
4 9 5 4 8
4 10 6 5 9
4 11 7 6 10
4 13 9 8 12
4 14 10 9 13
4 15 11 10 14
413758549/13350,20987758/6675
413758549/13350,3144
413758549/13350,41977517/13350
413758549/13350,3144
413755433/13350,20987758/6675
413755433/13350,3144
413755433/13350,41977517/13350
413755433/13350,3144
8275211/267,20987758/6675
8275211/267,3144
8275211/267,41977517/13350
8275211/267,3144
413755433/13350,20987758/6675
413755433/13350,3144
413755433/13350,41977517/13350
413755433/13350,3144
