80
1,1
1,24959434/25107005
1,12479717/14346860
1,37439151/50214010
1,12479717/20085604
1,12479717/25107005
1,37439151/100428020
1,12479717/50214010
1,12479717/100428020
1,0
6168909/7173430,1
6168909/7173430,24959434/25107005
6168909/7173430,12479717/14346860
6168909/7173430,37439151/50214010
6168909/7173430,12479717/20085604
6168909/7173430,12479717/25107005
6168909/7173430,37439151/100428020
6168909/7173430,12479717/50214010
6168909/7173430,12479717/100428020
6168909/7173430,0
2056303/2869372,1
2056303/2869372,24959434/25107005
2056303/2869372,12479717/14346860
2056303/2869372,37439151/50214010
2056303/2869372,12479717/20085604
2056303/2869372,12479717/25107005
2056303/2869372,37439151/100428020
2056303/2869372,12479717/50214010
2056303/2869372,12479717/100428020
2056303/2869372,0
2056303/3586715,1
2056303/3586715,24959434/25107005
2056303/3586715,12479717/14346860
2056303/3586715,37439151/50214010
2056303/3586715,12479717/20085604
2056303/3586715,12479717/25107005
2056303/3586715,37439151/100428020
2056303/3586715,12479717/50214010
2056303/3586715,12479717/100428020
2056303/3586715,0
6168909/14346860,1
6168909/14346860,24959434/25107005
6168909/14346860,12479717/14346860
6168909/14346860,37439151/50214010
6168909/14346860,12479717/20085604
6168909/14346860,12479717/25107005
6168909/14346860,37439151/100428020
6168909/14346860,12479717/50214010
6168909/14346860,12479717/100428020
6168909/14346860,0
2056303/7173430,1
2056303/7173430,24959434/25107005
2056303/7173430,12479717/14346860
2056303/7173430,37439151/50214010
2056303/7173430,12479717/20085604
2056303/7173430,12479717/25107005
2056303/7173430,37439151/100428020
2056303/7173430,12479717/50214010
2056303/7173430,12479717/100428020
2056303/7173430,0
2056303/14346860,1
2056303/14346860,24959434/25107005
2056303/14346860,12479717/14346860
2056303/14346860,37439151/50214010
2056303/14346860,12479717/20085604
2056303/14346860,12479717/25107005
2056303/14346860,37439151/100428020
2056303/14346860,12479717/50214010
2056303/14346860,12479717/100428020
2056303/14346860,0
0,1
0,24959434/25107005
0,12479717/14346860
0,37439151/50214010
0,12479717/20085604
0,12479717/25107005
0,37439151/100428020
0,12479717/50214010
0,12479717/100428020
0,0
63
4 11 1 0 10
4 12 2 1 11
4 13 3 2 12
4 14 4 3 13
4 15 5 4 14
4 16 6 5 15
4 17 7 6 16
4 18 8 7 17
4 19 9 8 18
4 21 11 10 20
4 22 12 11 21
4 23 13 12 22
4 24 14 13 23
4 25 15 14 24
4 26 16 15 25
4 27 17 16 26
4 28 18 17 27
4 29 19 18 28
4 31 21 20 30
4 32 22 21 31
4 33 23 22 32
4 34 24 23 33
4 35 25 24 34
4 36 26 25 35
4 37 27 26 36
4 38 28 27 37
4 39 29 28 38
4 41 31 30 40
4 42 32 31 41
4 43 33 32 42
4 44 34 33 43
4 45 35 34 44
4 46 36 35 45
4 47 37 36 46
4 48 38 37 47
4 49 39 38 48
4 51 41 40 50
4 52 42 41 51
4 53 43 42 52
4 54 44 43 53
4 55 45 44 54
4 56 46 45 55
4 57 47 46 56
4 58 48 47 57
4 59 49 48 58
4 61 51 50 60
4 62 52 51 61
4 63 53 52 62
4 64 54 53 63
4 65 55 54 64
4 66 56 55 65
4 67 57 56 66
4 68 58 57 67
4 69 59 58 68
4 71 61 60 70
4 72 62 61 71
4 73 63 62 72
4 74 64 63 73
4 75 65 64 74
4 76 66 65 75
4 77 67 66 76
4 78 68 67 77
4 79 69 68 78
7167261091/7173430,-25083780004/25107005
7167261091/7173430,-716683645/717343
7167261091/7173430,-100323230583/100428020
7167261091/7173430,-716683645/717343
7167261091/7173430,-100323230583/100428020
7167261091/7173430,-716683645/717343
7167261091/7173430,-100323230583/100428020
7167261091/7173430,-716683645/717343
7167261091/7173430,-100323230583/100428020
7167261091/7173430,-716683645/717343
999,-25083780004/25107005
999,-716683645/717343
999,-100323230583/100428020
999,-716683645/717343
999,-100323230583/100428020
999,-716683645/717343
999,-100323230583/100428020
999,-716683645/717343
999,-100323230583/100428020
999,-716683645/717343
14334569443/14346860,-25083780004/25107005
14334569443/14346860,-716683645/717343
14334569443/14346860,-100323230583/100428020
14334569443/14346860,-716683645/717343
14334569443/14346860,-100323230583/100428020
14334569443/14346860,-716683645/717343
14334569443/14346860,-100323230583/100428020
14334569443/14346860,-716683645/717343
14334569443/14346860,-100323230583/100428020
14334569443/14346860,-716683645/717343
999,-25083780004/25107005
999,-716683645/717343
999,-100323230583/100428020
999,-716683645/717343
999,-100323230583/100428020
999,-716683645/717343
999,-100323230583/100428020
999,-716683645/717343
999,-100323230583/100428020
999,-716683645/717343
14334569443/14346860,-25083780004/25107005
14334569443/14346860,-716683645/717343
14334569443/14346860,-100323230583/100428020
14334569443/14346860,-716683645/717343
14334569443/14346860,-100323230583/100428020
14334569443/14346860,-716683645/717343
14334569443/14346860,-100323230583/100428020
14334569443/14346860,-716683645/717343
14334569443/14346860,-100323230583/100428020
14334569443/14346860,-716683645/717343
999,-25083780004/25107005
999,-716683645/717343
999,-100323230583/100428020
999,-716683645/717343
999,-100323230583/100428020
999,-716683645/717343
999,-100323230583/100428020
999,-716683645/717343
999,-100323230583/100428020
999,-716683645/717343
14334569443/14346860,-25083780004/25107005
14334569443/14346860,-716683645/717343
14334569443/14346860,-100323230583/100428020
14334569443/14346860,-716683645/717343
14334569443/14346860,-100323230583/100428020
14334569443/14346860,-716683645/717343
14334569443/14346860,-100323230583/100428020
14334569443/14346860,-716683645/717343
14334569443/14346860,-100323230583/100428020
14334569443/14346860,-716683645/717343
999,-25083780004/25107005
999,-716683645/717343
999,-100323230583/100428020
999,-716683645/717343
999,-100323230583/100428020
999,-716683645/717343
999,-100323230583/100428020
999,-716683645/717343
999,-100323230583/100428020
999,-716683645/717343
