12
1,1
1,6531839/7560000
1,0
24/25,1
24/25,6531839/7560000
24/25,0
12/25,1
12/25,6531839/7560000
12/25,0
0,1
0,6531839/7560000
0,0
6
4 4 1 0 3
4 5 2 1 4
4 7 4 3 6
4 8 5 4 7
4 10 7 6 9
4 11 8 7 10
145151/3628800,60238043/90720000
145151/3628800,2903039/3628800
145151/3628800,-5806093/90720000
-1/3628800,60238043/90720000
-1/3628800,2903039/3628800
-1/3628800,-5806093/90720000
1741823/3628800,60238043/90720000
1741823/3628800,2903039/3628800
1741823/3628800,-5806093/90720000
-1/3628800,60238043/90720000
-1/3628800,2903039/3628800
-1/3628800,-5806093/90720000
