12
1,1
1,1407458495005671754456823/1512020865556255613585000
1,1407458495005671754456823/3024041731112511227170000
1,0
180352629315109839408464571763/291908569221480218237174750000,1
180352629315109839408464571763/291908569221480218237174750000,1407458495005671754456823/1512020865556255613585000
180352629315109839408464571763/291908569221480218237174750000,1407458495005671754456823/3024041731112511227170000
180352629315109839408464571763/291908569221480218237174750000,0
0,1
0,1407458495005671754456823/1512020865556255613585000
0,1407458495005671754456823/3024041731112511227170000
0,0
6
4 5 1 0 4
4 6 2 1 5
4 7 3 2 6
4 9 5 4 8
4 10 6 5 9
4 11 7 6 10
63863570412976563628200569977/583817138442960436474349500000,82732541399223150007103913/66528918084475246997740000
63863570412976563628200569977/583817138442960436474349500000,73454411409/62546142560
63863570412976563628200569977/583817138442960436474349500000,109095883985122238803514231/66528918084475246997740000
63863570412976563628200569977/583817138442960436474349500000,73454411409/62546142560
286975450225717321285620926451/583817138442960436474349500000,82732541399223150007103913/66528918084475246997740000
286975450225717321285620926451/583817138442960436474349500000,73454411409/62546142560
286975450225717321285620926451/583817138442960436474349500000,109095883985122238803514231/66528918084475246997740000
286975450225717321285620926451/583817138442960436474349500000,73454411409/62546142560
-755145578513/5979493780000,82732541399223150007103913/66528918084475246997740000
-755145578513/5979493780000,73454411409/62546142560
-755145578513/5979493780000,109095883985122238803514231/66528918084475246997740000
-755145578513/5979493780000,73454411409/62546142560
