16
1,1
1,64707774659/73406648450
1,64707774659/146813296900
1,0
32409618659/36703324225,1
32409618659/36703324225,64707774659/73406648450
32409618659/36703324225,64707774659/146813296900
32409618659/36703324225,0
32409618659/73406648450,1
32409618659/73406648450,64707774659/73406648450
32409618659/73406648450,64707774659/146813296900
32409618659/73406648450,0
0,1
0,64707774659/73406648450
0,64707774659/146813296900
0,0
9
4 5 1 0 4
4 6 2 1 5
4 7 3 2 6
4 9 5 4 8
4 10 6 5 9
4 11 7 6 10
4 13 9 8 12
4 14 10 9 13
4 15 11 10 14
-21601654543/293626593800,-176094769503/2055386156600
-21601654543/293626593800,-419663235651/2055386156600
-21601654543/293626593800,19449824383/82215446264
-21601654543/293626593800,-419663235651/2055386156600
-55951299071/293626593800,-176094769503/2055386156600
-55951299071/293626593800,-419663235651/2055386156600
-55951299071/293626593800,19449824383/82215446264
-55951299071/293626593800,-419663235651/2055386156600
14737435113/58725318760,-176094769503/2055386156600
14737435113/58725318760,-419663235651/2055386156600
14737435113/58725318760,19449824383/82215446264
14737435113/58725318760,-419663235651/2055386156600
-55951299071/293626593800,-176094769503/2055386156600
-55951299071/293626593800,-419663235651/2055386156600
-55951299071/293626593800,19449824383/82215446264
-55951299071/293626593800,-419663235651/2055386156600
