16
1,1
1,2121849/2177500
1,2121849/4355000
1,0
7776/8125,1
7776/8125,2121849/2177500
7776/8125,2121849/4355000
7776/8125,0
3888/8125,1
3888/8125,2121849/2177500
3888/8125,2121849/4355000
3888/8125,0
0,1
0,2121849/2177500
0,2121849/4355000
0,0
9
4 5 1 0 4
4 6 2 1 5
4 7 3 2 6
4 9 5 4 8
4 10 6 5 9
4 11 7 6 10
4 13 9 8 12
4 14 10 9 13
4 15 11 10 14
-1153/625,-6454141/13065000
-1153/625,-6788047/13065000
-1153/625,-13/402
-1153/625,-6788047/13065000
-15338/8125,-6454141/13065000
-15338/8125,-6788047/13065000
-15338/8125,-13/402
-15338/8125,-6788047/13065000
-458/325,-6454141/13065000
-458/325,-6788047/13065000
-458/325,-13/402
-458/325,-6788047/13065000
-15338/8125,-6454141/13065000
-15338/8125,-6788047/13065000
-15338/8125,-13/402
-15338/8125,-6788047/13065000
