9
1,1
1,35766089085609859678/64019484144120187375
1,0
262672451288020746373063/323730794460545321580500,1
262672451288020746373063/323730794460545321580500,35766089085609859678/64019484144120187375
262672451288020746373063/323730794460545321580500,0
0,1
0,35766089085609859678/64019484144120187375
0,0
4
4 4 1 0 3
4 5 2 1 4
4 7 4 3 6
4 8 5 4 7
-86347915221560936949387/161865397230272660790250,-7179312455717230957/192058452432360562125
-86347915221560936949387/161865397230272660790250,77580872719813752134/192058452432360562125
-86347915221560936949387/161865397230272660790250,-906770773516/5860304854635
-111637487270597298691337/323730794460545321580500,-7179312455717230957/192058452432360562125
-111637487270597298691337/323730794460545321580500,77580872719813752134/192058452432360562125
-111637487270597298691337/323730794460545321580500,-906770773516/5860304854635
-985912040436/852689323045,-7179312455717230957/192058452432360562125
-985912040436/852689323045,77580872719813752134/192058452432360562125
-985912040436/852689323045,-906770773516/5860304854635
