9
1,1
1,77/100
1,0
77/100,1
77/100,77/100
77/100,0
0,1
0,77/100
0,0
4
4 4 1 0 3
4 5 2 1 4
4 7 4 3 6
4 8 5 4 7
77/100,3086419725308641972530864197253086419725308641972530864197276/25
77/100,12345678901234567890123456789012345678901234567890123456789127/100
77/100,246913578024691357802469135780246913578024691357802469135781/2
1,3086419725308641972530864197253086419725308641972530864197276/25
1,12345678901234567890123456789012345678901234567890123456789127/100
1,246913578024691357802469135780246913578024691357802469135781/2
23/100,3086419725308641972530864197253086419725308641972530864197276/25
23/100,12345678901234567890123456789012345678901234567890123456789127/100
23/100,246913578024691357802469135780246913578024691357802469135781/2
