12
1,1
1,451360040144571969658766981/640032776478677707630500000
1,451360040144571969658766981/1280065552957355415261000000
1,0
44218038074120561077/71923969010138100000,1
44218038074120561077/71923969010138100000,451360040144571969658766981/640032776478677707630500000
44218038074120561077/71923969010138100000,451360040144571969658766981/1280065552957355415261000000
44218038074120561077/71923969010138100000,0
0,1
0,451360040144571969658766981/640032776478677707630500000
0,451360040144571969658766981/1280065552957355415261000000
0,0
6
4 5 1 0 4
4 6 2 1 5
4 7 3 2 6
4 9 5 4 8
4 10 6 5 9
4 11 7 6 10
63065513053175387201/467505798565897650000,497879306186416279799264269/640032776478677707630500000
63065513053175387201/467505798565897650000,218273718332027/451809073924592
63065513053175387201/467505798565897650000,1069773179849193053313829481/1280065552957355415261000000
63065513053175387201/467505798565897650000,218273718332027/451809073924592
162102709424859593467/311670532377265100000,497879306186416279799264269/640032776478677707630500000
162102709424859593467/311670532377265100000,218273718332027/451809073924592
162102709424859593467/311670532377265100000,1069773179849193053313829481/1280065552957355415261000000
162102709424859593467/311670532377265100000,218273718332027/451809073924592
-28322999324606/299146274997375,497879306186416279799264269/640032776478677707630500000
-28322999324606/299146274997375,218273718332027/451809073924592
-28322999324606/299146274997375,1069773179849193053313829481/1280065552957355415261000000
-28322999324606/299146274997375,218273718332027/451809073924592
