16
1,1
1,99/100
1,99/200
1,0
99/100,1
99/100,99/100
99/100,99/200
99/100,0
99/200,1
99/200,99/100
99/200,99/200
99/200,0
0,1
0,99/100
0,99/200
0,0
9
4 5 1 0 4
4 6 2 1 5
4 7 3 2 6
4 9 5 4 8
4 10 6 5 9
4 11 7 6 10
4 13 9 8 12
4 14 10 9 13
4 15 11 10 14
53/200,24691357802469135780246913578024691357802469135780246913578003/200
53/200,24691357802469135780246913578024691357802469135780246913578001/200
53/200,246913578024691357802469135780246913578024691357802469135781/2
53/200,24691357802469135780246913578024691357802469135780246913578001/200
51/200,24691357802469135780246913578024691357802469135780246913578003/200
51/200,24691357802469135780246913578024691357802469135780246913578001/200
51/200,246913578024691357802469135780246913578024691357802469135781/2
51/200,24691357802469135780246913578024691357802469135780246913578001/200
3/4,24691357802469135780246913578024691357802469135780246913578003/200
3/4,24691357802469135780246913578024691357802469135780246913578001/200
3/4,246913578024691357802469135780246913578024691357802469135781/2
3/4,24691357802469135780246913578024691357802469135780246913578001/200
51/200,24691357802469135780246913578024691357802469135780246913578003/200
51/200,24691357802469135780246913578024691357802469135780246913578001/200
51/200,246913578024691357802469135780246913578024691357802469135781/2
51/200,24691357802469135780246913578024691357802469135780246913578001/200
