8
1,1
1,876747387271838746829814726047/1021525732554195492400671319425
1,876747387271838746829814726047/2043051465108390984801342638850
1,0
0,1
0,876747387271838746829814726047/1021525732554195492400671319425
0,876747387271838746829814726047/2043051465108390984801342638850
0,0
3
4 5 1 0 4
4 6 2 1 5
4 7 3 2 6
83732600107/91524566595,135749109283668461846815230983/291864495015484426400191805550
83732600107/91524566595,5035234796255/15570523816694
83732600107/91524566595,7602984648687394826/10103382819059705175
83732600107/91524566595,5035234796255/15570523816694
-7791966488/91524566595,135749109283668461846815230983/291864495015484426400191805550
-7791966488/91524566595,5035234796255/15570523816694
-7791966488/91524566595,7602984648687394826/10103382819059705175
-7791966488/91524566595,5035234796255/15570523816694
