9
1,1
1,16319204341229573/20768339442971975
1,0
1012950358959/1278242342765,1
1012950358959/1278242342765,16319204341229573/20768339442971975
1012950358959/1278242342765,0
0,1
0,16319204341229573/20768339442971975
0,0
4
4 4 1 0 3
4 5 2 1 4
4 7 4 3 6
4 8 5 4 7
157957265527/225572178135,29559263247619346/20768339442971975
157957265527/225572178135,34008398349361748/20768339442971975
157957265527/225572178135,188109/220853
3481149465377/3834727028295,29559263247619346/20768339442971975
3481149465377/3834727028295,34008398349361748/20768339442971975
3481149465377/3834727028295,188109/220853
100/867,29559263247619346/20768339442971975
100/867,34008398349361748/20768339442971975
100/867,188109/220853
