16
1,1
1,49/50
1,49/100
1,0
49/50,1
49/50,49/50
49/50,49/100
49/50,0
49/100,1
49/100,49/50
49/100,49/100
49/100,0
0,1
0,49/50
0,49/100
0,0
9
4 5 1 0 4
4 6 2 1 5
4 7 3 2 6
4 9 5 4 8
4 10 6 5 9
4 11 7 6 10
4 13 9 8 12
4 14 10 9 13
4 15 11 10 14
3086419725308641972530864197253086419725308641972530864197257/25,3/100
3086419725308641972530864197253086419725308641972530864197257/25,1/100
3086419725308641972530864197253086419725308641972530864197257/25,1/2
3086419725308641972530864197253086419725308641972530864197257/25,1/100
6172839450617283945061728394506172839450617283945061728394513/50,3/100
6172839450617283945061728394506172839450617283945061728394513/50,1/100
6172839450617283945061728394506172839450617283945061728394513/50,1/2
6172839450617283945061728394506172839450617283945061728394513/50,1/100
493827156049382715604938271560493827156049382715604938271563/4,3/100
493827156049382715604938271560493827156049382715604938271563/4,1/100
493827156049382715604938271560493827156049382715604938271563/4,1/2
493827156049382715604938271560493827156049382715604938271563/4,1/100
6172839450617283945061728394506172839450617283945061728394513/50,3/100
6172839450617283945061728394506172839450617283945061728394513/50,1/100
6172839450617283945061728394506172839450617283945061728394513/50,1/2
6172839450617283945061728394506172839450617283945061728394513/50,1/100
