9
1,1
1,187271022738463213559/342802274112734687250
1,0
13997706950306181012393/27832572174351917721320,1
13997706950306181012393/27832572174351917721320,187271022738463213559/342802274112734687250
13997706950306181012393/27832572174351917721320,0
0,1
0,187271022738463213559/342802274112734687250
0,0
4
4 4 1 0 3
4 5 2 1 4
4 7 4 3 6
4 8 5 4 7
-83586382853265297554151/107851217175613681170115,-6009125315341212247/114267424704244895750
-83586382853265297554151/107851217175613681170115,260196014663/648678339165
-83586382853265297554151/107851217175613681170115,-49767147310215376609/342802274112734687250
-239810240880704542456471/862809737404909449360920,-6009125315341212247/114267424704244895750
-239810240880704542456471/862809737404909449360920,260196014663/648678339165
-239810240880704542456471/862809737404909449360920,-49767147310215376609/342802274112734687250
-7051552174865527/9030420486976460,-6009125315341212247/114267424704244895750
-7051552174865527/9030420486976460,260196014663/648678339165
-7051552174865527/9030420486976460,-49767147310215376609/342802274112734687250
