9
1,1
1,3/4
1,0
3/4,1
3/4,3/4
3/4,0
0,1
0,3/4
0,0
4
4 4 1 0 3
4 5 2 1 4
4 7 4 3 6
4 8 5 4 7
5/4,246913578024691357802469135780246913578024691357802469135781/2
5/4,493827156049382715604938271560493827156049382715604938271563/4
5/4,123456789012345678901234567890123456789012345678901234567890
3/2,246913578024691357802469135780246913578024691357802469135781/2
3/2,493827156049382715604938271560493827156049382715604938271563/4
3/2,123456789012345678901234567890123456789012345678901234567890
3/4,246913578024691357802469135780246913578024691357802469135781/2
3/4,493827156049382715604938271560493827156049382715604938271563/4
3/4,123456789012345678901234567890123456789012345678901234567890
