12
1,1
1,890155701667/1028000671500
1,890155701667/2056001343000
1,0
3047241029884849/4642888348312500,1
3047241029884849/4642888348312500,890155701667/1028000671500
3047241029884849/4642888348312500,890155701667/2056001343000
3047241029884849/4642888348312500,0
0,1
0,890155701667/1028000671500
0,890155701667/2056001343000
0,0
6
4 5 1 0 4
4 6 2 1 5
4 7 3 2 6
4 9 5 4 8
4 10 6 5 9
4 11 7 6 10
2207330145497849/2321444174156250,83171497499/2056001343000
2207330145497849/2321444174156250,-192518442167/2056001343000
2207330145497849/2321444174156250,169597/499818
2207330145497849/2321444174156250,-192518442167/2056001343000
2003435869807783/1547629449437500,83171497499/2056001343000
2003435869807783/1547629449437500,-192518442167/2056001343000
2003435869807783/1547629449437500,169597/499818
2003435869807783/1547629449437500,-192518442167/2056001343000
587851717/921116625,83171497499/2056001343000
587851717/921116625,-192518442167/2056001343000
587851717/921116625,169597/499818
587851717/921116625,-192518442167/2056001343000
