16
1,1
1,3570679931887855178563/3696070676963584305672
1,3570679931887855178563/7392141353927168611344
1,0
4700728245479/6305861313180,1
4700728245479/6305861313180,3570679931887855178563/3696070676963584305672
4700728245479/6305861313180,3570679931887855178563/7392141353927168611344
4700728245479/6305861313180,0
4700728245479/12611722626360,1
4700728245479/12611722626360,3570679931887855178563/3696070676963584305672
4700728245479/12611722626360,3570679931887855178563/7392141353927168611344
4700728245479/12611722626360,0
0,1
0,3570679931887855178563/3696070676963584305672
0,3570679931887855178563/7392141353927168611344
0,0
9
4 5 1 0 4
4 6 2 1 5
4 7 3 2 6
4 9 5 4 8
4 10 6 5 9
4 11 7 6 10
4 13 9 8 12
4 14 10 9 13
4 15 11 10 14
96254222833867/107199642324060,28391156504063340240965/41888801005587288797616
96254222833867/107199642324060,80910184179615230401189/125666403016761866392848
96254222833867/107199642324060,100296307495/89003044026
96254222833867/107199642324060,80910184179615230401189/125666403016761866392848
596305/926874,28391156504063340240965/41888801005587288797616
596305/926874,80910184179615230401189/125666403016761866392848
596305/926874,100296307495/89003044026
596305/926874,80910184179615230401189/125666403016761866392848
217846301539043/214399284648120,28391156504063340240965/41888801005587288797616
217846301539043/214399284648120,80910184179615230401189/125666403016761866392848
217846301539043/214399284648120,100296307495/89003044026
217846301539043/214399284648120,80910184179615230401189/125666403016761866392848
596305/926874,28391156504063340240965/41888801005587288797616
596305/926874,80910184179615230401189/125666403016761866392848
596305/926874,100296307495/89003044026
596305/926874,80910184179615230401189/125666403016761866392848
