9
1,1
1,3787250659548465913485804362/4299769488702180568187787675
1,0
18647210063616470692654327/25168674826063996369747605,1
18647210063616470692654327/25168674826063996369747605,3787250659548465913485804362/4299769488702180568187787675
18647210063616470692654327/25168674826063996369747605,0
0,1
0,3787250659548465913485804362/4299769488702180568187787675
0,0
4
4 4 1 0 3
4 5 2 1 4
4 7 4 3 6
4 8 5 4 7
12172072172280612321108779476/8934879563252718711260399775,-1072633589800809403940511998/4299769488702180568187787675
12172072172280612321108779476/8934879563252718711260399775,-21654842094673/166235271525015
12172072172280612321108779476/8934879563252718711260399775,-33598501301985596201/33230657375450059525
1359694190929756253762/838582363108403338425,-1072633589800809403940511998/4299769488702180568187787675
1359694190929756253762/838582363108403338425,-21654842094673/166235271525015
1359694190929756253762/838582363108403338425,-33598501301985596201/33230657375450059525
55018696694236743299/62483589537471904725,-1072633589800809403940511998/4299769488702180568187787675
55018696694236743299/62483589537471904725,-21654842094673/166235271525015
55018696694236743299/62483589537471904725,-33598501301985596201/33230657375450059525
