9
1,1
1,434161141483395926690515913/679489808756835099149280000
1,0
149414529340402492083685087/245988042956770419043200000,1
149414529340402492083685087/245988042956770419043200000,434161141483395926690515913/679489808756835099149280000
149414529340402492083685087/245988042956770419043200000,0
0,1
0,434161141483395926690515913/679489808756835099149280000
0,0
4
4 4 1 0 3
4 5 2 1 4
4 7 4 3 6
4 8 5 4 7
714934841449230016840517/1430163040446339645600000,151287933276796620078339913/339744904378417549574640000
714934841449230016840517/1430163040446339645600000,182634844609010804205147971/226496602918945033049760000
714934841449230016840517/1430163040446339645600000,206870886137798/1235822635168605
219542306345635489856083837/245988042956770419043200000,151287933276796620078339913/339744904378417549574640000
219542306345635489856083837/245988042956770419043200000,182634844609010804205147971/226496602918945033049760000
219542306345635489856083837/245988042956770419043200000,206870886137798/1235822635168605
276111274856100037/968518824360890880,151287933276796620078339913/339744904378417549574640000
276111274856100037/968518824360890880,182634844609010804205147971/226496602918945033049760000
276111274856100037/968518824360890880,206870886137798/1235822635168605
