9
1,1
1,7535817792547447105443/15010374596770099577150
1,0
38715165627071891625702257869414246881/51725741170637997848624673819664008650,1
38715165627071891625702257869414246881/51725741170637997848624673819664008650,7535817792547447105443/15010374596770099577150
38715165627071891625702257869414246881/51725741170637997848624673819664008650,0
0,1
0,7535817792547447105443/15010374596770099577150
0,0
4
4 4 1 0 3
4 5 2 1 4
4 7 4 3 6
4 8 5 4 7
30181563402435639307820783568371858781/25862870585318998924312336909832004325,30630494162397316868/7505187298385049788575
30181563402435639307820783568371858781/25862870585318998924312336909832004325,7535817792547447105443/15010374596770099577150
30181563402435639307820783568371858781/25862870585318998924312336909832004325,0
73373702348437384838563983086993479331/51725741170637997848624673819664008650,30630494162397316868/7505187298385049788575
73373702348437384838563983086993479331/51725741170637997848624673819664008650,7535817792547447105443/15010374596770099577150
73373702348437384838563983086993479331/51725741170637997848624673819664008650,0
188366653/281125681,30630494162397316868/7505187298385049788575
188366653/281125681,7535817792547447105443/15010374596770099577150
188366653/281125681,0
