9
1,1
1,10596442690573454/13185581636274375
1,0
33541798032057129/44615257660425650,1
33541798032057129/44615257660425650,10596442690573454/13185581636274375
33541798032057129/44615257660425650,0
0,1
0,10596442690573454/13185581636274375
0,0
4
4 4 1 0 3
4 5 2 1 4
4 7 4 3 6
4 8 5 4 7
34771864519236329/44615257660425650,7200880671752533/13185581636274375
34771864519236329/44615257660425650,9790019617453454/13185581636274375
34771864519236329/44615257660425650,-235151616/3844893497
240216526841/233771326489,7200880671752533/13185581636274375
240216526841/233771326489,9790019617453454/13185581636274375
240216526841/233771326489,-235151616/3844893497
12303526115547721/44615257660425650,7200880671752533/13185581636274375
12303526115547721/44615257660425650,9790019617453454/13185581636274375
12303526115547721/44615257660425650,-235151616/3844893497
