9
1,1
1,25860829859366007920463/35835923395281170284640
1,0
28498369700342044842/33912905597745211675,1
28498369700342044842/33912905597745211675,25860829859366007920463/35835923395281170284640
28498369700342044842/33912905597745211675,0
0,1
0,25860829859366007920463/35835923395281170284640
0,0
4
4 4 1 0 3
4 5 2 1 4
4 7 4 3 6
4 8 5 4 7
30659349799232332967/33912905597745211675,7791568487217438929263/17917961697640585142320
30659349799232332967/33912905597745211675,25558230510350040222703/35835923395281170284640
30659349799232332967/33912905597745211675,-15542777/1840683953
1442955427865419992/1356516223909808467,7791568487217438929263/17917961697640585142320
1442955427865419992/1356516223909808467,25558230510350040222703/35835923395281170284640
1442955427865419992/1356516223909808467,-15542777/1840683953
7575515996293454958/33912905597745211675,7791568487217438929263/17917961697640585142320
7575515996293454958/33912905597745211675,25558230510350040222703/35835923395281170284640
7575515996293454958/33912905597745211675,-15542777/1840683953
