9
1,1
1,3850170677904515649773266097/5739930975488999430639927750
1,0
532863820942474086108596141/970863706096759366966195000,1
532863820942474086108596141/970863706096759366966195000,3850170677904515649773266097/5739930975488999430639927750
532863820942474086108596141/970863706096759366966195000,0
0,1
0,3850170677904515649773266097/5739930975488999430639927750
0,0
4
4 4 1 0 3
4 5 2 1 4
4 7 4 3 6
4 8 5 4 7
-802268914260096949102337701/1128301063842179804852605000,-7521059299756968344836270849/109058688534290989182158627250
-802268914260096949102337701/1128301063842179804852605000,4730731059058037248605050093/18176448089048498197026437875
-802268914260096949102337701/1128301063842179804852605000,-27071488512943/65947206674550
-6977344535358128/26846579638145245,-7521059299756968344836270849/109058688534290989182158627250
-6977344535358128/26846579638145245,4730731059058037248605050093/18176448089048498197026437875
-6977344535358128/26846579638145245,-27071488512943/65947206674550
-33763099066515705742579378063/41747139362160652779546385000,-7521059299756968344836270849/109058688534290989182158627250
-33763099066515705742579378063/41747139362160652779546385000,4730731059058037248605050093/18176448089048498197026437875
-33763099066515705742579378063/41747139362160652779546385000,-27071488512943/65947206674550
