9
1,1
1,2883877787782223008366872413062249471021/4044440527398370360116607806220395011520
1,0
1730778398386725578205168474929/2028516352892135142028188213300,1
1730778398386725578205168474929/2028516352892135142028188213300,2883877787782223008366872413062249471021/4044440527398370360116607806220395011520
1730778398386725578205168474929/2028516352892135142028188213300,0
0,1
0,2883877787782223008366872413062249471021/4044440527398370360116607806220395011520
0,0
4
4 4 1 0 3
4 5 2 1 4
4 7 4 3 6
4 8 5 4 7
1643172014494823732994358938151/2366602411707490999032886248850,-9331621085068459028433814303837116475333/14155541845894296260408127321771382540320
1643172014494823732994358938151/2366602411707490999032886248850,-3513100997607962198206493618522404722391/9437027897262864173605418214514255026880
1643172014494823732994358938151/2366602411707490999032886248850,-322322101219742058173/296984803764816819771
11943197768506809344727291797503/14199614470244945994197317493100,-9331621085068459028433814303837116475333/14155541845894296260408127321771382540320
11943197768506809344727291797503/14199614470244945994197317493100,-3513100997607962198206493618522404722391/9437027897262864173605418214514255026880
11943197768506809344727291797503/14199614470244945994197317493100,-322322101219742058173/296984803764816819771
-3602628475559178070/296984803764816819771,-9331621085068459028433814303837116475333/14155541845894296260408127321771382540320
-3602628475559178070/296984803764816819771,-3513100997607962198206493618522404722391/9437027897262864173605418214514255026880
-3602628475559178070/296984803764816819771,-322322101219742058173/296984803764816819771
