9
1,1
1,7507078189725052850975297/12186134355660613823250250
1,0
16754112674873329069128697/18029646094904562176587800,1
16754112674873329069128697/18029646094904562176587800,7507078189725052850975297/12186134355660613823250250
16754112674873329069128697/18029646094904562176587800,0
0,1
0,7507078189725052850975297/12186134355660613823250250
0,0
4
4 4 1 0 3
4 5 2 1 4
4 7 4 3 6
4 8 5 4 7
24275182051597317992328697/18029646094904562176587800,1868595153463925364403997/12186134355660613823250250
24275182051597317992328697/18029646094904562176587800,95406219462671/177564893428745
24275182051597317992328697/18029646094904562176587800,-959426870325566514296347/12186134355660613823250250
103956596041/73356092041,1868595153463925364403997/12186134355660613823250250
103956596041/73356092041,95406219462671/177564893428745
103956596041/73356092041,-959426870325566514296347/12186134355660613823250250
8796602796755222030659103/18029646094904562176587800,1868595153463925364403997/12186134355660613823250250
8796602796755222030659103/18029646094904562176587800,95406219462671/177564893428745
8796602796755222030659103/18029646094904562176587800,-959426870325566514296347/12186134355660613823250250
