9
1,1
1,1179747685848516227/1324792194472324500
1,0
2296031266089323/3195434756749455,1
2296031266089323/3195434756749455,1179747685848516227/1324792194472324500
2296031266089323/3195434756749455,0
0,1
0,1179747685848516227/1324792194472324500
0,0
4
4 4 1 0 3
4 5 2 1 4
4 7 4 3 6
4 8 5 4 7
2388789469083923/3195434756749455,449324077586819777/662396097236162250
2388789469083923/3195434756749455,1043692663797447827/1324792194472324500
2388789469083923/3195434756749455,-36447539996/354896245405
1170952593/1137920633,449324077586819777/662396097236162250
1170952593/1137920633,1043692663797447827/1324792194472324500
1170952593/1137920633,-36447539996/354896245405
992161693654732/3195434756749455,449324077586819777/662396097236162250
992161693654732/3195434756749455,1043692663797447827/1324792194472324500
992161693654732/3195434756749455,-36447539996/354896245405
