12
1,1
1,109326146626863/126141493227200
1,109326146626863/252282986454400
1,0
362867761935409602390759/418727216446248715717090,1
362867761935409602390759/418727216446248715717090,109326146626863/126141493227200
362867761935409602390759/418727216446248715717090,109326146626863/252282986454400
362867761935409602390759/418727216446248715717090,0
0,1
0,109326146626863/126141493227200
0,109326146626863/252282986454400
0,0
6
4 5 1 0 4
4 6 2 1 5
4 7 3 2 6
4 9 5 4 8
4 10 6 5 9
4 11 7 6 10
216698171400160348301854/209363608223124357858545,-44805121846119/252282986454400
216698171400160348301854/209363608223124357858545,-78435815046793/252282986454400
216698171400160348301854/209363608223124357858545,431/3520
216698171400160348301854/209363608223124357858545,-78435815046793/252282986454400
489255797311159809930039/418727216446248715717090,-44805121846119/252282986454400
489255797311159809930039/418727216446248715717090,-78435815046793/252282986454400
489255797311159809930039/418727216446248715717090,431/3520
489255797311159809930039/418727216446248715717090,-78435815046793/252282986454400
1499378472/4967484241,-44805121846119/252282986454400
1499378472/4967484241,-78435815046793/252282986454400
1499378472/4967484241,431/3520
1499378472/4967484241,-78435815046793/252282986454400
