9
1,1
1,486568354442900447498647/527520339014771752648000
1,0
94188679391610457507/141010752561376423780,1
94188679391610457507/141010752561376423780,486568354442900447498647/527520339014771752648000
94188679391610457507/141010752561376423780,0
0,1
0,486568354442900447498647/527520339014771752648000
0,0
4
4 4 1 0 3
4 5 2 1 4
4 7 4 3 6
4 8 5 4 7
108502993753692107/141010752561376423780,65181370170383097098647/263760169507385876324000
108502993753692107/141010752561376423780,171314724912637499346647/527520339014771752648000
108502993753692107/141010752561376423780,-488690239/817735361
2869545479/8622028549,65181370170383097098647/263760169507385876324000
2869545479/8622028549,171314724912637499346647/527520339014771752648000
2869545479/8622028549,-488690239/817735361
-47258103228090799127/141010752561376423780,65181370170383097098647/263760169507385876324000
-47258103228090799127/141010752561376423780,171314724912637499346647/527520339014771752648000
-47258103228090799127/141010752561376423780,-488690239/817735361
