9
1,1
1,32740634169/55294412170
1,0
276686658893404524398895474203/347758017955039277863495144760,1
276686658893404524398895474203/347758017955039277863495144760,32740634169/55294412170
276686658893404524398895474203/347758017955039277863495144760,0
0,1
0,32740634169/55294412170
0,0
4
4 4 1 0 3
4 5 2 1 4
4 7 4 3 6
4 8 5 4 7
3651005386572812455346809519187/3129822161595353500771456302840,5093428084/27647206085
3651005386572812455346809519187/3129822161595353500771456302840,32740634169/55294412170
3651005386572812455346809519187/3129822161595353500771456302840,0
6430937417999226420335/4691061173527616303667,5093428084/27647206085
6430937417999226420335/4691061173527616303667,32740634169/55294412170
6430937417999226420335/4691061173527616303667,0
1800467688086884516938147286373/3129822161595353500771456302840,5093428084/27647206085
1800467688086884516938147286373/3129822161595353500771456302840,32740634169/55294412170
1800467688086884516938147286373/3129822161595353500771456302840,0
