9
1,1
1,2801827120258193/3865629484290000
1,0
12990763804389124954/21630660863148995625,1
12990763804389124954/21630660863148995625,2801827120258193/3865629484290000
12990763804389124954/21630660863148995625,0
0,1
0,2801827120258193/3865629484290000
0,0
4
4 4 1 0 3
4 5 2 1 4
4 7 4 3 6
4 8 5 4 7
1316173841665601114/1966423714831726875,867171298033193/1932814742145000
1316173841665601114/1966423714831726875,2798144960098193/3865629484290000
1316173841665601114/1966423714831726875,-17534096/18407759449
511173229786213/478289902999425,867171298033193/1932814742145000
511173229786213/478289902999425,2798144960098193/3865629484290000
511173229786213/478289902999425,-17534096/18407759449
10127045512692357971/21630660863148995625,867171298033193/1932814742145000
10127045512692357971/21630660863148995625,2798144960098193/3865629484290000
10127045512692357971/21630660863148995625,-17534096/18407759449
