9
1,1
1,1243824772272263266828100319/1963412322401372278647919400
1,0
474490815632084457/657563210176965200,1
474490815632084457/657563210176965200,1243824772272263266828100319/1963412322401372278647919400
474490815632084457/657563210176965200,0
0,1
0,1243824772272263266828100319/1963412322401372278647919400
0,0
4
4 4 1 0 3
4 5 2 1 4
4 7 4 3 6
4 8 5 4 7
1038553311911307257/657563210176965200,675282956306098549491150469/1963412322401372278647919400
1038553311911307257/657563210176965200,4196824067500846773/5907427285232779964
1038553311911307257/657563210176965200,151045734162944294482869231/1963412322401372278647919400
3054064266140470/1643908025442413,675282956306098549491150469/1963412322401372278647919400
3054064266140470/1643908025442413,4196824067500846773/5907427285232779964
3054064266140470/1643908025442413,151045734162944294482869231/1963412322401372278647919400
747134890824103543/657563210176965200,675282956306098549491150469/1963412322401372278647919400
747134890824103543/657563210176965200,4196824067500846773/5907427285232779964
747134890824103543/657563210176965200,151045734162944294482869231/1963412322401372278647919400
