12
1,1
1,159574348247/205600134300
1,159574348247/411200268600
1,0
546265670584109/928577669662500,1
546265670584109/928577669662500,159574348247/205600134300
546265670584109/928577669662500,159574348247/411200268600
546265670584109/928577669662500,0
0,1
0,159574348247/205600134300
0,159574348247/411200268600
0,0
6
4 5 1 0 4
4 6 2 1 5
4 7 3 2 6
4 9 5 4 8
4 10 6 5 9
4 11 7 6 10
378283493706709/464288834831250,72004675759/411200268600
378283493706709/464288834831250,-20046896347/411200268600
378283493706709/464288834831250,169597/499818
378283493706709/464288834831250,-20046896347/411200268600
379626328830603/309525889887500,72004675759/411200268600
379626328830603/309525889887500,-20046896347/411200268600
379626328830603/309525889887500,169597/499818
379626328830603/309525889887500,-20046896347/411200268600
587851717/921116625,72004675759/411200268600
587851717/921116625,-20046896347/411200268600
587851717/921116625,169597/499818
587851717/921116625,-20046896347/411200268600
