20
1,1
1,269921/364000
1,269921/728000
1,0
11421/14000,1
11421/14000,269921/364000
11421/14000,269921/728000
11421/14000,0
3807/7000,1
3807/7000,269921/364000
3807/7000,269921/728000
3807/7000,0
3807/14000,1
3807/14000,269921/364000
3807/14000,269921/728000
3807/14000,0
0,1
0,269921/364000
0,269921/728000
0,0
12
4 5 1 0 4
4 6 2 1 5
4 7 3 2 6
4 9 5 4 8
4 10 6 5 9
4 11 7 6 10
4 13 9 8 12
4 14 10 9 13
4 15 11 10 14
4 17 13 12 16
4 18 14 13 17
4 19 15 14 18
2663/6500,425387/728000
2663/6500,237229/728000
2663/6500,1449/2080
2663/6500,237229/728000
108091/182000,425387/728000
108091/182000,237229/728000
108091/182000,1449/2080
108091/182000,237229/728000
293/910,425387/728000
293/910,237229/728000
293/910,1449/2080
293/910,237229/728000
108091/182000,425387/728000
108091/182000,237229/728000
108091/182000,1449/2080
108091/182000,237229/728000
293/910,425387/728000
293/910,237229/728000
293/910,1449/2080
293/910,237229/728000
