9
1,1
1,5375133814547/6317275711725
1,0
945181733/1292285175,1
945181733/1292285175,5375133814547/6317275711725
945181733/1292285175,0
0,1
0,5375133814547/6317275711725
0,0
4
4 4 1 0 3
4 5 2 1 4
4 7 4 3 6
4 8 5 4 7
348536411/430761725,6042664332047/6317275711725
348536411/430761725,65921/59621
348536411/430761725,1609672414678/6317275711725
192763/178863,6042664332047/6317275711725
192763/178863,65921/59621
192763/178863,1609672414678/6317275711725
447530942/1292285175,6042664332047/6317275711725
447530942/1292285175,65921/59621
447530942/1292285175,1609672414678/6317275711725
