36
1,1
1,71/80
1,213/320
1,71/160
1,71/320
1,0
71/80,1
71/80,71/80
71/80,213/320
71/80,71/160
71/80,71/320
71/80,0
213/320,1
213/320,71/80
213/320,213/320
213/320,71/160
213/320,71/320
213/320,0
71/160,1
71/160,71/80
71/160,213/320
71/160,71/160
71/160,71/320
71/160,0
71/320,1
71/320,71/80
71/320,213/320
71/320,71/160
71/320,71/320
71/320,0
0,1
0,71/80
0,213/320
0,71/160
0,71/320
0,0
25
4 7 1 0 6
4 8 2 1 7
4 9 3 2 8
4 10 4 3 9
4 11 5 4 10
4 13 7 6 12
4 14 8 7 13
4 15 9 8 14
4 16 10 9 15
4 17 11 10 16
4 19 13 12 18
4 20 14 13 19
4 21 15 14 20
4 22 16 15 21
4 23 17 16 22
4 25 19 18 24
4 26 20 19 25
4 27 21 20 26
4 28 22 21 27
4 29 23 22 28
4 31 25 24 30
4 32 26 25 31
4 33 27 26 32
4 34 28 27 33
4 35 29 28 34
9/80,9/80
9/80,0
9/80,71/320
9/80,0
9/80,71/320
9/80,0
0,9/80
0,0
0,71/320
0,0
0,71/320
0,0
71/320,9/80
71/320,0
71/320,71/320
71/320,0
71/320,71/320
71/320,0
0,9/80
0,0
0,71/320
0,0
0,71/320
0,0
71/320,9/80
71/320,0
71/320,71/320
71/320,0
71/320,71/320
71/320,0
0,9/80
0,0
0,71/320
0,0
0,71/320
0,0
