21
1,1
1,79/100
1,0
79/80,1
79/80,79/100
79/80,0
79/100,1
79/100,79/100
79/100,0
237/400,1
237/400,79/100
237/400,0
79/200,1
79/200,79/100
79/200,0
79/400,1
79/400,79/100
79/400,0
0,1
0,79/100
0,0
12
4 4 1 0 3
4 5 2 1 4
4 7 4 3 6
4 8 5 4 7
4 10 7 6 9
4 11 8 7 10
4 13 10 9 12
4 14 11 10 13
4 16 13 12 15
4 17 14 13 16
4 19 16 15 18
4 20 17 16 19
47/80,79/100
47/80,1
47/80,21/100
3/5,79/100
3/5,1
3/5,21/100
161/400,79/100
161/400,1
161/400,21/100
3/5,79/100
3/5,1
3/5,21/100
161/400,79/100
161/400,1
161/400,21/100
3/5,79/100
3/5,1
3/5,21/100
161/400,79/100
161/400,1
161/400,21/100
