25
1,1
1,93/100
1,31/50
1,31/100
1,0
14787/14800,1
14787/14800,93/100
14787/14800,31/50
14787/14800,31/100
14787/14800,0
4929/7400,1
4929/7400,93/100
4929/7400,31/50
4929/7400,31/100
4929/7400,0
4929/14800,1
4929/14800,93/100
4929/14800,31/50
4929/14800,31/100
4929/14800,0
0,1
0,93/100
0,31/50
0,31/100
0,0
16
4 6 1 0 5
4 7 2 1 6
4 8 3 2 7
4 9 4 3 8
4 11 6 5 10
4 12 7 6 11
4 13 8 7 12
4 14 9 8 13
4 16 11 10 15
4 17 12 11 16
4 18 13 12 17
4 19 14 13 18
4 21 16 15 20
4 22 17 16 21
4 23 18 17 22
4 24 19 18 23
1001/925,68/75
1001/925,293/300
1001/925,2/3
1001/925,293/300
1001/925,2/3
16029/14800,68/75
16029/14800,293/300
16029/14800,2/3
16029/14800,293/300
16029/14800,2/3
3/4,68/75
3/4,293/300
3/4,2/3
3/4,293/300
3/4,2/3
16029/14800,68/75
16029/14800,293/300
16029/14800,2/3
16029/14800,293/300
16029/14800,2/3
3/4,68/75
3/4,293/300
3/4,2/3
3/4,293/300
3/4,2/3
