18
1,1
1,89/91
1,267/364
1,89/182
1,89/364
1,0
130919/240500,1
130919/240500,89/91
130919/240500,267/364
130919/240500,89/182
130919/240500,89/364
130919/240500,0
0,1
0,89/91
0,267/364
0,89/182
0,89/364
0,0
10
4 7 1 0 6
4 8 2 1 7
4 9 3 2 8
4 10 4 3 9
4 11 5 4 10
4 13 7 6 12
4 14 8 7 13
4 15 9 8 14
4 16 10 9 15
4 17 11 10 16
106869/120250,-573/13468
106869/120250,-869/13468
106869/120250,606/3367
106869/120250,-869/13468
106869/120250,606/3367
106869/120250,-869/13468
323319/240500,-573/13468
323319/240500,-869/13468
323319/240500,606/3367
323319/240500,-869/13468
323319/240500,606/3367
323319/240500,-869/13468
4/5,-573/13468
4/5,-869/13468
4/5,606/3367
4/5,-869/13468
4/5,606/3367
4/5,-869/13468
