24
1,1
1,246949/364000
1,246949/728000
1,0
3483/3500,1
3483/3500,246949/364000
3483/3500,246949/728000
3483/3500,0
10449/14000,1
10449/14000,246949/364000
10449/14000,246949/728000
10449/14000,0
3483/7000,1
3483/7000,246949/364000
3483/7000,246949/728000
3483/7000,0
3483/14000,1
3483/14000,246949/364000
3483/14000,246949/728000
3483/14000,0
0,1
0,246949/364000
0,246949/728000
0,0
15
4 5 1 0 4
4 6 2 1 5
4 7 3 2 6
4 9 5 4 8
4 10 6 5 9
4 11 7 6 10
4 13 9 8 12
4 14 10 9 13
4 15 11 10 14
4 17 13 12 16
4 18 14 13 17
4 19 15 14 18
4 21 17 16 20
4 22 18 17 21
4 23 19 18 22
13371/36400,494303/728000
13371/36400,260201/728000
13371/36400,1449/2080
13371/36400,260201/728000
65971/182000,494303/728000
65971/182000,260201/728000
65971/182000,1449/2080
65971/182000,260201/728000
445/728,494303/728000
445/728,260201/728000
445/728,1449/2080
445/728,260201/728000
65971/182000,494303/728000
65971/182000,260201/728000
65971/182000,1449/2080
65971/182000,260201/728000
445/728,494303/728000
445/728,260201/728000
445/728,1449/2080
445/728,260201/728000
65971/182000,494303/728000
65971/182000,260201/728000
65971/182000,1449/2080
65971/182000,260201/728000
