30
1,1
1,189519/208000
1,63173/104000
1,63173/208000
1,0
891/1000,1
891/1000,189519/208000
891/1000,63173/104000
891/1000,63173/208000
891/1000,0
2673/4000,1
2673/4000,189519/208000
2673/4000,63173/104000
2673/4000,63173/208000
2673/4000,0
891/2000,1
891/2000,189519/208000
891/2000,63173/104000
891/2000,63173/208000
891/2000,0
891/4000,1
891/4000,189519/208000
891/4000,63173/104000
891/4000,63173/208000
891/4000,0
0,1
0,189519/208000
0,63173/104000
0,63173/208000
0,0
20
4 6 1 0 5
4 7 2 1 6
4 8 3 2 7
4 9 4 3 8
4 11 6 5 10
4 12 7 6 11
4 13 8 7 12
4 14 9 8 13
4 16 11 10 15
4 17 12 11 16
4 18 13 12 17
4 19 14 13 18
4 21 16 15 20
4 22 17 16 21
4 23 18 17 22
4 24 19 18 23
4 26 21 20 25
4 27 22 21 26
4 28 23 22 27
4 29 24 23 28
36219/72800,188211/364000
36219/72800,882211/1456000
36219/72800,55/182
36219/72800,882211/1456000
36219/72800,55/182
141419/364000,188211/364000
141419/364000,882211/1456000
141419/364000,55/182
141419/364000,882211/1456000
141419/364000,55/182
445/728,188211/364000
445/728,882211/1456000
445/728,55/182
445/728,882211/1456000
445/728,55/182
141419/364000,188211/364000
141419/364000,882211/1456000
141419/364000,55/182
141419/364000,882211/1456000
141419/364000,55/182
445/728,188211/364000
445/728,882211/1456000
445/728,55/182
445/728,882211/1456000
445/728,55/182
141419/364000,188211/364000
141419/364000,882211/1456000
141419/364000,55/182
141419/364000,882211/1456000
141419/364000,55/182
