24
1,1
1,246949/364000
1,246949/728000
1,0
3483/3500,1
3483/3500,246949/364000
3483/3500,246949/728000
3483/3500,0
10449/14000,1
10449/14000,246949/364000
10449/14000,246949/728000
10449/14000,0
3483/7000,1
3483/7000,246949/364000
3483/7000,246949/728000
3483/7000,0
3483/14000,1
3483/14000,246949/364000
3483/14000,246949/728000
3483/14000,0
0,1
0,246949/364000
0,246949/728000
0,0
15
4 5 1 0 4
4 6 2 1 5
4 7 3 2 6
4 9 5 4 8
4 10 6 5 9
4 11 7 6 10
4 13 9 8 12
4 14 10 9 13
4 15 11 10 14
4 17 13 12 16
4 18 14 13 17
4 19 15 14 18
4 21 17 16 20
4 22 18 17 21
4 23 19 18 22
13371/36400,227051/364000
13371/36400,55/182
13371/36400,66707/104000
13371/36400,55/182
65971/182000,227051/364000
65971/182000,55/182
65971/182000,66707/104000
65971/182000,55/182
445/728,227051/364000
445/728,55/182
445/728,66707/104000
445/728,55/182
65971/182000,227051/364000
65971/182000,55/182
65971/182000,66707/104000
65971/182000,55/182
445/728,227051/364000
445/728,55/182
445/728,66707/104000
445/728,55/182
65971/182000,227051/364000
65971/182000,55/182
65971/182000,66707/104000
65971/182000,55/182
