30
1,1
1,1257717/1456000
1,419239/728000
1,419239/1456000
1,0
5913/7000,1
5913/7000,1257717/1456000
5913/7000,419239/728000
5913/7000,419239/1456000
5913/7000,0
17739/28000,1
17739/28000,1257717/1456000
17739/28000,419239/728000
17739/28000,419239/1456000
17739/28000,0
5913/14000,1
5913/14000,1257717/1456000
5913/14000,419239/728000
5913/14000,419239/1456000
5913/14000,0
5913/28000,1
5913/28000,1257717/1456000
5913/28000,419239/728000
5913/28000,419239/1456000
5913/28000,0
0,1
0,1257717/1456000
0,419239/728000
0,419239/1456000
0,0
20
4 6 1 0 5
4 7 2 1 6
4 8 3 2 7
4 9 4 3 8
4 11 6 5 10
4 12 7 6 11
4 13 8 7 12
4 14 9 8 13
4 16 11 10 15
4 17 12 11 16
4 18 13 12 17
4 19 14 13 18
4 21 16 15 20
4 22 17 16 21
4 23 18 17 22
4 24 19 18 23
4 26 21 20 25
4 27 22 21 26
4 28 23 22 27
4 29 24 23 28
40431/72800,165239/364000
40431/72800,859239/1456000
40431/72800,55/182
40431/72800,859239/1456000
40431/72800,55/182
145631/364000,165239/364000
145631/364000,859239/1456000
145631/364000,55/182
145631/364000,859239/1456000
145631/364000,55/182
445/728,165239/364000
445/728,859239/1456000
445/728,55/182
445/728,859239/1456000
445/728,55/182
145631/364000,165239/364000
145631/364000,859239/1456000
145631/364000,55/182
145631/364000,859239/1456000
145631/364000,55/182
445/728,165239/364000
445/728,859239/1456000
445/728,55/182
445/728,859239/1456000
445/728,55/182
145631/364000,165239/364000
145631/364000,859239/1456000
145631/364000,55/182
145631/364000,859239/1456000
145631/364000,55/182
