20
1,1
1,511127/728000
1,511127/1456000
1,0
21627/28000,1
21627/28000,511127/728000
21627/28000,511127/1456000
21627/28000,0
7209/14000,1
7209/14000,511127/728000
7209/14000,511127/1456000
7209/14000,0
7209/28000,1
7209/28000,511127/728000
7209/28000,511127/1456000
7209/28000,0
0,1
0,511127/728000
0,511127/1456000
0,0
12
4 5 1 0 4
4 6 2 1 5
4 7 3 2 6
4 9 5 4 8
4 10 6 5 9
4 11 7 6 10
4 13 9 8 12
4 14 10 9 13
4 15 11 10 14
4 17 13 12 16
4 18 14 13 17
4 19 15 14 18
139651/364000,936919/1456000
139651/364000,503173/1456000
139651/364000,1449/2080
139651/364000,503173/1456000
445/728,936919/1456000
445/728,503173/1456000
445/728,1449/2080
445/728,503173/1456000
128783/364000,936919/1456000
128783/364000,503173/1456000
128783/364000,1449/2080
128783/364000,503173/1456000
445/728,936919/1456000
445/728,503173/1456000
445/728,1449/2080
445/728,503173/1456000
128783/364000,936919/1456000
128783/364000,503173/1456000
128783/364000,1449/2080
128783/364000,503173/1456000
