25
1,1
1,171/200
1,57/100
1,57/200
1,0
1539/1600,1
1539/1600,171/200
1539/1600,57/100
1539/1600,57/200
1539/1600,0
513/800,1
513/800,171/200
513/800,57/100
513/800,57/200
513/800,0
513/1600,1
513/1600,171/200
513/1600,57/100
513/1600,57/200
513/1600,0
0,1
0,171/200
0,57/100
0,57/200
0,0
16
4 6 1 0 5
4 7 2 1 6
4 8 3 2 7
4 9 4 3 8
4 11 6 5 10
4 12 7 6 11
4 13 8 7 12
4 14 9 8 13
4 16 11 10 15
4 17 12 11 16
4 18 13 12 17
4 19 14 13 18
4 21 16 15 20
4 22 17 16 21
4 23 18 17 22
4 24 19 18 23
113/400,7/50
113/400,57/200
113/400,0
113/400,57/200
113/400,0
513/1600,7/50
513/1600,57/200
513/1600,0
513/1600,57/200
513/1600,0
0,7/50
0,57/200
0,0
0,57/200
0,0
513/1600,7/50
513/1600,57/200
513/1600,0
513/1600,57/200
513/1600,0
0,7/50
0,57/200
0,0
0,57/200
0,0
