15
1,1
1,5103/5800
1,1701/2900
1,1701/5800
1,0
3321/5800,1
3321/5800,5103/5800
3321/5800,1701/2900
3321/5800,1701/5800
3321/5800,0
0,1
0,5103/5800
0,1701/2900
0,1701/5800
0,0
8
4 6 1 0 5
4 7 2 1 6
4 8 3 2 7
4 9 4 3 8
4 11 6 5 10
4 12 7 6 11
4 13 8 7 12
4 14 9 8 13
871/2900,738/725
871/2900,6601/5800
871/2900,49/58
871/2900,6601/5800
871/2900,49/58
4221/5800,738/725
4221/5800,6601/5800
4221/5800,49/58
4221/5800,6601/5800
4221/5800,49/58
9/58,738/725
9/58,6601/5800
9/58,49/58
9/58,6601/5800
9/58,49/58
